#
# A fatal error has been detected by the Java Runtime Environment:
#
#  SIGSEGV (0xb) at pc=0x000000012a01d5a3, pid=13655, tid=3335
#
# JRE version: Java(TM) SE Runtime Environment (8.0_40-b26) (build 1.8.0_40-b26)
# Java VM: Java HotSpot(TM) 64-Bit Server VM (25.40-b25 mixed mode bsd-amd64 compressed oops)
# Problematic frame:
# C  [libjfxwebkit.dylib+0x9385a3]  Java_com_sun_webkit_PopupMenu_twkPopupClosed+0x6253
#
# Failed to write core dump. Core dumps have been disabled. To enable core dumping, try "ulimit -c unlimited" before starting Java again
#
# If you would like to submit a bug report, please visit:
#   http://bugreport.java.com/bugreport/crash.jsp
#

---------------  T H R E A D  ---------------

Current thread is native thread

siginfo: si_signo: 11 (SIGSEGV), si_code: 1 (SEGV_MAPERR), si_addr: 0x0000000000000000

Registers:
RAX=0x00007fff5077afe0, RBX=0x00007fae4155ce38, RCX=0x00007fff5077afb4, RDX=0x00007fae35b44248
RSP=0x00007fff5077af00, RBP=0x00007fff5077afd0, RSI=0x00007fae336e2620, RDI=0x0000000000000000
R8 =0x00007fae334b7860, R9 =0x00007fae334de5a0, R10=0x0000000004620d58, R11=0x0000000095cc1357
R12=0x00007fae4155ce00, R13=0x000000012b1b8fa8, R14=0x0000000000000000, R15=0x0000000000000000
RIP=0x000000012a01d5a3, EFLAGS=0x0000000000010246, ERR=0x0000000000000004
  TRAPNO=0x000000000000000e

Top of Stack: (sp=0x00007fff5077af00)
0x00007fff5077af00:   00007fff5077b360 00007fff92d0165a
0x00007fff5077af10:   0000000000000002 00007fff5077afb4
0x00007fff5077af20:   00007fae334b7860 00007fae334de5a0
0x00007fff5077af30:   00007fff5077b100 00007fff90a506c1
0x00007fff5077af40:   00007fff7cc650c8 7fffffff7fffffff
0x00007fff5077af50:   0000000000000001 0000000000000000
0x00007fff5077af60:   0000000000000000 0000000000000004
0x00007fff5077af70:   00007fff5077afa0 0000000110117d9d
0x00007fff5077af80:   0000000000000558 0000000000010002
0x00007fff5077af90:   00007fff5077afe8 0000000110607848
0x00007fff5077afa0:   00007fff5077afd0 0000000110115ca3
0x00007fff5077afb0:   fffffffe0f49b000 0000003000000018
0x00007fff5077afc0:   00007fff5077afe0 00007fff5077af00
0x00007fff5077afd0:   00007fff5077b000 0000000129fd9726
0x00007fff5077afe0:   00007fff5077b000 0000000000000000
0x00007fff5077aff0:   00007fae4155ce38 0000000000000000
0x00007fff5077b000:   00007fff5077b050 0000000129fbf7ec
0x00007fff5077b010:   00007fae334a5520 000000075077b050
0x00007fff5077b020:   00007fae334b4c80 00007fae334e1240
0x00007fff5077b030:   00007fae4155ce00 000000012b1b8fa8
0x00007fff5077b040:   0000000000000000 0000000000000000
0x00007fff5077b050:   00007fff5077b090 0000000129fbcd47
0x00007fff5077b060:   00007fff5077b100 00007fff8bac019a
0x00007fff5077b070:   000000010f49f400 00007fae334fc080
0x00007fff5077b080:   000000010f49f400 00007fae334e1240
0x00007fff5077b090:   00007fff5077b0c0 0000000129fb29b5
0x00007fff5077b0a0:   00007fae334e1240 00007fae428b69c8
0x00007fff5077b0b0:   00007fae334ef440 0000000000000011
0x00007fff5077b0c0:   00007fff5077b0e0 000000012a148047
0x00007fff5077b0d0:   00007fae334e1240 00007fae334ef440
0x00007fff5077b0e0:   00007fff5077b100 000000012a1bf10d
0x00007fff5077b0f0:   00007fae334ef440 00007fae334ef4b0 

Instructions: (pc=0x000000012a01d5a3)
0x000000012a01d583:   8d 85 30 ff ff ff 48 89 45 f8 48 8d 45 10 48 89
0x000000012a01d593:   45 f0 c7 45 ec 30 00 00 00 c7 45 e8 18 00 00 00
0x000000012a01d5a3:   48 8b 07 48 8d 4d e8 ff 90 90 01 00 00 48 81 c4
0x000000012a01d5b3:   d0 00 00 00 5d c3 90 90 90 90 90 90 90 55 48 89 

Register to memory mapping:

RAX=0x00007fff5077afe0 is an unknown value
RBX=0x00007fae4155ce38 is an unknown value
RCX=0x00007fff5077afb4 is an unknown value
RDX=0x00007fae35b44248 is an unknown value
RSP=0x00007fff5077af00 is an unknown value
RBP=0x00007fff5077afd0 is an unknown value
RSI=0x00007fae336e2620 is a global jni handle
RDI=0x0000000000000000 is an unknown value
R8 =0x00007fae334b7860 is an unknown value
R9 =0x00007fae334de5a0 is an unknown value
R10=0x0000000004620d58 is an unknown value
R11=0x0000000095cc1357 is an unknown value
R12=0x00007fae4155ce00 is an unknown value
R13=0x000000012b1b8fa8 is an unknown value
R14=0x0000000000000000 is an unknown value
R15=0x0000000000000000 is an unknown value


Stack: [0x00007fff4ff7f000,0x00007fff5077f000],  sp=0x00007fff5077af00,  free space=8175k
Native frames: (J=compiled Java code, j=interpreted, Vv=VM code, C=native code)
C  [libjfxwebkit.dylib+0x9385a3]  Java_com_sun_webkit_PopupMenu_twkPopupClosed+0x6253
C  [libjfxwebkit.dylib+0x8f4726]  Java_com_sun_webkit_graphics_WCGraphicsManager_append+0x906
C  [libjfxwebkit.dylib+0x8da7ec]  Java_com_sun_webkit_dom_EventListenerImpl_twkDispatchEvent+0x51b8ec
C  [libjfxwebkit.dylib+0x8d7d47]  Java_com_sun_webkit_dom_EventListenerImpl_twkDispatchEvent+0x518e47
C  [libjfxwebkit.dylib+0x8cd9b5]  Java_com_sun_webkit_dom_EventListenerImpl_twkDispatchEvent+0x50eab5
C  [libjfxwebkit.dylib+0xa63047]  Java_com_sun_webkit_network_URLLoader_twkWillSendRequest+0x10eb97
C  [libjfxwebkit.dylib+0xada10d]  Java_com_sun_webkit_network_URLLoader_twkWillSendRequest+0x185c5d
C  [libjfxwebkit.dylib+0x4f3217]  Java_com_sun_webkit_dom_EventListenerImpl_twkDispatchEvent+0x134317
C  [libjfxwebkit.dylib+0x4f14ce]  Java_com_sun_webkit_dom_EventListenerImpl_twkDispatchEvent+0x1325ce
C  [libjfxwebkit.dylib+0x51b78b]  Java_com_sun_webkit_dom_EventListenerImpl_twkDispatchEvent+0x15c88b
C  [libjfxwebkit.dylib+0x516c30]  Java_com_sun_webkit_dom_EventListenerImpl_twkDispatchEvent+0x157d30
C  [libjfxwebkit.dylib+0x54a6ab]  Java_com_sun_webkit_dom_EventListenerImpl_twkDispatchEvent+0x18b7ab
C  [libjfxwebkit.dylib+0x6a46e8]  Java_com_sun_webkit_dom_EventListenerImpl_twkDispatchEvent+0x2e57e8
C  [libjfxwebkit.dylib+0x3eb4fa]  Java_com_sun_webkit_dom_EventListenerImpl_twkDispatchEvent+0x2c5fa
C  [libjfxwebkit.dylib+0xde932f]  JSValueIsObjectOfClass+0x5080f
C  [libjfxwebkit.dylib+0xde9838]  JSValueIsObjectOfClass+0x50d18
C  [libjfxwebkit.dylib+0xdf2326]  JSValueIsObjectOfClass+0x59806
C  [libjfxwebkit.dylib+0xdefe02]  JSValueIsObjectOfClass+0x572e2
C  [libjfxwebkit.dylib+0xdef879]  JSValueIsObjectOfClass+0x56d59
C  [CoreFoundation+0xb53e4]  __CFRUNLOOP_IS_CALLING_OUT_TO_A_TIMER_CALLBACK_FUNCTION__+0x14
C  [CoreFoundation+0xb4f1f]  __CFRunLoopDoTimer+0x47f
C  [CoreFoundation+0x1265aa]  __CFRunLoopDoTimers+0x12a
C  [CoreFoundation+0x706a5]  __CFRunLoopRun+0x5f5
C  [CoreFoundation+0x6fe75]  CFRunLoopRunSpecific+0x135
C  [java+0x6490]  CreateExecutionEnvironment+0x367
C  [java+0x221c]  JLI_Launch+0x7a0
C  [java+0x84ed]  main+0x65
C  [java+0x1a74]  start+0x34


---------------  P R O C E S S  ---------------

VM state:not at safepoint (normal execution)

VM Mutex/Monitor currently owned by a thread: None

Heap:
 PSYoungGen      total 30208K, used 20134K [0x00000007aab00000, 0x00000007acf80000, 0x00000007c0000000)
  eden space 24064K, 63% used [0x00000007aab00000,0x00000007aba01030,0x00000007ac280000)
  from space 6144K, 77% used [0x00000007ac980000,0x00000007ace289f8,0x00000007acf80000)
  to   space 6656K, 0% used [0x00000007ac280000,0x00000007ac280000,0x00000007ac900000)
 ParOldGen       total 35840K, used 10787K [0x0000000780000000, 0x0000000782300000, 0x00000007aab00000)
  object space 35840K, 30% used [0x0000000780000000,0x0000000780a88ee8,0x0000000782300000)
 Metaspace       used 22615K, capacity 23304K, committed 23472K, reserved 1071104K
  class space    used 2246K, capacity 2467K, committed 2480K, reserved 1048576K

Card table byte_map: [0x0000000120261000,0x0000000120462000] byte_map_base: 0x000000011c661000

Marking Bits: (ParMarkBitMap*) 0x00000001106c27a0
 Begin Bits: [0x00000001209c4000, 0x00000001219c4000)
 End Bits:   [0x00000001219c4000, 0x00000001229c4000)

Polling page: 0x000000010f5d6000

CodeCache: size=245760Kb used=12592Kb max_used=12899Kb free=233167Kb
 bounds [0x0000000110ea1000, 0x0000000111b51000, 0x000000011fea1000]
 total_blobs=3538 nmethods=2864 adapters=586
 compilation: enabled

Compilation events (10 events):
Event: 31.081 Thread 0x00007fae33828000 nmethod 3087 0x000000011137c490 code [0x000000011137c5e0, 0x000000011137c678]
Event: 31.158 Thread 0x00007fae33829800 nmethod 3079 0x00000001112cc510 code [0x00000001112cc980, 0x00000001112cfff8]
Event: 31.720 Thread 0x00007fae3382a800 3095       3       java.util.HashMap::entrySet (27 bytes)
Event: 31.721 Thread 0x00007fae3382a800 nmethod 3095 0x000000011117c490 code [0x000000011117c620, 0x000000011117c9d0]
Event: 31.721 Thread 0x00007fae3382a800 3096       3       java.util.HashMap$EntrySet::iterator (12 bytes)
Event: 31.722 Thread 0x00007fae3382a800 nmethod 3096 0x0000000111211ad0 code [0x0000000111211c40, 0x0000000111211ea8]
Event: 31.722 Thread 0x00007fae3382a800 3097       3       com.sun.javafx.application.PlatformImpl::isFxApplicationThread (7 bytes)
Event: 31.722 Thread 0x00007fae3382a800 nmethod 3097 0x0000000111375590 code [0x0000000111375700, 0x00000001113759c8]
Event: 31.729 Thread 0x00007fae3382a800 3098       3       java.lang.invoke.MethodType::changeReturnType (20 bytes)
Event: 31.729 Thread 0x00007fae3382a800 nmethod 3098 0x0000000111110b10 code [0x0000000111110c80, 0x0000000111110f08]

GC Heap History (10 events):
Event: 6.998 GC heap before
{Heap before GC invocations=5 (full 1):
 PSYoungGen      total 18944K, used 16384K [0x00000007aab00000, 0x00000007ac000000, 0x00000007c0000000)
  eden space 16384K, 100% used [0x00000007aab00000,0x00000007abb00000,0x00000007abb00000)
  from space 2560K, 0% used [0x00000007abb00000,0x00000007abb00000,0x00000007abd80000)
  to   space 2560K, 0% used [0x00000007abd80000,0x00000007abd80000,0x00000007ac000000)
 ParOldGen       total 35840K, used 5994K [0x0000000780000000, 0x0000000782300000, 0x00000007aab00000)
  object space 35840K, 16% used [0x0000000780000000,0x00000007805da9b0,0x0000000782300000)
 Metaspace       used 21203K, capacity 21834K, committed 22192K, reserved 1069056K
  class space    used 2211K, capacity 2378K, committed 2480K, reserved 1048576K
Event: 7.003 GC heap after
Heap after GC invocations=5 (full 1):
 PSYoungGen      total 18944K, used 2530K [0x00000007aab00000, 0x00000007ac580000, 0x00000007c0000000)
  eden space 16384K, 0% used [0x00000007aab00000,0x00000007aab00000,0x00000007abb00000)
  from space 2560K, 98% used [0x00000007abd80000,0x00000007abff89c8,0x00000007ac000000)
  to   space 2560K, 0% used [0x00000007abb00000,0x00000007abb00000,0x00000007abd80000)
 ParOldGen       total 35840K, used 9867K [0x0000000780000000, 0x0000000782300000, 0x00000007aab00000)
  object space 35840K, 27% used [0x0000000780000000,0x00000007809a2dd8,0x0000000782300000)
 Metaspace       used 21203K, capacity 21834K, committed 22192K, reserved 1069056K
  class space    used 2211K, capacity 2378K, committed 2480K, reserved 1048576K
}
Event: 11.955 GC heap before
{Heap before GC invocations=6 (full 1):
 PSYoungGen      total 18944K, used 18914K [0x00000007aab00000, 0x00000007ac580000, 0x00000007c0000000)
  eden space 16384K, 100% used [0x00000007aab00000,0x00000007abb00000,0x00000007abb00000)
  from space 2560K, 98% used [0x00000007abd80000,0x00000007abff89c8,0x00000007ac000000)
  to   space 2560K, 0% used [0x00000007abb00000,0x00000007abb00000,0x00000007abd80000)
 ParOldGen       total 35840K, used 9867K [0x0000000780000000, 0x0000000782300000, 0x00000007aab00000)
  object space 35840K, 27% used [0x0000000780000000,0x00000007809a2dd8,0x0000000782300000)
 Metaspace       used 21637K, capacity 22292K, committed 22704K, reserved 1069056K
  class space    used 2219K, capacity 2379K, committed 2480K, reserved 1048576K
Event: 11.959 GC heap after
Heap after GC invocations=6 (full 1):
 PSYoungGen      total 18944K, used 2530K [0x00000007aab00000, 0x00000007acd80000, 0x00000007c0000000)
  eden space 16384K, 0% used [0x00000007aab00000,0x00000007aab00000,0x00000007abb00000)
  from space 2560K, 98% used [0x00000007abb00000,0x00000007abd789c8,0x00000007abd80000)
  to   space 7168K, 0% used [0x00000007ac680000,0x00000007ac680000,0x00000007acd80000)
 ParOldGen       total 35840K, used 10763K [0x0000000780000000, 0x0000000782300000, 0x00000007aab00000)
  object space 35840K, 30% used [0x0000000780000000,0x0000000780a82ee8,0x0000000782300000)
 Metaspace       used 21637K, capacity 22292K, committed 22704K, reserved 1069056K
  class space    used 2219K, capacity 2379K, committed 2480K, reserved 1048576K
}
Event: 15.984 GC heap before
{Heap before GC invocations=7 (full 1):
 PSYoungGen      total 18944K, used 18914K [0x00000007aab00000, 0x00000007acd80000, 0x00000007c0000000)
  eden space 16384K, 100% used [0x00000007aab00000,0x00000007abb00000,0x00000007abb00000)
  from space 2560K, 98% used [0x00000007abb00000,0x00000007abd789c8,0x00000007abd80000)
  to   space 7168K, 0% used [0x00000007ac680000,0x00000007ac680000,0x00000007acd80000)
 ParOldGen       total 35840K, used 10763K [0x0000000780000000, 0x0000000782300000, 0x00000007aab00000)
  object space 35840K, 30% used [0x0000000780000000,0x0000000780a82ee8,0x0000000782300000)
 Metaspace       used 21885K, capacity 22488K, committed 22704K, reserved 1069056K
  class space    used 2219K, capacity 2379K, committed 2480K, reserved 1048576K
Event: 15.987 GC heap after
Heap after GC invocations=7 (full 1):
 PSYoungGen      total 26112K, used 4642K [0x00000007aab00000, 0x00000007acc00000, 0x00000007c0000000)
  eden space 20480K, 0% used [0x00000007aab00000,0x00000007aab00000,0x00000007abf00000)
  from space 5632K, 82% used [0x00000007ac680000,0x00000007acb089e8,0x00000007acc00000)
  to   space 6656K, 0% used [0x00000007abf00000,0x00000007abf00000,0x00000007ac580000)
 ParOldGen       total 35840K, used 10771K [0x0000000780000000, 0x0000000782300000, 0x00000007aab00000)
  object space 35840K, 30% used [0x0000000780000000,0x0000000780a84ee8,0x0000000782300000)
 Metaspace       used 21885K, capacity 22488K, committed 22704K, reserved 1069056K
  class space    used 2219K, capacity 2379K, committed 2480K, reserved 1048576K
}
Event: 21.968 GC heap before
{Heap before GC invocations=8 (full 1):
 PSYoungGen      total 26112K, used 25122K [0x00000007aab00000, 0x00000007acc00000, 0x00000007c0000000)
  eden space 20480K, 100% used [0x00000007aab00000,0x00000007abf00000,0x00000007abf00000)
  from space 5632K, 82% used [0x00000007ac680000,0x00000007acb089e8,0x00000007acc00000)
  to   space 6656K, 0% used [0x00000007abf00000,0x00000007abf00000,0x00000007ac580000)
 ParOldGen       total 35840K, used 10771K [0x0000000780000000, 0x0000000782300000, 0x00000007aab00000)
  object space 35840K, 30% used [0x0000000780000000,0x0000000780a84ee8,0x0000000782300000)
 Metaspace       used 22364K, capacity 23122K, committed 23472K, reserved 1071104K
  class space    used 2239K, capacity 2456K, committed 2480K, reserved 1048576K
Event: 21.972 GC heap after
Heap after GC invocations=8 (full 1):
 PSYoungGen      total 27136K, used 3490K [0x00000007aab00000, 0x00000007ad000000, 0x00000007c0000000)
  eden space 20480K, 0% used [0x00000007aab00000,0x00000007aab00000,0x00000007abf00000)
  from space 6656K, 52% used [0x00000007abf00000,0x00000007ac2689d8,0x00000007ac580000)
  to   space 6656K, 0% used [0x00000007ac980000,0x00000007ac980000,0x00000007ad000000)
 ParOldGen       total 35840K, used 10779K [0x0000000780000000, 0x0000000782300000, 0x00000007aab00000)
  object space 35840K, 30% used [0x0000000780000000,0x0000000780a86ee8,0x0000000782300000)
 Metaspace       used 22364K, capacity 23122K, committed 23472K, reserved 1071104K
  class space    used 2239K, capacity 2456K, committed 2480K, reserved 1048576K
}
Event: 27.002 GC heap before
{Heap before GC invocations=9 (full 1):
 PSYoungGen      total 27136K, used 23970K [0x00000007aab00000, 0x00000007ad000000, 0x00000007c0000000)
  eden space 20480K, 100% used [0x00000007aab00000,0x00000007abf00000,0x00000007abf00000)
  from space 6656K, 52% used [0x00000007abf00000,0x00000007ac2689d8,0x00000007ac580000)
  to   space 6656K, 0% used [0x00000007ac980000,0x00000007ac980000,0x00000007ad000000)
 ParOldGen       total 35840K, used 10779K [0x0000000780000000, 0x0000000782300000, 0x00000007aab00000)
  object space 35840K, 30% used [0x0000000780000000,0x0000000780a86ee8,0x0000000782300000)
 Metaspace       used 22506K, capacity 23254K, committed 23472K, reserved 1071104K
  class space    used 2240K, capacity 2456K, committed 2480K, reserved 1048576K
Event: 27.005 GC heap after
Heap after GC invocations=9 (full 1):
 PSYoungGen      total 30208K, used 4770K [0x00000007aab00000, 0x00000007acf80000, 0x00000007c0000000)
  eden space 24064K, 0% used [0x00000007aab00000,0x00000007aab00000,0x00000007ac280000)
  from space 6144K, 77% used [0x00000007ac980000,0x00000007ace289f8,0x00000007acf80000)
  to   space 6656K, 0% used [0x00000007ac280000,0x00000007ac280000,0x00000007ac900000)
 ParOldGen       total 35840K, used 10787K [0x0000000780000000, 0x0000000782300000, 0x00000007aab00000)
  object space 35840K, 30% used [0x0000000780000000,0x0000000780a88ee8,0x0000000782300000)
 Metaspace       used 22506K, capacity 23254K, committed 23472K, reserved 1071104K
  class space    used 2240K, capacity 2456K, committed 2480K, reserved 1048576K
}

Deoptimization events (10 events):
Event: 3.953 Thread 0x00007fae34069000 Uncommon trap: reason=unstable_if action=reinterpret pc=0x00000001111396f8 method=java.lang.AbstractStringBuilder.append(Ljava/lang/String;)Ljava/lang/AbstractStringBuilder; @ 1
Event: 5.045 Thread 0x00007fae34069000 Uncommon trap: reason=unstable_if action=reinterpret pc=0x00000001111e7374 method=java.lang.String.regionMatches(ZILjava/lang/String;II)Z @ 123
Event: 5.102 Thread 0x00007fae34069000 Uncommon trap: reason=unstable_if action=reinterpret pc=0x00000001110c8ca8 method=java.lang.AbstractStringBuilder.append(Ljava/lang/String;)Ljava/lang/AbstractStringBuilder; @ 1
Event: 5.293 Thread 0x00007fae34069000 Uncommon trap: reason=unstable_if action=reinterpret pc=0x0000000111366354 method=com.sun.javafx.font.CMap$CMapFormat10.<init>(Lcom/sun/javafx/font/FontFileReader$Buffer;I)V @ 50
Event: 17.011 Thread 0x00007fae34069000 Uncommon trap: reason=array_check action=maybe_recompile pc=0x0000000111839af4 method=com.sun.javafx.css.SimpleSelector.applies(Ljavafx/css/Styleable;[Ljava/util/Set;I)Z @ 37
Event: 17.011 Thread 0x00007fae34069000 Uncommon trap: reason=array_check action=maybe_recompile pc=0x0000000111843480 method=com.sun.javafx.css.SimpleSelector.applies(Ljavafx/css/Styleable;[Ljava/util/Set;I)Z @ 37
Event: 17.011 Thread 0x00007fae34069000 Uncommon trap: reason=array_check action=maybe_recompile pc=0x0000000111843480 method=com.sun.javafx.css.SimpleSelector.applies(Ljavafx/css/Styleable;[Ljava/util/Set;I)Z @ 37
Event: 17.011 Thread 0x00007fae34069000 Uncommon trap: reason=array_check action=maybe_recompile pc=0x0000000111843480 method=com.sun.javafx.css.SimpleSelector.applies(Ljavafx/css/Styleable;[Ljava/util/Set;I)Z @ 37
Event: 17.011 Thread 0x00007fae34069000 Uncommon trap: reason=array_check action=maybe_recompile pc=0x0000000111839af4 method=com.sun.javafx.css.SimpleSelector.applies(Ljavafx/css/Styleable;[Ljava/util/Set;I)Z @ 37
Event: 19.042 Thread 0x00007fae34069000 Uncommon trap: reason=unstable_if action=reinterpret pc=0x00000001118e998c method=java.util.WeakHashMap.put(Ljava/lang/Object;Ljava/lang/Object;)Ljava/lang/Object; @ 148

Internal exceptions (10 events):
Event: 0.272 Thread 0x00007fae34808000 Exception <a 'java/security/PrivilegedActionException'> (0x00000007aadfeeb8) thrown at [/Users/java_re/workspace/8-2-build-macosx-x86_64/jdk8u40/3098/hotspot/src/share/vm/prims/jvm.cpp, line 1382]
Event: 0.273 Thread 0x00007fae34808000 Exception <a 'java/lang/NullPointerException'> (0x00000007aae00368) thrown at [/Users/java_re/workspace/8-2-build-macosx-x86_64/jdk8u40/3098/hotspot/src/share/vm/interpreter/linkResolver.cpp, line 1178]
Event: 0.661 Thread 0x00007fae34069000 Exception <a 'java/lang/NullPointerException'> (0x00000007ab5862c8) thrown at [/Users/java_re/workspace/8-2-build-macosx-x86_64/jdk8u40/3098/hotspot/src/share/vm/interpreter/linkResolver.cpp, line 1178]
Event: 0.661 Thread 0x00007fae34069000 Exception <a 'java/lang/NullPointerException'> (0x00000007ab5862c8) thrown at [/Users/java_re/workspace/8-2-build-macosx-x86_64/jdk8u40/3098/hotspot/src/share/vm/prims/jvm.cpp, line 1386]
Event: 1.114 Thread 0x00007fae34069000 Implicit null exception at 0x000000011111ef35 to 0x000000011111f131
Event: 3.953 Thread 0x00007fae34069000 Implicit null exception at 0x0000000111139333 to 0x00000001111396e5
Event: 5.097 Thread 0x00007fae34069000 Exception <a 'sun/nio/fs/UnixException'> (0x00000007ab90d838) thrown at [/Users/java_re/workspace/8-2-build-macosx-x86_64/jdk8u40/3098/hotspot/src/share/vm/prims/jni.cpp, line 709]
Event: 5.099 Thread 0x00007fae34069000 Exception <a 'sun/nio/fs/UnixException'> (0x00000007ab90f5c0) thrown at [/Users/java_re/workspace/8-2-build-macosx-x86_64/jdk8u40/3098/hotspot/src/share/vm/prims/jni.cpp, line 709]
Event: 5.102 Thread 0x00007fae34069000 Implicit null exception at 0x00000001110c8935 to 0x00000001110c8c95
Event: 5.294 Thread 0x00007fae34069000 Exception <a 'java/io/FileNotFoundException'> (0x00000007aace1238) thrown at [/Users/java_re/workspace/8-2-build-macosx-x86_64/jdk8u40/3098/hotspot/src/share/vm/prims/jni.cpp, line 709]

Events (10 events):
Event: 31.729 loading class javafx/application/Application done
Event: 31.732 loading class com/sun/javafx/tk/quantum/QuantumRenderer
Event: 31.732 loading class com/sun/javafx/tk/quantum/QuantumRenderer done
Event: 31.732 loading class com/sun/javafx/tk/quantum/QuantumToolkit
Event: 31.732 loading class com/sun/javafx/tk/quantum/QuantumToolkit done
Event: 31.732 Thread 0x00007fae3403d000 Thread exited: 0x00007fae3403d000
Event: 31.733 Thread 0x00007fae3491b800 Thread exited: 0x00007fae3491b800
Event: 31.733 Thread 0x00007fae34808000 Thread exited: 0x00007fae34808000
Event: 31.733 Thread 0x00007fae4283c800 Thread added: 0x00007fae4283c800
Event: 31.733 Thread 0x00007fae34069000 Thread exited: 0x00007fae34069000


Dynamic libraries:
0x000000000b789000 	/System/Library/Frameworks/Cocoa.framework/Versions/A/Cocoa
0x000000000b789000 	/System/Library/Frameworks/Security.framework/Versions/A/Security
0x000000000b789000 	/System/Library/Frameworks/ApplicationServices.framework/Versions/A/ApplicationServices
0x000000000b789000 	/usr/lib/libz.1.dylib
0x000000000b789000 	/usr/lib/libSystem.B.dylib
0x000000000b789000 	/usr/lib/libobjc.A.dylib
0x000000000b789000 	/System/Library/Frameworks/CoreFoundation.framework/Versions/A/CoreFoundation
0x000000000b789000 	/System/Library/Frameworks/Foundation.framework/Versions/C/Foundation
0x000000000b789000 	/System/Library/Frameworks/AppKit.framework/Versions/C/AppKit
0x000000000b789000 	/System/Library/Frameworks/CoreData.framework/Versions/A/CoreData
0x000000000b789000 	/System/Library/PrivateFrameworks/RemoteViewServices.framework/Versions/A/RemoteViewServices
0x000000000b789000 	/System/Library/Frameworks/AudioToolbox.framework/Versions/A/AudioToolbox
0x000000000b789000 	/System/Library/Frameworks/AudioUnit.framework/Versions/A/AudioUnit
0x000000000b789000 	/System/Library/PrivateFrameworks/DataDetectorsCore.framework/Versions/A/DataDetectorsCore
0x000000000b789000 	/System/Library/PrivateFrameworks/DesktopServicesPriv.framework/Versions/A/DesktopServicesPriv
0x000000000b789000 	/System/Library/Frameworks/Carbon.framework/Versions/A/Frameworks/HIToolbox.framework/Versions/A/HIToolbox
0x000000000b789000 	/System/Library/Frameworks/QuartzCore.framework/Versions/A/QuartzCore
0x000000000b789000 	/System/Library/Frameworks/Carbon.framework/Versions/A/Frameworks/SpeechRecognition.framework/Versions/A/SpeechRecognition
0x000000000b789000 	/usr/lib/libauto.dylib
0x000000000b789000 	/usr/lib/libicucore.A.dylib
0x000000000b789000 	/usr/lib/libxml2.2.dylib
0x000000000b789000 	/System/Library/PrivateFrameworks/CoreUI.framework/Versions/A/CoreUI
0x000000000b789000 	/System/Library/Frameworks/CoreAudio.framework/Versions/A/CoreAudio
0x000000000b789000 	/System/Library/Frameworks/DiskArbitration.framework/Versions/A/DiskArbitration
0x000000000b789000 	/usr/lib/liblangid.dylib
0x000000000b789000 	/System/Library/PrivateFrameworks/MultitouchSupport.framework/Versions/A/MultitouchSupport
0x000000000b789000 	/System/Library/Frameworks/IOKit.framework/Versions/A/IOKit
0x000000000b789000 	/usr/lib/libDiagnosticMessagesClient.dylib
0x000000000b789000 	/System/Library/Frameworks/CoreServices.framework/Versions/A/CoreServices
0x000000000b789000 	/System/Library/PrivateFrameworks/PerformanceAnalysis.framework/Versions/A/PerformanceAnalysis
0x000000000b789000 	/System/Library/PrivateFrameworks/GenerationalStorage.framework/Versions/A/GenerationalStorage
0x000000000b789000 	/System/Library/Frameworks/OpenGL.framework/Versions/A/OpenGL
0x000000000b789000 	/System/Library/PrivateFrameworks/Sharing.framework/Versions/A/Sharing
0x000000000b789000 	/System/Library/Frameworks/ImageIO.framework/Versions/A/ImageIO
0x000000000b789000 	/System/Library/Frameworks/CoreText.framework/Versions/A/CoreText
0x000000000b789000 	/System/Library/Frameworks/CoreGraphics.framework/Versions/A/CoreGraphics
0x000000000b789000 	/System/Library/PrivateFrameworks/Backup.framework/Versions/A/Backup
0x000000000b789000 	/System/Library/Frameworks/CFNetwork.framework/Versions/A/CFNetwork
0x000000000b789000 	/System/Library/Frameworks/SystemConfiguration.framework/Versions/A/SystemConfiguration
0x000000000b789000 	/usr/lib/libCRFSuite.dylib
0x000000000b789000 	/usr/lib/libc++.1.dylib
0x000000000b789000 	/usr/lib/libc++abi.dylib
0x000000000b789000 	/usr/lib/system/libcache.dylib
0x000000000b789000 	/usr/lib/system/libcommonCrypto.dylib
0x000000000b789000 	/usr/lib/system/libcompiler_rt.dylib
0x000000000b789000 	/usr/lib/system/libcopyfile.dylib
0x000000000b789000 	/usr/lib/system/libcorecrypto.dylib
0x000000000b789000 	/usr/lib/system/libdispatch.dylib
0x000000000b789000 	/usr/lib/system/libdyld.dylib
0x000000000b789000 	/usr/lib/system/libkeymgr.dylib
0x000000000b789000 	/usr/lib/system/liblaunch.dylib
0x000000000b789000 	/usr/lib/system/libmacho.dylib
0x000000000b789000 	/usr/lib/system/libquarantine.dylib
0x000000000b789000 	/usr/lib/system/libremovefile.dylib
0x000000000b789000 	/usr/lib/system/libsystem_asl.dylib
0x000000000b789000 	/usr/lib/system/libsystem_blocks.dylib
0x000000000b789000 	/usr/lib/system/libsystem_c.dylib
0x000000000b789000 	/usr/lib/system/libsystem_configuration.dylib
0x000000000b789000 	/usr/lib/system/libsystem_dnssd.dylib
0x000000000b789000 	/usr/lib/system/libsystem_info.dylib
0x000000000b789000 	/usr/lib/system/libsystem_kernel.dylib
0x000000000b789000 	/usr/lib/system/libsystem_m.dylib
0x000000000b789000 	/usr/lib/system/libsystem_malloc.dylib
0x000000000b789000 	/usr/lib/system/libsystem_network.dylib
0x000000000b789000 	/usr/lib/system/libsystem_notify.dylib
0x000000000b789000 	/usr/lib/system/libsystem_platform.dylib
0x000000000b789000 	/usr/lib/system/libsystem_pthread.dylib
0x000000000b789000 	/usr/lib/system/libsystem_sandbox.dylib
0x000000000b789000 	/usr/lib/system/libsystem_stats.dylib
0x000000000b789000 	/usr/lib/system/libunc.dylib
0x000000000b789000 	/usr/lib/system/libunwind.dylib
0x000000000b789000 	/usr/lib/system/libxpc.dylib
0x000000000b789000 	/usr/lib/libbsm.0.dylib
0x000000000b789000 	/usr/lib/libsqlite3.dylib
0x000000000b789000 	/usr/lib/libxar.1.dylib
0x000000000b789000 	/usr/lib/libpam.2.dylib
0x000000000b789000 	/usr/lib/libOpenScriptingUtil.dylib
0x000000000b789000 	/usr/lib/libbz2.1.0.dylib
0x000000000b789000 	/System/Library/Frameworks/CoreServices.framework/Versions/A/Frameworks/CarbonCore.framework/Versions/A/CarbonCore
0x000000000b789000 	/System/Library/Frameworks/CoreServices.framework/Versions/A/Frameworks/Metadata.framework/Versions/A/Metadata
0x000000000b789000 	/System/Library/Frameworks/CoreServices.framework/Versions/A/Frameworks/OSServices.framework/Versions/A/OSServices
0x000000000b789000 	/System/Library/Frameworks/CoreServices.framework/Versions/A/Frameworks/SearchKit.framework/Versions/A/SearchKit
0x000000000b789000 	/System/Library/Frameworks/CoreServices.framework/Versions/A/Frameworks/AE.framework/Versions/A/AE
0x000000000b789000 	/System/Library/Frameworks/CoreServices.framework/Versions/A/Frameworks/LaunchServices.framework/Versions/A/LaunchServices
0x000000000b789000 	/System/Library/Frameworks/CoreServices.framework/Versions/A/Frameworks/DictionaryServices.framework/Versions/A/DictionaryServices
0x000000000b789000 	/System/Library/Frameworks/NetFS.framework/Versions/A/NetFS
0x000000000b789000 	/usr/lib/system/libkxld.dylib
0x000000000b789000 	/System/Library/PrivateFrameworks/NetAuth.framework/Versions/A/NetAuth
0x000000000b789000 	/System/Library/PrivateFrameworks/TCC.framework/Versions/A/TCC
0x000000000b789000 	/System/Library/Frameworks/OpenDirectory.framework/Versions/A/Frameworks/CFOpenDirectory.framework/Versions/A/CFOpenDirectory
0x000000000b789000 	/System/Library/Frameworks/ServiceManagement.framework/Versions/A/ServiceManagement
0x000000000b789000 	/usr/lib/libxslt.1.dylib
0x000000000b789000 	/System/Library/Frameworks/Carbon.framework/Versions/A/Frameworks/Ink.framework/Versions/A/Ink
0x000000000b789000 	/System/Library/Frameworks/ApplicationServices.framework/Versions/A/Frameworks/ATS.framework/Versions/A/ATS
0x000000000b789000 	/System/Library/Frameworks/ApplicationServices.framework/Versions/A/Frameworks/ColorSync.framework/Versions/A/ColorSync
0x000000000b789000 	/System/Library/Frameworks/ApplicationServices.framework/Versions/A/Frameworks/HIServices.framework/Versions/A/HIServices
0x000000000b789000 	/System/Library/Frameworks/ApplicationServices.framework/Versions/A/Frameworks/LangAnalysis.framework/Versions/A/LangAnalysis
0x000000000b789000 	/System/Library/Frameworks/ApplicationServices.framework/Versions/A/Frameworks/PrintCore.framework/Versions/A/PrintCore
0x000000000b789000 	/System/Library/Frameworks/ApplicationServices.framework/Versions/A/Frameworks/QD.framework/Versions/A/QD
0x000000000b789000 	/System/Library/Frameworks/ApplicationServices.framework/Versions/A/Frameworks/SpeechSynthesis.framework/Versions/A/SpeechSynthesis
0x000000000b789000 	/System/Library/Frameworks/IOSurface.framework/Versions/A/IOSurface
0x000000000b789000 	/System/Library/Frameworks/Accelerate.framework/Versions/A/Accelerate
0x000000000b789000 	/System/Library/Frameworks/Accelerate.framework/Versions/A/Frameworks/vImage.framework/Versions/A/vImage
0x000000000b789000 	/System/Library/Frameworks/Accelerate.framework/Versions/A/Frameworks/vecLib.framework/Versions/A/vecLib
0x000000000b789000 	/System/Library/Frameworks/Accelerate.framework/Versions/A/Frameworks/vecLib.framework/Versions/A/libvDSP.dylib
0x000000000b789000 	/System/Library/Frameworks/Accelerate.framework/Versions/A/Frameworks/vecLib.framework/Versions/A/libvMisc.dylib
0x000000000b789000 	/System/Library/Frameworks/Accelerate.framework/Versions/A/Frameworks/vecLib.framework/Versions/A/libLAPACK.dylib
0x000000000b789000 	/System/Library/Frameworks/Accelerate.framework/Versions/A/Frameworks/vecLib.framework/Versions/A/libBLAS.dylib
0x000000000b789000 	/System/Library/Frameworks/ApplicationServices.framework/Versions/A/Frameworks/ATS.framework/Versions/A/Resources/libFontParser.dylib
0x000000000b789000 	/System/Library/Frameworks/ApplicationServices.framework/Versions/A/Frameworks/ATS.framework/Versions/A/Resources/libFontRegistry.dylib
0x000000000b789000 	/System/Library/Frameworks/ImageIO.framework/Versions/A/Resources/libJPEG.dylib
0x000000000b789000 	/System/Library/Frameworks/ImageIO.framework/Versions/A/Resources/libTIFF.dylib
0x000000000b789000 	/System/Library/Frameworks/ImageIO.framework/Versions/A/Resources/libPng.dylib
0x000000000b789000 	/System/Library/Frameworks/ImageIO.framework/Versions/A/Resources/libGIF.dylib
0x000000000b789000 	/System/Library/Frameworks/ImageIO.framework/Versions/A/Resources/libJP2.dylib
0x000000000b789000 	/System/Library/Frameworks/ImageIO.framework/Versions/A/Resources/libRadiance.dylib
0x000000000b789000 	/usr/lib/libcups.2.dylib
0x000000000b789000 	/System/Library/Frameworks/Kerberos.framework/Versions/A/Kerberos
0x000000000b789000 	/System/Library/Frameworks/GSS.framework/Versions/A/GSS
0x000000000b789000 	/usr/lib/libresolv.9.dylib
0x000000000b789000 	/usr/lib/libiconv.2.dylib
0x000000000b789000 	/System/Library/PrivateFrameworks/Heimdal.framework/Versions/A/Heimdal
0x000000000b789000 	/System/Library/PrivateFrameworks/TrustEvaluationAgent.framework/Versions/A/TrustEvaluationAgent
0x000000000b789000 	/usr/lib/libheimdal-asn1.dylib
0x000000000b789000 	/System/Library/Frameworks/OpenDirectory.framework/Versions/A/OpenDirectory
0x000000000b789000 	/System/Library/PrivateFrameworks/CommonAuth.framework/Versions/A/CommonAuth
0x000000000b789000 	/System/Library/Frameworks/SecurityFoundation.framework/Versions/A/SecurityFoundation
0x000000000b789000 	/System/Library/PrivateFrameworks/Bom.framework/Versions/A/Bom
0x000000000b789000 	/System/Library/Frameworks/CoreVideo.framework/Versions/A/CoreVideo
0x000000000b789000 	/System/Library/Frameworks/QuartzCore.framework/Versions/A/Frameworks/CoreImage.framework/Versions/A/CoreImage
0x000000000b789000 	/System/Library/Frameworks/QuartzCore.framework/Versions/A/Frameworks/ScalableUserInterface.framework/Versions/A/ScalableUserInterface
0x000000000b789000 	/System/Library/Frameworks/OpenGL.framework/Versions/A/Libraries/libGLU.dylib
0x000000000b789000 	/System/Library/Frameworks/OpenGL.framework/Versions/A/Libraries/libGFXShared.dylib
0x000000000b789000 	/System/Library/Frameworks/OpenGL.framework/Versions/A/Libraries/libGL.dylib
0x000000000b789000 	/System/Library/Frameworks/OpenGL.framework/Versions/A/Libraries/libGLImage.dylib
0x000000000b789000 	/System/Library/Frameworks/OpenGL.framework/Versions/A/Libraries/libCVMSPluginSupport.dylib
0x000000000b789000 	/System/Library/Frameworks/OpenGL.framework/Versions/A/Libraries/libCoreVMClient.dylib
0x000000000b789000 	/System/Library/PrivateFrameworks/FaceCore.framework/Versions/A/FaceCore
0x000000000b789000 	/System/Library/PrivateFrameworks/CrashReporterSupport.framework/Versions/A/CrashReporterSupport
0x000000000b789000 	/System/Library/Frameworks/OpenCL.framework/Versions/A/OpenCL
0x000000000b789000 	/System/Library/PrivateFrameworks/AppleFSCompression.framework/Versions/A/AppleFSCompression
0x000000000b789000 	/System/Library/PrivateFrameworks/Ubiquity.framework/Versions/A/Ubiquity
0x000000000b789000 	/System/Library/PrivateFrameworks/IconServices.framework/Versions/A/IconServices
0x000000000b789000 	/System/Library/PrivateFrameworks/ChunkingLibrary.framework/Versions/A/ChunkingLibrary
0x000000000b789000 	/System/Library/PrivateFrameworks/CoreSymbolication.framework/Versions/A/CoreSymbolication
0x000000000b789000 	/System/Library/PrivateFrameworks/Symbolication.framework/Versions/A/Symbolication
0x000000000b789000 	/System/Library/PrivateFrameworks/DebugSymbols.framework/Versions/A/DebugSymbols
0x000000010fe00000 	/Library/Java/JavaVirtualMachines/jdk1.8.0_40.jdk/Contents/Home/jre/lib/server/libjvm.dylib
0x000000000b789000 	/usr/lib/libstdc++.6.dylib
0x000000010f5c8000 	/Library/Java/JavaVirtualMachines/jdk1.8.0_40.jdk/Contents/Home/jre/lib/libverify.dylib
0x0000000110e6c000 	/Library/Java/JavaVirtualMachines/jdk1.8.0_40.jdk/Contents/Home/jre/lib/libjava.dylib
0x000000010f5e0000 	/Library/Java/JavaVirtualMachines/jdk1.8.0_40.jdk/Contents/Home/jre/lib/libzip.dylib
0x0000000124973000 	/System/Library/Frameworks/JavaVM.framework/Frameworks/JavaRuntimeSupport.framework/JavaRuntimeSupport
0x000000012498b000 	/System/Library/Frameworks/JavaVM.framework/Versions/A/Frameworks/JavaNativeFoundation.framework/Versions/A/JavaNativeFoundation
0x000000012499f000 	/System/Library/Frameworks/JavaVM.framework/Versions/A/JavaVM
0x000000000b789000 	/System/Library/Frameworks/Carbon.framework/Versions/A/Carbon
0x00000001249ab000 	/System/Library/PrivateFrameworks/JavaLaunching.framework/Versions/A/JavaLaunching
0x000000000b789000 	/System/Library/Frameworks/Carbon.framework/Versions/A/Frameworks/CommonPanels.framework/Versions/A/CommonPanels
0x000000000b789000 	/System/Library/Frameworks/Carbon.framework/Versions/A/Frameworks/Help.framework/Versions/A/Help
0x000000000b789000 	/System/Library/Frameworks/Carbon.framework/Versions/A/Frameworks/ImageCapture.framework/Versions/A/ImageCapture
0x000000000b789000 	/System/Library/Frameworks/Carbon.framework/Versions/A/Frameworks/OpenScripting.framework/Versions/A/OpenScripting
0x000000000b789000 	/System/Library/Frameworks/Carbon.framework/Versions/A/Frameworks/Print.framework/Versions/A/Print
0x000000000b789000 	/System/Library/Frameworks/Carbon.framework/Versions/A/Frameworks/SecurityHI.framework/Versions/A/SecurityHI
0x000000012527c000 	/Library/Java/JavaVirtualMachines/jdk1.8.0_40.jdk/Contents/Home/jre/lib/libprism_es2.dylib
0x000000000b789000 	/System/Library/Frameworks/OpenGL.framework/Versions/A/Resources/GLEngine.bundle/GLEngine
0x000000000b789000 	/System/Library/Frameworks/OpenGL.framework/Versions/A/Libraries/libGLProgrammability.dylib
0x0000000000000000 	/System/Library/Extensions/AppleIntelHD4000GraphicsGLDriver.bundle/Contents/MacOS/AppleIntelHD4000GraphicsGLDriver
0x000000000b789000 	/System/Library/PrivateFrameworks/IOAccelerator.framework/Versions/A/IOAccelerator
0x000000000b789000 	/System/Library/PrivateFrameworks/GPUSupport.framework/Versions/A/Libraries/libGPUSupportMercury.dylib
0x000000000b789000 	/System/Library/Frameworks/OpenGL.framework/Versions/A/Resources/GLRendererFloat.bundle/GLRendererFloat
0x000000000b789000 	/System/Library/Frameworks/OpenCL.framework/Versions/A/Libraries/libcldcpuengine.dylib
0x000000000b789000 	/System/Library/PrivateFrameworks/DiskImages.framework/Versions/A/DiskImages
0x000000000b789000 	/System/Library/Frameworks/DiscRecording.framework/Versions/A/DiscRecording
0x000000000b789000 	/usr/lib/libcsfde.dylib
0x000000000b789000 	/usr/lib/libcurl.4.dylib
0x000000000b789000 	/System/Library/PrivateFrameworks/MediaKit.framework/Versions/A/MediaKit
0x000000000b789000 	/usr/lib/libCoreStorage.dylib
0x000000000b789000 	/System/Library/PrivateFrameworks/EFILogin.framework/Versions/A/EFILogin
0x000000000b789000 	/usr/lib/libutil.dylib
0x000000000b789000 	/System/Library/PrivateFrameworks/AOSNotification.framework/Versions/A/AOSNotification
0x000000000b789000 	/System/Library/Frameworks/LDAP.framework/Versions/A/LDAP
0x000000000b789000 	/usr/lib/libsasl2.2.dylib
0x000000000b789000 	/usr/lib/libcrypto.0.9.8.dylib
0x000000000b789000 	/usr/lib/libssl.0.9.8.dylib
0x0000000125b7a000 	/Library/Java/JavaVirtualMachines/jdk1.8.0_40.jdk/Contents/Home/jre/lib/libglass.dylib
0x000000000b789000 	/System/Library/PrivateFrameworks/CoreServicesInternal.framework/Versions/A/CoreServicesInternal
0x000000000b789000 	/System/Library/PrivateFrameworks/Librarian.framework/Versions/A/Librarian
0x000000000b789000 	/System/Library/CoreServices/RawCamera.bundle/Contents/MacOS/RawCamera
0x0000000127376000 	/System/Library/Frameworks/CoreGraphics.framework/Versions/A/Resources/libCGCMS.A.dylib
0x0000000127488000 	/System/Library/Frameworks/CoreGraphics.framework/Versions/A/Resources/libRIP.A.dylib
0x000000000b789000 	/System/Library/PrivateFrameworks/FamilyControls.framework/Versions/A/FamilyControls
0x000000000b789000 	/System/Library/PrivateFrameworks/CommerceKit.framework/Versions/A/Frameworks/CommerceCore.framework/Versions/A/CommerceCore
0x000000000b789000 	/System/Library/PrivateFrameworks/SystemAdministration.framework/Versions/A/SystemAdministration
0x000000000b789000 	/System/Library/Frameworks/DirectoryService.framework/Versions/A/DirectoryService
0x000000000b789000 	/System/Library/PrivateFrameworks/LoginUIKit.framework/Versions/A/Frameworks/LoginUICore.framework/Versions/A/LoginUICore
0x000000000b789000 	/usr/lib/libodfde.dylib
0x00000001296e5000 	/Library/Java/JavaVirtualMachines/jdk1.8.0_40.jdk/Contents/Home/jre/lib/libjfxwebkit.dylib
0x000000012b9f6000 	/System/Library/Frameworks/CoreGraphics.framework/Versions/A/Resources/libCGXType.A.dylib
0x000000012cb59000 	/Library/Java/JavaVirtualMachines/jdk1.8.0_40.jdk/Contents/Home/jre/lib/libjavafx_font.dylib
0x000000012d95a000 	cl_kernels
0x000000012d95d000 	/System/Library/Frameworks/OpenCL.framework/Versions/A/Libraries/ImageFormats/unorm8_bgra.dylib
0x000000012d94b000 	cl_kernels
0x00000001278ca000 	/Library/Java/JavaVirtualMachines/jdk1.8.0_40.jdk/Contents/Home/jre/lib/libnet.dylib
0x00000001278e1000 	/Library/Java/JavaVirtualMachines/jdk1.8.0_40.jdk/Contents/Home/jre/lib/libnio.dylib
0x0000000127505000 	/Library/Java/JavaVirtualMachines/jdk1.8.0_40.jdk/Contents/Home/jre/lib/libprism_common.dylib

VM Arguments:
jvm_args: -Dfile.encoding=UTF-8 
java_command: /Users/jaspertomas/NetBeansProjects/examples/MyAegisub/dist/run134066069/MyAegisub.jar
java_class_path (initial): /Users/jaspertomas/NetBeansProjects/examples/MyAegisub/dist/run134066069/MyAegisub.jar
Launcher Type: SUN_STANDARD

Environment Variables:
PATH=/usr/bin:/bin:/usr/sbin:/sbin
LD_LIBRARY_PATH=/Library/Java/JavaVirtualMachines/jdk1.8.0_40.jdk/Contents/Home/jre/lib/amd64:/Library/Java/JavaVirtualMachines/jdk1.8.0_40.jdk/Contents/Home/jre/lib/i386:
SHELL=/bin/bash
DISPLAY=/tmp/launch-eBZfiY/org.macosforge.xquartz:0
DYLD_LIBRARY_PATH=/Applications/NetBeans/NetBeans 8.0.2.app/Contents/Resources/NetBeans/webcommon/bin:

Signal Handlers:
SIGSEGV: [libjvm.dylib+0x58ef95], sa_mask[0]=11111111011111110111111111111111, sa_flags=SA_ONSTACK|SA_RESTART|SA_SIGINFO
SIGBUS: [libjvm.dylib+0x58ef95], sa_mask[0]=11111111011111110111111111111111, sa_flags=SA_RESTART|SA_SIGINFO
SIGFPE: [libjvm.dylib+0x46c118], sa_mask[0]=11111111011111110111111111111111, sa_flags=SA_RESTART|SA_SIGINFO
SIGPIPE: [libjvm.dylib+0x46c118], sa_mask[0]=11111111011111110111111111111111, sa_flags=SA_RESTART|SA_SIGINFO
SIGXFSZ: [libjvm.dylib+0x46c118], sa_mask[0]=11111111011111110111111111111111, sa_flags=SA_RESTART|SA_SIGINFO
SIGILL: [libjvm.dylib+0x46c118], sa_mask[0]=11111111011111110111111111111111, sa_flags=SA_RESTART|SA_SIGINFO
SIGUSR1: SIG_DFL, sa_mask[0]=00000000000000000000000000000000, sa_flags=SA_RESTART
SIGUSR2: [libjvm.dylib+0x46bc36], sa_mask[0]=00100000000000000000000000000000, sa_flags=SA_RESTART|SA_SIGINFO
SIGHUP: [libjvm.dylib+0x46a209], sa_mask[0]=11111111011111110111111111111111, sa_flags=SA_RESTART|SA_SIGINFO
SIGINT: SIG_IGN, sa_mask[0]=00000000000000000000000000000000, sa_flags=none
SIGTERM: [libjvm.dylib+0x46a209], sa_mask[0]=11111111011111110111111111111111, sa_flags=SA_RESTART|SA_SIGINFO
SIGQUIT: [libjvm.dylib+0x46a209], sa_mask[0]=11111111011111110111111111111111, sa_flags=SA_RESTART|SA_SIGINFO


---------------  S Y S T E M  ---------------

OS:Bsduname:Darwin 13.4.0 Darwin Kernel Version 13.4.0: Wed Dec 17 19:05:52 PST 2014; root:xnu-2422.115.10~1/RELEASE_X86_64 x86_64
rlimit: STACK 8192k, CORE 0k, NPROC 709, NOFILE 10240, AS infinity
load average:1.65 1.94 1.74

CPU:total 4 (2 cores per cpu, 2 threads per core) family 6 model 58 stepping 9, cmov, cx8, fxsr, mmx, sse, sse2, sse3, ssse3, sse4.1, sse4.2, popcnt, avx, aes, clmul, erms, ht, tsc, tscinvbit, tscinv

Memory: 4k page, physical 4194304k(342464k free)

/proc/meminfo:


vm_info: Java HotSpot(TM) 64-Bit Server VM (25.40-b25) for bsd-amd64 JRE (1.8.0_40-b26), built on Mar  7 2015 13:53:55 by "java_re" with gcc 4.2.1 (Based on Apple Inc. build 5658) (LLVM build 2336.11.00)

time: Thu Mar 19 18:58:26 2015
elapsed time: 38 seconds (0d 0h 0m 38s)

