#
# A fatal error has been detected by the Java Runtime Environment:
#
#  SIGSEGV (0xb) at pc=0x000000011cdae5a3, pid=13560, tid=3335
#
# JRE version: Java(TM) SE Runtime Environment (8.0_40-b26) (build 1.8.0_40-b26)
# Java VM: Java HotSpot(TM) 64-Bit Server VM (25.40-b25 mixed mode bsd-amd64 compressed oops)
# Problematic frame:
# C  [libjfxwebkit.dylib+0x9385a3]  Java_com_sun_webkit_PopupMenu_twkPopupClosed+0x6253
#
# Failed to write core dump. Core dumps have been disabled. To enable core dumping, try "ulimit -c unlimited" before starting Java again
#
# If you would like to submit a bug report, please visit:
#   http://bugreport.java.com/bugreport/crash.jsp
#

---------------  T H R E A D  ---------------

Current thread is native thread

siginfo: si_signo: 11 (SIGSEGV), si_code: 1 (SEGV_MAPERR), si_addr: 0x0000000000000000

Registers:
RAX=0x00007fff5d9e9fe0, RBX=0x00007f821606e038, RCX=0x00007fff5d9e9fb4, RDX=0x00007f8225b4feb0
RSP=0x00007fff5d9e9f00, RBP=0x00007fff5d9e9fd0, RSI=0x00007f8223672db0, RDI=0x0000000000000000
R8 =0x00007f8225e27490, R9 =0x00007f8225e25ac0, R10=0x000000006f41119e, R11=0x00000000f1028f6a
R12=0x00007f821606e000, R13=0x000000011df48f60, R14=0x0000000000000000, R15=0x0000000000000000
RIP=0x000000011cdae5a3, EFLAGS=0x0000000000010246, ERR=0x0000000000000004
  TRAPNO=0x000000000000000e

Top of Stack: (sp=0x00007fff5d9e9f00)
0x00007fff5d9e9f00:   00007f822359b708 00007f822357ac70
0x00007fff5d9e9f10:   00007f8225d1e060 00007fff5d9e9fb4
0x00007fff5d9e9f20:   00007f8225e27490 00007f8225e25ac0
0x00007fff5d9e9f30:   00007f8200000001 0000000000000005
0x00007fff5d9e9f40:   00007f82237f6550 00007fff8fc96fd4
0x00007fff5d9e9f50:   00007f8223657940 0000000000000001
0x00007fff5d9e9f60:   00007f82234a4a60 0000000000000005
0x00007fff5d9e9f70:   00007fff5d9e9fa0 0000000102f17d9d
0x00007fff5d9e9f80:   00007fff7dbb4a60 0000000000010002
0x00007fff5d9e9f90:   00007fff5d9e9fe8 0000000103407848
0x00007fff5d9e9fa0:   00007fff5d9e9fd0 0000000102f15ca3
0x00007fff5d9e9fb0:   fffffffe00000000 0000003000000018
0x00007fff5d9e9fc0:   00007fff5d9e9fe0 00007fff5d9e9f00
0x00007fff5d9e9fd0:   00007fff5d9ea000 000000011cd6a726
0x00007fff5d9e9fe0:   00007fff5d9ea010 0000000000000000
0x00007fff5d9e9ff0:   00007f821606e038 0000000000000000
0x00007fff5d9ea000:   00007fff5d9ea050 000000011cd507ec
0x00007fff5d9ea010:   00007f82237a4120 0000000794aeac3a
0x00007fff5d9ea020:   00007f82237afd20 00007f8225e0f430
0x00007fff5d9ea030:   00007f821606e000 000000011df48f60
0x00007fff5d9ea040:   0000000000000000 0000000000000000
0x00007fff5d9ea050:   00007fff5d9ea090 000000011cd4dd47
0x00007fff5d9ea060:   00007fff5d9ea100 00007fff8bac019a
0x00007fff5d9ea070:   0000000000000004 00007f8225efc080
0x00007fff5d9ea080:   0000000102230400 00007f8225e0f430
0x00007fff5d9ea090:   00007fff5d9ea0c0 000000011cd439b5
0x00007fff5d9ea0a0:   00007f8225e0f430 00007f821686c0c8
0x00007fff5d9ea0b0:   00007f8225e207e0 000000000000001d
0x00007fff5d9ea0c0:   00007fff5d9ea0e0 000000011ced9047
0x00007fff5d9ea0d0:   00007f8225e0f430 00007f8225e207e0
0x00007fff5d9ea0e0:   00007fff5d9ea100 000000011cf5010d
0x00007fff5d9ea0f0:   00007f8225e207e0 00007f8225e20850 

Instructions: (pc=0x000000011cdae5a3)
0x000000011cdae583:   8d 85 30 ff ff ff 48 89 45 f8 48 8d 45 10 48 89
0x000000011cdae593:   45 f0 c7 45 ec 30 00 00 00 c7 45 e8 18 00 00 00
0x000000011cdae5a3:   48 8b 07 48 8d 4d e8 ff 90 90 01 00 00 48 81 c4
0x000000011cdae5b3:   d0 00 00 00 5d c3 90 90 90 90 90 90 90 55 48 89 

Register to memory mapping:

RAX=0x00007fff5d9e9fe0 is an unknown value
RBX=0x00007f821606e038 is an unknown value
RCX=0x00007fff5d9e9fb4 is an unknown value
RDX=0x00007f8225b4feb0 is an unknown value
RSP=0x00007fff5d9e9f00 is an unknown value
RBP=0x00007fff5d9e9fd0 is an unknown value
RSI=0x00007f8223672db0 is a global jni handle
RDI=0x0000000000000000 is an unknown value
R8 =0x00007f8225e27490 is an unknown value
R9 =0x00007f8225e25ac0 is an unknown value
R10=0x000000006f41119e is an unknown value
R11=0x00000000f1028f6a is an unknown value
R12=0x00007f821606e000 is an unknown value
R13=0x000000011df48f60 is an unknown value
R14=0x0000000000000000 is an unknown value
R15=0x0000000000000000 is an unknown value


Stack: [0x00007fff5d1ee000,0x00007fff5d9ee000],  sp=0x00007fff5d9e9f00,  free space=8175k
Native frames: (J=compiled Java code, j=interpreted, Vv=VM code, C=native code)
C  [libjfxwebkit.dylib+0x9385a3]  Java_com_sun_webkit_PopupMenu_twkPopupClosed+0x6253
C  [libjfxwebkit.dylib+0x8f4726]  Java_com_sun_webkit_graphics_WCGraphicsManager_append+0x906
C  [libjfxwebkit.dylib+0x8da7ec]  Java_com_sun_webkit_dom_EventListenerImpl_twkDispatchEvent+0x51b8ec
C  [libjfxwebkit.dylib+0x8d7d47]  Java_com_sun_webkit_dom_EventListenerImpl_twkDispatchEvent+0x518e47
C  [libjfxwebkit.dylib+0x8cd9b5]  Java_com_sun_webkit_dom_EventListenerImpl_twkDispatchEvent+0x50eab5
C  [libjfxwebkit.dylib+0xa63047]  Java_com_sun_webkit_network_URLLoader_twkWillSendRequest+0x10eb97
C  [libjfxwebkit.dylib+0xada10d]  Java_com_sun_webkit_network_URLLoader_twkWillSendRequest+0x185c5d
C  [libjfxwebkit.dylib+0x4f3217]  Java_com_sun_webkit_dom_EventListenerImpl_twkDispatchEvent+0x134317
C  [libjfxwebkit.dylib+0x4f14ce]  Java_com_sun_webkit_dom_EventListenerImpl_twkDispatchEvent+0x1325ce
C  [libjfxwebkit.dylib+0x51b78b]  Java_com_sun_webkit_dom_EventListenerImpl_twkDispatchEvent+0x15c88b
C  [libjfxwebkit.dylib+0x516c30]  Java_com_sun_webkit_dom_EventListenerImpl_twkDispatchEvent+0x157d30
C  [libjfxwebkit.dylib+0x54a6ab]  Java_com_sun_webkit_dom_EventListenerImpl_twkDispatchEvent+0x18b7ab
C  [libjfxwebkit.dylib+0x6a46e8]  Java_com_sun_webkit_dom_EventListenerImpl_twkDispatchEvent+0x2e57e8
C  [libjfxwebkit.dylib+0x3eb4fa]  Java_com_sun_webkit_dom_EventListenerImpl_twkDispatchEvent+0x2c5fa
C  [libjfxwebkit.dylib+0xde932f]  JSValueIsObjectOfClass+0x5080f
C  [libjfxwebkit.dylib+0xde9838]  JSValueIsObjectOfClass+0x50d18
C  [libjfxwebkit.dylib+0xdf2326]  JSValueIsObjectOfClass+0x59806
C  [libjfxwebkit.dylib+0xdefe02]  JSValueIsObjectOfClass+0x572e2
C  [libjfxwebkit.dylib+0xdef879]  JSValueIsObjectOfClass+0x56d59
C  [CoreFoundation+0xb53e4]  __CFRUNLOOP_IS_CALLING_OUT_TO_A_TIMER_CALLBACK_FUNCTION__+0x14
C  [CoreFoundation+0xb4f1f]  __CFRunLoopDoTimer+0x47f
C  [CoreFoundation+0x1265aa]  __CFRunLoopDoTimers+0x12a
C  [CoreFoundation+0x706a5]  __CFRunLoopRun+0x5f5
C  [CoreFoundation+0x6fe75]  CFRunLoopRunSpecific+0x135
C  [java+0x6490]  CreateExecutionEnvironment+0x367
C  [java+0x221c]  JLI_Launch+0x7a0
C  [java+0x84ed]  main+0x65
C  [java+0x1a74]  start+0x34


---------------  P R O C E S S  ---------------

VM state:not at safepoint (normal execution)

VM Mutex/Monitor currently owned by a thread: None

Heap:
 PSYoungGen      total 73216K, used 54427K [0x00000007aab00000, 0x00000007afa00000, 0x00000007c0000000)
  eden space 68608K, 72% used [0x00000007aab00000,0x00000007adbaebc8,0x00000007aee00000)
  from space 4608K, 99% used [0x00000007af580000,0x00000007af9f83d0,0x00000007afa00000)
  to   space 6144K, 0% used [0x00000007aee00000,0x00000007aee00000,0x00000007af400000)
 ParOldGen       total 34304K, used 10313K [0x0000000780000000, 0x0000000782180000, 0x00000007aab00000)
  object space 34304K, 30% used [0x0000000780000000,0x0000000780a12460,0x0000000782180000)
 Metaspace       used 23203K, capacity 23902K, committed 24192K, reserved 1071104K
  class space    used 2203K, capacity 2392K, committed 2432K, reserved 1048576K

Card table byte_map: [0x000000011302c000,0x000000011322d000] byte_map_base: 0x000000010f42c000

Marking Bits: (ParMarkBitMap*) 0x00000001034c27a0
 Begin Bits: [0x000000011378f000, 0x000000011478f000)
 End Bits:   [0x000000011478f000, 0x000000011578f000)

Polling page: 0x000000010239c000

CodeCache: size=245760Kb used=19706Kb max_used=19725Kb free=226053Kb
 bounds [0x0000000103c6c000, 0x0000000104fcc000, 0x0000000112c6c000]
 total_blobs=4659 nmethods=4003 adapters=569
 compilation: enabled

Compilation events (10 events):
Event: 16.340 Thread 0x00007f8224836000 nmethod 4247 0x0000000104f9e450 code [0x0000000104f9e720, 0x0000000104f9fb18]
Event: 16.340 Thread 0x00007f8224836000 4248       3       java.lang.invoke.MemberName::hashCode (39 bytes)
Event: 16.341 Thread 0x00007f8224836000 nmethod 4248 0x0000000104f9d050 code [0x0000000104f9d260, 0x0000000104f9dfe8]
Event: 16.341 Thread 0x00007f8224836000 4249   !   3       java.lang.invoke.MethodHandleNatives::linkMethodHandleConstant (154 bytes)
Event: 16.342 Thread 0x00007f8224836000 nmethod 4249 0x0000000104f92d90 code [0x0000000104f93000, 0x0000000104f93c88]
Event: 16.343 Thread 0x00007f8224836000 4250       3       java.util.concurrent.CopyOnWriteArrayList$COWIterator::hasNext (18 bytes)
Event: 16.343 Thread 0x00007f8224836000 nmethod 4250 0x0000000104f92990 code [0x0000000104f92b00, 0x0000000104f92cd0]
Event: 16.345 Thread 0x00007f8224817000 4251  s!   4       com.sun.javafx.tk.Toolkit::getToolkit (187 bytes)
Event: 16.347 Thread 0x00007f8224817000 nmethod 4251 0x0000000104f9cbd0 code [0x0000000104f9cd20, 0x0000000104f9cf78]
Event: 16.363 Thread 0x00007f8225010000 nmethod 4240 0x0000000104fbcd50 code [0x0000000104fbd0e0, 0x0000000104fbefb0]

GC Heap History (10 events):
Event: 8.620 GC heap before
{Heap before GC invocations=11 (full 1):
 PSYoungGen      total 44032K, used 41648K [0x00000007aab00000, 0x00000007ae780000, 0x00000007c0000000)
  eden space 37376K, 100% used [0x00000007aab00000,0x00000007acf80000,0x00000007acf80000)
  from space 6656K, 64% used [0x00000007acf80000,0x00000007ad3ac3e0,0x00000007ad600000)
  to   space 6656K, 0% used [0x00000007ae100000,0x00000007ae100000,0x00000007ae780000)
 ParOldGen       total 34304K, used 10273K [0x0000000780000000, 0x0000000782180000, 0x00000007aab00000)
  object space 34304K, 29% used [0x0000000780000000,0x0000000780a08460,0x0000000782180000)
 Metaspace       used 22207K, capacity 22876K, committed 23168K, reserved 1071104K
  class space    used 2196K, capacity 2381K, committed 2432K, reserved 1048576K
Event: 8.625 GC heap after
Heap after GC invocations=11 (full 1):
 PSYoungGen      total 53248K, used 4400K [0x00000007aab00000, 0x00000007ae680000, 0x00000007c0000000)
  eden space 47616K, 0% used [0x00000007aab00000,0x00000007aab00000,0x00000007ad980000)
  from space 5632K, 78% used [0x00000007ae100000,0x00000007ae54c3e0,0x00000007ae680000)
  to   space 6656K, 0% used [0x00000007ad980000,0x00000007ad980000,0x00000007ae000000)
 ParOldGen       total 34304K, used 10281K [0x0000000780000000, 0x0000000782180000, 0x00000007aab00000)
  object space 34304K, 29% used [0x0000000780000000,0x0000000780a0a460,0x0000000782180000)
 Metaspace       used 22207K, capacity 22876K, committed 23168K, reserved 1071104K
  class space    used 2196K, capacity 2381K, committed 2432K, reserved 1048576K
}
Event: 10.029 GC heap before
{Heap before GC invocations=12 (full 1):
 PSYoungGen      total 53248K, used 52016K [0x00000007aab00000, 0x00000007ae680000, 0x00000007c0000000)
  eden space 47616K, 100% used [0x00000007aab00000,0x00000007ad980000,0x00000007ad980000)
  from space 5632K, 78% used [0x00000007ae100000,0x00000007ae54c3e0,0x00000007ae680000)
  to   space 6656K, 0% used [0x00000007ad980000,0x00000007ad980000,0x00000007ae000000)
 ParOldGen       total 34304K, used 10281K [0x0000000780000000, 0x0000000782180000, 0x00000007aab00000)
  object space 34304K, 29% used [0x0000000780000000,0x0000000780a0a460,0x0000000782180000)
 Metaspace       used 22485K, capacity 23132K, committed 23424K, reserved 1071104K
  class space    used 2196K, capacity 2381K, committed 2432K, reserved 1048576K
Event: 10.034 GC heap after
Heap after GC invocations=12 (full 1):
 PSYoungGen      total 54272K, used 4224K [0x00000007aab00000, 0x00000007af200000, 0x00000007c0000000)
  eden space 47616K, 0% used [0x00000007aab00000,0x00000007aab00000,0x00000007ad980000)
  from space 6656K, 63% used [0x00000007ad980000,0x00000007adda03d0,0x00000007ae000000)
  to   space 6656K, 0% used [0x00000007aeb80000,0x00000007aeb80000,0x00000007af200000)
 ParOldGen       total 34304K, used 10289K [0x0000000780000000, 0x0000000782180000, 0x00000007aab00000)
  object space 34304K, 29% used [0x0000000780000000,0x0000000780a0c460,0x0000000782180000)
 Metaspace       used 22485K, capacity 23132K, committed 23424K, reserved 1071104K
  class space    used 2196K, capacity 2381K, committed 2432K, reserved 1048576K
}
Event: 11.391 GC heap before
{Heap before GC invocations=13 (full 1):
 PSYoungGen      total 54272K, used 51840K [0x00000007aab00000, 0x00000007af200000, 0x00000007c0000000)
  eden space 47616K, 100% used [0x00000007aab00000,0x00000007ad980000,0x00000007ad980000)
  from space 6656K, 63% used [0x00000007ad980000,0x00000007adda03d0,0x00000007ae000000)
  to   space 6656K, 0% used [0x00000007aeb80000,0x00000007aeb80000,0x00000007af200000)
 ParOldGen       total 34304K, used 10289K [0x0000000780000000, 0x0000000782180000, 0x00000007aab00000)
  object space 34304K, 29% used [0x0000000780000000,0x0000000780a0c460,0x0000000782180000)
 Metaspace       used 22628K, capacity 23324K, committed 23424K, reserved 1071104K
  class space    used 2196K, capacity 2381K, committed 2432K, reserved 1048576K
Event: 11.395 GC heap after
Heap after GC invocations=13 (full 1):
 PSYoungGen      total 62976K, used 3280K [0x00000007aab00000, 0x00000007af000000, 0x00000007c0000000)
  eden space 58368K, 0% used [0x00000007aab00000,0x00000007aab00000,0x00000007ae400000)
  from space 4608K, 71% used [0x00000007aeb80000,0x00000007aeeb43c0,0x00000007af000000)
  to   space 6144K, 0% used [0x00000007ae400000,0x00000007ae400000,0x00000007aea00000)
 ParOldGen       total 34304K, used 10297K [0x0000000780000000, 0x0000000782180000, 0x00000007aab00000)
  object space 34304K, 30% used [0x0000000780000000,0x0000000780a0e460,0x0000000782180000)
 Metaspace       used 22628K, capacity 23324K, committed 23424K, reserved 1071104K
  class space    used 2196K, capacity 2381K, committed 2432K, reserved 1048576K
}
Event: 13.106 GC heap before
{Heap before GC invocations=14 (full 1):
 PSYoungGen      total 62976K, used 61648K [0x00000007aab00000, 0x00000007af000000, 0x00000007c0000000)
  eden space 58368K, 100% used [0x00000007aab00000,0x00000007ae400000,0x00000007ae400000)
  from space 4608K, 71% used [0x00000007aeb80000,0x00000007aeeb43c0,0x00000007af000000)
  to   space 6144K, 0% used [0x00000007ae400000,0x00000007ae400000,0x00000007aea00000)
 ParOldGen       total 34304K, used 10297K [0x0000000780000000, 0x0000000782180000, 0x00000007aab00000)
  object space 34304K, 30% used [0x0000000780000000,0x0000000780a0e460,0x0000000782180000)
 Metaspace       used 22873K, capacity 23532K, committed 23680K, reserved 1071104K
  class space    used 2196K, capacity 2381K, committed 2432K, reserved 1048576K
Event: 13.109 GC heap after
Heap after GC invocations=14 (full 1):
 PSYoungGen      total 64512K, used 3280K [0x00000007aab00000, 0x00000007afb80000, 0x00000007c0000000)
  eden space 58368K, 0% used [0x00000007aab00000,0x00000007aab00000,0x00000007ae400000)
  from space 6144K, 53% used [0x00000007ae400000,0x00000007ae7343c0,0x00000007aea00000)
  to   space 6144K, 0% used [0x00000007af580000,0x00000007af580000,0x00000007afb80000)
 ParOldGen       total 34304K, used 10305K [0x0000000780000000, 0x0000000782180000, 0x00000007aab00000)
  object space 34304K, 30% used [0x0000000780000000,0x0000000780a10460,0x0000000782180000)
 Metaspace       used 22873K, capacity 23532K, committed 23680K, reserved 1071104K
  class space    used 2196K, capacity 2381K, committed 2432K, reserved 1048576K
}
Event: 14.881 GC heap before
{Heap before GC invocations=15 (full 1):
 PSYoungGen      total 64512K, used 61648K [0x00000007aab00000, 0x00000007afb80000, 0x00000007c0000000)
  eden space 58368K, 100% used [0x00000007aab00000,0x00000007ae400000,0x00000007ae400000)
  from space 6144K, 53% used [0x00000007ae400000,0x00000007ae7343c0,0x00000007aea00000)
  to   space 6144K, 0% used [0x00000007af580000,0x00000007af580000,0x00000007afb80000)
 ParOldGen       total 34304K, used 10305K [0x0000000780000000, 0x0000000782180000, 0x00000007aab00000)
  object space 34304K, 30% used [0x0000000780000000,0x0000000780a10460,0x0000000782180000)
 Metaspace       used 23107K, capacity 23724K, committed 23936K, reserved 1071104K
  class space    used 2196K, capacity 2381K, committed 2432K, reserved 1048576K
Event: 14.886 GC heap after
Heap after GC invocations=15 (full 1):
 PSYoungGen      total 73216K, used 4576K [0x00000007aab00000, 0x00000007afa00000, 0x00000007c0000000)
  eden space 68608K, 0% used [0x00000007aab00000,0x00000007aab00000,0x00000007aee00000)
  from space 4608K, 99% used [0x00000007af580000,0x00000007af9f83d0,0x00000007afa00000)
  to   space 6144K, 0% used [0x00000007aee00000,0x00000007aee00000,0x00000007af400000)
 ParOldGen       total 34304K, used 10313K [0x0000000780000000, 0x0000000782180000, 0x00000007aab00000)
  object space 34304K, 30% used [0x0000000780000000,0x0000000780a12460,0x0000000782180000)
 Metaspace       used 23107K, capacity 23724K, committed 23936K, reserved 1071104K
  class space    used 2196K, capacity 2381K, committed 2432K, reserved 1048576K
}

Deoptimization events (10 events):
Event: 8.176 Thread 0x00007f82238d3000 Uncommon trap: reason=array_check action=maybe_recompile pc=0x00000001047bda00 method=com.sun.javafx.css.SimpleSelector.applies(Ljavafx/css/Styleable;[Ljava/util/Set;I)Z @ 37
Event: 8.176 Thread 0x00007f82238d3000 Uncommon trap: reason=array_check action=maybe_recompile pc=0x00000001047bda00 method=com.sun.javafx.css.SimpleSelector.applies(Ljavafx/css/Styleable;[Ljava/util/Set;I)Z @ 37
Event: 9.477 Thread 0x00007f82238d3000 Uncommon trap: reason=array_check action=maybe_recompile pc=0x00000001049b55a8 method=com.sun.javafx.css.CompoundSelector.applies(Ljavafx/css/Styleable;[Ljava/util/Set;I)Z @ 128
Event: 9.477 Thread 0x00007f82238d3000 Uncommon trap: reason=array_check action=maybe_recompile pc=0x00000001049b55a8 method=com.sun.javafx.css.CompoundSelector.applies(Ljavafx/css/Styleable;[Ljava/util/Set;I)Z @ 128
Event: 9.477 Thread 0x00007f82238d3000 Uncommon trap: reason=array_check action=maybe_recompile pc=0x00000001049b55a8 method=com.sun.javafx.css.CompoundSelector.applies(Ljavafx/css/Styleable;[Ljava/util/Set;I)Z @ 128
Event: 9.477 Thread 0x00007f82238d3000 Uncommon trap: reason=array_check action=maybe_recompile pc=0x00000001049b55a8 method=com.sun.javafx.css.CompoundSelector.applies(Ljavafx/css/Styleable;[Ljava/util/Set;I)Z @ 128
Event: 13.560 Thread 0x00007f82238d3000 Uncommon trap: reason=unstable_if action=reinterpret pc=0x00000001040f1ef8 method=org.ibex.nestedvm.Runtime.copyin(I[BI)V @ 116
Event: 14.107 Thread 0x00007f8224899000 Uncommon trap: reason=intrinsic action=make_not_entrant pc=0x0000000104ea43a0 method=com.sun.prism.impl.ps.BaseShaderGraphics.drawString(Lcom/sun/javafx/scene/text/GlyphList;Lcom/sun/javafx/font/FontStrike;FFLcom/sun/prism/paint/Color;II)V @ 559
Event: 14.325 Thread 0x00007f8224899000 Uncommon trap: reason=intrinsic action=make_not_entrant pc=0x0000000104eb93c8 method=com.sun.prism.impl.ps.BaseShaderGraphics.drawString(Lcom/sun/javafx/scene/text/GlyphList;Lcom/sun/javafx/font/FontStrike;FFLcom/sun/prism/paint/Color;II)V @ 572
Event: 16.311 Thread 0x00007f82238d3000 Uncommon trap: reason=class_check action=maybe_recompile pc=0x0000000104bbede0 method=com.sun.javafx.binding.ExpressionHelper.fireValueChangedEvent(Lcom/sun/javafx/binding/ExpressionHelper;)V @ 5

Internal exceptions (10 events):
Event: 0.286 Thread 0x00007f8224807800 Exception <a 'java/security/PrivilegedActionException'> (0x00000007aadfeeb8) thrown at [/Users/java_re/workspace/8-2-build-macosx-x86_64/jdk8u40/3098/hotspot/src/share/vm/prims/jvm.cpp, line 1382]
Event: 0.287 Thread 0x00007f8224807800 Exception <a 'java/lang/NullPointerException'> (0x00000007aae00368) thrown at [/Users/java_re/workspace/8-2-build-macosx-x86_64/jdk8u40/3098/hotspot/src/share/vm/interpreter/linkResolver.cpp, line 1178]
Event: 0.673 Thread 0x00007f82238d3000 Exception <a 'java/lang/NullPointerException'> (0x00000007ab586948) thrown at [/Users/java_re/workspace/8-2-build-macosx-x86_64/jdk8u40/3098/hotspot/src/share/vm/interpreter/linkResolver.cpp, line 1178]
Event: 0.673 Thread 0x00007f82238d3000 Exception <a 'java/lang/NullPointerException'> (0x00000007ab586948) thrown at [/Users/java_re/workspace/8-2-build-macosx-x86_64/jdk8u40/3098/hotspot/src/share/vm/prims/jvm.cpp, line 1386]
Event: 1.141 Thread 0x00007f82238d3000 Implicit null exception at 0x0000000103ef8035 to 0x0000000103ef8231
Event: 3.580 Thread 0x00007f82238d3000 Implicit null exception at 0x0000000103f599f5 to 0x0000000103f59d61
Event: 4.853 Thread 0x00007f82238d3000 Exception <a 'sun/nio/fs/UnixException'> (0x00000007ab70c888) thrown at [/Users/java_re/workspace/8-2-build-macosx-x86_64/jdk8u40/3098/hotspot/src/share/vm/prims/jni.cpp, line 709]
Event: 4.857 Thread 0x00007f82238d3000 Exception <a 'sun/nio/fs/UnixException'> (0x00000007ab70e610) thrown at [/Users/java_re/workspace/8-2-build-macosx-x86_64/jdk8u40/3098/hotspot/src/share/vm/prims/jni.cpp, line 709]
Event: 4.862 Thread 0x00007f82238d3000 Implicit null exception at 0x0000000103e90635 to 0x0000000103e90995
Event: 5.696 Thread 0x00007f82238d3000 Exception <a 'java/io/FileNotFoundException'> (0x00000007ab53c608) thrown at [/Users/java_re/workspace/8-2-build-macosx-x86_64/jdk8u40/3098/hotspot/src/share/vm/prims/jni.cpp, line 709]

Events (10 events):
Event: 16.343 loading class javafx/application/Application done
Event: 16.347 loading class com/sun/javafx/tk/quantum/QuantumRenderer
Event: 16.347 loading class com/sun/javafx/tk/quantum/QuantumRenderer done
Event: 16.347 loading class com/sun/javafx/tk/quantum/QuantumToolkit
Event: 16.347 loading class com/sun/javafx/tk/quantum/QuantumToolkit done
Event: 16.348 Thread 0x00007f8224899000 Thread exited: 0x00007f8224899000
Event: 16.348 Thread 0x00007f8224942000 Thread exited: 0x00007f8224942000
Event: 16.348 Thread 0x00007f8224807800 Thread exited: 0x00007f8224807800
Event: 16.348 Thread 0x00007f82161d1800 Thread added: 0x00007f82161d1800
Event: 16.348 Thread 0x00007f82238d3000 Thread exited: 0x00007f82238d3000


Dynamic libraries:
0x000000000b789000 	/System/Library/Frameworks/Cocoa.framework/Versions/A/Cocoa
0x000000000b789000 	/System/Library/Frameworks/Security.framework/Versions/A/Security
0x000000000b789000 	/System/Library/Frameworks/ApplicationServices.framework/Versions/A/ApplicationServices
0x000000000b789000 	/usr/lib/libz.1.dylib
0x000000000b789000 	/usr/lib/libSystem.B.dylib
0x000000000b789000 	/usr/lib/libobjc.A.dylib
0x000000000b789000 	/System/Library/Frameworks/CoreFoundation.framework/Versions/A/CoreFoundation
0x000000000b789000 	/System/Library/Frameworks/Foundation.framework/Versions/C/Foundation
0x000000000b789000 	/System/Library/Frameworks/AppKit.framework/Versions/C/AppKit
0x000000000b789000 	/System/Library/Frameworks/CoreData.framework/Versions/A/CoreData
0x000000000b789000 	/System/Library/PrivateFrameworks/RemoteViewServices.framework/Versions/A/RemoteViewServices
0x000000000b789000 	/System/Library/Frameworks/AudioToolbox.framework/Versions/A/AudioToolbox
0x000000000b789000 	/System/Library/Frameworks/AudioUnit.framework/Versions/A/AudioUnit
0x000000000b789000 	/System/Library/PrivateFrameworks/DataDetectorsCore.framework/Versions/A/DataDetectorsCore
0x000000000b789000 	/System/Library/PrivateFrameworks/DesktopServicesPriv.framework/Versions/A/DesktopServicesPriv
0x000000000b789000 	/System/Library/Frameworks/Carbon.framework/Versions/A/Frameworks/HIToolbox.framework/Versions/A/HIToolbox
0x000000000b789000 	/System/Library/Frameworks/QuartzCore.framework/Versions/A/QuartzCore
0x000000000b789000 	/System/Library/Frameworks/Carbon.framework/Versions/A/Frameworks/SpeechRecognition.framework/Versions/A/SpeechRecognition
0x000000000b789000 	/usr/lib/libauto.dylib
0x000000000b789000 	/usr/lib/libicucore.A.dylib
0x000000000b789000 	/usr/lib/libxml2.2.dylib
0x000000000b789000 	/System/Library/PrivateFrameworks/CoreUI.framework/Versions/A/CoreUI
0x000000000b789000 	/System/Library/Frameworks/CoreAudio.framework/Versions/A/CoreAudio
0x000000000b789000 	/System/Library/Frameworks/DiskArbitration.framework/Versions/A/DiskArbitration
0x000000000b789000 	/usr/lib/liblangid.dylib
0x000000000b789000 	/System/Library/PrivateFrameworks/MultitouchSupport.framework/Versions/A/MultitouchSupport
0x000000000b789000 	/System/Library/Frameworks/IOKit.framework/Versions/A/IOKit
0x000000000b789000 	/usr/lib/libDiagnosticMessagesClient.dylib
0x000000000b789000 	/System/Library/Frameworks/CoreServices.framework/Versions/A/CoreServices
0x000000000b789000 	/System/Library/PrivateFrameworks/PerformanceAnalysis.framework/Versions/A/PerformanceAnalysis
0x000000000b789000 	/System/Library/PrivateFrameworks/GenerationalStorage.framework/Versions/A/GenerationalStorage
0x000000000b789000 	/System/Library/Frameworks/OpenGL.framework/Versions/A/OpenGL
0x000000000b789000 	/System/Library/PrivateFrameworks/Sharing.framework/Versions/A/Sharing
0x000000000b789000 	/System/Library/Frameworks/ImageIO.framework/Versions/A/ImageIO
0x000000000b789000 	/System/Library/Frameworks/CoreText.framework/Versions/A/CoreText
0x000000000b789000 	/System/Library/Frameworks/CoreGraphics.framework/Versions/A/CoreGraphics
0x000000000b789000 	/System/Library/PrivateFrameworks/Backup.framework/Versions/A/Backup
0x000000000b789000 	/System/Library/Frameworks/CFNetwork.framework/Versions/A/CFNetwork
0x000000000b789000 	/System/Library/Frameworks/SystemConfiguration.framework/Versions/A/SystemConfiguration
0x000000000b789000 	/usr/lib/libCRFSuite.dylib
0x000000000b789000 	/usr/lib/libc++.1.dylib
0x000000000b789000 	/usr/lib/libc++abi.dylib
0x000000000b789000 	/usr/lib/system/libcache.dylib
0x000000000b789000 	/usr/lib/system/libcommonCrypto.dylib
0x000000000b789000 	/usr/lib/system/libcompiler_rt.dylib
0x000000000b789000 	/usr/lib/system/libcopyfile.dylib
0x000000000b789000 	/usr/lib/system/libcorecrypto.dylib
0x000000000b789000 	/usr/lib/system/libdispatch.dylib
0x000000000b789000 	/usr/lib/system/libdyld.dylib
0x000000000b789000 	/usr/lib/system/libkeymgr.dylib
0x000000000b789000 	/usr/lib/system/liblaunch.dylib
0x000000000b789000 	/usr/lib/system/libmacho.dylib
0x000000000b789000 	/usr/lib/system/libquarantine.dylib
0x000000000b789000 	/usr/lib/system/libremovefile.dylib
0x000000000b789000 	/usr/lib/system/libsystem_asl.dylib
0x000000000b789000 	/usr/lib/system/libsystem_blocks.dylib
0x000000000b789000 	/usr/lib/system/libsystem_c.dylib
0x000000000b789000 	/usr/lib/system/libsystem_configuration.dylib
0x000000000b789000 	/usr/lib/system/libsystem_dnssd.dylib
0x000000000b789000 	/usr/lib/system/libsystem_info.dylib
0x000000000b789000 	/usr/lib/system/libsystem_kernel.dylib
0x000000000b789000 	/usr/lib/system/libsystem_m.dylib
0x000000000b789000 	/usr/lib/system/libsystem_malloc.dylib
0x000000000b789000 	/usr/lib/system/libsystem_network.dylib
0x000000000b789000 	/usr/lib/system/libsystem_notify.dylib
0x000000000b789000 	/usr/lib/system/libsystem_platform.dylib
0x000000000b789000 	/usr/lib/system/libsystem_pthread.dylib
0x000000000b789000 	/usr/lib/system/libsystem_sandbox.dylib
0x000000000b789000 	/usr/lib/system/libsystem_stats.dylib
0x000000000b789000 	/usr/lib/system/libunc.dylib
0x000000000b789000 	/usr/lib/system/libunwind.dylib
0x000000000b789000 	/usr/lib/system/libxpc.dylib
0x000000000b789000 	/usr/lib/libbsm.0.dylib
0x000000000b789000 	/usr/lib/libsqlite3.dylib
0x000000000b789000 	/usr/lib/libxar.1.dylib
0x000000000b789000 	/usr/lib/libpam.2.dylib
0x000000000b789000 	/usr/lib/libOpenScriptingUtil.dylib
0x000000000b789000 	/usr/lib/libbz2.1.0.dylib
0x000000000b789000 	/System/Library/Frameworks/CoreServices.framework/Versions/A/Frameworks/CarbonCore.framework/Versions/A/CarbonCore
0x000000000b789000 	/System/Library/Frameworks/CoreServices.framework/Versions/A/Frameworks/Metadata.framework/Versions/A/Metadata
0x000000000b789000 	/System/Library/Frameworks/CoreServices.framework/Versions/A/Frameworks/OSServices.framework/Versions/A/OSServices
0x000000000b789000 	/System/Library/Frameworks/CoreServices.framework/Versions/A/Frameworks/SearchKit.framework/Versions/A/SearchKit
0x000000000b789000 	/System/Library/Frameworks/CoreServices.framework/Versions/A/Frameworks/AE.framework/Versions/A/AE
0x000000000b789000 	/System/Library/Frameworks/CoreServices.framework/Versions/A/Frameworks/LaunchServices.framework/Versions/A/LaunchServices
0x000000000b789000 	/System/Library/Frameworks/CoreServices.framework/Versions/A/Frameworks/DictionaryServices.framework/Versions/A/DictionaryServices
0x000000000b789000 	/System/Library/Frameworks/NetFS.framework/Versions/A/NetFS
0x000000000b789000 	/usr/lib/system/libkxld.dylib
0x000000000b789000 	/System/Library/PrivateFrameworks/NetAuth.framework/Versions/A/NetAuth
0x000000000b789000 	/System/Library/PrivateFrameworks/TCC.framework/Versions/A/TCC
0x000000000b789000 	/System/Library/Frameworks/OpenDirectory.framework/Versions/A/Frameworks/CFOpenDirectory.framework/Versions/A/CFOpenDirectory
0x000000000b789000 	/System/Library/Frameworks/ServiceManagement.framework/Versions/A/ServiceManagement
0x000000000b789000 	/usr/lib/libxslt.1.dylib
0x000000000b789000 	/System/Library/Frameworks/Carbon.framework/Versions/A/Frameworks/Ink.framework/Versions/A/Ink
0x000000000b789000 	/System/Library/Frameworks/ApplicationServices.framework/Versions/A/Frameworks/ATS.framework/Versions/A/ATS
0x000000000b789000 	/System/Library/Frameworks/ApplicationServices.framework/Versions/A/Frameworks/ColorSync.framework/Versions/A/ColorSync
0x000000000b789000 	/System/Library/Frameworks/ApplicationServices.framework/Versions/A/Frameworks/HIServices.framework/Versions/A/HIServices
0x000000000b789000 	/System/Library/Frameworks/ApplicationServices.framework/Versions/A/Frameworks/LangAnalysis.framework/Versions/A/LangAnalysis
0x000000000b789000 	/System/Library/Frameworks/ApplicationServices.framework/Versions/A/Frameworks/PrintCore.framework/Versions/A/PrintCore
0x000000000b789000 	/System/Library/Frameworks/ApplicationServices.framework/Versions/A/Frameworks/QD.framework/Versions/A/QD
0x000000000b789000 	/System/Library/Frameworks/ApplicationServices.framework/Versions/A/Frameworks/SpeechSynthesis.framework/Versions/A/SpeechSynthesis
0x000000000b789000 	/System/Library/Frameworks/IOSurface.framework/Versions/A/IOSurface
0x000000000b789000 	/System/Library/Frameworks/Accelerate.framework/Versions/A/Accelerate
0x000000000b789000 	/System/Library/Frameworks/Accelerate.framework/Versions/A/Frameworks/vImage.framework/Versions/A/vImage
0x000000000b789000 	/System/Library/Frameworks/Accelerate.framework/Versions/A/Frameworks/vecLib.framework/Versions/A/vecLib
0x000000000b789000 	/System/Library/Frameworks/Accelerate.framework/Versions/A/Frameworks/vecLib.framework/Versions/A/libvDSP.dylib
0x000000000b789000 	/System/Library/Frameworks/Accelerate.framework/Versions/A/Frameworks/vecLib.framework/Versions/A/libvMisc.dylib
0x000000000b789000 	/System/Library/Frameworks/Accelerate.framework/Versions/A/Frameworks/vecLib.framework/Versions/A/libLAPACK.dylib
0x000000000b789000 	/System/Library/Frameworks/Accelerate.framework/Versions/A/Frameworks/vecLib.framework/Versions/A/libBLAS.dylib
0x000000000b789000 	/System/Library/Frameworks/ApplicationServices.framework/Versions/A/Frameworks/ATS.framework/Versions/A/Resources/libFontParser.dylib
0x000000000b789000 	/System/Library/Frameworks/ApplicationServices.framework/Versions/A/Frameworks/ATS.framework/Versions/A/Resources/libFontRegistry.dylib
0x000000000b789000 	/System/Library/Frameworks/ImageIO.framework/Versions/A/Resources/libJPEG.dylib
0x000000000b789000 	/System/Library/Frameworks/ImageIO.framework/Versions/A/Resources/libTIFF.dylib
0x000000000b789000 	/System/Library/Frameworks/ImageIO.framework/Versions/A/Resources/libPng.dylib
0x000000000b789000 	/System/Library/Frameworks/ImageIO.framework/Versions/A/Resources/libGIF.dylib
0x000000000b789000 	/System/Library/Frameworks/ImageIO.framework/Versions/A/Resources/libJP2.dylib
0x000000000b789000 	/System/Library/Frameworks/ImageIO.framework/Versions/A/Resources/libRadiance.dylib
0x000000000b789000 	/usr/lib/libcups.2.dylib
0x000000000b789000 	/System/Library/Frameworks/Kerberos.framework/Versions/A/Kerberos
0x000000000b789000 	/System/Library/Frameworks/GSS.framework/Versions/A/GSS
0x000000000b789000 	/usr/lib/libresolv.9.dylib
0x000000000b789000 	/usr/lib/libiconv.2.dylib
0x000000000b789000 	/System/Library/PrivateFrameworks/Heimdal.framework/Versions/A/Heimdal
0x000000000b789000 	/System/Library/PrivateFrameworks/TrustEvaluationAgent.framework/Versions/A/TrustEvaluationAgent
0x000000000b789000 	/usr/lib/libheimdal-asn1.dylib
0x000000000b789000 	/System/Library/Frameworks/OpenDirectory.framework/Versions/A/OpenDirectory
0x000000000b789000 	/System/Library/PrivateFrameworks/CommonAuth.framework/Versions/A/CommonAuth
0x000000000b789000 	/System/Library/Frameworks/SecurityFoundation.framework/Versions/A/SecurityFoundation
0x000000000b789000 	/System/Library/PrivateFrameworks/Bom.framework/Versions/A/Bom
0x000000000b789000 	/System/Library/Frameworks/CoreVideo.framework/Versions/A/CoreVideo
0x000000000b789000 	/System/Library/Frameworks/QuartzCore.framework/Versions/A/Frameworks/CoreImage.framework/Versions/A/CoreImage
0x000000000b789000 	/System/Library/Frameworks/QuartzCore.framework/Versions/A/Frameworks/ScalableUserInterface.framework/Versions/A/ScalableUserInterface
0x000000000b789000 	/System/Library/Frameworks/OpenGL.framework/Versions/A/Libraries/libGLU.dylib
0x000000000b789000 	/System/Library/Frameworks/OpenGL.framework/Versions/A/Libraries/libGFXShared.dylib
0x000000000b789000 	/System/Library/Frameworks/OpenGL.framework/Versions/A/Libraries/libGL.dylib
0x000000000b789000 	/System/Library/Frameworks/OpenGL.framework/Versions/A/Libraries/libGLImage.dylib
0x000000000b789000 	/System/Library/Frameworks/OpenGL.framework/Versions/A/Libraries/libCVMSPluginSupport.dylib
0x000000000b789000 	/System/Library/Frameworks/OpenGL.framework/Versions/A/Libraries/libCoreVMClient.dylib
0x000000000b789000 	/System/Library/PrivateFrameworks/FaceCore.framework/Versions/A/FaceCore
0x000000000b789000 	/System/Library/PrivateFrameworks/CrashReporterSupport.framework/Versions/A/CrashReporterSupport
0x000000000b789000 	/System/Library/Frameworks/OpenCL.framework/Versions/A/OpenCL
0x000000000b789000 	/System/Library/PrivateFrameworks/AppleFSCompression.framework/Versions/A/AppleFSCompression
0x000000000b789000 	/System/Library/PrivateFrameworks/Ubiquity.framework/Versions/A/Ubiquity
0x000000000b789000 	/System/Library/PrivateFrameworks/IconServices.framework/Versions/A/IconServices
0x000000000b789000 	/System/Library/PrivateFrameworks/ChunkingLibrary.framework/Versions/A/ChunkingLibrary
0x000000000b789000 	/System/Library/PrivateFrameworks/CoreSymbolication.framework/Versions/A/CoreSymbolication
0x000000000b789000 	/System/Library/PrivateFrameworks/Symbolication.framework/Versions/A/Symbolication
0x000000000b789000 	/System/Library/PrivateFrameworks/DebugSymbols.framework/Versions/A/DebugSymbols
0x0000000102c00000 	/Library/Java/JavaVirtualMachines/jdk1.8.0_40.jdk/Contents/Home/jre/lib/server/libjvm.dylib
0x000000000b789000 	/usr/lib/libstdc++.6.dylib
0x0000000102359000 	/Library/Java/JavaVirtualMachines/jdk1.8.0_40.jdk/Contents/Home/jre/lib/libverify.dylib
0x0000000102367000 	/Library/Java/JavaVirtualMachines/jdk1.8.0_40.jdk/Contents/Home/jre/lib/libjava.dylib
0x00000001023a6000 	/Library/Java/JavaVirtualMachines/jdk1.8.0_40.jdk/Contents/Home/jre/lib/libzip.dylib
0x00000001023e3000 	/System/Library/Frameworks/JavaVM.framework/Frameworks/JavaRuntimeSupport.framework/JavaRuntimeSupport
0x000000011771e000 	/System/Library/Frameworks/JavaVM.framework/Versions/A/Frameworks/JavaNativeFoundation.framework/Versions/A/JavaNativeFoundation
0x0000000117732000 	/System/Library/Frameworks/JavaVM.framework/Versions/A/JavaVM
0x000000000b789000 	/System/Library/Frameworks/Carbon.framework/Versions/A/Carbon
0x000000011773e000 	/System/Library/PrivateFrameworks/JavaLaunching.framework/Versions/A/JavaLaunching
0x000000000b789000 	/System/Library/Frameworks/Carbon.framework/Versions/A/Frameworks/CommonPanels.framework/Versions/A/CommonPanels
0x000000000b789000 	/System/Library/Frameworks/Carbon.framework/Versions/A/Frameworks/Help.framework/Versions/A/Help
0x000000000b789000 	/System/Library/Frameworks/Carbon.framework/Versions/A/Frameworks/ImageCapture.framework/Versions/A/ImageCapture
0x000000000b789000 	/System/Library/Frameworks/Carbon.framework/Versions/A/Frameworks/OpenScripting.framework/Versions/A/OpenScripting
0x000000000b789000 	/System/Library/Frameworks/Carbon.framework/Versions/A/Frameworks/Print.framework/Versions/A/Print
0x000000000b789000 	/System/Library/Frameworks/Carbon.framework/Versions/A/Frameworks/SecurityHI.framework/Versions/A/SecurityHI
0x000000011800d000 	/Library/Java/JavaVirtualMachines/jdk1.8.0_40.jdk/Contents/Home/jre/lib/libprism_es2.dylib
0x000000000b789000 	/System/Library/Frameworks/OpenGL.framework/Versions/A/Resources/GLEngine.bundle/GLEngine
0x000000000b789000 	/System/Library/Frameworks/OpenGL.framework/Versions/A/Libraries/libGLProgrammability.dylib
0x0000000000000000 	/System/Library/Extensions/AppleIntelHD4000GraphicsGLDriver.bundle/Contents/MacOS/AppleIntelHD4000GraphicsGLDriver
0x000000000b789000 	/System/Library/PrivateFrameworks/IOAccelerator.framework/Versions/A/IOAccelerator
0x000000000b789000 	/System/Library/PrivateFrameworks/GPUSupport.framework/Versions/A/Libraries/libGPUSupportMercury.dylib
0x000000000b789000 	/System/Library/Frameworks/OpenGL.framework/Versions/A/Resources/GLRendererFloat.bundle/GLRendererFloat
0x000000000b789000 	/System/Library/Frameworks/OpenCL.framework/Versions/A/Libraries/libcldcpuengine.dylib
0x000000000b789000 	/System/Library/PrivateFrameworks/DiskImages.framework/Versions/A/DiskImages
0x000000000b789000 	/System/Library/Frameworks/DiscRecording.framework/Versions/A/DiscRecording
0x000000000b789000 	/usr/lib/libcsfde.dylib
0x000000000b789000 	/usr/lib/libcurl.4.dylib
0x000000000b789000 	/System/Library/PrivateFrameworks/MediaKit.framework/Versions/A/MediaKit
0x000000000b789000 	/usr/lib/libCoreStorage.dylib
0x000000000b789000 	/System/Library/PrivateFrameworks/EFILogin.framework/Versions/A/EFILogin
0x000000000b789000 	/usr/lib/libutil.dylib
0x000000000b789000 	/System/Library/PrivateFrameworks/AOSNotification.framework/Versions/A/AOSNotification
0x000000000b789000 	/System/Library/Frameworks/LDAP.framework/Versions/A/LDAP
0x000000000b789000 	/usr/lib/libsasl2.2.dylib
0x000000000b789000 	/usr/lib/libcrypto.0.9.8.dylib
0x000000000b789000 	/usr/lib/libssl.0.9.8.dylib
0x000000011890b000 	/Library/Java/JavaVirtualMachines/jdk1.8.0_40.jdk/Contents/Home/jre/lib/libglass.dylib
0x000000000b789000 	/System/Library/PrivateFrameworks/CoreServicesInternal.framework/Versions/A/CoreServicesInternal
0x000000000b789000 	/System/Library/PrivateFrameworks/Librarian.framework/Versions/A/Librarian
0x000000000b789000 	/System/Library/CoreServices/RawCamera.bundle/Contents/MacOS/RawCamera
0x000000011a107000 	/System/Library/Frameworks/CoreGraphics.framework/Versions/A/Resources/libCGCMS.A.dylib
0x000000011a219000 	/System/Library/Frameworks/CoreGraphics.framework/Versions/A/Resources/libRIP.A.dylib
0x000000000b789000 	/System/Library/PrivateFrameworks/FamilyControls.framework/Versions/A/FamilyControls
0x000000000b789000 	/System/Library/PrivateFrameworks/CommerceKit.framework/Versions/A/Frameworks/CommerceCore.framework/Versions/A/CommerceCore
0x000000000b789000 	/System/Library/PrivateFrameworks/SystemAdministration.framework/Versions/A/SystemAdministration
0x000000000b789000 	/System/Library/Frameworks/DirectoryService.framework/Versions/A/DirectoryService
0x000000000b789000 	/System/Library/PrivateFrameworks/LoginUIKit.framework/Versions/A/Frameworks/LoginUICore.framework/Versions/A/LoginUICore
0x000000000b789000 	/usr/lib/libodfde.dylib
0x000000011c476000 	/Library/Java/JavaVirtualMachines/jdk1.8.0_40.jdk/Contents/Home/jre/lib/libjfxwebkit.dylib
0x000000011e788000 	/System/Library/Frameworks/CoreGraphics.framework/Versions/A/Resources/libCGXType.A.dylib
0x000000011f8eb000 	/Library/Java/JavaVirtualMachines/jdk1.8.0_40.jdk/Contents/Home/jre/lib/libjavafx_font.dylib
0x00000001206eb000 	cl_kernels
0x00000001206ee000 	/System/Library/Frameworks/OpenCL.framework/Versions/A/Libraries/ImageFormats/unorm8_bgra.dylib
0x00000001206dc000 	cl_kernels
0x000000011a256000 	/Library/Java/JavaVirtualMachines/jdk1.8.0_40.jdk/Contents/Home/jre/lib/libnet.dylib
0x000000011a2d5000 	/Library/Java/JavaVirtualMachines/jdk1.8.0_40.jdk/Contents/Home/jre/lib/libnio.dylib
0x000000011a2fb000 	/Library/Java/JavaVirtualMachines/jdk1.8.0_40.jdk/Contents/Home/jre/lib/libprism_common.dylib

VM Arguments:
jvm_args: -Dfile.encoding=UTF-8 
java_command: /Users/jaspertomas/NetBeansProjects/examples/MyAegisub/dist/run397327960/MyAegisub.jar
java_class_path (initial): /Users/jaspertomas/NetBeansProjects/examples/MyAegisub/dist/run397327960/MyAegisub.jar
Launcher Type: SUN_STANDARD

Environment Variables:
PATH=/usr/bin:/bin:/usr/sbin:/sbin
LD_LIBRARY_PATH=/Library/Java/JavaVirtualMachines/jdk1.8.0_40.jdk/Contents/Home/jre/lib/amd64:/Library/Java/JavaVirtualMachines/jdk1.8.0_40.jdk/Contents/Home/jre/lib/i386:
SHELL=/bin/bash
DISPLAY=/tmp/launch-eBZfiY/org.macosforge.xquartz:0
DYLD_LIBRARY_PATH=/Applications/NetBeans/NetBeans 8.0.2.app/Contents/Resources/NetBeans/webcommon/bin:

Signal Handlers:
SIGSEGV: [libjvm.dylib+0x58ef95], sa_mask[0]=11111111011111110111111111111111, sa_flags=SA_ONSTACK|SA_RESTART|SA_SIGINFO
SIGBUS: [libjvm.dylib+0x58ef95], sa_mask[0]=11111111011111110111111111111111, sa_flags=SA_RESTART|SA_SIGINFO
SIGFPE: [libjvm.dylib+0x46c118], sa_mask[0]=11111111011111110111111111111111, sa_flags=SA_RESTART|SA_SIGINFO
SIGPIPE: [libjvm.dylib+0x46c118], sa_mask[0]=11111111011111110111111111111111, sa_flags=SA_RESTART|SA_SIGINFO
SIGXFSZ: [libjvm.dylib+0x46c118], sa_mask[0]=11111111011111110111111111111111, sa_flags=SA_RESTART|SA_SIGINFO
SIGILL: [libjvm.dylib+0x46c118], sa_mask[0]=11111111011111110111111111111111, sa_flags=SA_RESTART|SA_SIGINFO
SIGUSR1: SIG_DFL, sa_mask[0]=00000000000000000000000000000000, sa_flags=SA_RESTART
SIGUSR2: [libjvm.dylib+0x46bc36], sa_mask[0]=00100000000000000000000000000000, sa_flags=SA_RESTART|SA_SIGINFO
SIGHUP: [libjvm.dylib+0x46a209], sa_mask[0]=11111111011111110111111111111111, sa_flags=SA_RESTART|SA_SIGINFO
SIGINT: SIG_IGN, sa_mask[0]=00000000000000000000000000000000, sa_flags=none
SIGTERM: [libjvm.dylib+0x46a209], sa_mask[0]=11111111011111110111111111111111, sa_flags=SA_RESTART|SA_SIGINFO
SIGQUIT: [libjvm.dylib+0x46a209], sa_mask[0]=11111111011111110111111111111111, sa_flags=SA_RESTART|SA_SIGINFO


---------------  S Y S T E M  ---------------

OS:Bsduname:Darwin 13.4.0 Darwin Kernel Version 13.4.0: Wed Dec 17 19:05:52 PST 2014; root:xnu-2422.115.10~1/RELEASE_X86_64 x86_64
rlimit: STACK 8192k, CORE 0k, NPROC 709, NOFILE 10240, AS infinity
load average:3.12 2.07 1.72

CPU:total 4 (2 cores per cpu, 2 threads per core) family 6 model 58 stepping 9, cmov, cx8, fxsr, mmx, sse, sse2, sse3, ssse3, sse4.1, sse4.2, popcnt, avx, aes, clmul, erms, ht, tsc, tscinvbit, tscinv

Memory: 4k page, physical 4194304k(291248k free)

/proc/meminfo:


vm_info: Java HotSpot(TM) 64-Bit Server VM (25.40-b25) for bsd-amd64 JRE (1.8.0_40-b26), built on Mar  7 2015 13:53:55 by "java_re" with gcc 4.2.1 (Based on Apple Inc. build 5658) (LLVM build 2336.11.00)

time: Thu Mar 19 18:55:14 2015
elapsed time: 16 seconds (0d 0h 0m 16s)

