#
# A fatal error has been detected by the Java Runtime Environment:
#
#  SIGSEGV (0xb) at pc=0x000000011c8a05a3, pid=15853, tid=3335
#
# JRE version: Java(TM) SE Runtime Environment (8.0_40-b26) (build 1.8.0_40-b26)
# Java VM: Java HotSpot(TM) 64-Bit Server VM (25.40-b25 mixed mode bsd-amd64 compressed oops)
# Problematic frame:
# C  [libjfxwebkit.dylib+0x9385a3]  Java_com_sun_webkit_PopupMenu_twkPopupClosed+0x6253
#
# Failed to write core dump. Core dumps have been disabled. To enable core dumping, try "ulimit -c unlimited" before starting Java again
#
# If you would like to submit a bug report, please visit:
#   http://bugreport.java.com/bugreport/crash.jsp
#

---------------  T H R E A D  ---------------

Current thread is native thread

siginfo: si_signo: 11 (SIGSEGV), si_code: 1 (SEGV_MAPERR), si_addr: 0x0000000000000000

Registers:
RAX=0x00007fff5deee040, RBX=0x00007f8aab4ce438, RCX=0x00007fff5deee014, RDX=0x00007f8abcd0c2f8
RSP=0x00007fff5deedf60, RBP=0x00007fff5deee030, RSI=0x00007f8aba5ee378, RDI=0x0000000000000000
R8 =0x00007f8aaa548e00, R9 =0x00007f8aaa5463a0, R10=0x000000008fd3eca1, R11=0x000000008bbd3e51
R12=0x00007f8aab4ce400, R13=0x000000011da48f78, R14=0x0000000000000000, R15=0x0000000000000000
RIP=0x000000011c8a05a3, EFLAGS=0x0000000000010246, ERR=0x0000000000000004
  TRAPNO=0x000000000000000e

Top of Stack: (sp=0x00007fff5deedf60)
0x00007fff5deedf60:   0000000000000000 0000000000000000
0x00007fff5deedf70:   0000000000000000 00007fff5deee014
0x00007fff5deedf80:   00007f8aaa548e00 00007f8aaa5463a0
0x00007fff5deedf90:   0000000000000000 0000000000000000
0x00007fff5deedfa0:   0000000000000000 0000000000000000
0x00007fff5deedfb0:   0000000000000000 0000000000000000
0x00007fff5deedfc0:   0000000000000000 0000000000000000
0x00007fff5deedfd0:   00007fff5deee000 0000000102b17d9d
0x00007fff5deedfe0:   0000000000000000 0000000000010002
0x00007fff5deedff0:   00007fff5deee048 0000000103007848
0x00007fff5deee000:   00007fff5deee030 0000000102b15ca3
0x00007fff5deee010:   fffffffe00000000 0000003000000018
0x00007fff5deee020:   00007fff5deee040 00007fff5deedf60
0x00007fff5deee030:   00007fff5deee060 000000011c85c726
0x00007fff5deee040:   0000000000000000 0000000000000000
0x00007fff5deee050:   00007f8aab4ce438 0000000000000000
0x00007fff5deee060:   00007fff5deee0b0 000000011c8427ec
0x00007fff5deee070:   00007f8abcb3bb80 0000000f00000000
0x00007fff5deee080:   00007f8aba4cbea0 00007f8aaa53d210
0x00007fff5deee090:   00007f8aab4ce400 000000011da48f78
0x00007fff5deee0a0:   0000000000000000 0000000000000000
0x00007fff5deee0b0:   00007fff5deee0f0 000000011c83fd47
0x00007fff5deee0c0:   00007fff5deee160 00007fff8372e05a
0x00007fff5deee0d0:   00007f8aaa500000 00007f8aaa5fc080
0x00007fff5deee0e0:   00007f8aaa555868 00007f8aaa53d210
0x00007fff5deee0f0:   00007fff5deee120 000000011c8359b5
0x00007fff5deee100:   00007f8aaa53d210 00007f8aac187448
0x00007fff5deee110:   00007f8aaa53d1a0 000000000000001f
0x00007fff5deee120:   00007fff5deee140 000000011c9cb047
0x00007fff5deee130:   00007f8aaa53d210 00007f8aaa53d1a0
0x00007fff5deee140:   00007fff5deee160 000000011ca4210d
0x00007fff5deee150:   00007f8aaa53d1a0 00007f8aaa53d3b0 

Instructions: (pc=0x000000011c8a05a3)
0x000000011c8a0583:   8d 85 30 ff ff ff 48 89 45 f8 48 8d 45 10 48 89
0x000000011c8a0593:   45 f0 c7 45 ec 30 00 00 00 c7 45 e8 18 00 00 00
0x000000011c8a05a3:   48 8b 07 48 8d 4d e8 ff 90 90 01 00 00 48 81 c4
0x000000011c8a05b3:   d0 00 00 00 5d c3 90 90 90 90 90 90 90 55 48 89 

Register to memory mapping:

RAX=0x00007fff5deee040 is an unknown value
RBX=0x00007f8aab4ce438 is an unknown value
RCX=0x00007fff5deee014 is an unknown value
RDX=0x00007f8abcd0c2f8 is an unknown value
RSP=0x00007fff5deedf60 is an unknown value
RBP=0x00007fff5deee030 is an unknown value
RSI=0x00007f8aba5ee378 is a global jni handle
RDI=0x0000000000000000 is an unknown value
R8 =0x00007f8aaa548e00 is an unknown value
R9 =0x00007f8aaa5463a0 is an unknown value
R10=0x000000008fd3eca1 is an unknown value
R11=0x000000008bbd3e51 is an unknown value
R12=0x00007f8aab4ce400 is an unknown value
R13=0x000000011da48f78 is an unknown value
R14=0x0000000000000000 is an unknown value
R15=0x0000000000000000 is an unknown value


Stack: [0x00007fff5d6f2000,0x00007fff5def2000],  sp=0x00007fff5deedf60,  free space=8175k
Native frames: (J=compiled Java code, j=interpreted, Vv=VM code, C=native code)
C  [libjfxwebkit.dylib+0x9385a3]  Java_com_sun_webkit_PopupMenu_twkPopupClosed+0x6253
C  [libjfxwebkit.dylib+0x8f4726]  Java_com_sun_webkit_graphics_WCGraphicsManager_append+0x906
C  [libjfxwebkit.dylib+0x8da7ec]  Java_com_sun_webkit_dom_EventListenerImpl_twkDispatchEvent+0x51b8ec
C  [libjfxwebkit.dylib+0x8d7d47]  Java_com_sun_webkit_dom_EventListenerImpl_twkDispatchEvent+0x518e47
C  [libjfxwebkit.dylib+0x8cd9b5]  Java_com_sun_webkit_dom_EventListenerImpl_twkDispatchEvent+0x50eab5
C  [libjfxwebkit.dylib+0xa63047]  Java_com_sun_webkit_network_URLLoader_twkWillSendRequest+0x10eb97
C  [libjfxwebkit.dylib+0xada10d]  Java_com_sun_webkit_network_URLLoader_twkWillSendRequest+0x185c5d
C  [libjfxwebkit.dylib+0x4f3217]  Java_com_sun_webkit_dom_EventListenerImpl_twkDispatchEvent+0x134317
C  [libjfxwebkit.dylib+0x4f14ce]  Java_com_sun_webkit_dom_EventListenerImpl_twkDispatchEvent+0x1325ce
C  [libjfxwebkit.dylib+0x51b78b]  Java_com_sun_webkit_dom_EventListenerImpl_twkDispatchEvent+0x15c88b
C  [libjfxwebkit.dylib+0x516c30]  Java_com_sun_webkit_dom_EventListenerImpl_twkDispatchEvent+0x157d30
C  [libjfxwebkit.dylib+0x54a6ab]  Java_com_sun_webkit_dom_EventListenerImpl_twkDispatchEvent+0x18b7ab
C  [libjfxwebkit.dylib+0x6a46e8]  Java_com_sun_webkit_dom_EventListenerImpl_twkDispatchEvent+0x2e57e8
C  [libjfxwebkit.dylib+0x3eb4fa]  Java_com_sun_webkit_dom_EventListenerImpl_twkDispatchEvent+0x2c5fa
C  [libjfxwebkit.dylib+0xde932f]  JSValueIsObjectOfClass+0x5080f
C  [libjfxwebkit.dylib+0xde9838]  JSValueIsObjectOfClass+0x50d18
C  [libjfxwebkit.dylib+0xdf2326]  JSValueIsObjectOfClass+0x59806
C  [libjfxwebkit.dylib+0xdefe02]  JSValueIsObjectOfClass+0x572e2
C  [libjfxwebkit.dylib+0xdef879]  JSValueIsObjectOfClass+0x56d59
C  [CoreFoundation+0xb53e4]  __CFRUNLOOP_IS_CALLING_OUT_TO_A_TIMER_CALLBACK_FUNCTION__+0x14
C  [CoreFoundation+0xb4f1f]  __CFRunLoopDoTimer+0x47f
C  [CoreFoundation+0x1265aa]  __CFRunLoopDoTimers+0x12a
C  [CoreFoundation+0x706a5]  __CFRunLoopRun+0x5f5
C  [CoreFoundation+0x6fe75]  CFRunLoopRunSpecific+0x135
C  [java+0x6490]  CreateExecutionEnvironment+0x367
C  [java+0x221c]  JLI_Launch+0x7a0
C  [java+0x84ed]  main+0x65
C  [java+0x1a74]  start+0x34


---------------  P R O C E S S  ---------------

VM state:at safepoint (normal execution)

VM Mutex/Monitor currently owned by a thread:  ([mutex/lock_event])
[0x00007f8aba510a70] Threads_lock - owner thread: 0x00007f8abc000000
[0x00007f8aba510f70] Heap_lock - owner thread: 0x00007f8aab25f800

Heap:
 PSYoungGen      total 41984K, used 20052K [0x00000007aab00000, 0x00000007adb00000, 0x00000007c0000000)
  eden space 34816K, 42% used [0x00000007aab00000,0x00000007ab96d080,0x00000007acd00000)
  from space 7168K, 73% used [0x00000007ad400000,0x00000007ad928030,0x00000007adb00000)
  to   space 7168K, 0% used [0x00000007acd00000,0x00000007acd00000,0x00000007ad400000)
 ParOldGen       total 39936K, used 9806K [0x0000000780000000, 0x0000000782700000, 0x00000007aab00000)
  object space 39936K, 24% used [0x0000000780000000,0x0000000780993840,0x0000000782700000)
 Metaspace       used 22601K, capacity 23366K, committed 23680K, reserved 1071104K
  class space    used 2201K, capacity 2390K, committed 2432K, reserved 1048576K

Card table byte_map: [0x0000000112b29000,0x0000000112d2a000] byte_map_base: 0x000000010ef29000

Marking Bits: (ParMarkBitMap*) 0x00000001030c27a0
 Begin Bits: [0x000000011328c000, 0x000000011428c000)
 End Bits:   [0x000000011428c000, 0x000000011528c000)

Polling page: 0x0000000101f69000

CodeCache: size=245760Kb used=15155Kb max_used=15166Kb free=230604Kb
 bounds [0x0000000103769000, 0x0000000104649000, 0x0000000112769000]
 total_blobs=3850 nmethods=3194 adapters=568
 compilation: enabled

Compilation events (10 events):
Event: 8.694 Thread 0x00007f8abb835800 3421   !   3       com.sun.glass.ui.InvokeLaterDispatcher$Future::run (91 bytes)
Event: 8.694 Thread 0x00007f8abb835800 nmethod 3421 0x0000000104639450 code [0x0000000104639600, 0x0000000104639dc8]
Event: 8.694 Thread 0x00007f8abb835800 3422       3       java.lang.invoke.MemberName::<init> (131 bytes)
Event: 8.696 Thread 0x00007f8abb835800 nmethod 3422 0x000000010463a1d0 code [0x000000010463a4a0, 0x000000010463b898]
Event: 8.696 Thread 0x00007f8abb835800 3423       3       com.sun.glass.ui.mac.MacApplication::submitForLaterInvocation (6 bytes)
Event: 8.696 Thread 0x00007f8abb835800 nmethod 3423 0x0000000104626ed0 code [0x0000000104627040, 0x00000001046271c8]
Event: 8.710 Thread 0x00007f8abb835000 nmethod 3382 0x000000010463f210 code [0x000000010463f720, 0x00000001046418d8]
Event: 8.754 Thread 0x00007f8abb835800 3424       3       java.util.logging.LogManager::access$100 (4 bytes)
Event: 8.755 Thread 0x00007f8abb835800 nmethod 3424 0x0000000103d30910 code [0x0000000103d30a60, 0x0000000103d30b90]
Event: 8.755 Thread 0x00007f8abb835800 3425       3       java.util.logging.LogManager$LoggerContext::requiresDefaultLoggers (29 bytes)

GC Heap History (10 events):
Event: 5.530 GC heap before
{Heap before GC invocations=7 (full 1):
 PSYoungGen      total 18944K, used 18912K [0x00000007aab00000, 0x00000007acd00000, 0x00000007c0000000)
  eden space 16384K, 100% used [0x00000007aab00000,0x00000007abb00000,0x00000007abb00000)
  from space 2560K, 98% used [0x00000007abb00000,0x00000007abd78020,0x00000007abd80000)
  to   space 6656K, 0% used [0x00000007ac680000,0x00000007ac680000,0x00000007acd00000)
 ParOldGen       total 39936K, used 9009K [0x0000000780000000, 0x0000000782700000, 0x00000007aab00000)
  object space 39936K, 22% used [0x0000000780000000,0x00000007808cc450,0x0000000782700000)
 Metaspace       used 21428K, capacity 22138K, committed 22400K, reserved 1069056K
  class space    used 2191K, capacity 2376K, committed 2432K, reserved 1048576K
Event: 5.536 GC heap after
Heap after GC invocations=7 (full 1):
 PSYoungGen      total 27136K, used 5888K [0x00000007aab00000, 0x00000007ad080000, 0x00000007c0000000)
  eden space 20480K, 0% used [0x00000007aab00000,0x00000007aab00000,0x00000007abf00000)
  from space 6656K, 88% used [0x00000007ac680000,0x00000007acc40050,0x00000007acd00000)
  to   space 7680K, 0% used [0x00000007abf00000,0x00000007abf00000,0x00000007ac680000)
 ParOldGen       total 39936K, used 9017K [0x0000000780000000, 0x0000000782700000, 0x00000007aab00000)
  object space 39936K, 22% used [0x0000000780000000,0x00000007808ce450,0x0000000782700000)
 Metaspace       used 21428K, capacity 22138K, committed 22400K, reserved 1069056K
  class space    used 2191K, capacity 2376K, committed 2432K, reserved 1048576K
}
Event: 6.139 GC heap before
{Heap before GC invocations=8 (full 1):
 PSYoungGen      total 27136K, used 26368K [0x00000007aab00000, 0x00000007ad080000, 0x00000007c0000000)
  eden space 20480K, 100% used [0x00000007aab00000,0x00000007abf00000,0x00000007abf00000)
  from space 6656K, 88% used [0x00000007ac680000,0x00000007acc40050,0x00000007acd00000)
  to   space 7680K, 0% used [0x00000007abf00000,0x00000007abf00000,0x00000007ac680000)
 ParOldGen       total 39936K, used 9774K [0x0000000780000000, 0x0000000782700000, 0x00000007aab00000)
  object space 39936K, 24% used [0x0000000780000000,0x000000078098b840,0x0000000782700000)
 Metaspace       used 21772K, capacity 22416K, committed 22656K, reserved 1069056K
  class space    used 2193K, capacity 2379K, committed 2432K, reserved 1048576K
Event: 6.143 GC heap after
Heap after GC invocations=8 (full 1):
 PSYoungGen      total 28160K, used 5024K [0x00000007aab00000, 0x00000007ad600000, 0x00000007c0000000)
  eden space 20480K, 0% used [0x00000007aab00000,0x00000007aab00000,0x00000007abf00000)
  from space 7680K, 65% used [0x00000007abf00000,0x00000007ac3e8030,0x00000007ac680000)
  to   space 7680K, 0% used [0x00000007ace80000,0x00000007ace80000,0x00000007ad600000)
 ParOldGen       total 39936K, used 9782K [0x0000000780000000, 0x0000000782700000, 0x00000007aab00000)
  object space 39936K, 24% used [0x0000000780000000,0x000000078098d840,0x0000000782700000)
 Metaspace       used 21772K, capacity 22416K, committed 22656K, reserved 1069056K
  class space    used 2193K, capacity 2379K, committed 2432K, reserved 1048576K
}
Event: 6.700 GC heap before
{Heap before GC invocations=9 (full 1):
 PSYoungGen      total 28160K, used 25504K [0x00000007aab00000, 0x00000007ad600000, 0x00000007c0000000)
  eden space 20480K, 100% used [0x00000007aab00000,0x00000007abf00000,0x00000007abf00000)
  from space 7680K, 65% used [0x00000007abf00000,0x00000007ac3e8030,0x00000007ac680000)
  to   space 7680K, 0% used [0x00000007ace80000,0x00000007ace80000,0x00000007ad600000)
 ParOldGen       total 39936K, used 9782K [0x0000000780000000, 0x0000000782700000, 0x00000007aab00000)
  object space 39936K, 24% used [0x0000000780000000,0x000000078098d840,0x0000000782700000)
 Metaspace       used 22005K, capacity 22736K, committed 22912K, reserved 1069056K
  class space    used 2193K, capacity 2379K, committed 2432K, reserved 1048576K
Event: 6.704 GC heap after
Heap after GC invocations=9 (full 1):
 PSYoungGen      total 35328K, used 3200K [0x00000007aab00000, 0x00000007ad500000, 0x00000007c0000000)
  eden space 28672K, 0% used [0x00000007aab00000,0x00000007aab00000,0x00000007ac700000)
  from space 6656K, 48% used [0x00000007ace80000,0x00000007ad1a0020,0x00000007ad500000)
  to   space 7168K, 0% used [0x00000007ac700000,0x00000007ac700000,0x00000007ace00000)
 ParOldGen       total 39936K, used 9790K [0x0000000780000000, 0x0000000782700000, 0x00000007aab00000)
  object space 39936K, 24% used [0x0000000780000000,0x000000078098f840,0x0000000782700000)
 Metaspace       used 22005K, capacity 22736K, committed 22912K, reserved 1069056K
  class space    used 2193K, capacity 2379K, committed 2432K, reserved 1048576K
}
Event: 7.498 GC heap before
{Heap before GC invocations=10 (full 1):
 PSYoungGen      total 35328K, used 31872K [0x00000007aab00000, 0x00000007ad500000, 0x00000007c0000000)
  eden space 28672K, 100% used [0x00000007aab00000,0x00000007ac700000,0x00000007ac700000)
  from space 6656K, 48% used [0x00000007ace80000,0x00000007ad1a0020,0x00000007ad500000)
  to   space 7168K, 0% used [0x00000007ac700000,0x00000007ac700000,0x00000007ace00000)
 ParOldGen       total 39936K, used 9790K [0x0000000780000000, 0x0000000782700000, 0x00000007aab00000)
  object space 39936K, 24% used [0x0000000780000000,0x000000078098f840,0x0000000782700000)
 Metaspace       used 22284K, capacity 22928K, committed 23168K, reserved 1071104K
  class space    used 2193K, capacity 2379K, committed 2432K, reserved 1048576K
Event: 7.500 GC heap after
Heap after GC invocations=10 (full 1):
 PSYoungGen      total 35840K, used 3232K [0x00000007aab00000, 0x00000007adb00000, 0x00000007c0000000)
  eden space 28672K, 0% used [0x00000007aab00000,0x00000007aab00000,0x00000007ac700000)
  from space 7168K, 45% used [0x00000007ac700000,0x00000007aca28020,0x00000007ace00000)
  to   space 7168K, 0% used [0x00000007ad400000,0x00000007ad400000,0x00000007adb00000)
 ParOldGen       total 39936K, used 9798K [0x0000000780000000, 0x0000000782700000, 0x00000007aab00000)
  object space 39936K, 24% used [0x0000000780000000,0x0000000780991840,0x0000000782700000)
 Metaspace       used 22284K, capacity 22928K, committed 23168K, reserved 1071104K
  class space    used 2193K, capacity 2379K, committed 2432K, reserved 1048576K
}
Event: 8.300 GC heap before
{Heap before GC invocations=11 (full 1):
 PSYoungGen      total 35840K, used 31904K [0x00000007aab00000, 0x00000007adb00000, 0x00000007c0000000)
  eden space 28672K, 100% used [0x00000007aab00000,0x00000007ac700000,0x00000007ac700000)
  from space 7168K, 45% used [0x00000007ac700000,0x00000007aca28020,0x00000007ace00000)
  to   space 7168K, 0% used [0x00000007ad400000,0x00000007ad400000,0x00000007adb00000)
 ParOldGen       total 39936K, used 9798K [0x0000000780000000, 0x0000000782700000, 0x00000007aab00000)
  object space 39936K, 24% used [0x0000000780000000,0x0000000780991840,0x0000000782700000)
 Metaspace       used 22516K, capacity 23120K, committed 23424K, reserved 1071104K
  class space    used 2193K, capacity 2379K, committed 2432K, reserved 1048576K
Event: 8.304 GC heap after
Heap after GC invocations=11 (full 1):
 PSYoungGen      total 41984K, used 5280K [0x00000007aab00000, 0x00000007adb00000, 0x00000007c0000000)
  eden space 34816K, 0% used [0x00000007aab00000,0x00000007aab00000,0x00000007acd00000)
  from space 7168K, 73% used [0x00000007ad400000,0x00000007ad928030,0x00000007adb00000)
  to   space 7168K, 0% used [0x00000007acd00000,0x00000007acd00000,0x00000007ad400000)
 ParOldGen       total 39936K, used 9806K [0x0000000780000000, 0x0000000782700000, 0x00000007aab00000)
  object space 39936K, 24% used [0x0000000780000000,0x0000000780993840,0x0000000782700000)
 Metaspace       used 22516K, capacity 23120K, committed 23424K, reserved 1071104K
  class space    used 2193K, capacity 2379K, committed 2432K, reserved 1048576K
}

Deoptimization events (10 events):
Event: 2.817 Thread 0x00007f8abb0ef000 Uncommon trap: reason=unstable_if action=reinterpret pc=0x0000000103b92394 method=com.sun.javafx.font.CMap$CMapFormat10.<init>(Lcom/sun/javafx/font/FontFileReader$Buffer;I)V @ 50
Event: 5.704 Thread 0x00007f8abb0ef000 Uncommon trap: reason=array_check action=maybe_recompile pc=0x00000001039451b8 method=com.sun.javafx.css.SimpleSelector.applies(Ljavafx/css/Styleable;[Ljava/util/Set;I)Z @ 37
Event: 5.705 Thread 0x00007f8abb0ef000 Uncommon trap: reason=array_check action=maybe_recompile pc=0x0000000103f2ea00 method=com.sun.javafx.css.SimpleSelector.applies(Ljavafx/css/Styleable;[Ljava/util/Set;I)Z @ 37
Event: 5.705 Thread 0x00007f8abb0ef000 Uncommon trap: reason=array_check action=maybe_recompile pc=0x0000000103f2ea00 method=com.sun.javafx.css.SimpleSelector.applies(Ljavafx/css/Styleable;[Ljava/util/Set;I)Z @ 37
Event: 5.705 Thread 0x00007f8abb0ef000 Uncommon trap: reason=array_check action=maybe_recompile pc=0x0000000103f2ea00 method=com.sun.javafx.css.SimpleSelector.applies(Ljavafx/css/Styleable;[Ljava/util/Set;I)Z @ 37
Event: 5.705 Thread 0x00007f8abb0ef000 Uncommon trap: reason=array_check action=maybe_recompile pc=0x00000001039451b8 method=com.sun.javafx.css.SimpleSelector.applies(Ljavafx/css/Styleable;[Ljava/util/Set;I)Z @ 37
Event: 6.793 Thread 0x00007f8abb0ef000 Uncommon trap: reason=array_check action=maybe_recompile pc=0x000000010388f968 method=com.sun.javafx.css.CompoundSelector.applies(Ljavafx/css/Styleable;[Ljava/util/Set;I)Z @ 128
Event: 6.793 Thread 0x00007f8abb0ef000 Uncommon trap: reason=array_check action=maybe_recompile pc=0x000000010388f968 method=com.sun.javafx.css.CompoundSelector.applies(Ljavafx/css/Styleable;[Ljava/util/Set;I)Z @ 128
Event: 6.793 Thread 0x00007f8abb0ef000 Uncommon trap: reason=array_check action=maybe_recompile pc=0x000000010388f968 method=com.sun.javafx.css.CompoundSelector.applies(Ljavafx/css/Styleable;[Ljava/util/Set;I)Z @ 128
Event: 6.793 Thread 0x00007f8abb0ef000 Uncommon trap: reason=array_check action=maybe_recompile pc=0x000000010388f968 method=com.sun.javafx.css.CompoundSelector.applies(Ljavafx/css/Styleable;[Ljava/util/Set;I)Z @ 128

Internal exceptions (10 events):
Event: 0.248 Thread 0x00007f8abb804800 Exception <a 'java/security/PrivilegedActionException'> (0x00000007aadfb4f0) thrown at [/Users/java_re/workspace/8-2-build-macosx-x86_64/jdk8u40/3098/hotspot/src/share/vm/prims/jvm.cpp, line 1382]
Event: 0.248 Thread 0x00007f8abb804800 Exception <a 'java/lang/NullPointerException'> (0x00000007aadfc9a0) thrown at [/Users/java_re/workspace/8-2-build-macosx-x86_64/jdk8u40/3098/hotspot/src/share/vm/interpreter/linkResolver.cpp, line 1178]
Event: 0.633 Thread 0x00007f8abb0ef000 Exception <a 'java/lang/NullPointerException'> (0x00000007ab588620) thrown at [/Users/java_re/workspace/8-2-build-macosx-x86_64/jdk8u40/3098/hotspot/src/share/vm/interpreter/linkResolver.cpp, line 1178]
Event: 0.633 Thread 0x00007f8abb0ef000 Exception <a 'java/lang/NullPointerException'> (0x00000007ab588620) thrown at [/Users/java_re/workspace/8-2-build-macosx-x86_64/jdk8u40/3098/hotspot/src/share/vm/prims/jvm.cpp, line 1386]
Event: 1.063 Thread 0x00007f8abb0ef000 Implicit null exception at 0x00000001039ddc35 to 0x00000001039dde31
Event: 1.538 Thread 0x00007f8abb0ef000 Implicit null exception at 0x00000001039f0db5 to 0x00000001039f1121
Event: 2.722 Thread 0x00007f8abb0ef000 Exception <a 'sun/nio/fs/UnixException'> (0x00000007ab8c3c68) thrown at [/Users/java_re/workspace/8-2-build-macosx-x86_64/jdk8u40/3098/hotspot/src/share/vm/prims/jni.cpp, line 709]
Event: 2.724 Thread 0x00007f8abb0ef000 Exception <a 'sun/nio/fs/UnixException'> (0x00000007ab8c59f0) thrown at [/Users/java_re/workspace/8-2-build-macosx-x86_64/jdk8u40/3098/hotspot/src/share/vm/prims/jni.cpp, line 709]
Event: 2.729 Thread 0x00007f8abb0ef000 Implicit null exception at 0x0000000103987ff5 to 0x0000000103988355
Event: 2.817 Thread 0x00007f8abb0ef000 Exception <a 'java/io/FileNotFoundException'> (0x00000007aad207d0) thrown at [/Users/java_re/workspace/8-2-build-macosx-x86_64/jdk8u40/3098/hotspot/src/share/vm/prims/jni.cpp, line 709]

Events (10 events):
Event: 8.752 Thread 0x00007f8abb146800 Thread exited: 0x00007f8abb146800
Event: 8.753 loading class java/util/IdentityHashMap$KeySet
Event: 8.753 loading class java/util/IdentityHashMap$KeySet done
Event: 8.753 loading class java/util/IdentityHashMap$KeyIterator
Event: 8.753 loading class java/util/IdentityHashMap$IdentityHashMapIterator
Event: 8.753 loading class java/util/IdentityHashMap$IdentityHashMapIterator done
Event: 8.753 loading class java/util/IdentityHashMap$KeyIterator done
Event: 8.754 Thread 0x00007f8aac243800 Thread added: 0x00007f8aac243800
Event: 8.755 Thread 0x00007f8aac243800 Thread exited: 0x00007f8aac243800
Event: 8.755 Thread 0x00007f8aab25f800 Thread exited: 0x00007f8aab25f800


Dynamic libraries:
0x00000000033f7000 	/System/Library/Frameworks/Cocoa.framework/Versions/A/Cocoa
0x00000000033f7000 	/System/Library/Frameworks/Security.framework/Versions/A/Security
0x00000000033f7000 	/System/Library/Frameworks/ApplicationServices.framework/Versions/A/ApplicationServices
0x00000000033f7000 	/usr/lib/libz.1.dylib
0x00000000033f7000 	/usr/lib/libSystem.B.dylib
0x00000000033f7000 	/usr/lib/libobjc.A.dylib
0x00000000033f7000 	/System/Library/Frameworks/CoreFoundation.framework/Versions/A/CoreFoundation
0x00000000033f7000 	/System/Library/Frameworks/Foundation.framework/Versions/C/Foundation
0x00000000033f7000 	/System/Library/Frameworks/AppKit.framework/Versions/C/AppKit
0x00000000033f7000 	/System/Library/Frameworks/CoreData.framework/Versions/A/CoreData
0x00000000033f7000 	/System/Library/PrivateFrameworks/RemoteViewServices.framework/Versions/A/RemoteViewServices
0x00000000033f7000 	/System/Library/Frameworks/AudioToolbox.framework/Versions/A/AudioToolbox
0x00000000033f7000 	/System/Library/Frameworks/AudioUnit.framework/Versions/A/AudioUnit
0x00000000033f7000 	/System/Library/PrivateFrameworks/DataDetectorsCore.framework/Versions/A/DataDetectorsCore
0x00000000033f7000 	/System/Library/PrivateFrameworks/DesktopServicesPriv.framework/Versions/A/DesktopServicesPriv
0x00000000033f7000 	/System/Library/Frameworks/Carbon.framework/Versions/A/Frameworks/HIToolbox.framework/Versions/A/HIToolbox
0x00000000033f7000 	/System/Library/Frameworks/QuartzCore.framework/Versions/A/QuartzCore
0x00000000033f7000 	/System/Library/Frameworks/Carbon.framework/Versions/A/Frameworks/SpeechRecognition.framework/Versions/A/SpeechRecognition
0x00000000033f7000 	/usr/lib/libauto.dylib
0x00000000033f7000 	/usr/lib/libicucore.A.dylib
0x00000000033f7000 	/usr/lib/libxml2.2.dylib
0x00000000033f7000 	/System/Library/PrivateFrameworks/CoreUI.framework/Versions/A/CoreUI
0x00000000033f7000 	/System/Library/Frameworks/CoreAudio.framework/Versions/A/CoreAudio
0x00000000033f7000 	/System/Library/Frameworks/DiskArbitration.framework/Versions/A/DiskArbitration
0x00000000033f7000 	/usr/lib/liblangid.dylib
0x00000000033f7000 	/System/Library/PrivateFrameworks/MultitouchSupport.framework/Versions/A/MultitouchSupport
0x00000000033f7000 	/System/Library/Frameworks/IOKit.framework/Versions/A/IOKit
0x00000000033f7000 	/usr/lib/libDiagnosticMessagesClient.dylib
0x00000000033f7000 	/System/Library/Frameworks/CoreServices.framework/Versions/A/CoreServices
0x00000000033f7000 	/System/Library/PrivateFrameworks/PerformanceAnalysis.framework/Versions/A/PerformanceAnalysis
0x00000000033f7000 	/System/Library/PrivateFrameworks/GenerationalStorage.framework/Versions/A/GenerationalStorage
0x00000000033f7000 	/System/Library/Frameworks/OpenGL.framework/Versions/A/OpenGL
0x00000000033f7000 	/System/Library/PrivateFrameworks/Sharing.framework/Versions/A/Sharing
0x00000000033f7000 	/System/Library/Frameworks/ImageIO.framework/Versions/A/ImageIO
0x00000000033f7000 	/System/Library/Frameworks/CoreText.framework/Versions/A/CoreText
0x00000000033f7000 	/System/Library/Frameworks/CoreGraphics.framework/Versions/A/CoreGraphics
0x00000000033f7000 	/System/Library/PrivateFrameworks/Backup.framework/Versions/A/Backup
0x00000000033f7000 	/System/Library/Frameworks/CFNetwork.framework/Versions/A/CFNetwork
0x00000000033f7000 	/System/Library/Frameworks/SystemConfiguration.framework/Versions/A/SystemConfiguration
0x00000000033f7000 	/usr/lib/libCRFSuite.dylib
0x00000000033f7000 	/usr/lib/libc++.1.dylib
0x00000000033f7000 	/usr/lib/libc++abi.dylib
0x00000000033f7000 	/usr/lib/system/libcache.dylib
0x00000000033f7000 	/usr/lib/system/libcommonCrypto.dylib
0x00000000033f7000 	/usr/lib/system/libcompiler_rt.dylib
0x00000000033f7000 	/usr/lib/system/libcopyfile.dylib
0x00000000033f7000 	/usr/lib/system/libcorecrypto.dylib
0x00000000033f7000 	/usr/lib/system/libdispatch.dylib
0x00000000033f7000 	/usr/lib/system/libdyld.dylib
0x00000000033f7000 	/usr/lib/system/libkeymgr.dylib
0x00000000033f7000 	/usr/lib/system/liblaunch.dylib
0x00000000033f7000 	/usr/lib/system/libmacho.dylib
0x00000000033f7000 	/usr/lib/system/libquarantine.dylib
0x00000000033f7000 	/usr/lib/system/libremovefile.dylib
0x00000000033f7000 	/usr/lib/system/libsystem_asl.dylib
0x00000000033f7000 	/usr/lib/system/libsystem_blocks.dylib
0x00000000033f7000 	/usr/lib/system/libsystem_c.dylib
0x00000000033f7000 	/usr/lib/system/libsystem_configuration.dylib
0x00000000033f7000 	/usr/lib/system/libsystem_dnssd.dylib
0x00000000033f7000 	/usr/lib/system/libsystem_info.dylib
0x00000000033f7000 	/usr/lib/system/libsystem_kernel.dylib
0x00000000033f7000 	/usr/lib/system/libsystem_m.dylib
0x00000000033f7000 	/usr/lib/system/libsystem_malloc.dylib
0x00000000033f7000 	/usr/lib/system/libsystem_network.dylib
0x00000000033f7000 	/usr/lib/system/libsystem_notify.dylib
0x00000000033f7000 	/usr/lib/system/libsystem_platform.dylib
0x00000000033f7000 	/usr/lib/system/libsystem_pthread.dylib
0x00000000033f7000 	/usr/lib/system/libsystem_sandbox.dylib
0x00000000033f7000 	/usr/lib/system/libsystem_stats.dylib
0x00000000033f7000 	/usr/lib/system/libunc.dylib
0x00000000033f7000 	/usr/lib/system/libunwind.dylib
0x00000000033f7000 	/usr/lib/system/libxpc.dylib
0x00000000033f7000 	/usr/lib/libbsm.0.dylib
0x00000000033f7000 	/usr/lib/libsqlite3.dylib
0x00000000033f7000 	/usr/lib/libxar.1.dylib
0x00000000033f7000 	/usr/lib/libpam.2.dylib
0x00000000033f7000 	/usr/lib/libOpenScriptingUtil.dylib
0x00000000033f7000 	/usr/lib/libbz2.1.0.dylib
0x00000000033f7000 	/System/Library/Frameworks/CoreServices.framework/Versions/A/Frameworks/CarbonCore.framework/Versions/A/CarbonCore
0x00000000033f7000 	/System/Library/Frameworks/CoreServices.framework/Versions/A/Frameworks/Metadata.framework/Versions/A/Metadata
0x00000000033f7000 	/System/Library/Frameworks/CoreServices.framework/Versions/A/Frameworks/OSServices.framework/Versions/A/OSServices
0x00000000033f7000 	/System/Library/Frameworks/CoreServices.framework/Versions/A/Frameworks/SearchKit.framework/Versions/A/SearchKit
0x00000000033f7000 	/System/Library/Frameworks/CoreServices.framework/Versions/A/Frameworks/AE.framework/Versions/A/AE
0x00000000033f7000 	/System/Library/Frameworks/CoreServices.framework/Versions/A/Frameworks/LaunchServices.framework/Versions/A/LaunchServices
0x00000000033f7000 	/System/Library/Frameworks/CoreServices.framework/Versions/A/Frameworks/DictionaryServices.framework/Versions/A/DictionaryServices
0x00000000033f7000 	/System/Library/Frameworks/NetFS.framework/Versions/A/NetFS
0x00000000033f7000 	/usr/lib/system/libkxld.dylib
0x00000000033f7000 	/System/Library/PrivateFrameworks/NetAuth.framework/Versions/A/NetAuth
0x00000000033f7000 	/System/Library/PrivateFrameworks/TCC.framework/Versions/A/TCC
0x00000000033f7000 	/System/Library/Frameworks/OpenDirectory.framework/Versions/A/Frameworks/CFOpenDirectory.framework/Versions/A/CFOpenDirectory
0x00000000033f7000 	/System/Library/Frameworks/ServiceManagement.framework/Versions/A/ServiceManagement
0x00000000033f7000 	/usr/lib/libxslt.1.dylib
0x00000000033f7000 	/System/Library/Frameworks/Carbon.framework/Versions/A/Frameworks/Ink.framework/Versions/A/Ink
0x00000000033f7000 	/System/Library/Frameworks/ApplicationServices.framework/Versions/A/Frameworks/ATS.framework/Versions/A/ATS
0x00000000033f7000 	/System/Library/Frameworks/ApplicationServices.framework/Versions/A/Frameworks/ColorSync.framework/Versions/A/ColorSync
0x00000000033f7000 	/System/Library/Frameworks/ApplicationServices.framework/Versions/A/Frameworks/HIServices.framework/Versions/A/HIServices
0x00000000033f7000 	/System/Library/Frameworks/ApplicationServices.framework/Versions/A/Frameworks/LangAnalysis.framework/Versions/A/LangAnalysis
0x00000000033f7000 	/System/Library/Frameworks/ApplicationServices.framework/Versions/A/Frameworks/PrintCore.framework/Versions/A/PrintCore
0x00000000033f7000 	/System/Library/Frameworks/ApplicationServices.framework/Versions/A/Frameworks/QD.framework/Versions/A/QD
0x00000000033f7000 	/System/Library/Frameworks/ApplicationServices.framework/Versions/A/Frameworks/SpeechSynthesis.framework/Versions/A/SpeechSynthesis
0x00000000033f7000 	/System/Library/Frameworks/IOSurface.framework/Versions/A/IOSurface
0x00000000033f7000 	/System/Library/Frameworks/Accelerate.framework/Versions/A/Accelerate
0x00000000033f7000 	/System/Library/Frameworks/Accelerate.framework/Versions/A/Frameworks/vImage.framework/Versions/A/vImage
0x00000000033f7000 	/System/Library/Frameworks/Accelerate.framework/Versions/A/Frameworks/vecLib.framework/Versions/A/vecLib
0x00000000033f7000 	/System/Library/Frameworks/Accelerate.framework/Versions/A/Frameworks/vecLib.framework/Versions/A/libvDSP.dylib
0x00000000033f7000 	/System/Library/Frameworks/Accelerate.framework/Versions/A/Frameworks/vecLib.framework/Versions/A/libvMisc.dylib
0x00000000033f7000 	/System/Library/Frameworks/Accelerate.framework/Versions/A/Frameworks/vecLib.framework/Versions/A/libLAPACK.dylib
0x00000000033f7000 	/System/Library/Frameworks/Accelerate.framework/Versions/A/Frameworks/vecLib.framework/Versions/A/libBLAS.dylib
0x00000000033f7000 	/System/Library/Frameworks/ApplicationServices.framework/Versions/A/Frameworks/ATS.framework/Versions/A/Resources/libFontParser.dylib
0x00000000033f7000 	/System/Library/Frameworks/ApplicationServices.framework/Versions/A/Frameworks/ATS.framework/Versions/A/Resources/libFontRegistry.dylib
0x00000000033f7000 	/System/Library/Frameworks/ImageIO.framework/Versions/A/Resources/libJPEG.dylib
0x00000000033f7000 	/System/Library/Frameworks/ImageIO.framework/Versions/A/Resources/libTIFF.dylib
0x00000000033f7000 	/System/Library/Frameworks/ImageIO.framework/Versions/A/Resources/libPng.dylib
0x00000000033f7000 	/System/Library/Frameworks/ImageIO.framework/Versions/A/Resources/libGIF.dylib
0x00000000033f7000 	/System/Library/Frameworks/ImageIO.framework/Versions/A/Resources/libJP2.dylib
0x00000000033f7000 	/System/Library/Frameworks/ImageIO.framework/Versions/A/Resources/libRadiance.dylib
0x00000000033f7000 	/usr/lib/libcups.2.dylib
0x00000000033f7000 	/System/Library/Frameworks/Kerberos.framework/Versions/A/Kerberos
0x00000000033f7000 	/System/Library/Frameworks/GSS.framework/Versions/A/GSS
0x00000000033f7000 	/usr/lib/libresolv.9.dylib
0x00000000033f7000 	/usr/lib/libiconv.2.dylib
0x00000000033f7000 	/System/Library/PrivateFrameworks/Heimdal.framework/Versions/A/Heimdal
0x00000000033f7000 	/System/Library/PrivateFrameworks/TrustEvaluationAgent.framework/Versions/A/TrustEvaluationAgent
0x00000000033f7000 	/usr/lib/libheimdal-asn1.dylib
0x00000000033f7000 	/System/Library/Frameworks/OpenDirectory.framework/Versions/A/OpenDirectory
0x00000000033f7000 	/System/Library/PrivateFrameworks/CommonAuth.framework/Versions/A/CommonAuth
0x00000000033f7000 	/System/Library/Frameworks/SecurityFoundation.framework/Versions/A/SecurityFoundation
0x00000000033f7000 	/System/Library/PrivateFrameworks/Bom.framework/Versions/A/Bom
0x00000000033f7000 	/System/Library/Frameworks/CoreVideo.framework/Versions/A/CoreVideo
0x00000000033f7000 	/System/Library/Frameworks/QuartzCore.framework/Versions/A/Frameworks/CoreImage.framework/Versions/A/CoreImage
0x00000000033f7000 	/System/Library/Frameworks/QuartzCore.framework/Versions/A/Frameworks/ScalableUserInterface.framework/Versions/A/ScalableUserInterface
0x00000000033f7000 	/System/Library/Frameworks/OpenGL.framework/Versions/A/Libraries/libGLU.dylib
0x00000000033f7000 	/System/Library/Frameworks/OpenGL.framework/Versions/A/Libraries/libGFXShared.dylib
0x00000000033f7000 	/System/Library/Frameworks/OpenGL.framework/Versions/A/Libraries/libGL.dylib
0x00000000033f7000 	/System/Library/Frameworks/OpenGL.framework/Versions/A/Libraries/libGLImage.dylib
0x00000000033f7000 	/System/Library/Frameworks/OpenGL.framework/Versions/A/Libraries/libCVMSPluginSupport.dylib
0x00000000033f7000 	/System/Library/Frameworks/OpenGL.framework/Versions/A/Libraries/libCoreVMClient.dylib
0x00000000033f7000 	/System/Library/PrivateFrameworks/FaceCore.framework/Versions/A/FaceCore
0x00000000033f7000 	/System/Library/PrivateFrameworks/CrashReporterSupport.framework/Versions/A/CrashReporterSupport
0x00000000033f7000 	/System/Library/Frameworks/OpenCL.framework/Versions/A/OpenCL
0x00000000033f7000 	/System/Library/PrivateFrameworks/AppleFSCompression.framework/Versions/A/AppleFSCompression
0x00000000033f7000 	/System/Library/PrivateFrameworks/Ubiquity.framework/Versions/A/Ubiquity
0x00000000033f7000 	/System/Library/PrivateFrameworks/IconServices.framework/Versions/A/IconServices
0x00000000033f7000 	/System/Library/PrivateFrameworks/ChunkingLibrary.framework/Versions/A/ChunkingLibrary
0x00000000033f7000 	/System/Library/PrivateFrameworks/CoreSymbolication.framework/Versions/A/CoreSymbolication
0x00000000033f7000 	/System/Library/PrivateFrameworks/Symbolication.framework/Versions/A/Symbolication
0x00000000033f7000 	/System/Library/PrivateFrameworks/DebugSymbols.framework/Versions/A/DebugSymbols
0x0000000102800000 	/Library/Java/JavaVirtualMachines/jdk1.8.0_40.jdk/Contents/Home/jre/lib/server/libjvm.dylib
0x00000000033f7000 	/usr/lib/libstdc++.6.dylib
0x0000000101f26000 	/Library/Java/JavaVirtualMachines/jdk1.8.0_40.jdk/Contents/Home/jre/lib/libverify.dylib
0x0000000101f34000 	/Library/Java/JavaVirtualMachines/jdk1.8.0_40.jdk/Contents/Home/jre/lib/libjava.dylib
0x0000000101f73000 	/Library/Java/JavaVirtualMachines/jdk1.8.0_40.jdk/Contents/Home/jre/lib/libzip.dylib
0x00000001171fb000 	/System/Library/Frameworks/JavaVM.framework/Frameworks/JavaRuntimeSupport.framework/JavaRuntimeSupport
0x0000000117213000 	/System/Library/Frameworks/JavaVM.framework/Versions/A/Frameworks/JavaNativeFoundation.framework/Versions/A/JavaNativeFoundation
0x0000000117227000 	/System/Library/Frameworks/JavaVM.framework/Versions/A/JavaVM
0x00000000033f7000 	/System/Library/Frameworks/Carbon.framework/Versions/A/Carbon
0x0000000117233000 	/System/Library/PrivateFrameworks/JavaLaunching.framework/Versions/A/JavaLaunching
0x00000000033f7000 	/System/Library/Frameworks/Carbon.framework/Versions/A/Frameworks/CommonPanels.framework/Versions/A/CommonPanels
0x00000000033f7000 	/System/Library/Frameworks/Carbon.framework/Versions/A/Frameworks/Help.framework/Versions/A/Help
0x00000000033f7000 	/System/Library/Frameworks/Carbon.framework/Versions/A/Frameworks/ImageCapture.framework/Versions/A/ImageCapture
0x00000000033f7000 	/System/Library/Frameworks/Carbon.framework/Versions/A/Frameworks/OpenScripting.framework/Versions/A/OpenScripting
0x00000000033f7000 	/System/Library/Frameworks/Carbon.framework/Versions/A/Frameworks/Print.framework/Versions/A/Print
0x00000000033f7000 	/System/Library/Frameworks/Carbon.framework/Versions/A/Frameworks/SecurityHI.framework/Versions/A/SecurityHI
0x0000000117afe000 	/Library/Java/JavaVirtualMachines/jdk1.8.0_40.jdk/Contents/Home/jre/lib/libprism_es2.dylib
0x00000000033f7000 	/System/Library/Frameworks/OpenGL.framework/Versions/A/Resources/GLEngine.bundle/GLEngine
0x00000000033f7000 	/System/Library/Frameworks/OpenGL.framework/Versions/A/Libraries/libGLProgrammability.dylib
0x0000000000000000 	/System/Library/Extensions/AppleIntelHD4000GraphicsGLDriver.bundle/Contents/MacOS/AppleIntelHD4000GraphicsGLDriver
0x00000000033f7000 	/System/Library/PrivateFrameworks/IOAccelerator.framework/Versions/A/IOAccelerator
0x00000000033f7000 	/System/Library/PrivateFrameworks/GPUSupport.framework/Versions/A/Libraries/libGPUSupportMercury.dylib
0x00000000033f7000 	/System/Library/Frameworks/OpenGL.framework/Versions/A/Resources/GLRendererFloat.bundle/GLRendererFloat
0x00000000033f7000 	/System/Library/Frameworks/OpenCL.framework/Versions/A/Libraries/libcldcpuengine.dylib
0x00000000033f7000 	/System/Library/PrivateFrameworks/DiskImages.framework/Versions/A/DiskImages
0x00000000033f7000 	/System/Library/Frameworks/DiscRecording.framework/Versions/A/DiscRecording
0x00000000033f7000 	/usr/lib/libcsfde.dylib
0x00000000033f7000 	/usr/lib/libcurl.4.dylib
0x00000000033f7000 	/System/Library/PrivateFrameworks/MediaKit.framework/Versions/A/MediaKit
0x00000000033f7000 	/usr/lib/libCoreStorage.dylib
0x00000000033f7000 	/System/Library/PrivateFrameworks/EFILogin.framework/Versions/A/EFILogin
0x00000000033f7000 	/usr/lib/libutil.dylib
0x00000000033f7000 	/System/Library/PrivateFrameworks/AOSNotification.framework/Versions/A/AOSNotification
0x00000000033f7000 	/System/Library/Frameworks/LDAP.framework/Versions/A/LDAP
0x00000000033f7000 	/usr/lib/libsasl2.2.dylib
0x00000000033f7000 	/usr/lib/libcrypto.0.9.8.dylib
0x00000000033f7000 	/usr/lib/libssl.0.9.8.dylib
0x00000001183fd000 	/Library/Java/JavaVirtualMachines/jdk1.8.0_40.jdk/Contents/Home/jre/lib/libglass.dylib
0x00000000033f7000 	/System/Library/PrivateFrameworks/CoreServicesInternal.framework/Versions/A/CoreServicesInternal
0x00000000033f7000 	/System/Library/PrivateFrameworks/Librarian.framework/Versions/A/Librarian
0x00000000033f7000 	/System/Library/CoreServices/RawCamera.bundle/Contents/MacOS/RawCamera
0x0000000119bf9000 	/System/Library/Frameworks/CoreGraphics.framework/Versions/A/Resources/libCGCMS.A.dylib
0x0000000119d0b000 	/System/Library/Frameworks/CoreGraphics.framework/Versions/A/Resources/libRIP.A.dylib
0x00000000033f7000 	/System/Library/PrivateFrameworks/FamilyControls.framework/Versions/A/FamilyControls
0x00000000033f7000 	/System/Library/PrivateFrameworks/CommerceKit.framework/Versions/A/Frameworks/CommerceCore.framework/Versions/A/CommerceCore
0x00000000033f7000 	/System/Library/PrivateFrameworks/SystemAdministration.framework/Versions/A/SystemAdministration
0x00000000033f7000 	/System/Library/Frameworks/DirectoryService.framework/Versions/A/DirectoryService
0x00000000033f7000 	/System/Library/PrivateFrameworks/LoginUIKit.framework/Versions/A/Frameworks/LoginUICore.framework/Versions/A/LoginUICore
0x00000000033f7000 	/usr/lib/libodfde.dylib
0x000000011bf68000 	/Library/Java/JavaVirtualMachines/jdk1.8.0_40.jdk/Contents/Home/jre/lib/libjfxwebkit.dylib
0x000000011da33000 	/System/Library/Frameworks/CoreGraphics.framework/Versions/A/Resources/libCGXType.A.dylib
0x000000011f41a000 	/Library/Java/JavaVirtualMachines/jdk1.8.0_40.jdk/Contents/Home/jre/lib/libjavafx_font.dylib
0x0000000120219000 	cl_kernels
0x000000012021c000 	/System/Library/Frameworks/OpenCL.framework/Versions/A/Libraries/ImageFormats/unorm8_bgra.dylib
0x000000012020a000 	cl_kernels
0x0000000119df0000 	/Library/Java/JavaVirtualMachines/jdk1.8.0_40.jdk/Contents/Home/jre/lib/libnet.dylib
0x0000000119e07000 	/Library/Java/JavaVirtualMachines/jdk1.8.0_40.jdk/Contents/Home/jre/lib/libnio.dylib
0x000000011bf01000 	/Library/Java/JavaVirtualMachines/jdk1.8.0_40.jdk/Contents/Home/jre/lib/libprism_common.dylib

VM Arguments:
jvm_args: -Dfile.encoding=UTF-8 
java_command: myaegisub.MyAegisub
java_class_path (initial): /Users/jaspertomas/NetBeansProjects/examples/MyAegisub/dist/MyAegisub.jar:/Library/Java/JavaVirtualMachines/jdk1.8.0_40.jdk/Contents/Home/jre/lib/javaws.jar:/Library/Java/JavaVirtualMachines/jdk1.8.0_40.jdk/Contents/Home/jre/lib/deploy.jar:/Library/Java/JavaVirtualMachines/jdk1.8.0_40.jdk/Contents/Home/jre/lib/plugin.jar:/Users/jaspertomas/NetBeansProjects/lib/sqlite-jdbc-3.7.2.jar
Launcher Type: SUN_STANDARD

Environment Variables:
PATH=/usr/bin:/bin:/usr/sbin:/sbin
LD_LIBRARY_PATH=/Library/Java/JavaVirtualMachines/jdk1.8.0_40.jdk/Contents/Home/jre/lib/amd64:/Library/Java/JavaVirtualMachines/jdk1.8.0_40.jdk/Contents/Home/jre/lib/i386:
SHELL=/bin/bash
DISPLAY=/tmp/launch-By2dDL/org.macosforge.xquartz:0
DYLD_LIBRARY_PATH=/Applications/NetBeans/NetBeans 8.0.2.app/Contents/Resources/NetBeans/webcommon/bin:

Signal Handlers:
SIGSEGV: [libjvm.dylib+0x58ef95], sa_mask[0]=11111111011111110111111111111111, sa_flags=SA_ONSTACK|SA_RESTART|SA_SIGINFO
SIGBUS: [libjvm.dylib+0x58ef95], sa_mask[0]=11111111011111110111111111111111, sa_flags=SA_RESTART|SA_SIGINFO
SIGFPE: [libjvm.dylib+0x46c118], sa_mask[0]=11111111011111110111111111111111, sa_flags=SA_RESTART|SA_SIGINFO
SIGPIPE: [libjvm.dylib+0x46c118], sa_mask[0]=11111111011111110111111111111111, sa_flags=SA_RESTART|SA_SIGINFO
SIGXFSZ: [libjvm.dylib+0x46c118], sa_mask[0]=11111111011111110111111111111111, sa_flags=SA_RESTART|SA_SIGINFO
SIGILL: [libjvm.dylib+0x46c118], sa_mask[0]=11111111011111110111111111111111, sa_flags=SA_RESTART|SA_SIGINFO
SIGUSR1: SIG_DFL, sa_mask[0]=00000000000000000000000000000000, sa_flags=SA_RESTART
SIGUSR2: [libjvm.dylib+0x46bc36], sa_mask[0]=00100000000000000000000000000000, sa_flags=SA_RESTART|SA_SIGINFO
SIGHUP: [libjvm.dylib+0x46a209], sa_mask[0]=11111111011111110111111111111111, sa_flags=SA_RESTART|SA_SIGINFO
SIGINT: SIG_IGN, sa_mask[0]=00000000000000000000000000000000, sa_flags=none
SIGTERM: [libjvm.dylib+0x46a209], sa_mask[0]=11111111011111110111111111111111, sa_flags=SA_RESTART|SA_SIGINFO
SIGQUIT: [libjvm.dylib+0x46a209], sa_mask[0]=11111111011111110111111111111111, sa_flags=SA_RESTART|SA_SIGINFO


---------------  S Y S T E M  ---------------

OS:Bsduname:Darwin 13.4.0 Darwin Kernel Version 13.4.0: Wed Dec 17 19:05:52 PST 2014; root:xnu-2422.115.10~1/RELEASE_X86_64 x86_64
rlimit: STACK 8192k, CORE 0k, NPROC 709, NOFILE 10240, AS infinity
load average:1.95 2.15 1.97

CPU:total 4 (2 cores per cpu, 2 threads per core) family 6 model 58 stepping 9, cmov, cx8, fxsr, mmx, sse, sse2, sse3, ssse3, sse4.1, sse4.2, popcnt, avx, aes, clmul, erms, ht, tsc, tscinvbit, tscinv

Memory: 4k page, physical 4194304k(424652k free)

/proc/meminfo:


vm_info: Java HotSpot(TM) 64-Bit Server VM (25.40-b25) for bsd-amd64 JRE (1.8.0_40-b26), built on Mar  7 2015 13:53:55 by "java_re" with gcc 4.2.1 (Based on Apple Inc. build 5658) (LLVM build 2336.11.00)

time: Fri Mar 20 19:34:19 2015
elapsed time: 8 seconds (0d 0h 0m 8s)

