#
# A fatal error has been detected by the Java Runtime Environment:
#
#  SIGSEGV (0xb) at pc=0x000000011d4a25a3, pid=14504, tid=3335
#
# JRE version: Java(TM) SE Runtime Environment (8.0_40-b26) (build 1.8.0_40-b26)
# Java VM: Java HotSpot(TM) 64-Bit Server VM (25.40-b25 mixed mode bsd-amd64 compressed oops)
# Problematic frame:
# C  [libjfxwebkit.dylib+0x9385a3]  Java_com_sun_webkit_PopupMenu_twkPopupClosed+0x6253
#
# Failed to write core dump. Core dumps have been disabled. To enable core dumping, try "ulimit -c unlimited" before starting Java again
#
# If you would like to submit a bug report, please visit:
#   http://bugreport.java.com/bugreport/crash.jsp
#

---------------  T H R E A D  ---------------

Current thread is native thread

siginfo: si_signo: 11 (SIGSEGV), si_code: 1 (SEGV_MAPERR), si_addr: 0x0000000000000000

Registers:
RAX=0x00007fff5d2f5fe0, RBX=0x00007febb804ec38, RCX=0x00007fff5d2f5fb4, RDX=0x00007feba8cecac0
RSP=0x00007fff5d2f5f00, RBP=0x00007fff5d2f5fd0, RSI=0x00007febab43d540, RDI=0x0000000000000000
R8 =0x00007febab5c4b00, R9 =0x00007febab5ba6f0, R10=0x000000001b104a28, R11=0x000000001e4bb665
R12=0x00007febb804ec00, R13=0x000000011e648f78, R14=0x0000000000000000, R15=0x0000000000000000
RIP=0x000000011d4a25a3, EFLAGS=0x0000000000010246, ERR=0x0000000000000004
  TRAPNO=0x000000000000000e

Top of Stack: (sp=0x00007fff5d2f5f00)
0x00007fff5d2f5f00:   0000000000000000 0000000000000000
0x00007fff5d2f5f10:   0000000000000000 00007fff5d2f5fb4
0x00007fff5d2f5f20:   00007febab5c4b00 00007febab5ba6f0
0x00007fff5d2f5f30:   0000000000000000 0000000000000000
0x00007fff5d2f5f40:   0000000000000000 0000000000000000
0x00007fff5d2f5f50:   0000000000000000 0000000000000000
0x00007fff5d2f5f60:   0000000000000000 0000000000000000
0x00007fff5d2f5f70:   00007fff5d2f5fa0 0000000102d4ed9d
0x00007fff5d2f5f80:   0000000000000000 0000000000010002
0x00007fff5d2f5f90:   00007fff5d2f5fe8 000000010323e848
0x00007fff5d2f5fa0:   00007fff5d2f5fd0 0000000102d4cca3
0x00007fff5d2f5fb0:   fffffffe00000000 0000003000000018
0x00007fff5d2f5fc0:   00007fff5d2f5fe0 00007fff5d2f5f00
0x00007fff5d2f5fd0:   00007fff5d2f6000 000000011d45e726
0x00007fff5d2f5fe0:   0000000000000000 0000000000000000
0x00007fff5d2f5ff0:   00007febb804ec38 0000000000000000
0x00007fff5d2f6000:   00007fff5d2f6050 000000011d4447ec
0x00007fff5d2f6010:   00007febab427d50 0000000700000000
0x00007fff5d2f6020:   00007feba8caaf40 00007febab5c2ce0
0x00007fff5d2f6030:   00007febb804ec00 000000011e648f78
0x00007fff5d2f6040:   0000000000000000 0000000000000000
0x00007fff5d2f6050:   00007fff5d2f6090 000000011d441d47
0x00007fff5d2f6060:   00007fff5d2f6100 00007fff8bac019a
0x00007fff5d2f6070:   0000000102924e00 00007febab5fc080
0x00007fff5d2f6080:   00007febab5d2250 00007febab5c2ce0
0x00007fff5d2f6090:   00007fff5d2f60c0 000000011d4379b5
0x00007fff5d2f60a0:   00007febab5c2ce0 00007feb9b81db88
0x00007fff5d2f60b0:   00007febab5c34e0 000000000000001a
0x00007fff5d2f60c0:   00007fff5d2f60e0 000000011d5cd047
0x00007fff5d2f60d0:   00007febab5c2ce0 00007febab5c34e0
0x00007fff5d2f60e0:   00007fff5d2f6100 000000011d64410d
0x00007fff5d2f60f0:   00007febab5c34e0 00007febab5c2ac0 

Instructions: (pc=0x000000011d4a25a3)
0x000000011d4a2583:   8d 85 30 ff ff ff 48 89 45 f8 48 8d 45 10 48 89
0x000000011d4a2593:   45 f0 c7 45 ec 30 00 00 00 c7 45 e8 18 00 00 00
0x000000011d4a25a3:   48 8b 07 48 8d 4d e8 ff 90 90 01 00 00 48 81 c4
0x000000011d4a25b3:   d0 00 00 00 5d c3 90 90 90 90 90 90 90 55 48 89 

Register to memory mapping:

RAX=0x00007fff5d2f5fe0 is an unknown value
RBX=0x00007febb804ec38 is an unknown value
RCX=0x00007fff5d2f5fb4 is an unknown value
RDX=0x00007feba8cecac0 is an unknown value
RSP=0x00007fff5d2f5f00 is an unknown value
RBP=0x00007fff5d2f5fd0 is an unknown value
RSI=0x00007febab43d540 is a global jni handle
RDI=0x0000000000000000 is an unknown value
R8 =0x00007febab5c4b00 is an unknown value
R9 =0x00007febab5ba6f0 is an unknown value
R10=0x000000001b104a28 is an unknown value
R11=0x000000001e4bb665 is an unknown value
R12=0x00007febb804ec00 is an unknown value
R13=0x000000011e648f78 is an unknown value
R14=0x0000000000000000 is an unknown value
R15=0x0000000000000000 is an unknown value


Stack: [0x00007fff5cafa000,0x00007fff5d2fa000],  sp=0x00007fff5d2f5f00,  free space=8175k
Native frames: (J=compiled Java code, j=interpreted, Vv=VM code, C=native code)
C  [libjfxwebkit.dylib+0x9385a3]  Java_com_sun_webkit_PopupMenu_twkPopupClosed+0x6253
C  [libjfxwebkit.dylib+0x8f4726]  Java_com_sun_webkit_graphics_WCGraphicsManager_append+0x906
C  [libjfxwebkit.dylib+0x8da7ec]  Java_com_sun_webkit_dom_EventListenerImpl_twkDispatchEvent+0x51b8ec
C  [libjfxwebkit.dylib+0x8d7d47]  Java_com_sun_webkit_dom_EventListenerImpl_twkDispatchEvent+0x518e47
C  [libjfxwebkit.dylib+0x8cd9b5]  Java_com_sun_webkit_dom_EventListenerImpl_twkDispatchEvent+0x50eab5
C  [libjfxwebkit.dylib+0xa63047]  Java_com_sun_webkit_network_URLLoader_twkWillSendRequest+0x10eb97
C  [libjfxwebkit.dylib+0xada10d]  Java_com_sun_webkit_network_URLLoader_twkWillSendRequest+0x185c5d
C  [libjfxwebkit.dylib+0x4f3217]  Java_com_sun_webkit_dom_EventListenerImpl_twkDispatchEvent+0x134317
C  [libjfxwebkit.dylib+0x4f14ce]  Java_com_sun_webkit_dom_EventListenerImpl_twkDispatchEvent+0x1325ce
C  [libjfxwebkit.dylib+0x51b78b]  Java_com_sun_webkit_dom_EventListenerImpl_twkDispatchEvent+0x15c88b
C  [libjfxwebkit.dylib+0x516c30]  Java_com_sun_webkit_dom_EventListenerImpl_twkDispatchEvent+0x157d30
C  [libjfxwebkit.dylib+0x54a6ab]  Java_com_sun_webkit_dom_EventListenerImpl_twkDispatchEvent+0x18b7ab
C  [libjfxwebkit.dylib+0x6a46e8]  Java_com_sun_webkit_dom_EventListenerImpl_twkDispatchEvent+0x2e57e8
C  [libjfxwebkit.dylib+0x3eb4fa]  Java_com_sun_webkit_dom_EventListenerImpl_twkDispatchEvent+0x2c5fa
C  [libjfxwebkit.dylib+0xde932f]  JSValueIsObjectOfClass+0x5080f
C  [libjfxwebkit.dylib+0xde9838]  JSValueIsObjectOfClass+0x50d18
C  [libjfxwebkit.dylib+0xdf2326]  JSValueIsObjectOfClass+0x59806
C  [libjfxwebkit.dylib+0xdefe02]  JSValueIsObjectOfClass+0x572e2
C  [libjfxwebkit.dylib+0xdef879]  JSValueIsObjectOfClass+0x56d59
C  [CoreFoundation+0xb53e4]  __CFRUNLOOP_IS_CALLING_OUT_TO_A_TIMER_CALLBACK_FUNCTION__+0x14
C  [CoreFoundation+0xb4f1f]  __CFRunLoopDoTimer+0x47f
C  [CoreFoundation+0x1265aa]  __CFRunLoopDoTimers+0x12a
C  [CoreFoundation+0x706a5]  __CFRunLoopRun+0x5f5
C  [CoreFoundation+0x6fe75]  CFRunLoopRunSpecific+0x135
C  [java+0x6490]  CreateExecutionEnvironment+0x367
C  [java+0x221c]  JLI_Launch+0x7a0
C  [java+0x84ed]  main+0x65
C  [java+0x1a74]  start+0x34


---------------  P R O C E S S  ---------------

VM state:at safepoint (normal execution)

VM Mutex/Monitor currently owned by a thread:  ([mutex/lock_event])
[0x00007feba8f02c30] Threads_lock - owner thread: 0x00007febaa007000
[0x00007feba8f03130] Heap_lock - owner thread: 0x00007feb9c02b800

Heap:
 PSYoungGen      total 75776K, used 62833K [0x00000007aab00000, 0x00000007b1200000, 0x00000007c0000000)
  eden space 67584K, 90% used [0x00000007aab00000,0x00000007ae6e4538,0x00000007aed00000)
  from space 8192K, 18% used [0x00000007aed00000,0x00000007aee78020,0x00000007af500000)
  to   space 7680K, 0% used [0x00000007b0a80000,0x00000007b0a80000,0x00000007b1200000)
 ParOldGen       total 28160K, used 11947K [0x0000000780000000, 0x0000000781b80000, 0x00000007aab00000)
  object space 28160K, 42% used [0x0000000780000000,0x0000000780baac58,0x0000000781b80000)
 Metaspace       used 22845K, capacity 23570K, committed 23680K, reserved 1071104K
  class space    used 2204K, capacity 2390K, committed 2432K, reserved 1048576K

Card table byte_map: [0x00000001136d4000,0x00000001138d5000] byte_map_base: 0x000000010fad4000

Marking Bits: (ParMarkBitMap*) 0x00000001032f97a0
 Begin Bits: [0x0000000113e37000, 0x0000000114e37000)
 End Bits:   [0x0000000114e37000, 0x0000000115e37000)

Polling page: 0x00000001039f9000

CodeCache: size=245760Kb used=16655Kb max_used=16931Kb free=229104Kb
 bounds [0x0000000104314000, 0x00000001053b4000, 0x0000000113314000]
 total_blobs=4180 nmethods=3525 adapters=568
 compilation: enabled

Compilation events (10 events):
Event: 13.919 Thread 0x00007feba9800800 3800       4       com.sun.webkit.text.TextBreakIterator::getIterator (176 bytes)
Event: 13.919 Thread 0x00007feba9837800 3801       4       java.lang.String::split (326 bytes)
Event: 13.940 Thread 0x00007feba9800800 nmethod 3800 0x00000001047bfed0 code [0x00000001047c0140, 0x00000001047c0d50]
Event: 13.940 Thread 0x00007feba9800800 3802       4       java.util.Locale::getCompatibilityExtensions (87 bytes)
Event: 13.947 Thread 0x00007feba9800800 nmethod 3802 0x000000010479f010 code [0x000000010479f180, 0x000000010479f578]
Event: 13.947 Thread 0x00007feba9800800 3803       4       com.sun.webkit.text.TextBreakIterator$CacheKey::equals (45 bytes)
Event: 13.948 Thread 0x00007feba9800800 nmethod 3803 0x00000001047f1190 code [0x00000001047f1300, 0x00000001047f1498]
Event: 13.958 Thread 0x00007feba983e000 3804       3       java.util.logging.LogManager::access$100 (4 bytes)
Event: 13.958 Thread 0x00007feba983e000 nmethod 3804 0x0000000104aa2090 code [0x0000000104aa21e0, 0x0000000104aa2310]
Event: 13.958 Thread 0x00007feba983e000 3805       3       java.util.logging.LogManager$LoggerContext::requiresDefaultLoggers (29 bytes)

GC Heap History (10 events):
Event: 6.519 GC heap before
{Heap before GC invocations=8 (full 1):
 PSYoungGen      total 34304K, used 29556K [0x00000007aab00000, 0x00000007ad280000, 0x00000007c0000000)
  eden space 29184K, 93% used [0x00000007aab00000,0x00000007ac59d180,0x00000007ac780000)
  from space 5120K, 44% used [0x00000007acd80000,0x00000007acfbfff0,0x00000007ad280000)
  to   space 5632K, 0% used [0x00000007ac780000,0x00000007ac780000,0x00000007acd00000)
 ParOldGen       total 28160K, used 5809K [0x0000000780000000, 0x0000000781b80000, 0x00000007aab00000)
  object space 28160K, 20% used [0x0000000780000000,0x00000007805ac518,0x0000000781b80000)
 Metaspace       used 21218K, capacity 21858K, committed 22144K, reserved 1069056K
  class space    used 2183K, capacity 2344K, committed 2432K, reserved 1048576K
Event: 6.525 GC heap after
Heap after GC invocations=8 (full 1):
 PSYoungGen      total 34816K, used 4480K [0x00000007aab00000, 0x00000007ae900000, 0x00000007c0000000)
  eden space 29184K, 0% used [0x00000007aab00000,0x00000007aab00000,0x00000007ac780000)
  from space 5632K, 79% used [0x00000007ac780000,0x00000007acbe03d0,0x00000007acd00000)
  to   space 6144K, 0% used [0x00000007ae300000,0x00000007ae300000,0x00000007ae900000)
 ParOldGen       total 28160K, used 5817K [0x0000000780000000, 0x0000000781b80000, 0x00000007aab00000)
  object space 28160K, 20% used [0x0000000780000000,0x00000007805ae518,0x0000000781b80000)
 Metaspace       used 21218K, capacity 21858K, committed 22144K, reserved 1069056K
  class space    used 2183K, capacity 2344K, committed 2432K, reserved 1048576K
}
Event: 7.239 GC heap before
{Heap before GC invocations=9 (full 1):
 PSYoungGen      total 34816K, used 33664K [0x00000007aab00000, 0x00000007ae900000, 0x00000007c0000000)
  eden space 29184K, 100% used [0x00000007aab00000,0x00000007ac780000,0x00000007ac780000)
  from space 5632K, 79% used [0x00000007ac780000,0x00000007acbe03d0,0x00000007acd00000)
  to   space 6144K, 0% used [0x00000007ae300000,0x00000007ae300000,0x00000007ae900000)
 ParOldGen       total 28160K, used 5817K [0x0000000780000000, 0x0000000781b80000, 0x00000007aab00000)
  object space 28160K, 20% used [0x0000000780000000,0x00000007805ae518,0x0000000781b80000)
 Metaspace       used 21681K, capacity 22352K, committed 22656K, reserved 1069056K
  class space    used 2196K, capacity 2379K, committed 2432K, reserved 1048576K
Event: 7.247 GC heap after
Heap after GC invocations=9 (full 1):
 PSYoungGen      total 55296K, used 6112K [0x00000007aab00000, 0x00000007aec00000, 0x00000007c0000000)
  eden space 49152K, 0% used [0x00000007aab00000,0x00000007aab00000,0x00000007adb00000)
  from space 6144K, 99% used [0x00000007ae300000,0x00000007ae8f83d0,0x00000007ae900000)
  to   space 8192K, 0% used [0x00000007adb00000,0x00000007adb00000,0x00000007ae300000)
 ParOldGen       total 28160K, used 8233K [0x0000000780000000, 0x0000000781b80000, 0x00000007aab00000)
  object space 28160K, 29% used [0x0000000780000000,0x000000078080a538,0x0000000781b80000)
 Metaspace       used 21681K, capacity 22352K, committed 22656K, reserved 1069056K
  class space    used 2196K, capacity 2379K, committed 2432K, reserved 1048576K
}
Event: 8.722 GC heap before
{Heap before GC invocations=10 (full 1):
 PSYoungGen      total 55296K, used 55264K [0x00000007aab00000, 0x00000007aec00000, 0x00000007c0000000)
  eden space 49152K, 100% used [0x00000007aab00000,0x00000007adb00000,0x00000007adb00000)
  from space 6144K, 99% used [0x00000007ae300000,0x00000007ae8f83d0,0x00000007ae900000)
  to   space 8192K, 0% used [0x00000007adb00000,0x00000007adb00000,0x00000007ae300000)
 ParOldGen       total 28160K, used 8233K [0x0000000780000000, 0x0000000781b80000, 0x00000007aab00000)
  object space 28160K, 29% used [0x0000000780000000,0x000000078080a538,0x0000000781b80000)
 Metaspace       used 22022K, capacity 22672K, committed 22912K, reserved 1069056K
  class space    used 2196K, capacity 2379K, committed 2432K, reserved 1048576K
Event: 8.727 GC heap after
Heap after GC invocations=10 (full 1):
 PSYoungGen      total 57344K, used 4608K [0x00000007aab00000, 0x00000007afd80000, 0x00000007c0000000)
  eden space 49152K, 0% used [0x00000007aab00000,0x00000007aab00000,0x00000007adb00000)
  from space 8192K, 56% used [0x00000007adb00000,0x00000007adf803d0,0x00000007ae300000)
  to   space 7680K, 0% used [0x00000007af600000,0x00000007af600000,0x00000007afd80000)
 ParOldGen       total 28160K, used 8283K [0x0000000780000000, 0x0000000781b80000, 0x00000007aab00000)
  object space 28160K, 29% used [0x0000000780000000,0x0000000780816ec8,0x0000000781b80000)
 Metaspace       used 22022K, capacity 22672K, committed 22912K, reserved 1069056K
  class space    used 2196K, capacity 2379K, committed 2432K, reserved 1048576K
}
Event: 10.146 GC heap before
{Heap before GC invocations=11 (full 1):
 PSYoungGen      total 57344K, used 53760K [0x00000007aab00000, 0x00000007afd80000, 0x00000007c0000000)
  eden space 49152K, 100% used [0x00000007aab00000,0x00000007adb00000,0x00000007adb00000)
  from space 8192K, 56% used [0x00000007adb00000,0x00000007adf803d0,0x00000007ae300000)
  to   space 7680K, 0% used [0x00000007af600000,0x00000007af600000,0x00000007afd80000)
 ParOldGen       total 28160K, used 8283K [0x0000000780000000, 0x0000000781b80000, 0x00000007aab00000)
  object space 28160K, 29% used [0x0000000780000000,0x0000000780816ec8,0x0000000781b80000)
 Metaspace       used 22338K, capacity 23060K, committed 23168K, reserved 1071104K
  class space    used 2196K, capacity 2379K, committed 2432K, reserved 1048576K
Event: 10.152 GC heap after
Heap after GC invocations=11 (full 1):
 PSYoungGen      total 74752K, used 1504K [0x00000007aab00000, 0x00000007afd00000, 0x00000007c0000000)
  eden space 67584K, 0% used [0x00000007aab00000,0x00000007aab00000,0x00000007aed00000)
  from space 7168K, 20% used [0x00000007af600000,0x00000007af778020,0x00000007afd00000)
  to   space 8192K, 0% used [0x00000007aed00000,0x00000007aed00000,0x00000007af500000)
 ParOldGen       total 28160K, used 11883K [0x0000000780000000, 0x0000000781b80000, 0x00000007aab00000)
  object space 28160K, 42% used [0x0000000780000000,0x0000000780b9ac58,0x0000000781b80000)
 Metaspace       used 22338K, capacity 23060K, committed 23168K, reserved 1071104K
  class space    used 2196K, capacity 2379K, committed 2432K, reserved 1048576K
}
Event: 12.165 GC heap before
{Heap before GC invocations=12 (full 1):
 PSYoungGen      total 74752K, used 69088K [0x00000007aab00000, 0x00000007afd00000, 0x00000007c0000000)
  eden space 67584K, 100% used [0x00000007aab00000,0x00000007aed00000,0x00000007aed00000)
  from space 7168K, 20% used [0x00000007af600000,0x00000007af778020,0x00000007afd00000)
  to   space 8192K, 0% used [0x00000007aed00000,0x00000007aed00000,0x00000007af500000)
 ParOldGen       total 28160K, used 11883K [0x0000000780000000, 0x0000000781b80000, 0x00000007aab00000)
  object space 28160K, 42% used [0x0000000780000000,0x0000000780b9ac58,0x0000000781b80000)
 Metaspace       used 22596K, capacity 23260K, committed 23424K, reserved 1071104K
  class space    used 2196K, capacity 2379K, committed 2432K, reserved 1048576K
Event: 12.167 GC heap after
Heap after GC invocations=12 (full 1):
 PSYoungGen      total 75776K, used 1504K [0x00000007aab00000, 0x00000007b1200000, 0x00000007c0000000)
  eden space 67584K, 0% used [0x00000007aab00000,0x00000007aab00000,0x00000007aed00000)
  from space 8192K, 18% used [0x00000007aed00000,0x00000007aee78020,0x00000007af500000)
  to   space 7680K, 0% used [0x00000007b0a80000,0x00000007b0a80000,0x00000007b1200000)
 ParOldGen       total 28160K, used 11947K [0x0000000780000000, 0x0000000781b80000, 0x00000007aab00000)
  object space 28160K, 42% used [0x0000000780000000,0x0000000780baac58,0x0000000781b80000)
 Metaspace       used 22596K, capacity 23260K, committed 23424K, reserved 1071104K
  class space    used 2196K, capacity 2379K, committed 2432K, reserved 1048576K
}

Deoptimization events (10 events):
Event: 8.252 Thread 0x00007feba9972800 Uncommon trap: reason=array_check action=maybe_recompile pc=0x00000001046f7bf8 method=com.sun.javafx.css.SimpleSelector.applies(Ljavafx/css/Styleable;[Ljava/util/Set;I)Z @ 37
Event: 9.569 Thread 0x00007feba9972800 Uncommon trap: reason=array_check action=maybe_recompile pc=0x0000000105032ce8 method=com.sun.javafx.css.CompoundSelector.applies(Ljavafx/css/Styleable;[Ljava/util/Set;I)Z @ 128
Event: 9.569 Thread 0x00007feba9972800 Uncommon trap: reason=array_check action=maybe_recompile pc=0x0000000105032ce8 method=com.sun.javafx.css.CompoundSelector.applies(Ljavafx/css/Styleable;[Ljava/util/Set;I)Z @ 128
Event: 9.569 Thread 0x00007feba9972800 Uncommon trap: reason=array_check action=maybe_recompile pc=0x0000000105032ce8 method=com.sun.javafx.css.CompoundSelector.applies(Ljavafx/css/Styleable;[Ljava/util/Set;I)Z @ 128
Event: 9.569 Thread 0x00007feba9972800 Uncommon trap: reason=array_check action=maybe_recompile pc=0x0000000105032ce8 method=com.sun.javafx.css.CompoundSelector.applies(Ljavafx/css/Styleable;[Ljava/util/Set;I)Z @ 128
Event: 12.793 Thread 0x00007feba9972800 Uncommon trap: reason=predicate action=maybe_recompile pc=0x00000001053679a4 method=java.util.AbstractCollection.toArray([Ljava/lang/Object;)[Ljava/lang/Object; @ 49
Event: 12.971 Thread 0x00007feba9972800 Uncommon trap: reason=array_check action=maybe_recompile pc=0x000000010537c170 method=java.util.AbstractCollection.toArray([Ljava/lang/Object;)[Ljava/lang/Object; @ 119
Event: 12.971 Thread 0x00007feba9972800 Uncommon trap: reason=array_check action=maybe_recompile pc=0x000000010537c170 method=java.util.AbstractCollection.toArray([Ljava/lang/Object;)[Ljava/lang/Object; @ 119
Event: 12.971 Thread 0x00007feba9972800 Uncommon trap: reason=array_check action=maybe_recompile pc=0x000000010537c170 method=java.util.AbstractCollection.toArray([Ljava/lang/Object;)[Ljava/lang/Object; @ 119
Event: 12.971 Thread 0x00007feba9972800 Uncommon trap: reason=array_check action=maybe_recompile pc=0x000000010537c170 method=java.util.AbstractCollection.toArray([Ljava/lang/Object;)[Ljava/lang/Object; @ 119

Internal exceptions (10 events):
Event: 0.282 Thread 0x00007feba9801800 Exception <a 'java/security/PrivilegedActionException'> (0x00000007aadfee38) thrown at [/Users/java_re/workspace/8-2-build-macosx-x86_64/jdk8u40/3098/hotspot/src/share/vm/prims/jvm.cpp, line 1382]
Event: 0.283 Thread 0x00007feba9801800 Exception <a 'java/lang/NullPointerException'> (0x00000007aae002e8) thrown at [/Users/java_re/workspace/8-2-build-macosx-x86_64/jdk8u40/3098/hotspot/src/share/vm/interpreter/linkResolver.cpp, line 1178]
Event: 0.687 Thread 0x00007feba9972800 Exception <a 'java/lang/NullPointerException'> (0x00000007ab586130) thrown at [/Users/java_re/workspace/8-2-build-macosx-x86_64/jdk8u40/3098/hotspot/src/share/vm/interpreter/linkResolver.cpp, line 1178]
Event: 0.687 Thread 0x00007feba9972800 Exception <a 'java/lang/NullPointerException'> (0x00000007ab586130) thrown at [/Users/java_re/workspace/8-2-build-macosx-x86_64/jdk8u40/3098/hotspot/src/share/vm/prims/jvm.cpp, line 1386]
Event: 1.124 Thread 0x00007feba9972800 Implicit null exception at 0x000000010458f8f5 to 0x000000010458faf1
Event: 2.462 Thread 0x00007feba9972800 Implicit null exception at 0x00000001045e9b75 to 0x00000001045e9ee1
Event: 2.466 Thread 0x00007feba9972800 Implicit null exception at 0x0000000104531ff5 to 0x0000000104532355
Event: 5.610 Thread 0x00007feba9972800 Exception <a 'sun/nio/fs/UnixException'> (0x00000007ab90d4b0) thrown at [/Users/java_re/workspace/8-2-build-macosx-x86_64/jdk8u40/3098/hotspot/src/share/vm/prims/jni.cpp, line 709]
Event: 5.612 Thread 0x00007feba9972800 Exception <a 'sun/nio/fs/UnixException'> (0x00000007ab90f238) thrown at [/Users/java_re/workspace/8-2-build-macosx-x86_64/jdk8u40/3098/hotspot/src/share/vm/prims/jni.cpp, line 709]
Event: 6.206 Thread 0x00007feba9972800 Exception <a 'java/io/FileNotFoundException'> (0x00000007aad20768) thrown at [/Users/java_re/workspace/8-2-build-macosx-x86_64/jdk8u40/3098/hotspot/src/share/vm/prims/jni.cpp, line 709]

Events (10 events):
Event: 13.957 Thread 0x00007febaa9aa000 Thread exited: 0x00007febaa9aa000
Event: 13.957 loading class java/util/IdentityHashMap$KeySet
Event: 13.957 loading class java/util/IdentityHashMap$KeySet done
Event: 13.957 loading class java/util/IdentityHashMap$KeyIterator
Event: 13.957 loading class java/util/IdentityHashMap$IdentityHashMapIterator
Event: 13.958 loading class java/util/IdentityHashMap$IdentityHashMapIterator done
Event: 13.958 loading class java/util/IdentityHashMap$KeyIterator done
Event: 13.958 Thread 0x00007feb9b972000 Thread added: 0x00007feb9b972000
Event: 13.958 Thread 0x00007feb9b972000 Thread exited: 0x00007feb9b972000
Event: 13.959 Thread 0x00007feb9c02b800 Thread exited: 0x00007feb9c02b800


Dynamic libraries:
0x000000000b789000 	/System/Library/Frameworks/Cocoa.framework/Versions/A/Cocoa
0x000000000b789000 	/System/Library/Frameworks/Security.framework/Versions/A/Security
0x000000000b789000 	/System/Library/Frameworks/ApplicationServices.framework/Versions/A/ApplicationServices
0x000000000b789000 	/usr/lib/libz.1.dylib
0x000000000b789000 	/usr/lib/libSystem.B.dylib
0x000000000b789000 	/usr/lib/libobjc.A.dylib
0x000000000b789000 	/System/Library/Frameworks/CoreFoundation.framework/Versions/A/CoreFoundation
0x000000000b789000 	/System/Library/Frameworks/Foundation.framework/Versions/C/Foundation
0x000000000b789000 	/System/Library/Frameworks/AppKit.framework/Versions/C/AppKit
0x000000000b789000 	/System/Library/Frameworks/CoreData.framework/Versions/A/CoreData
0x000000000b789000 	/System/Library/PrivateFrameworks/RemoteViewServices.framework/Versions/A/RemoteViewServices
0x000000000b789000 	/System/Library/Frameworks/AudioToolbox.framework/Versions/A/AudioToolbox
0x000000000b789000 	/System/Library/Frameworks/AudioUnit.framework/Versions/A/AudioUnit
0x000000000b789000 	/System/Library/PrivateFrameworks/DataDetectorsCore.framework/Versions/A/DataDetectorsCore
0x000000000b789000 	/System/Library/PrivateFrameworks/DesktopServicesPriv.framework/Versions/A/DesktopServicesPriv
0x000000000b789000 	/System/Library/Frameworks/Carbon.framework/Versions/A/Frameworks/HIToolbox.framework/Versions/A/HIToolbox
0x000000000b789000 	/System/Library/Frameworks/QuartzCore.framework/Versions/A/QuartzCore
0x000000000b789000 	/System/Library/Frameworks/Carbon.framework/Versions/A/Frameworks/SpeechRecognition.framework/Versions/A/SpeechRecognition
0x000000000b789000 	/usr/lib/libauto.dylib
0x000000000b789000 	/usr/lib/libicucore.A.dylib
0x000000000b789000 	/usr/lib/libxml2.2.dylib
0x000000000b789000 	/System/Library/PrivateFrameworks/CoreUI.framework/Versions/A/CoreUI
0x000000000b789000 	/System/Library/Frameworks/CoreAudio.framework/Versions/A/CoreAudio
0x000000000b789000 	/System/Library/Frameworks/DiskArbitration.framework/Versions/A/DiskArbitration
0x000000000b789000 	/usr/lib/liblangid.dylib
0x000000000b789000 	/System/Library/PrivateFrameworks/MultitouchSupport.framework/Versions/A/MultitouchSupport
0x000000000b789000 	/System/Library/Frameworks/IOKit.framework/Versions/A/IOKit
0x000000000b789000 	/usr/lib/libDiagnosticMessagesClient.dylib
0x000000000b789000 	/System/Library/Frameworks/CoreServices.framework/Versions/A/CoreServices
0x000000000b789000 	/System/Library/PrivateFrameworks/PerformanceAnalysis.framework/Versions/A/PerformanceAnalysis
0x000000000b789000 	/System/Library/PrivateFrameworks/GenerationalStorage.framework/Versions/A/GenerationalStorage
0x000000000b789000 	/System/Library/Frameworks/OpenGL.framework/Versions/A/OpenGL
0x000000000b789000 	/System/Library/PrivateFrameworks/Sharing.framework/Versions/A/Sharing
0x000000000b789000 	/System/Library/Frameworks/ImageIO.framework/Versions/A/ImageIO
0x000000000b789000 	/System/Library/Frameworks/CoreText.framework/Versions/A/CoreText
0x000000000b789000 	/System/Library/Frameworks/CoreGraphics.framework/Versions/A/CoreGraphics
0x000000000b789000 	/System/Library/PrivateFrameworks/Backup.framework/Versions/A/Backup
0x000000000b789000 	/System/Library/Frameworks/CFNetwork.framework/Versions/A/CFNetwork
0x000000000b789000 	/System/Library/Frameworks/SystemConfiguration.framework/Versions/A/SystemConfiguration
0x000000000b789000 	/usr/lib/libCRFSuite.dylib
0x000000000b789000 	/usr/lib/libc++.1.dylib
0x000000000b789000 	/usr/lib/libc++abi.dylib
0x000000000b789000 	/usr/lib/system/libcache.dylib
0x000000000b789000 	/usr/lib/system/libcommonCrypto.dylib
0x000000000b789000 	/usr/lib/system/libcompiler_rt.dylib
0x000000000b789000 	/usr/lib/system/libcopyfile.dylib
0x000000000b789000 	/usr/lib/system/libcorecrypto.dylib
0x000000000b789000 	/usr/lib/system/libdispatch.dylib
0x000000000b789000 	/usr/lib/system/libdyld.dylib
0x000000000b789000 	/usr/lib/system/libkeymgr.dylib
0x000000000b789000 	/usr/lib/system/liblaunch.dylib
0x000000000b789000 	/usr/lib/system/libmacho.dylib
0x000000000b789000 	/usr/lib/system/libquarantine.dylib
0x000000000b789000 	/usr/lib/system/libremovefile.dylib
0x000000000b789000 	/usr/lib/system/libsystem_asl.dylib
0x000000000b789000 	/usr/lib/system/libsystem_blocks.dylib
0x000000000b789000 	/usr/lib/system/libsystem_c.dylib
0x000000000b789000 	/usr/lib/system/libsystem_configuration.dylib
0x000000000b789000 	/usr/lib/system/libsystem_dnssd.dylib
0x000000000b789000 	/usr/lib/system/libsystem_info.dylib
0x000000000b789000 	/usr/lib/system/libsystem_kernel.dylib
0x000000000b789000 	/usr/lib/system/libsystem_m.dylib
0x000000000b789000 	/usr/lib/system/libsystem_malloc.dylib
0x000000000b789000 	/usr/lib/system/libsystem_network.dylib
0x000000000b789000 	/usr/lib/system/libsystem_notify.dylib
0x000000000b789000 	/usr/lib/system/libsystem_platform.dylib
0x000000000b789000 	/usr/lib/system/libsystem_pthread.dylib
0x000000000b789000 	/usr/lib/system/libsystem_sandbox.dylib
0x000000000b789000 	/usr/lib/system/libsystem_stats.dylib
0x000000000b789000 	/usr/lib/system/libunc.dylib
0x000000000b789000 	/usr/lib/system/libunwind.dylib
0x000000000b789000 	/usr/lib/system/libxpc.dylib
0x000000000b789000 	/usr/lib/libbsm.0.dylib
0x000000000b789000 	/usr/lib/libsqlite3.dylib
0x000000000b789000 	/usr/lib/libxar.1.dylib
0x000000000b789000 	/usr/lib/libpam.2.dylib
0x000000000b789000 	/usr/lib/libOpenScriptingUtil.dylib
0x000000000b789000 	/usr/lib/libbz2.1.0.dylib
0x000000000b789000 	/System/Library/Frameworks/CoreServices.framework/Versions/A/Frameworks/CarbonCore.framework/Versions/A/CarbonCore
0x000000000b789000 	/System/Library/Frameworks/CoreServices.framework/Versions/A/Frameworks/Metadata.framework/Versions/A/Metadata
0x000000000b789000 	/System/Library/Frameworks/CoreServices.framework/Versions/A/Frameworks/OSServices.framework/Versions/A/OSServices
0x000000000b789000 	/System/Library/Frameworks/CoreServices.framework/Versions/A/Frameworks/SearchKit.framework/Versions/A/SearchKit
0x000000000b789000 	/System/Library/Frameworks/CoreServices.framework/Versions/A/Frameworks/AE.framework/Versions/A/AE
0x000000000b789000 	/System/Library/Frameworks/CoreServices.framework/Versions/A/Frameworks/LaunchServices.framework/Versions/A/LaunchServices
0x000000000b789000 	/System/Library/Frameworks/CoreServices.framework/Versions/A/Frameworks/DictionaryServices.framework/Versions/A/DictionaryServices
0x000000000b789000 	/System/Library/Frameworks/NetFS.framework/Versions/A/NetFS
0x000000000b789000 	/usr/lib/system/libkxld.dylib
0x000000000b789000 	/System/Library/PrivateFrameworks/NetAuth.framework/Versions/A/NetAuth
0x000000000b789000 	/System/Library/PrivateFrameworks/TCC.framework/Versions/A/TCC
0x000000000b789000 	/System/Library/Frameworks/OpenDirectory.framework/Versions/A/Frameworks/CFOpenDirectory.framework/Versions/A/CFOpenDirectory
0x000000000b789000 	/System/Library/Frameworks/ServiceManagement.framework/Versions/A/ServiceManagement
0x000000000b789000 	/usr/lib/libxslt.1.dylib
0x000000000b789000 	/System/Library/Frameworks/Carbon.framework/Versions/A/Frameworks/Ink.framework/Versions/A/Ink
0x000000000b789000 	/System/Library/Frameworks/ApplicationServices.framework/Versions/A/Frameworks/ATS.framework/Versions/A/ATS
0x000000000b789000 	/System/Library/Frameworks/ApplicationServices.framework/Versions/A/Frameworks/ColorSync.framework/Versions/A/ColorSync
0x000000000b789000 	/System/Library/Frameworks/ApplicationServices.framework/Versions/A/Frameworks/HIServices.framework/Versions/A/HIServices
0x000000000b789000 	/System/Library/Frameworks/ApplicationServices.framework/Versions/A/Frameworks/LangAnalysis.framework/Versions/A/LangAnalysis
0x000000000b789000 	/System/Library/Frameworks/ApplicationServices.framework/Versions/A/Frameworks/PrintCore.framework/Versions/A/PrintCore
0x000000000b789000 	/System/Library/Frameworks/ApplicationServices.framework/Versions/A/Frameworks/QD.framework/Versions/A/QD
0x000000000b789000 	/System/Library/Frameworks/ApplicationServices.framework/Versions/A/Frameworks/SpeechSynthesis.framework/Versions/A/SpeechSynthesis
0x000000000b789000 	/System/Library/Frameworks/IOSurface.framework/Versions/A/IOSurface
0x000000000b789000 	/System/Library/Frameworks/Accelerate.framework/Versions/A/Accelerate
0x000000000b789000 	/System/Library/Frameworks/Accelerate.framework/Versions/A/Frameworks/vImage.framework/Versions/A/vImage
0x000000000b789000 	/System/Library/Frameworks/Accelerate.framework/Versions/A/Frameworks/vecLib.framework/Versions/A/vecLib
0x000000000b789000 	/System/Library/Frameworks/Accelerate.framework/Versions/A/Frameworks/vecLib.framework/Versions/A/libvDSP.dylib
0x000000000b789000 	/System/Library/Frameworks/Accelerate.framework/Versions/A/Frameworks/vecLib.framework/Versions/A/libvMisc.dylib
0x000000000b789000 	/System/Library/Frameworks/Accelerate.framework/Versions/A/Frameworks/vecLib.framework/Versions/A/libLAPACK.dylib
0x000000000b789000 	/System/Library/Frameworks/Accelerate.framework/Versions/A/Frameworks/vecLib.framework/Versions/A/libBLAS.dylib
0x000000000b789000 	/System/Library/Frameworks/ApplicationServices.framework/Versions/A/Frameworks/ATS.framework/Versions/A/Resources/libFontParser.dylib
0x000000000b789000 	/System/Library/Frameworks/ApplicationServices.framework/Versions/A/Frameworks/ATS.framework/Versions/A/Resources/libFontRegistry.dylib
0x000000000b789000 	/System/Library/Frameworks/ImageIO.framework/Versions/A/Resources/libJPEG.dylib
0x000000000b789000 	/System/Library/Frameworks/ImageIO.framework/Versions/A/Resources/libTIFF.dylib
0x000000000b789000 	/System/Library/Frameworks/ImageIO.framework/Versions/A/Resources/libPng.dylib
0x000000000b789000 	/System/Library/Frameworks/ImageIO.framework/Versions/A/Resources/libGIF.dylib
0x000000000b789000 	/System/Library/Frameworks/ImageIO.framework/Versions/A/Resources/libJP2.dylib
0x000000000b789000 	/System/Library/Frameworks/ImageIO.framework/Versions/A/Resources/libRadiance.dylib
0x000000000b789000 	/usr/lib/libcups.2.dylib
0x000000000b789000 	/System/Library/Frameworks/Kerberos.framework/Versions/A/Kerberos
0x000000000b789000 	/System/Library/Frameworks/GSS.framework/Versions/A/GSS
0x000000000b789000 	/usr/lib/libresolv.9.dylib
0x000000000b789000 	/usr/lib/libiconv.2.dylib
0x000000000b789000 	/System/Library/PrivateFrameworks/Heimdal.framework/Versions/A/Heimdal
0x000000000b789000 	/System/Library/PrivateFrameworks/TrustEvaluationAgent.framework/Versions/A/TrustEvaluationAgent
0x000000000b789000 	/usr/lib/libheimdal-asn1.dylib
0x000000000b789000 	/System/Library/Frameworks/OpenDirectory.framework/Versions/A/OpenDirectory
0x000000000b789000 	/System/Library/PrivateFrameworks/CommonAuth.framework/Versions/A/CommonAuth
0x000000000b789000 	/System/Library/Frameworks/SecurityFoundation.framework/Versions/A/SecurityFoundation
0x000000000b789000 	/System/Library/PrivateFrameworks/Bom.framework/Versions/A/Bom
0x000000000b789000 	/System/Library/Frameworks/CoreVideo.framework/Versions/A/CoreVideo
0x000000000b789000 	/System/Library/Frameworks/QuartzCore.framework/Versions/A/Frameworks/CoreImage.framework/Versions/A/CoreImage
0x000000000b789000 	/System/Library/Frameworks/QuartzCore.framework/Versions/A/Frameworks/ScalableUserInterface.framework/Versions/A/ScalableUserInterface
0x000000000b789000 	/System/Library/Frameworks/OpenGL.framework/Versions/A/Libraries/libGLU.dylib
0x000000000b789000 	/System/Library/Frameworks/OpenGL.framework/Versions/A/Libraries/libGFXShared.dylib
0x000000000b789000 	/System/Library/Frameworks/OpenGL.framework/Versions/A/Libraries/libGL.dylib
0x000000000b789000 	/System/Library/Frameworks/OpenGL.framework/Versions/A/Libraries/libGLImage.dylib
0x000000000b789000 	/System/Library/Frameworks/OpenGL.framework/Versions/A/Libraries/libCVMSPluginSupport.dylib
0x000000000b789000 	/System/Library/Frameworks/OpenGL.framework/Versions/A/Libraries/libCoreVMClient.dylib
0x000000000b789000 	/System/Library/PrivateFrameworks/FaceCore.framework/Versions/A/FaceCore
0x000000000b789000 	/System/Library/PrivateFrameworks/CrashReporterSupport.framework/Versions/A/CrashReporterSupport
0x000000000b789000 	/System/Library/Frameworks/OpenCL.framework/Versions/A/OpenCL
0x000000000b789000 	/System/Library/PrivateFrameworks/AppleFSCompression.framework/Versions/A/AppleFSCompression
0x000000000b789000 	/System/Library/PrivateFrameworks/Ubiquity.framework/Versions/A/Ubiquity
0x000000000b789000 	/System/Library/PrivateFrameworks/IconServices.framework/Versions/A/IconServices
0x000000000b789000 	/System/Library/PrivateFrameworks/ChunkingLibrary.framework/Versions/A/ChunkingLibrary
0x000000000b789000 	/System/Library/PrivateFrameworks/CoreSymbolication.framework/Versions/A/CoreSymbolication
0x000000000b789000 	/System/Library/PrivateFrameworks/Symbolication.framework/Versions/A/Symbolication
0x000000000b789000 	/System/Library/PrivateFrameworks/DebugSymbols.framework/Versions/A/DebugSymbols
0x0000000102a37000 	/Library/Java/JavaVirtualMachines/jdk1.8.0_40.jdk/Contents/Home/jre/lib/server/libjvm.dylib
0x000000000b789000 	/usr/lib/libstdc++.6.dylib
0x00000001039b6000 	/Library/Java/JavaVirtualMachines/jdk1.8.0_40.jdk/Contents/Home/jre/lib/libverify.dylib
0x00000001039c4000 	/Library/Java/JavaVirtualMachines/jdk1.8.0_40.jdk/Contents/Home/jre/lib/libjava.dylib
0x000000010430b000 	/Library/Java/JavaVirtualMachines/jdk1.8.0_40.jdk/Contents/Home/jre/lib/libzip.dylib
0x0000000117dfa000 	/System/Library/Frameworks/JavaVM.framework/Frameworks/JavaRuntimeSupport.framework/JavaRuntimeSupport
0x0000000117e12000 	/System/Library/Frameworks/JavaVM.framework/Versions/A/Frameworks/JavaNativeFoundation.framework/Versions/A/JavaNativeFoundation
0x0000000117e26000 	/System/Library/Frameworks/JavaVM.framework/Versions/A/JavaVM
0x000000000b789000 	/System/Library/Frameworks/Carbon.framework/Versions/A/Carbon
0x0000000117e32000 	/System/Library/PrivateFrameworks/JavaLaunching.framework/Versions/A/JavaLaunching
0x000000000b789000 	/System/Library/Frameworks/Carbon.framework/Versions/A/Frameworks/CommonPanels.framework/Versions/A/CommonPanels
0x000000000b789000 	/System/Library/Frameworks/Carbon.framework/Versions/A/Frameworks/Help.framework/Versions/A/Help
0x000000000b789000 	/System/Library/Frameworks/Carbon.framework/Versions/A/Frameworks/ImageCapture.framework/Versions/A/ImageCapture
0x000000000b789000 	/System/Library/Frameworks/Carbon.framework/Versions/A/Frameworks/OpenScripting.framework/Versions/A/OpenScripting
0x000000000b789000 	/System/Library/Frameworks/Carbon.framework/Versions/A/Frameworks/Print.framework/Versions/A/Print
0x000000000b789000 	/System/Library/Frameworks/Carbon.framework/Versions/A/Frameworks/SecurityHI.framework/Versions/A/SecurityHI
0x0000000118701000 	/Library/Java/JavaVirtualMachines/jdk1.8.0_40.jdk/Contents/Home/jre/lib/libprism_es2.dylib
0x000000000b789000 	/System/Library/Frameworks/OpenGL.framework/Versions/A/Resources/GLEngine.bundle/GLEngine
0x000000000b789000 	/System/Library/Frameworks/OpenGL.framework/Versions/A/Libraries/libGLProgrammability.dylib
0x0000000000000000 	/System/Library/Extensions/AppleIntelHD4000GraphicsGLDriver.bundle/Contents/MacOS/AppleIntelHD4000GraphicsGLDriver
0x000000000b789000 	/System/Library/PrivateFrameworks/IOAccelerator.framework/Versions/A/IOAccelerator
0x000000000b789000 	/System/Library/PrivateFrameworks/GPUSupport.framework/Versions/A/Libraries/libGPUSupportMercury.dylib
0x000000000b789000 	/System/Library/Frameworks/OpenGL.framework/Versions/A/Resources/GLRendererFloat.bundle/GLRendererFloat
0x000000000b789000 	/System/Library/Frameworks/OpenCL.framework/Versions/A/Libraries/libcldcpuengine.dylib
0x000000000b789000 	/System/Library/PrivateFrameworks/DiskImages.framework/Versions/A/DiskImages
0x000000000b789000 	/System/Library/Frameworks/DiscRecording.framework/Versions/A/DiscRecording
0x000000000b789000 	/usr/lib/libcsfde.dylib
0x000000000b789000 	/usr/lib/libcurl.4.dylib
0x000000000b789000 	/System/Library/PrivateFrameworks/MediaKit.framework/Versions/A/MediaKit
0x000000000b789000 	/usr/lib/libCoreStorage.dylib
0x000000000b789000 	/System/Library/PrivateFrameworks/EFILogin.framework/Versions/A/EFILogin
0x000000000b789000 	/usr/lib/libutil.dylib
0x000000000b789000 	/System/Library/PrivateFrameworks/AOSNotification.framework/Versions/A/AOSNotification
0x000000000b789000 	/System/Library/Frameworks/LDAP.framework/Versions/A/LDAP
0x000000000b789000 	/usr/lib/libsasl2.2.dylib
0x000000000b789000 	/usr/lib/libcrypto.0.9.8.dylib
0x000000000b789000 	/usr/lib/libssl.0.9.8.dylib
0x0000000118fff000 	/Library/Java/JavaVirtualMachines/jdk1.8.0_40.jdk/Contents/Home/jre/lib/libglass.dylib
0x000000000b789000 	/System/Library/PrivateFrameworks/CoreServicesInternal.framework/Versions/A/CoreServicesInternal
0x000000000b789000 	/System/Library/PrivateFrameworks/Librarian.framework/Versions/A/Librarian
0x000000000b789000 	/System/Library/CoreServices/RawCamera.bundle/Contents/MacOS/RawCamera
0x000000011a7fb000 	/System/Library/Frameworks/CoreGraphics.framework/Versions/A/Resources/libCGCMS.A.dylib
0x000000011a90d000 	/System/Library/Frameworks/CoreGraphics.framework/Versions/A/Resources/libRIP.A.dylib
0x000000000b789000 	/System/Library/PrivateFrameworks/FamilyControls.framework/Versions/A/FamilyControls
0x000000000b789000 	/System/Library/PrivateFrameworks/CommerceKit.framework/Versions/A/Frameworks/CommerceCore.framework/Versions/A/CommerceCore
0x000000000b789000 	/System/Library/PrivateFrameworks/SystemAdministration.framework/Versions/A/SystemAdministration
0x000000000b789000 	/System/Library/Frameworks/DirectoryService.framework/Versions/A/DirectoryService
0x000000000b789000 	/System/Library/PrivateFrameworks/LoginUIKit.framework/Versions/A/Frameworks/LoginUICore.framework/Versions/A/LoginUICore
0x000000000b789000 	/usr/lib/libodfde.dylib
0x000000011cb6a000 	/Library/Java/JavaVirtualMachines/jdk1.8.0_40.jdk/Contents/Home/jre/lib/libjfxwebkit.dylib
0x000000011e635000 	/System/Library/Frameworks/CoreGraphics.framework/Versions/A/Resources/libCGXType.A.dylib
0x000000011ffde000 	/Library/Java/JavaVirtualMachines/jdk1.8.0_40.jdk/Contents/Home/jre/lib/libjavafx_font.dylib
0x00000001209be000 	cl_kernels
0x00000001209c1000 	/System/Library/Frameworks/OpenCL.framework/Versions/A/Libraries/ImageFormats/unorm8_bgra.dylib
0x0000000120f91000 	cl_kernels
0x000000011a94a000 	/Library/Java/JavaVirtualMachines/jdk1.8.0_40.jdk/Contents/Home/jre/lib/libnet.dylib
0x000000011a9d7000 	/Library/Java/JavaVirtualMachines/jdk1.8.0_40.jdk/Contents/Home/jre/lib/libnio.dylib
0x000000011a9e7000 	/Library/Java/JavaVirtualMachines/jdk1.8.0_40.jdk/Contents/Home/jre/lib/libprism_common.dylib

VM Arguments:
jvm_args: -Dfile.encoding=UTF-8 
java_command: /Users/jaspertomas/NetBeansProjects/examples/MyAegisub/dist/run965222916/MyAegisub.jar
java_class_path (initial): /Users/jaspertomas/NetBeansProjects/examples/MyAegisub/dist/run965222916/MyAegisub.jar
Launcher Type: SUN_STANDARD

Environment Variables:
PATH=/usr/bin:/bin:/usr/sbin:/sbin
LD_LIBRARY_PATH=/Library/Java/JavaVirtualMachines/jdk1.8.0_40.jdk/Contents/Home/jre/lib/amd64:/Library/Java/JavaVirtualMachines/jdk1.8.0_40.jdk/Contents/Home/jre/lib/i386:
SHELL=/bin/bash
DISPLAY=/tmp/launch-eBZfiY/org.macosforge.xquartz:0
DYLD_LIBRARY_PATH=/Applications/NetBeans/NetBeans 8.0.2.app/Contents/Resources/NetBeans/webcommon/bin:

Signal Handlers:
SIGSEGV: [libjvm.dylib+0x58ef95], sa_mask[0]=11111111011111110111111111111111, sa_flags=SA_ONSTACK|SA_RESTART|SA_SIGINFO
SIGBUS: [libjvm.dylib+0x58ef95], sa_mask[0]=11111111011111110111111111111111, sa_flags=SA_RESTART|SA_SIGINFO
SIGFPE: [libjvm.dylib+0x46c118], sa_mask[0]=11111111011111110111111111111111, sa_flags=SA_RESTART|SA_SIGINFO
SIGPIPE: [libjvm.dylib+0x46c118], sa_mask[0]=11111111011111110111111111111111, sa_flags=SA_RESTART|SA_SIGINFO
SIGXFSZ: [libjvm.dylib+0x46c118], sa_mask[0]=11111111011111110111111111111111, sa_flags=SA_RESTART|SA_SIGINFO
SIGILL: [libjvm.dylib+0x46c118], sa_mask[0]=11111111011111110111111111111111, sa_flags=SA_RESTART|SA_SIGINFO
SIGUSR1: SIG_DFL, sa_mask[0]=00000000000000000000000000000000, sa_flags=SA_RESTART
SIGUSR2: [libjvm.dylib+0x46bc36], sa_mask[0]=00100000000000000000000000000000, sa_flags=SA_RESTART|SA_SIGINFO
SIGHUP: [libjvm.dylib+0x46a209], sa_mask[0]=11111111011111110111111111111111, sa_flags=SA_RESTART|SA_SIGINFO
SIGINT: SIG_IGN, sa_mask[0]=00000000000000000000000000000000, sa_flags=none
SIGTERM: [libjvm.dylib+0x46a209], sa_mask[0]=11111111011111110111111111111111, sa_flags=SA_RESTART|SA_SIGINFO
SIGQUIT: [libjvm.dylib+0x46a209], sa_mask[0]=11111111011111110111111111111111, sa_flags=SA_RESTART|SA_SIGINFO


---------------  S Y S T E M  ---------------

OS:Bsduname:Darwin 13.4.0 Darwin Kernel Version 13.4.0: Wed Dec 17 19:05:52 PST 2014; root:xnu-2422.115.10~1/RELEASE_X86_64 x86_64
rlimit: STACK 8192k, CORE 0k, NPROC 709, NOFILE 10240, AS infinity
load average:2.21 2.04 1.91

CPU:total 4 (2 cores per cpu, 2 threads per core) family 6 model 58 stepping 9, cmov, cx8, fxsr, mmx, sse, sse2, sse3, ssse3, sse4.1, sse4.2, popcnt, avx, aes, clmul, erms, ht, tsc, tscinvbit, tscinv

Memory: 4k page, physical 4194304k(146796k free)

/proc/meminfo:


vm_info: Java HotSpot(TM) 64-Bit Server VM (25.40-b25) for bsd-amd64 JRE (1.8.0_40-b26), built on Mar  7 2015 13:53:55 by "java_re" with gcc 4.2.1 (Based on Apple Inc. build 5658) (LLVM build 2336.11.00)

time: Thu Mar 19 19:25:40 2015
elapsed time: 14 seconds (0d 0h 0m 14s)

