#
# A fatal error has been detected by the Java Runtime Environment:
#
#  SIGSEGV (0xb) at pc=0x0000000126cd15a3, pid=15282, tid=3335
#
# JRE version: Java(TM) SE Runtime Environment (8.0_40-b26) (build 1.8.0_40-b26)
# Java VM: Java HotSpot(TM) 64-Bit Server VM (25.40-b25 mixed mode bsd-amd64 compressed oops)
# Problematic frame:
# C  [libjfxwebkit.dylib+0x9385a3]  Java_com_sun_webkit_PopupMenu_twkPopupClosed+0x6253
#
# Failed to write core dump. Core dumps have been disabled. To enable core dumping, try "ulimit -c unlimited" before starting Java again
#
# If you would like to submit a bug report, please visit:
#   http://bugreport.java.com/bugreport/crash.jsp
#

---------------  T H R E A D  ---------------

Current thread is native thread

siginfo: si_signo: 11 (SIGSEGV), si_code: 1 (SEGV_MAPERR), si_addr: 0x0000000000000000

Registers:
RAX=0x00007fff53a12fe0, RBX=0x00007fe5d2895038, RCX=0x00007fff53a12fb4, RDX=0x00007fe5e2b3f7b0
RSP=0x00007fff53a12f00, RBP=0x00007fff53a12fd0, RSI=0x00007fe5e07e1490, RDI=0x0000000000000000
R8 =0x00007fe5d0586510, R9 =0x00007fe5d05af140, R10=0x00000000bab39fae, R11=0x0000000090e61f9a
R12=0x00007fe5d2895000, R13=0x0000000127e78f78, R14=0x0000000000000000, R15=0x0000000000000000
RIP=0x0000000126cd15a3, EFLAGS=0x0000000000010246, ERR=0x0000000000000004
  TRAPNO=0x000000000000000e

Top of Stack: (sp=0x00007fff53a12f00)
0x00007fff53a12f00:   00007fe5e049a9a8 00007fe5e05e63b0
0x00007fff53a12f10:   00007fe5e059cec0 00007fff53a12fb4
0x00007fff53a12f20:   00007fe5d0586510 00007fe5d05af140
0x00007fff53a12f30:   00007fe500000001 0000000000000005
0x00007fff53a12f40:   00007fe5e04f5f70 00007fff8fc96fd4
0x00007fff53a12f50:   00007fe5e0757500 0000000000000001
0x00007fff53a12f60:   00007fe5e056e0e0 0000000000000005
0x00007fff53a12f70:   00007fff53a12fa0 000000010cf17d9d
0x00007fff53a12f80:   00007fff7dbb4a60 0000000000010002
0x00007fff53a12f90:   00007fff53a12fe8 000000010d407848
0x00007fff53a12fa0:   00007fff53a12fd0 000000010cf15ca3
0x00007fff53a12fb0:   fffffffe00000000 0000003000000018
0x00007fff53a12fc0:   00007fff53a12fe0 00007fff53a12f00
0x00007fff53a12fd0:   00007fff53a13000 0000000126c8d726
0x00007fff53a12fe0:   00007fff53a13000 0000000000000000
0x00007fff53a12ff0:   00007fe5d2895038 0000000000000000
0x00007fff53a13000:   00007fff53a13050 0000000126c737ec
0x00007fff53a13010:   00007fe5e04bf5a0 0000000f94aeac3a
0x00007fff53a13020:   00007fe5e06fa550 00007fe5d0515d50
0x00007fff53a13030:   00007fe5d2895000 0000000127e78f78
0x00007fff53a13040:   0000000000000000 0000000000000000
0x00007fff53a13050:   00007fff53a13090 0000000126c70d47
0x00007fff53a13060:   00007fff53a13100 00007fff8bac019a
0x00007fff53a13070:   00007fe5d057b240 00007fe5d05fc080
0x00007fff53a13080:   00007fe5d057b240 00007fe5d0515d50
0x00007fff53a13090:   00007fff53a130c0 0000000126c669b5
0x00007fff53a130a0:   00007fe5d0515d50 00007fe5d39b2fc8
0x00007fff53a130b0:   00007fe5d05b1d80 0000000000000009
0x00007fff53a130c0:   00007fff53a130e0 0000000126dfc047
0x00007fff53a130d0:   00007fe5d0515d50 00007fe5d05b1d80
0x00007fff53a130e0:   00007fff53a13100 0000000126e7310d
0x00007fff53a130f0:   00007fe5d05b1d80 00007fe5d05cb9c0 

Instructions: (pc=0x0000000126cd15a3)
0x0000000126cd1583:   8d 85 30 ff ff ff 48 89 45 f8 48 8d 45 10 48 89
0x0000000126cd1593:   45 f0 c7 45 ec 30 00 00 00 c7 45 e8 18 00 00 00
0x0000000126cd15a3:   48 8b 07 48 8d 4d e8 ff 90 90 01 00 00 48 81 c4
0x0000000126cd15b3:   d0 00 00 00 5d c3 90 90 90 90 90 90 90 55 48 89 

Register to memory mapping:

RAX=0x00007fff53a12fe0 is an unknown value
RBX=0x00007fe5d2895038 is an unknown value
RCX=0x00007fff53a12fb4 is an unknown value
RDX=0x00007fe5e2b3f7b0 is an unknown value
RSP=0x00007fff53a12f00 is an unknown value
RBP=0x00007fff53a12fd0 is an unknown value
RSI=0x00007fe5e07e1490 is a global jni handle
RDI=0x0000000000000000 is an unknown value
R8 =0x00007fe5d0586510 is an unknown value
R9 =0x00007fe5d05af140 is an unknown value
R10=0x00000000bab39fae is an unknown value
R11=0x0000000090e61f9a is an unknown value
R12=0x00007fe5d2895000 is an unknown value
R13=0x0000000127e78f78 is an unknown value
R14=0x0000000000000000 is an unknown value
R15=0x0000000000000000 is an unknown value


Stack: [0x00007fff53217000,0x00007fff53a17000],  sp=0x00007fff53a12f00,  free space=8175k
Native frames: (J=compiled Java code, j=interpreted, Vv=VM code, C=native code)
C  [libjfxwebkit.dylib+0x9385a3]  Java_com_sun_webkit_PopupMenu_twkPopupClosed+0x6253
C  [libjfxwebkit.dylib+0x8f4726]  Java_com_sun_webkit_graphics_WCGraphicsManager_append+0x906
C  [libjfxwebkit.dylib+0x8da7ec]  Java_com_sun_webkit_dom_EventListenerImpl_twkDispatchEvent+0x51b8ec
C  [libjfxwebkit.dylib+0x8d7d47]  Java_com_sun_webkit_dom_EventListenerImpl_twkDispatchEvent+0x518e47
C  [libjfxwebkit.dylib+0x8cd9b5]  Java_com_sun_webkit_dom_EventListenerImpl_twkDispatchEvent+0x50eab5
C  [libjfxwebkit.dylib+0xa63047]  Java_com_sun_webkit_network_URLLoader_twkWillSendRequest+0x10eb97
C  [libjfxwebkit.dylib+0xada10d]  Java_com_sun_webkit_network_URLLoader_twkWillSendRequest+0x185c5d
C  [libjfxwebkit.dylib+0x4f3217]  Java_com_sun_webkit_dom_EventListenerImpl_twkDispatchEvent+0x134317
C  [libjfxwebkit.dylib+0x4f14ce]  Java_com_sun_webkit_dom_EventListenerImpl_twkDispatchEvent+0x1325ce
C  [libjfxwebkit.dylib+0x51b78b]  Java_com_sun_webkit_dom_EventListenerImpl_twkDispatchEvent+0x15c88b
C  [libjfxwebkit.dylib+0x516c30]  Java_com_sun_webkit_dom_EventListenerImpl_twkDispatchEvent+0x157d30
C  [libjfxwebkit.dylib+0x54a6ab]  Java_com_sun_webkit_dom_EventListenerImpl_twkDispatchEvent+0x18b7ab
C  [libjfxwebkit.dylib+0x6a46e8]  Java_com_sun_webkit_dom_EventListenerImpl_twkDispatchEvent+0x2e57e8
C  [libjfxwebkit.dylib+0x3eb4fa]  Java_com_sun_webkit_dom_EventListenerImpl_twkDispatchEvent+0x2c5fa
C  [libjfxwebkit.dylib+0xde932f]  JSValueIsObjectOfClass+0x5080f
C  [libjfxwebkit.dylib+0xde9838]  JSValueIsObjectOfClass+0x50d18
C  [libjfxwebkit.dylib+0xdf2326]  JSValueIsObjectOfClass+0x59806
C  [libjfxwebkit.dylib+0xdefe02]  JSValueIsObjectOfClass+0x572e2
C  [libjfxwebkit.dylib+0xdef879]  JSValueIsObjectOfClass+0x56d59
C  [CoreFoundation+0xb53e4]  __CFRUNLOOP_IS_CALLING_OUT_TO_A_TIMER_CALLBACK_FUNCTION__+0x14
C  [CoreFoundation+0xb4f1f]  __CFRunLoopDoTimer+0x47f
C  [CoreFoundation+0x1265aa]  __CFRunLoopDoTimers+0x12a
C  [CoreFoundation+0x706a5]  __CFRunLoopRun+0x5f5
C  [CoreFoundation+0x6fe75]  CFRunLoopRunSpecific+0x135
C  [java+0x6490]  CreateExecutionEnvironment+0x367
C  [java+0x221c]  JLI_Launch+0x7a0
C  [java+0x84ed]  main+0x65
C  [java+0x1a74]  start+0x34


---------------  P R O C E S S  ---------------

VM state:at safepoint (normal execution)

VM Mutex/Monitor currently owned by a thread:  ([mutex/lock_event])
[0x00007fe5e0702470] Threads_lock - owner thread: 0x00007fe5e201f800
[0x00007fe5e0702970] Heap_lock - owner thread: 0x00007fe5d2c25800

Heap:
 PSYoungGen      total 147968K, used 59212K [0x00000007aab00000, 0x00000007b4280000, 0x00000007c0000000)
  eden space 142848K, 41% used [0x00000007aab00000,0x00000007ae4530a0,0x00000007b3680000)
  from space 5120K, 10% used [0x00000007b3d80000,0x00000007b3e00010,0x00000007b4280000)
  to   space 6144K, 0% used [0x00000007b3680000,0x00000007b3680000,0x00000007b3c80000)
 ParOldGen       total 28672K, used 13267K [0x0000000780000000, 0x0000000781c00000, 0x00000007aab00000)
  object space 28672K, 46% used [0x0000000780000000,0x0000000780cf4fe0,0x0000000781c00000)
 Metaspace       used 23982K, capacity 24772K, committed 25088K, reserved 1071104K
  class space    used 2223K, capacity 2441K, committed 2560K, reserved 1048576K

Card table byte_map: [0x000000011d02c000,0x000000011d22d000] byte_map_base: 0x000000011942c000

Marking Bits: (ParMarkBitMap*) 0x000000010d4c27a0
 Begin Bits: [0x000000011d78f000, 0x000000011e78f000)
 End Bits:   [0x000000011e78f000, 0x000000011f78f000)

Polling page: 0x000000010c373000

CodeCache: size=245760Kb used=24531Kb max_used=25264Kb free=221228Kb
 bounds [0x000000010dc6c000, 0x000000010f53c000, 0x000000011cc6c000]
 total_blobs=5540 nmethods=4868 adapters=584
 compilation: enabled

Compilation events (10 events):
Event: 47.063 Thread 0x00007fe5e202d000 nmethod 5674 0x000000010ee63090 code [0x000000010ee63240, 0x000000010ee638d8]
Event: 47.255 Thread 0x00007fe5e1832000 5676       4       com.sun.prism.impl.ps.PaintHelper::setMultiGradient (177 bytes)
Event: 47.303 Thread 0x00007fe5e2033000 5677       3       jdk.internal.org.objectweb.asm.ClassWriter::newFieldItem (77 bytes)
Event: 47.303 Thread 0x00007fe5e2033000 nmethod 5677 0x000000010eb48d10 code [0x000000010eb48f00, 0x000000010eb494f8]
Event: 47.304 Thread 0x00007fe5e2033000 5678       3       java.lang.invoke.MethodType::changeReturnType (20 bytes)
Event: 47.304 Thread 0x00007fe5e2033000 nmethod 5678 0x000000010eb27b90 code [0x000000010eb27d00, 0x000000010eb27f88]
Event: 47.321 Thread 0x00007fe5e1832000 nmethod 5676 0x000000010e75fd50 code [0x000000010e7600a0, 0x000000010e761a30]
Event: 47.331 Thread 0x00007fe5e2033000 5679       3       java.util.logging.LogManager::access$100 (4 bytes)
Event: 47.331 Thread 0x00007fe5e2033000 nmethod 5679 0x000000010eb48a10 code [0x000000010eb48b60, 0x000000010eb48c90]
Event: 47.331 Thread 0x00007fe5e2033000 5680       3       java.util.logging.LogManager$LoggerContext::requiresDefaultLoggers (29 bytes)

GC Heap History (10 events):
Event: 30.426 GC heap before
{Heap before GC invocations=19 (full 1):
 PSYoungGen      total 130048K, used 124128K [0x00000007aab00000, 0x00000007b3a80000, 0x00000007c0000000)
  eden space 122368K, 100% used [0x00000007aab00000,0x00000007b2280000,0x00000007b2280000)
  from space 7680K, 22% used [0x00000007b2280000,0x00000007b2438030,0x00000007b2a00000)
  to   space 7168K, 0% used [0x00000007b3380000,0x00000007b3380000,0x00000007b3a80000)
 ParOldGen       total 28672K, used 13235K [0x0000000780000000, 0x0000000781c00000, 0x00000007aab00000)
  object space 28672K, 46% used [0x0000000780000000,0x0000000780cecfe0,0x0000000781c00000)
 Metaspace       used 23792K, capacity 24466K, committed 24704K, reserved 1071104K
  class space    used 2213K, capacity 2430K, committed 2432K, reserved 1048576K
Event: 30.429 GC heap after
Heap after GC invocations=19 (full 1):
 PSYoungGen      total 135680K, used 1728K [0x00000007aab00000, 0x00000007b3800000, 0x00000007c0000000)
  eden space 131072K, 0% used [0x00000007aab00000,0x00000007aab00000,0x00000007b2b00000)
  from space 4608K, 37% used [0x00000007b3380000,0x00000007b3530030,0x00000007b3800000)
  to   space 6656K, 0% used [0x00000007b2b00000,0x00000007b2b00000,0x00000007b3180000)
 ParOldGen       total 28672K, used 13243K [0x0000000780000000, 0x0000000781c00000, 0x00000007aab00000)
  object space 28672K, 46% used [0x0000000780000000,0x0000000780ceefe0,0x0000000781c00000)
 Metaspace       used 23792K, capacity 24466K, committed 24704K, reserved 1071104K
  class space    used 2213K, capacity 2430K, committed 2432K, reserved 1048576K
}
Event: 34.167 GC heap before
{Heap before GC invocations=20 (full 1):
 PSYoungGen      total 135680K, used 132800K [0x00000007aab00000, 0x00000007b3800000, 0x00000007c0000000)
  eden space 131072K, 100% used [0x00000007aab00000,0x00000007b2b00000,0x00000007b2b00000)
  from space 4608K, 37% used [0x00000007b3380000,0x00000007b3530030,0x00000007b3800000)
  to   space 6656K, 0% used [0x00000007b2b00000,0x00000007b2b00000,0x00000007b3180000)
 ParOldGen       total 28672K, used 13243K [0x0000000780000000, 0x0000000781c00000, 0x00000007aab00000)
  object space 28672K, 46% used [0x0000000780000000,0x0000000780ceefe0,0x0000000781c00000)
 Metaspace       used 23821K, capacity 24594K, committed 24704K, reserved 1071104K
  class space    used 2213K, capacity 2430K, committed 2432K, reserved 1048576K
Event: 34.169 GC heap after
Heap after GC invocations=20 (full 1):
 PSYoungGen      total 137728K, used 512K [0x00000007aab00000, 0x00000007b3f80000, 0x00000007c0000000)
  eden space 131072K, 0% used [0x00000007aab00000,0x00000007aab00000,0x00000007b2b00000)
  from space 6656K, 7% used [0x00000007b2b00000,0x00000007b2b80010,0x00000007b3180000)
  to   space 6656K, 0% used [0x00000007b3900000,0x00000007b3900000,0x00000007b3f80000)
 ParOldGen       total 28672K, used 13251K [0x0000000780000000, 0x0000000781c00000, 0x00000007aab00000)
  object space 28672K, 46% used [0x0000000780000000,0x0000000780cf0fe0,0x0000000781c00000)
 Metaspace       used 23821K, capacity 24594K, committed 24704K, reserved 1071104K
  class space    used 2213K, capacity 2430K, committed 2432K, reserved 1048576K
}
Event: 37.907 GC heap before
{Heap before GC invocations=21 (full 1):
 PSYoungGen      total 137728K, used 131584K [0x00000007aab00000, 0x00000007b3f80000, 0x00000007c0000000)
  eden space 131072K, 100% used [0x00000007aab00000,0x00000007b2b00000,0x00000007b2b00000)
  from space 6656K, 7% used [0x00000007b2b00000,0x00000007b2b80010,0x00000007b3180000)
  to   space 6656K, 0% used [0x00000007b3900000,0x00000007b3900000,0x00000007b3f80000)
 ParOldGen       total 28672K, used 13251K [0x0000000780000000, 0x0000000781c00000, 0x00000007aab00000)
  object space 28672K, 46% used [0x0000000780000000,0x0000000780cf0fe0,0x0000000781c00000)
 Metaspace       used 23847K, capacity 24594K, committed 24704K, reserved 1071104K
  class space    used 2213K, capacity 2430K, committed 2432K, reserved 1048576K
Event: 37.910 GC heap after
Heap after GC invocations=21 (full 1):
 PSYoungGen      total 143360K, used 544K [0x00000007aab00000, 0x00000007b3e80000, 0x00000007c0000000)
  eden space 137728K, 0% used [0x00000007aab00000,0x00000007aab00000,0x00000007b3180000)
  from space 5632K, 9% used [0x00000007b3900000,0x00000007b3988010,0x00000007b3e80000)
  to   space 6656K, 0% used [0x00000007b3180000,0x00000007b3180000,0x00000007b3800000)
 ParOldGen       total 28672K, used 13259K [0x0000000780000000, 0x0000000781c00000, 0x00000007aab00000)
  object space 28672K, 46% used [0x0000000780000000,0x0000000780cf2fe0,0x0000000781c00000)
 Metaspace       used 23847K, capacity 24594K, committed 24704K, reserved 1071104K
  class space    used 2213K, capacity 2430K, committed 2432K, reserved 1048576K
}
Event: 41.895 GC heap before
{Heap before GC invocations=22 (full 1):
 PSYoungGen      total 143360K, used 138272K [0x00000007aab00000, 0x00000007b3e80000, 0x00000007c0000000)
  eden space 137728K, 100% used [0x00000007aab00000,0x00000007b3180000,0x00000007b3180000)
  from space 5632K, 9% used [0x00000007b3900000,0x00000007b3988010,0x00000007b3e80000)
  to   space 6656K, 0% used [0x00000007b3180000,0x00000007b3180000,0x00000007b3800000)
 ParOldGen       total 28672K, used 13259K [0x0000000780000000, 0x0000000781c00000, 0x00000007aab00000)
  object space 28672K, 46% used [0x0000000780000000,0x0000000780cf2fe0,0x0000000781c00000)
 Metaspace       used 23910K, capacity 24594K, committed 24704K, reserved 1071104K
  class space    used 2214K, capacity 2430K, committed 2432K, reserved 1048576K
Event: 41.899 GC heap after
Heap after GC invocations=22 (full 1):
 PSYoungGen      total 144384K, used 1600K [0x00000007aab00000, 0x00000007b4380000, 0x00000007c0000000)
  eden space 137728K, 0% used [0x00000007aab00000,0x00000007aab00000,0x00000007b3180000)
  from space 6656K, 24% used [0x00000007b3180000,0x00000007b3310030,0x00000007b3800000)
  to   space 6144K, 0% used [0x00000007b3d80000,0x00000007b3d80000,0x00000007b4380000)
 ParOldGen       total 28672K, used 13267K [0x0000000780000000, 0x0000000781c00000, 0x00000007aab00000)
  object space 28672K, 46% used [0x0000000780000000,0x0000000780cf4fe0,0x0000000781c00000)
 Metaspace       used 23910K, capacity 24594K, committed 24704K, reserved 1071104K
  class space    used 2214K, capacity 2430K, committed 2432K, reserved 1048576K
}
Event: 45.747 GC heap before
{Heap before GC invocations=23 (full 1):
 PSYoungGen      total 144384K, used 139328K [0x00000007aab00000, 0x00000007b4380000, 0x00000007c0000000)
  eden space 137728K, 100% used [0x00000007aab00000,0x00000007b3180000,0x00000007b3180000)
  from space 6656K, 24% used [0x00000007b3180000,0x00000007b3310030,0x00000007b3800000)
  to   space 6144K, 0% used [0x00000007b3d80000,0x00000007b3d80000,0x00000007b4380000)
 ParOldGen       total 28672K, used 13267K [0x0000000780000000, 0x0000000781c00000, 0x00000007aab00000)
  object space 28672K, 46% used [0x0000000780000000,0x0000000780cf4fe0,0x0000000781c00000)
 Metaspace       used 23935K, capacity 24658K, committed 24704K, reserved 1071104K
  class space    used 2215K, capacity 2430K, committed 2432K, reserved 1048576K
Event: 45.751 GC heap after
Heap after GC invocations=23 (full 1):
 PSYoungGen      total 147968K, used 512K [0x00000007aab00000, 0x00000007b4280000, 0x00000007c0000000)
  eden space 142848K, 0% used [0x00000007aab00000,0x00000007aab00000,0x00000007b3680000)
  from space 5120K, 10% used [0x00000007b3d80000,0x00000007b3e00010,0x00000007b4280000)
  to   space 6144K, 0% used [0x00000007b3680000,0x00000007b3680000,0x00000007b3c80000)
 ParOldGen       total 28672K, used 13267K [0x0000000780000000, 0x0000000781c00000, 0x00000007aab00000)
  object space 28672K, 46% used [0x0000000780000000,0x0000000780cf4fe0,0x0000000781c00000)
 Metaspace       used 23935K, capacity 24658K, committed 24704K, reserved 1071104K
  class space    used 2215K, capacity 2430K, committed 2432K, reserved 1048576K
}

Deoptimization events (10 events):
Event: 22.982 Thread 0x00007fe5e2095000 Uncommon trap: reason=bimorphic action=maybe_recompile pc=0x000000010f232354 method=java.util.AbstractList.listIterator()Ljava/util/ListIterator; @ 2
Event: 22.986 Thread 0x00007fe5e2095000 Uncommon trap: reason=bimorphic action=maybe_recompile pc=0x000000010f232354 method=java.util.AbstractList.listIterator()Ljava/util/ListIterator; @ 2
Event: 22.986 Thread 0x00007fe5e2095000 Uncommon trap: reason=bimorphic action=maybe_recompile pc=0x000000010f232354 method=java.util.AbstractList.listIterator()Ljava/util/ListIterator; @ 2
Event: 25.004 Thread 0x00007fe5e090d000 Uncommon trap: reason=unstable_if action=reinterpret pc=0x000000010e106f78 method=sun.util.locale.BaseLocale.equals(Ljava/lang/Object;)Z @ 2
Event: 25.007 Thread 0x00007fe5e090d000 Uncommon trap: reason=unstable_if action=reinterpret pc=0x000000010ed724f8 method=com.sun.javafx.text.TextRun.getWidth()F @ 7
Event: 29.208 Thread 0x00007fe5e090d000 Uncommon trap: reason=unstable_if action=reinterpret pc=0x000000010f2c7774 method=java.lang.Integer.getChars(II[C)V @ 20
Event: 44.380 Thread 0x00007fe5e090d000 Uncommon trap: reason=unstable_if action=reinterpret pc=0x000000010f1cc9dc method=javafx.scene.Node.impl_layoutBoundsChanged()V @ 22
Event: 47.286 Thread 0x00007fe5e090d000 Uncommon trap: reason=predicate action=maybe_recompile pc=0x000000010e5a1f88 method=java.util.ArrayList.remove(Ljava/lang/Object;)Z @ 49
Event: 47.313 Thread 0x00007fe5e090d000 Uncommon trap: reason=unstable_if action=reinterpret pc=0x000000010f29911c method=java.util.concurrent.locks.ReentrantLock$Sync.nonfairTryAcquire(I)Z @ 10
Event: 47.313 Thread 0x00007fe5e090d000 Uncommon trap: reason=unstable_if action=reinterpret pc=0x000000010e566f24 method=java.util.concurrent.locks.ReentrantLock$Sync.tryRelease(I)Z @ 28

Internal exceptions (10 events):
Event: 0.286 Thread 0x00007fe5e1004800 Exception <a 'java/security/PrivilegedActionException'> (0x00000007aadff2e0) thrown at [/Users/java_re/workspace/8-2-build-macosx-x86_64/jdk8u40/3098/hotspot/src/share/vm/prims/jvm.cpp, line 1382]
Event: 0.287 Thread 0x00007fe5e1004800 Exception <a 'java/lang/NullPointerException'> (0x00000007aae00790) thrown at [/Users/java_re/workspace/8-2-build-macosx-x86_64/jdk8u40/3098/hotspot/src/share/vm/interpreter/linkResolver.cpp, line 1178]
Event: 0.695 Thread 0x00007fe5e090d000 Exception <a 'java/lang/NullPointerException'> (0x00000007ab586338) thrown at [/Users/java_re/workspace/8-2-build-macosx-x86_64/jdk8u40/3098/hotspot/src/share/vm/interpreter/linkResolver.cpp, line 1178]
Event: 0.695 Thread 0x00007fe5e090d000 Exception <a 'java/lang/NullPointerException'> (0x00000007ab586338) thrown at [/Users/java_re/workspace/8-2-build-macosx-x86_64/jdk8u40/3098/hotspot/src/share/vm/prims/jvm.cpp, line 1386]
Event: 1.204 Thread 0x00007fe5e090d000 Implicit null exception at 0x000000010dedda35 to 0x000000010deddc31
Event: 1.798 Thread 0x00007fe5e090d000 Implicit null exception at 0x000000010def7f73 to 0x000000010def8325
Event: 1.808 Thread 0x00007fe5e090d000 Implicit null exception at 0x000000010de8bab5 to 0x000000010de8be15
Event: 3.202 Thread 0x00007fe5e090d000 Exception <a 'sun/nio/fs/UnixException'> (0x00000007ab726708) thrown at [/Users/java_re/workspace/8-2-build-macosx-x86_64/jdk8u40/3098/hotspot/src/share/vm/prims/jni.cpp, line 709]
Event: 3.206 Thread 0x00007fe5e090d000 Exception <a 'sun/nio/fs/UnixException'> (0x00000007ab728490) thrown at [/Users/java_re/workspace/8-2-build-macosx-x86_64/jdk8u40/3098/hotspot/src/share/vm/prims/jni.cpp, line 709]
Event: 4.153 Thread 0x00007fe5e090d000 Exception <a 'java/io/FileNotFoundException'> (0x00000007ab027fa0) thrown at [/Users/java_re/workspace/8-2-build-macosx-x86_64/jdk8u40/3098/hotspot/src/share/vm/prims/jni.cpp, line 709]

Events (10 events):
Event: 47.328 Thread 0x00007fe5e1983800 Thread exited: 0x00007fe5e1983800
Event: 47.328 loading class java/util/IdentityHashMap$KeySet
Event: 47.329 loading class java/util/IdentityHashMap$KeySet done
Event: 47.329 loading class java/util/IdentityHashMap$KeyIterator
Event: 47.329 loading class java/util/IdentityHashMap$IdentityHashMapIterator
Event: 47.330 loading class java/util/IdentityHashMap$IdentityHashMapIterator done
Event: 47.330 loading class java/util/IdentityHashMap$KeyIterator done
Event: 47.330 Thread 0x00007fe5d3836000 Thread added: 0x00007fe5d3836000
Event: 47.331 Thread 0x00007fe5d3836000 Thread exited: 0x00007fe5d3836000
Event: 47.331 Thread 0x00007fe5d2c25800 Thread exited: 0x00007fe5d2c25800


Dynamic libraries:
0x000000000b789000 	/System/Library/Frameworks/Cocoa.framework/Versions/A/Cocoa
0x000000000b789000 	/System/Library/Frameworks/Security.framework/Versions/A/Security
0x000000000b789000 	/System/Library/Frameworks/ApplicationServices.framework/Versions/A/ApplicationServices
0x000000000b789000 	/usr/lib/libz.1.dylib
0x000000000b789000 	/usr/lib/libSystem.B.dylib
0x000000000b789000 	/usr/lib/libobjc.A.dylib
0x000000000b789000 	/System/Library/Frameworks/CoreFoundation.framework/Versions/A/CoreFoundation
0x000000000b789000 	/System/Library/Frameworks/Foundation.framework/Versions/C/Foundation
0x000000000b789000 	/System/Library/Frameworks/AppKit.framework/Versions/C/AppKit
0x000000000b789000 	/System/Library/Frameworks/CoreData.framework/Versions/A/CoreData
0x000000000b789000 	/System/Library/PrivateFrameworks/RemoteViewServices.framework/Versions/A/RemoteViewServices
0x000000000b789000 	/System/Library/Frameworks/AudioToolbox.framework/Versions/A/AudioToolbox
0x000000000b789000 	/System/Library/Frameworks/AudioUnit.framework/Versions/A/AudioUnit
0x000000000b789000 	/System/Library/PrivateFrameworks/DataDetectorsCore.framework/Versions/A/DataDetectorsCore
0x000000000b789000 	/System/Library/PrivateFrameworks/DesktopServicesPriv.framework/Versions/A/DesktopServicesPriv
0x000000000b789000 	/System/Library/Frameworks/Carbon.framework/Versions/A/Frameworks/HIToolbox.framework/Versions/A/HIToolbox
0x000000000b789000 	/System/Library/Frameworks/QuartzCore.framework/Versions/A/QuartzCore
0x000000000b789000 	/System/Library/Frameworks/Carbon.framework/Versions/A/Frameworks/SpeechRecognition.framework/Versions/A/SpeechRecognition
0x000000000b789000 	/usr/lib/libauto.dylib
0x000000000b789000 	/usr/lib/libicucore.A.dylib
0x000000000b789000 	/usr/lib/libxml2.2.dylib
0x000000000b789000 	/System/Library/PrivateFrameworks/CoreUI.framework/Versions/A/CoreUI
0x000000000b789000 	/System/Library/Frameworks/CoreAudio.framework/Versions/A/CoreAudio
0x000000000b789000 	/System/Library/Frameworks/DiskArbitration.framework/Versions/A/DiskArbitration
0x000000000b789000 	/usr/lib/liblangid.dylib
0x000000000b789000 	/System/Library/PrivateFrameworks/MultitouchSupport.framework/Versions/A/MultitouchSupport
0x000000000b789000 	/System/Library/Frameworks/IOKit.framework/Versions/A/IOKit
0x000000000b789000 	/usr/lib/libDiagnosticMessagesClient.dylib
0x000000000b789000 	/System/Library/Frameworks/CoreServices.framework/Versions/A/CoreServices
0x000000000b789000 	/System/Library/PrivateFrameworks/PerformanceAnalysis.framework/Versions/A/PerformanceAnalysis
0x000000000b789000 	/System/Library/PrivateFrameworks/GenerationalStorage.framework/Versions/A/GenerationalStorage
0x000000000b789000 	/System/Library/Frameworks/OpenGL.framework/Versions/A/OpenGL
0x000000000b789000 	/System/Library/PrivateFrameworks/Sharing.framework/Versions/A/Sharing
0x000000000b789000 	/System/Library/Frameworks/ImageIO.framework/Versions/A/ImageIO
0x000000000b789000 	/System/Library/Frameworks/CoreText.framework/Versions/A/CoreText
0x000000000b789000 	/System/Library/Frameworks/CoreGraphics.framework/Versions/A/CoreGraphics
0x000000000b789000 	/System/Library/PrivateFrameworks/Backup.framework/Versions/A/Backup
0x000000000b789000 	/System/Library/Frameworks/CFNetwork.framework/Versions/A/CFNetwork
0x000000000b789000 	/System/Library/Frameworks/SystemConfiguration.framework/Versions/A/SystemConfiguration
0x000000000b789000 	/usr/lib/libCRFSuite.dylib
0x000000000b789000 	/usr/lib/libc++.1.dylib
0x000000000b789000 	/usr/lib/libc++abi.dylib
0x000000000b789000 	/usr/lib/system/libcache.dylib
0x000000000b789000 	/usr/lib/system/libcommonCrypto.dylib
0x000000000b789000 	/usr/lib/system/libcompiler_rt.dylib
0x000000000b789000 	/usr/lib/system/libcopyfile.dylib
0x000000000b789000 	/usr/lib/system/libcorecrypto.dylib
0x000000000b789000 	/usr/lib/system/libdispatch.dylib
0x000000000b789000 	/usr/lib/system/libdyld.dylib
0x000000000b789000 	/usr/lib/system/libkeymgr.dylib
0x000000000b789000 	/usr/lib/system/liblaunch.dylib
0x000000000b789000 	/usr/lib/system/libmacho.dylib
0x000000000b789000 	/usr/lib/system/libquarantine.dylib
0x000000000b789000 	/usr/lib/system/libremovefile.dylib
0x000000000b789000 	/usr/lib/system/libsystem_asl.dylib
0x000000000b789000 	/usr/lib/system/libsystem_blocks.dylib
0x000000000b789000 	/usr/lib/system/libsystem_c.dylib
0x000000000b789000 	/usr/lib/system/libsystem_configuration.dylib
0x000000000b789000 	/usr/lib/system/libsystem_dnssd.dylib
0x000000000b789000 	/usr/lib/system/libsystem_info.dylib
0x000000000b789000 	/usr/lib/system/libsystem_kernel.dylib
0x000000000b789000 	/usr/lib/system/libsystem_m.dylib
0x000000000b789000 	/usr/lib/system/libsystem_malloc.dylib
0x000000000b789000 	/usr/lib/system/libsystem_network.dylib
0x000000000b789000 	/usr/lib/system/libsystem_notify.dylib
0x000000000b789000 	/usr/lib/system/libsystem_platform.dylib
0x000000000b789000 	/usr/lib/system/libsystem_pthread.dylib
0x000000000b789000 	/usr/lib/system/libsystem_sandbox.dylib
0x000000000b789000 	/usr/lib/system/libsystem_stats.dylib
0x000000000b789000 	/usr/lib/system/libunc.dylib
0x000000000b789000 	/usr/lib/system/libunwind.dylib
0x000000000b789000 	/usr/lib/system/libxpc.dylib
0x000000000b789000 	/usr/lib/libbsm.0.dylib
0x000000000b789000 	/usr/lib/libsqlite3.dylib
0x000000000b789000 	/usr/lib/libxar.1.dylib
0x000000000b789000 	/usr/lib/libpam.2.dylib
0x000000000b789000 	/usr/lib/libOpenScriptingUtil.dylib
0x000000000b789000 	/usr/lib/libbz2.1.0.dylib
0x000000000b789000 	/System/Library/Frameworks/CoreServices.framework/Versions/A/Frameworks/CarbonCore.framework/Versions/A/CarbonCore
0x000000000b789000 	/System/Library/Frameworks/CoreServices.framework/Versions/A/Frameworks/Metadata.framework/Versions/A/Metadata
0x000000000b789000 	/System/Library/Frameworks/CoreServices.framework/Versions/A/Frameworks/OSServices.framework/Versions/A/OSServices
0x000000000b789000 	/System/Library/Frameworks/CoreServices.framework/Versions/A/Frameworks/SearchKit.framework/Versions/A/SearchKit
0x000000000b789000 	/System/Library/Frameworks/CoreServices.framework/Versions/A/Frameworks/AE.framework/Versions/A/AE
0x000000000b789000 	/System/Library/Frameworks/CoreServices.framework/Versions/A/Frameworks/LaunchServices.framework/Versions/A/LaunchServices
0x000000000b789000 	/System/Library/Frameworks/CoreServices.framework/Versions/A/Frameworks/DictionaryServices.framework/Versions/A/DictionaryServices
0x000000000b789000 	/System/Library/Frameworks/NetFS.framework/Versions/A/NetFS
0x000000000b789000 	/usr/lib/system/libkxld.dylib
0x000000000b789000 	/System/Library/PrivateFrameworks/NetAuth.framework/Versions/A/NetAuth
0x000000000b789000 	/System/Library/PrivateFrameworks/TCC.framework/Versions/A/TCC
0x000000000b789000 	/System/Library/Frameworks/OpenDirectory.framework/Versions/A/Frameworks/CFOpenDirectory.framework/Versions/A/CFOpenDirectory
0x000000000b789000 	/System/Library/Frameworks/ServiceManagement.framework/Versions/A/ServiceManagement
0x000000000b789000 	/usr/lib/libxslt.1.dylib
0x000000000b789000 	/System/Library/Frameworks/Carbon.framework/Versions/A/Frameworks/Ink.framework/Versions/A/Ink
0x000000000b789000 	/System/Library/Frameworks/ApplicationServices.framework/Versions/A/Frameworks/ATS.framework/Versions/A/ATS
0x000000000b789000 	/System/Library/Frameworks/ApplicationServices.framework/Versions/A/Frameworks/ColorSync.framework/Versions/A/ColorSync
0x000000000b789000 	/System/Library/Frameworks/ApplicationServices.framework/Versions/A/Frameworks/HIServices.framework/Versions/A/HIServices
0x000000000b789000 	/System/Library/Frameworks/ApplicationServices.framework/Versions/A/Frameworks/LangAnalysis.framework/Versions/A/LangAnalysis
0x000000000b789000 	/System/Library/Frameworks/ApplicationServices.framework/Versions/A/Frameworks/PrintCore.framework/Versions/A/PrintCore
0x000000000b789000 	/System/Library/Frameworks/ApplicationServices.framework/Versions/A/Frameworks/QD.framework/Versions/A/QD
0x000000000b789000 	/System/Library/Frameworks/ApplicationServices.framework/Versions/A/Frameworks/SpeechSynthesis.framework/Versions/A/SpeechSynthesis
0x000000000b789000 	/System/Library/Frameworks/IOSurface.framework/Versions/A/IOSurface
0x000000000b789000 	/System/Library/Frameworks/Accelerate.framework/Versions/A/Accelerate
0x000000000b789000 	/System/Library/Frameworks/Accelerate.framework/Versions/A/Frameworks/vImage.framework/Versions/A/vImage
0x000000000b789000 	/System/Library/Frameworks/Accelerate.framework/Versions/A/Frameworks/vecLib.framework/Versions/A/vecLib
0x000000000b789000 	/System/Library/Frameworks/Accelerate.framework/Versions/A/Frameworks/vecLib.framework/Versions/A/libvDSP.dylib
0x000000000b789000 	/System/Library/Frameworks/Accelerate.framework/Versions/A/Frameworks/vecLib.framework/Versions/A/libvMisc.dylib
0x000000000b789000 	/System/Library/Frameworks/Accelerate.framework/Versions/A/Frameworks/vecLib.framework/Versions/A/libLAPACK.dylib
0x000000000b789000 	/System/Library/Frameworks/Accelerate.framework/Versions/A/Frameworks/vecLib.framework/Versions/A/libBLAS.dylib
0x000000000b789000 	/System/Library/Frameworks/ApplicationServices.framework/Versions/A/Frameworks/ATS.framework/Versions/A/Resources/libFontParser.dylib
0x000000000b789000 	/System/Library/Frameworks/ApplicationServices.framework/Versions/A/Frameworks/ATS.framework/Versions/A/Resources/libFontRegistry.dylib
0x000000000b789000 	/System/Library/Frameworks/ImageIO.framework/Versions/A/Resources/libJPEG.dylib
0x000000000b789000 	/System/Library/Frameworks/ImageIO.framework/Versions/A/Resources/libTIFF.dylib
0x000000000b789000 	/System/Library/Frameworks/ImageIO.framework/Versions/A/Resources/libPng.dylib
0x000000000b789000 	/System/Library/Frameworks/ImageIO.framework/Versions/A/Resources/libGIF.dylib
0x000000000b789000 	/System/Library/Frameworks/ImageIO.framework/Versions/A/Resources/libJP2.dylib
0x000000000b789000 	/System/Library/Frameworks/ImageIO.framework/Versions/A/Resources/libRadiance.dylib
0x000000000b789000 	/usr/lib/libcups.2.dylib
0x000000000b789000 	/System/Library/Frameworks/Kerberos.framework/Versions/A/Kerberos
0x000000000b789000 	/System/Library/Frameworks/GSS.framework/Versions/A/GSS
0x000000000b789000 	/usr/lib/libresolv.9.dylib
0x000000000b789000 	/usr/lib/libiconv.2.dylib
0x000000000b789000 	/System/Library/PrivateFrameworks/Heimdal.framework/Versions/A/Heimdal
0x000000000b789000 	/System/Library/PrivateFrameworks/TrustEvaluationAgent.framework/Versions/A/TrustEvaluationAgent
0x000000000b789000 	/usr/lib/libheimdal-asn1.dylib
0x000000000b789000 	/System/Library/Frameworks/OpenDirectory.framework/Versions/A/OpenDirectory
0x000000000b789000 	/System/Library/PrivateFrameworks/CommonAuth.framework/Versions/A/CommonAuth
0x000000000b789000 	/System/Library/Frameworks/SecurityFoundation.framework/Versions/A/SecurityFoundation
0x000000000b789000 	/System/Library/PrivateFrameworks/Bom.framework/Versions/A/Bom
0x000000000b789000 	/System/Library/Frameworks/CoreVideo.framework/Versions/A/CoreVideo
0x000000000b789000 	/System/Library/Frameworks/QuartzCore.framework/Versions/A/Frameworks/CoreImage.framework/Versions/A/CoreImage
0x000000000b789000 	/System/Library/Frameworks/QuartzCore.framework/Versions/A/Frameworks/ScalableUserInterface.framework/Versions/A/ScalableUserInterface
0x000000000b789000 	/System/Library/Frameworks/OpenGL.framework/Versions/A/Libraries/libGLU.dylib
0x000000000b789000 	/System/Library/Frameworks/OpenGL.framework/Versions/A/Libraries/libGFXShared.dylib
0x000000000b789000 	/System/Library/Frameworks/OpenGL.framework/Versions/A/Libraries/libGL.dylib
0x000000000b789000 	/System/Library/Frameworks/OpenGL.framework/Versions/A/Libraries/libGLImage.dylib
0x000000000b789000 	/System/Library/Frameworks/OpenGL.framework/Versions/A/Libraries/libCVMSPluginSupport.dylib
0x000000000b789000 	/System/Library/Frameworks/OpenGL.framework/Versions/A/Libraries/libCoreVMClient.dylib
0x000000000b789000 	/System/Library/PrivateFrameworks/FaceCore.framework/Versions/A/FaceCore
0x000000000b789000 	/System/Library/PrivateFrameworks/CrashReporterSupport.framework/Versions/A/CrashReporterSupport
0x000000000b789000 	/System/Library/Frameworks/OpenCL.framework/Versions/A/OpenCL
0x000000000b789000 	/System/Library/PrivateFrameworks/AppleFSCompression.framework/Versions/A/AppleFSCompression
0x000000000b789000 	/System/Library/PrivateFrameworks/Ubiquity.framework/Versions/A/Ubiquity
0x000000000b789000 	/System/Library/PrivateFrameworks/IconServices.framework/Versions/A/IconServices
0x000000000b789000 	/System/Library/PrivateFrameworks/ChunkingLibrary.framework/Versions/A/ChunkingLibrary
0x000000000b789000 	/System/Library/PrivateFrameworks/CoreSymbolication.framework/Versions/A/CoreSymbolication
0x000000000b789000 	/System/Library/PrivateFrameworks/Symbolication.framework/Versions/A/Symbolication
0x000000000b789000 	/System/Library/PrivateFrameworks/DebugSymbols.framework/Versions/A/DebugSymbols
0x000000010cc00000 	/Library/Java/JavaVirtualMachines/jdk1.8.0_40.jdk/Contents/Home/jre/lib/server/libjvm.dylib
0x000000000b789000 	/usr/lib/libstdc++.6.dylib
0x000000010c330000 	/Library/Java/JavaVirtualMachines/jdk1.8.0_40.jdk/Contents/Home/jre/lib/libverify.dylib
0x000000010c33e000 	/Library/Java/JavaVirtualMachines/jdk1.8.0_40.jdk/Contents/Home/jre/lib/libjava.dylib
0x000000010c37d000 	/Library/Java/JavaVirtualMachines/jdk1.8.0_40.jdk/Contents/Home/jre/lib/libzip.dylib
0x00000001216e3000 	/System/Library/Frameworks/JavaVM.framework/Frameworks/JavaRuntimeSupport.framework/JavaRuntimeSupport
0x00000001216fb000 	/System/Library/Frameworks/JavaVM.framework/Versions/A/Frameworks/JavaNativeFoundation.framework/Versions/A/JavaNativeFoundation
0x000000012170f000 	/System/Library/Frameworks/JavaVM.framework/Versions/A/JavaVM
0x000000000b789000 	/System/Library/Frameworks/Carbon.framework/Versions/A/Carbon
0x000000010c3f5000 	/System/Library/PrivateFrameworks/JavaLaunching.framework/Versions/A/JavaLaunching
0x000000000b789000 	/System/Library/Frameworks/Carbon.framework/Versions/A/Frameworks/CommonPanels.framework/Versions/A/CommonPanels
0x000000000b789000 	/System/Library/Frameworks/Carbon.framework/Versions/A/Frameworks/Help.framework/Versions/A/Help
0x000000000b789000 	/System/Library/Frameworks/Carbon.framework/Versions/A/Frameworks/ImageCapture.framework/Versions/A/ImageCapture
0x000000000b789000 	/System/Library/Frameworks/Carbon.framework/Versions/A/Frameworks/OpenScripting.framework/Versions/A/OpenScripting
0x000000000b789000 	/System/Library/Frameworks/Carbon.framework/Versions/A/Frameworks/Print.framework/Versions/A/Print
0x000000000b789000 	/System/Library/Frameworks/Carbon.framework/Versions/A/Frameworks/SecurityHI.framework/Versions/A/SecurityHI
0x0000000121fe3000 	/Library/Java/JavaVirtualMachines/jdk1.8.0_40.jdk/Contents/Home/jre/lib/libprism_es2.dylib
0x000000000b789000 	/System/Library/Frameworks/OpenGL.framework/Versions/A/Resources/GLEngine.bundle/GLEngine
0x000000000b789000 	/System/Library/Frameworks/OpenGL.framework/Versions/A/Libraries/libGLProgrammability.dylib
0x0000000000000000 	/System/Library/Extensions/AppleIntelHD4000GraphicsGLDriver.bundle/Contents/MacOS/AppleIntelHD4000GraphicsGLDriver
0x000000000b789000 	/System/Library/PrivateFrameworks/IOAccelerator.framework/Versions/A/IOAccelerator
0x000000000b789000 	/System/Library/PrivateFrameworks/GPUSupport.framework/Versions/A/Libraries/libGPUSupportMercury.dylib
0x000000000b789000 	/System/Library/Frameworks/OpenGL.framework/Versions/A/Resources/GLRendererFloat.bundle/GLRendererFloat
0x000000000b789000 	/System/Library/Frameworks/OpenCL.framework/Versions/A/Libraries/libcldcpuengine.dylib
0x000000000b789000 	/System/Library/PrivateFrameworks/DiskImages.framework/Versions/A/DiskImages
0x000000000b789000 	/System/Library/Frameworks/DiscRecording.framework/Versions/A/DiscRecording
0x000000000b789000 	/usr/lib/libcsfde.dylib
0x000000000b789000 	/usr/lib/libcurl.4.dylib
0x000000000b789000 	/System/Library/PrivateFrameworks/MediaKit.framework/Versions/A/MediaKit
0x000000000b789000 	/usr/lib/libCoreStorage.dylib
0x000000000b789000 	/System/Library/PrivateFrameworks/EFILogin.framework/Versions/A/EFILogin
0x000000000b789000 	/usr/lib/libutil.dylib
0x000000000b789000 	/System/Library/PrivateFrameworks/AOSNotification.framework/Versions/A/AOSNotification
0x000000000b789000 	/System/Library/Frameworks/LDAP.framework/Versions/A/LDAP
0x000000000b789000 	/usr/lib/libsasl2.2.dylib
0x000000000b789000 	/usr/lib/libcrypto.0.9.8.dylib
0x000000000b789000 	/usr/lib/libssl.0.9.8.dylib
0x00000001228e2000 	/Library/Java/JavaVirtualMachines/jdk1.8.0_40.jdk/Contents/Home/jre/lib/libglass.dylib
0x000000000b789000 	/System/Library/PrivateFrameworks/CoreServicesInternal.framework/Versions/A/CoreServicesInternal
0x000000000b789000 	/System/Library/PrivateFrameworks/Librarian.framework/Versions/A/Librarian
0x000000000b789000 	/System/Library/CoreServices/RawCamera.bundle/Contents/MacOS/RawCamera
0x00000001240de000 	/System/Library/Frameworks/CoreGraphics.framework/Versions/A/Resources/libCGCMS.A.dylib
0x00000001241f0000 	/System/Library/Frameworks/CoreGraphics.framework/Versions/A/Resources/libRIP.A.dylib
0x000000000b789000 	/System/Library/PrivateFrameworks/FamilyControls.framework/Versions/A/FamilyControls
0x000000000b789000 	/System/Library/PrivateFrameworks/CommerceKit.framework/Versions/A/Frameworks/CommerceCore.framework/Versions/A/CommerceCore
0x000000000b789000 	/System/Library/PrivateFrameworks/SystemAdministration.framework/Versions/A/SystemAdministration
0x000000000b789000 	/System/Library/Frameworks/DirectoryService.framework/Versions/A/DirectoryService
0x000000000b789000 	/System/Library/PrivateFrameworks/LoginUIKit.framework/Versions/A/Frameworks/LoginUICore.framework/Versions/A/LoginUICore
0x000000000b789000 	/usr/lib/libodfde.dylib
0x0000000126399000 	/Library/Java/JavaVirtualMachines/jdk1.8.0_40.jdk/Contents/Home/jre/lib/libjfxwebkit.dylib
0x0000000127e64000 	/System/Library/Frameworks/CoreGraphics.framework/Versions/A/Resources/libCGXType.A.dylib
0x00000001298c2000 	/Library/Java/JavaVirtualMachines/jdk1.8.0_40.jdk/Contents/Home/jre/lib/libjavafx_font.dylib
0x000000012a6c2000 	cl_kernels
0x000000012a6c5000 	/System/Library/Frameworks/OpenCL.framework/Versions/A/Libraries/ImageFormats/unorm8_bgra.dylib
0x000000012a6b3000 	cl_kernels
0x0000000124632000 	/Library/Java/JavaVirtualMachines/jdk1.8.0_40.jdk/Contents/Home/jre/lib/libnet.dylib
0x0000000124649000 	/Library/Java/JavaVirtualMachines/jdk1.8.0_40.jdk/Contents/Home/jre/lib/libnio.dylib
0x000000012426e000 	/Library/Java/JavaVirtualMachines/jdk1.8.0_40.jdk/Contents/Home/jre/lib/libprism_common.dylib
0x0000000124286000 	cl_kernels
0x00000001242f2000 	cl_kernels
0x00000001242f7000 	cl_kernels
0x00000001245e3000 	cl_kernels
0x00000001245e8000 	cl_kernels

VM Arguments:
jvm_args: -Dfile.encoding=UTF-8 
java_command: /Users/jaspertomas/NetBeansProjects/examples/MyAegisub/dist/run1431544827/MyAegisub.jar
java_class_path (initial): /Users/jaspertomas/NetBeansProjects/examples/MyAegisub/dist/run1431544827/MyAegisub.jar
Launcher Type: SUN_STANDARD

Environment Variables:
PATH=/usr/bin:/bin:/usr/sbin:/sbin
LD_LIBRARY_PATH=/Library/Java/JavaVirtualMachines/jdk1.8.0_40.jdk/Contents/Home/jre/lib/amd64:/Library/Java/JavaVirtualMachines/jdk1.8.0_40.jdk/Contents/Home/jre/lib/i386:
SHELL=/bin/bash
DISPLAY=/tmp/launch-eBZfiY/org.macosforge.xquartz:0
DYLD_LIBRARY_PATH=/Applications/NetBeans/NetBeans 8.0.2.app/Contents/Resources/NetBeans/webcommon/bin:

Signal Handlers:
SIGSEGV: [libjvm.dylib+0x58ef95], sa_mask[0]=11111111011111110111111111111111, sa_flags=SA_ONSTACK|SA_RESTART|SA_SIGINFO
SIGBUS: [libjvm.dylib+0x58ef95], sa_mask[0]=11111111011111110111111111111111, sa_flags=SA_RESTART|SA_SIGINFO
SIGFPE: [libjvm.dylib+0x46c118], sa_mask[0]=11111111011111110111111111111111, sa_flags=SA_RESTART|SA_SIGINFO
SIGPIPE: [libjvm.dylib+0x46c118], sa_mask[0]=11111111011111110111111111111111, sa_flags=SA_RESTART|SA_SIGINFO
SIGXFSZ: [libjvm.dylib+0x46c118], sa_mask[0]=11111111011111110111111111111111, sa_flags=SA_RESTART|SA_SIGINFO
SIGILL: [libjvm.dylib+0x46c118], sa_mask[0]=11111111011111110111111111111111, sa_flags=SA_RESTART|SA_SIGINFO
SIGUSR1: SIG_DFL, sa_mask[0]=00000000000000000000000000000000, sa_flags=SA_RESTART
SIGUSR2: [libjvm.dylib+0x46bc36], sa_mask[0]=00100000000000000000000000000000, sa_flags=SA_RESTART|SA_SIGINFO
SIGHUP: [libjvm.dylib+0x46a209], sa_mask[0]=11111111011111110111111111111111, sa_flags=SA_RESTART|SA_SIGINFO
SIGINT: SIG_IGN, sa_mask[0]=00000000000000000000000000000000, sa_flags=none
SIGTERM: [libjvm.dylib+0x46a209], sa_mask[0]=11111111011111110111111111111111, sa_flags=SA_RESTART|SA_SIGINFO
SIGQUIT: [libjvm.dylib+0x46a209], sa_mask[0]=11111111011111110111111111111111, sa_flags=SA_RESTART|SA_SIGINFO


---------------  S Y S T E M  ---------------

OS:Bsduname:Darwin 13.4.0 Darwin Kernel Version 13.4.0: Wed Dec 17 19:05:52 PST 2014; root:xnu-2422.115.10~1/RELEASE_X86_64 x86_64
rlimit: STACK 8192k, CORE 0k, NPROC 709, NOFILE 10240, AS infinity
load average:2.25 1.69 1.72

CPU:total 4 (2 cores per cpu, 2 threads per core) family 6 model 58 stepping 9, cmov, cx8, fxsr, mmx, sse, sse2, sse3, ssse3, sse4.1, sse4.2, popcnt, avx, aes, clmul, erms, ht, tsc, tscinvbit, tscinv

Memory: 4k page, physical 4194304k(129356k free)

/proc/meminfo:


vm_info: Java HotSpot(TM) 64-Bit Server VM (25.40-b25) for bsd-amd64 JRE (1.8.0_40-b26), built on Mar  7 2015 13:53:55 by "java_re" with gcc 4.2.1 (Based on Apple Inc. build 5658) (LLVM build 2336.11.00)

time: Thu Mar 19 19:52:24 2015
elapsed time: 47 seconds (0d 0h 0m 47s)

