#
# A fatal error has been detected by the Java Runtime Environment:
#
#  SIGSEGV (0xb) at pc=0x000000012a2cd5a3, pid=13554, tid=3335
#
# JRE version: Java(TM) SE Runtime Environment (8.0_40-b26) (build 1.8.0_40-b26)
# Java VM: Java HotSpot(TM) 64-Bit Server VM (25.40-b25 mixed mode bsd-amd64 compressed oops)
# Problematic frame:
# C  [libjfxwebkit.dylib+0x9385a3]  Java_com_sun_webkit_PopupMenu_twkPopupClosed+0x6253
#
# Failed to write core dump. Core dumps have been disabled. To enable core dumping, try "ulimit -c unlimited" before starting Java again
#
# If you would like to submit a bug report, please visit:
#   http://bugreport.java.com/bugreport/crash.jsp
#

---------------  T H R E A D  ---------------

Current thread is native thread

siginfo: si_signo: 11 (SIGSEGV), si_code: 1 (SEGV_MAPERR), si_addr: 0x0000000000000000

Registers:
RAX=0x00007fff504cafe0, RBX=0x00007fe752901038, RCX=0x00007fff504cafb4, RDX=0x00007fe7617ea2c0
RSP=0x00007fff504caf00, RBP=0x00007fff504cafd0, RSI=0x00007fe7617b48d8, RDI=0x0000000000000000
R8 =0x00007fe751442f70, R9 =0x00007fe751418cc0, R10=0x0000000072b11025, R11=0x000000002a490215
R12=0x00007fe752901000, R13=0x000000012b468f18, R14=0x0000000000000000, R15=0x0000000000000000
RIP=0x000000012a2cd5a3, EFLAGS=0x0000000000010246, ERR=0x0000000000000004
  TRAPNO=0x000000000000000e

Top of Stack: (sp=0x00007fff504caf00)
0x00007fff504caf00:   0000000000000001 00007fe763d1463e
0x00007fff504caf10:   00007fff7dfa16c0 00007fff504cafb4
0x00007fff504caf20:   00007fe751442f70 00007fe751418cc0
0x00007fff504caf30:   00007fe7615958d0 000000010f74ea00
0x00007fff504caf40:   00007fff504cb0f0 00007fff9340b043
0x00007fff504caf50:   00007fe7615959d0 00007fe7615fc080
0x00007fff504caf60:   000000010f74ea00 000000010f74ea00
0x00007fff504caf70:   00007fff504cafa0 000000010fb79d9d
0x00007fff504caf80:   00007fff504cb0d0 0000000000010002
0x00007fff504caf90:   00007fff504cafe8 0000000110069848
0x00007fff504cafa0:   00007fff504cafd0 000000010fb77ca3
0x00007fff504cafb0:   fffffffe00000003 0000003000000018
0x00007fff504cafc0:   00007fff504cafe0 00007fff504caf00
0x00007fff504cafd0:   00007fff504cb000 000000012a289726
0x00007fff504cafe0:   00007fe761669400 0000000000000000
0x00007fff504caff0:   00007fe752901038 0000000000000000
0x00007fff504cb000:   00007fff504cb050 000000012a26f7ec
0x00007fff504cb010:   00007fe763c63410 0000000700000000
0x00007fff504cb020:   00007fe751404720 00007fe751452450
0x00007fff504cb030:   00007fe752901000 000000012b468f18
0x00007fff504cb040:   0000000000000000 0000000000000000
0x00007fff504cb050:   00007fff504cb090 000000012a26cd47
0x00007fff504cb060:   00007fff504cb100 00007fff8bac019a
0x00007fff504cb070:   000000010f750800 00007fe7514fc080
0x00007fff504cb080:   000000010f750800 00007fe751452450
0x00007fff504cb090:   00007fff504cb0c0 000000012a2629b5
0x00007fff504cb0a0:   00007fe751452450 00007fe7529a30c8
0x00007fff504cb0b0:   00007fe7514523e0 000000000000001d
0x00007fff504cb0c0:   00007fff504cb0e0 000000012a3f8047
0x00007fff504cb0d0:   00007fe751452450 00007fe7514523e0
0x00007fff504cb0e0:   00007fff504cb100 000000012a46f10d
0x00007fff504cb0f0:   00007fe7514523e0 00007fe75144bee0 

Instructions: (pc=0x000000012a2cd5a3)
0x000000012a2cd583:   8d 85 30 ff ff ff 48 89 45 f8 48 8d 45 10 48 89
0x000000012a2cd593:   45 f0 c7 45 ec 30 00 00 00 c7 45 e8 18 00 00 00
0x000000012a2cd5a3:   48 8b 07 48 8d 4d e8 ff 90 90 01 00 00 48 81 c4
0x000000012a2cd5b3:   d0 00 00 00 5d c3 90 90 90 90 90 90 90 55 48 89 

Register to memory mapping:

RAX=0x00007fff504cafe0 is an unknown value
RBX=0x00007fe752901038 is an unknown value
RCX=0x00007fff504cafb4 is an unknown value
RDX=0x00007fe7617ea2c0 is an unknown value
RSP=0x00007fff504caf00 is an unknown value
RBP=0x00007fff504cafd0 is an unknown value
RSI=0x00007fe7617b48d8 is a global jni handle
RDI=0x0000000000000000 is an unknown value
R8 =0x00007fe751442f70 is an unknown value
R9 =0x00007fe751418cc0 is an unknown value
R10=0x0000000072b11025 is an unknown value
R11=0x000000002a490215 is an unknown value
R12=0x00007fe752901000 is an unknown value
R13=0x000000012b468f18 is an unknown value
R14=0x0000000000000000 is an unknown value
R15=0x0000000000000000 is an unknown value


Stack: [0x00007fff4fccf000,0x00007fff504cf000],  sp=0x00007fff504caf00,  free space=8175k
Native frames: (J=compiled Java code, j=interpreted, Vv=VM code, C=native code)
C  [libjfxwebkit.dylib+0x9385a3]  Java_com_sun_webkit_PopupMenu_twkPopupClosed+0x6253
C  [libjfxwebkit.dylib+0x8f4726]  Java_com_sun_webkit_graphics_WCGraphicsManager_append+0x906
C  [libjfxwebkit.dylib+0x8da7ec]  Java_com_sun_webkit_dom_EventListenerImpl_twkDispatchEvent+0x51b8ec
C  [libjfxwebkit.dylib+0x8d7d47]  Java_com_sun_webkit_dom_EventListenerImpl_twkDispatchEvent+0x518e47
C  [libjfxwebkit.dylib+0x8cd9b5]  Java_com_sun_webkit_dom_EventListenerImpl_twkDispatchEvent+0x50eab5
C  [libjfxwebkit.dylib+0xa63047]  Java_com_sun_webkit_network_URLLoader_twkWillSendRequest+0x10eb97
C  [libjfxwebkit.dylib+0xada10d]  Java_com_sun_webkit_network_URLLoader_twkWillSendRequest+0x185c5d
C  [libjfxwebkit.dylib+0x4f3217]  Java_com_sun_webkit_dom_EventListenerImpl_twkDispatchEvent+0x134317
C  [libjfxwebkit.dylib+0x4f14ce]  Java_com_sun_webkit_dom_EventListenerImpl_twkDispatchEvent+0x1325ce
C  [libjfxwebkit.dylib+0x51b78b]  Java_com_sun_webkit_dom_EventListenerImpl_twkDispatchEvent+0x15c88b
C  [libjfxwebkit.dylib+0x516c30]  Java_com_sun_webkit_dom_EventListenerImpl_twkDispatchEvent+0x157d30
C  [libjfxwebkit.dylib+0x54a6ab]  Java_com_sun_webkit_dom_EventListenerImpl_twkDispatchEvent+0x18b7ab
C  [libjfxwebkit.dylib+0x6a46e8]  Java_com_sun_webkit_dom_EventListenerImpl_twkDispatchEvent+0x2e57e8
C  [libjfxwebkit.dylib+0x3eb4fa]  Java_com_sun_webkit_dom_EventListenerImpl_twkDispatchEvent+0x2c5fa
C  [libjfxwebkit.dylib+0xde932f]  JSValueIsObjectOfClass+0x5080f
C  [libjfxwebkit.dylib+0xde9838]  JSValueIsObjectOfClass+0x50d18
C  [libjfxwebkit.dylib+0xdf2326]  JSValueIsObjectOfClass+0x59806
C  [libjfxwebkit.dylib+0xdefe02]  JSValueIsObjectOfClass+0x572e2
C  [libjfxwebkit.dylib+0xdef879]  JSValueIsObjectOfClass+0x56d59
C  [CoreFoundation+0xb53e4]  __CFRUNLOOP_IS_CALLING_OUT_TO_A_TIMER_CALLBACK_FUNCTION__+0x14
C  [CoreFoundation+0xb4f1f]  __CFRunLoopDoTimer+0x47f
C  [CoreFoundation+0x1265aa]  __CFRunLoopDoTimers+0x12a
C  [CoreFoundation+0x706a5]  __CFRunLoopRun+0x5f5
C  [CoreFoundation+0x6fe75]  CFRunLoopRunSpecific+0x135
C  [java+0x6490]  CreateExecutionEnvironment+0x367
C  [java+0x221c]  JLI_Launch+0x7a0
C  [java+0x84ed]  main+0x65
C  [java+0x1a74]  start+0x34


---------------  P R O C E S S  ---------------

VM state:not at safepoint (normal execution)

VM Mutex/Monitor currently owned by a thread: None

Heap:
 PSYoungGen      total 54272K, used 42138K [0x00000007aab00000, 0x00000007af480000, 0x00000007c0000000)
  eden space 47104K, 85% used [0x00000007aab00000,0x00000007ad27eb28,0x00000007ad900000)
  from space 7168K, 23% used [0x00000007ad900000,0x00000007adaa8020,0x00000007ae000000)
  to   space 7168K, 0% used [0x00000007aed80000,0x00000007aed80000,0x00000007af480000)
 ParOldGen       total 36352K, used 11785K [0x0000000780000000, 0x0000000782380000, 0x00000007aab00000)
  object space 36352K, 32% used [0x0000000780000000,0x0000000780b82718,0x0000000782380000)
 Metaspace       used 22696K, capacity 23354K, committed 23680K, reserved 1071104K
  class space    used 2200K, capacity 2360K, committed 2432K, reserved 1048576K

Card table byte_map: [0x0000000120501000,0x0000000120702000] byte_map_base: 0x000000011c901000

Marking Bits: (ParMarkBitMap*) 0x00000001101247a0
 Begin Bits: [0x0000000120c64000, 0x0000000121c64000)
 End Bits:   [0x0000000121c64000, 0x0000000122c64000)

Polling page: 0x00000001107ef000

CodeCache: size=245760Kb used=15922Kb max_used=15922Kb free=229837Kb
 bounds [0x0000000111141000, 0x00000001120e1000, 0x0000000120141000]
 total_blobs=4029 nmethods=3372 adapters=569
 compilation: enabled

Compilation events (10 events):
Event: 12.416 Thread 0x00007fe762039800 3552   !   3       sun.invoke.util.VerifyAccess::isTypeVisible (101 bytes)
Event: 12.419 Thread 0x00007fe762039800 nmethod 3552 0x00000001120d3c10 code [0x00000001120d3f20, 0x00000001120d5a78]
Event: 12.439 Thread 0x00007fe762039800 3553       3       java.lang.Byte::valueOf (10 bytes)
Event: 12.439 Thread 0x00007fe762039800 nmethod 3553 0x00000001120d7a50 code [0x00000001120d7bc0, 0x00000001120d7d30]
Event: 12.440 Thread 0x00007fe762039800 3554       3       java.lang.invoke.MemberName::<init> (131 bytes)
Event: 12.441 Thread 0x00007fe762039800 nmethod 3554 0x00000001120d7e10 code [0x00000001120d80e0, 0x00000001120d94d8]
Event: 12.441 Thread 0x00007fe762039800 3555       3       java.lang.invoke.MemberName::hashCode (39 bytes)
Event: 12.442 Thread 0x00007fe762039800 nmethod 3555 0x00000001120d9cd0 code [0x00000001120d9ee0, 0x00000001120dac68]
Event: 12.442 Thread 0x00007fe762039800 3556   !   3       java.lang.invoke.MethodHandleNatives::linkMethodHandleConstant (154 bytes)
Event: 12.443 Thread 0x00007fe762039800 nmethod 3556 0x00000001120db0d0 code [0x00000001120db340, 0x00000001120dbfc8]

GC Heap History (10 events):
Event: 7.420 GC heap before
{Heap before GC invocations=8 (full 1):
 PSYoungGen      total 28672K, used 26175K [0x00000007aab00000, 0x00000007acf80000, 0x00000007c0000000)
  eden space 22528K, 96% used [0x00000007aab00000,0x00000007ac053aa0,0x00000007ac100000)
  from space 6144K, 70% used [0x00000007ac700000,0x00000007acb3c3e0,0x00000007acd00000)
  to   space 6144K, 0% used [0x00000007ac100000,0x00000007ac100000,0x00000007ac700000)
 ParOldGen       total 36352K, used 6204K [0x0000000780000000, 0x0000000782380000, 0x00000007aab00000)
  object space 36352K, 17% used [0x0000000780000000,0x000000078060f220,0x0000000782380000)
 Metaspace       used 21342K, capacity 22002K, committed 22400K, reserved 1069056K
  class space    used 2182K, capacity 2346K, committed 2432K, reserved 1048576K
Event: 7.428 GC heap after
Heap after GC invocations=8 (full 1):
 PSYoungGen      total 28672K, used 4448K [0x00000007aab00000, 0x00000007adb80000, 0x00000007c0000000)
  eden space 22528K, 0% used [0x00000007aab00000,0x00000007aab00000,0x00000007ac100000)
  from space 6144K, 72% used [0x00000007ac100000,0x00000007ac5583d0,0x00000007ac700000)
  to   space 6656K, 0% used [0x00000007ad500000,0x00000007ad500000,0x00000007adb80000)
 ParOldGen       total 36352K, used 6212K [0x0000000780000000, 0x0000000782380000, 0x00000007aab00000)
  object space 36352K, 17% used [0x0000000780000000,0x0000000780611220,0x0000000782380000)
 Metaspace       used 21342K, capacity 22002K, committed 22400K, reserved 1069056K
  class space    used 2182K, capacity 2346K, committed 2432K, reserved 1048576K
}
Event: 7.855 GC heap before
{Heap before GC invocations=9 (full 1):
 PSYoungGen      total 28672K, used 26976K [0x00000007aab00000, 0x00000007adb80000, 0x00000007c0000000)
  eden space 22528K, 100% used [0x00000007aab00000,0x00000007ac100000,0x00000007ac100000)
  from space 6144K, 72% used [0x00000007ac100000,0x00000007ac5583d0,0x00000007ac700000)
  to   space 6656K, 0% used [0x00000007ad500000,0x00000007ad500000,0x00000007adb80000)
 ParOldGen       total 36352K, used 6216K [0x0000000780000000, 0x0000000782380000, 0x00000007aab00000)
  object space 36352K, 17% used [0x0000000780000000,0x0000000780612230,0x0000000782380000)
 Metaspace       used 21578K, capacity 22268K, committed 22656K, reserved 1069056K
  class space    used 2194K, capacity 2349K, committed 2432K, reserved 1048576K
Event: 7.863 GC heap after
Heap after GC invocations=9 (full 1):
 PSYoungGen      total 41984K, used 6240K [0x00000007aab00000, 0x00000007ade00000, 0x00000007c0000000)
  eden space 35328K, 0% used [0x00000007aab00000,0x00000007aab00000,0x00000007acd80000)
  from space 6656K, 93% used [0x00000007ad500000,0x00000007adb183e0,0x00000007adb80000)
  to   space 7680K, 0% used [0x00000007acd80000,0x00000007acd80000,0x00000007ad500000)
 ParOldGen       total 36352K, used 8272K [0x0000000780000000, 0x0000000782380000, 0x00000007aab00000)
  object space 36352K, 22% used [0x0000000780000000,0x0000000780814240,0x0000000782380000)
 Metaspace       used 21578K, capacity 22268K, committed 22656K, reserved 1069056K
  class space    used 2194K, capacity 2349K, committed 2432K, reserved 1048576K
}
Event: 8.858 GC heap before
{Heap before GC invocations=10 (full 1):
 PSYoungGen      total 41984K, used 41568K [0x00000007aab00000, 0x00000007ade00000, 0x00000007c0000000)
  eden space 35328K, 100% used [0x00000007aab00000,0x00000007acd80000,0x00000007acd80000)
  from space 6656K, 93% used [0x00000007ad500000,0x00000007adb183e0,0x00000007adb80000)
  to   space 7680K, 0% used [0x00000007acd80000,0x00000007acd80000,0x00000007ad500000)
 ParOldGen       total 36352K, used 8718K [0x0000000780000000, 0x0000000782380000, 0x00000007aab00000)
  object space 36352K, 23% used [0x0000000780000000,0x00000007808839c8,0x0000000782380000)
 Metaspace       used 22010K, capacity 22588K, committed 22912K, reserved 1069056K
  class space    used 2194K, capacity 2349K, committed 2432K, reserved 1048576K
Event: 8.863 GC heap after
Heap after GC invocations=10 (full 1):
 PSYoungGen      total 43008K, used 3808K [0x00000007aab00000, 0x00000007ae780000, 0x00000007c0000000)
  eden space 35328K, 0% used [0x00000007aab00000,0x00000007aab00000,0x00000007acd80000)
  from space 7680K, 49% used [0x00000007acd80000,0x00000007ad1383c0,0x00000007ad500000)
  to   space 7168K, 0% used [0x00000007ae080000,0x00000007ae080000,0x00000007ae780000)
 ParOldGen       total 36352K, used 8726K [0x0000000780000000, 0x0000000782380000, 0x00000007aab00000)
  object space 36352K, 24% used [0x0000000780000000,0x00000007808859c8,0x0000000782380000)
 Metaspace       used 22010K, capacity 22588K, committed 22912K, reserved 1069056K
  class space    used 2194K, capacity 2349K, committed 2432K, reserved 1048576K
}
Event: 9.869 GC heap before
{Heap before GC invocations=11 (full 1):
 PSYoungGen      total 43008K, used 39136K [0x00000007aab00000, 0x00000007ae780000, 0x00000007c0000000)
  eden space 35328K, 100% used [0x00000007aab00000,0x00000007acd80000,0x00000007acd80000)
  from space 7680K, 49% used [0x00000007acd80000,0x00000007ad1383c0,0x00000007ad500000)
  to   space 7168K, 0% used [0x00000007ae080000,0x00000007ae080000,0x00000007ae780000)
 ParOldGen       total 36352K, used 8726K [0x0000000780000000, 0x0000000782380000, 0x00000007aab00000)
  object space 36352K, 24% used [0x0000000780000000,0x00000007808859c8,0x0000000782380000)
 Metaspace       used 22258K, capacity 22912K, committed 23168K, reserved 1071104K
  class space    used 2194K, capacity 2349K, committed 2432K, reserved 1048576K
Event: 9.873 GC heap after
Heap after GC invocations=11 (full 1):
 PSYoungGen      total 53760K, used 4784K [0x00000007aab00000, 0x00000007ae700000, 0x00000007c0000000)
  eden space 47104K, 0% used [0x00000007aab00000,0x00000007aab00000,0x00000007ad900000)
  from space 6656K, 71% used [0x00000007ae080000,0x00000007ae52c3e0,0x00000007ae700000)
  to   space 7168K, 0% used [0x00000007ad900000,0x00000007ad900000,0x00000007ae000000)
 ParOldGen       total 36352K, used 8750K [0x0000000780000000, 0x0000000782380000, 0x00000007aab00000)
  object space 36352K, 24% used [0x0000000780000000,0x000000078088b9c8,0x0000000782380000)
 Metaspace       used 22258K, capacity 22912K, committed 23168K, reserved 1071104K
  class space    used 2194K, capacity 2349K, committed 2432K, reserved 1048576K
}
Event: 11.281 GC heap before
{Heap before GC invocations=12 (full 1):
 PSYoungGen      total 53760K, used 51888K [0x00000007aab00000, 0x00000007ae700000, 0x00000007c0000000)
  eden space 47104K, 100% used [0x00000007aab00000,0x00000007ad900000,0x00000007ad900000)
  from space 6656K, 71% used [0x00000007ae080000,0x00000007ae52c3e0,0x00000007ae700000)
  to   space 7168K, 0% used [0x00000007ad900000,0x00000007ad900000,0x00000007ae000000)
 ParOldGen       total 36352K, used 8750K [0x0000000780000000, 0x0000000782380000, 0x00000007aab00000)
  object space 36352K, 24% used [0x0000000780000000,0x000000078088b9c8,0x0000000782380000)
 Metaspace       used 22469K, capacity 23104K, committed 23424K, reserved 1071104K
  class space    used 2194K, capacity 2349K, committed 2432K, reserved 1048576K
Event: 11.285 GC heap after
Heap after GC invocations=12 (full 1):
 PSYoungGen      total 54272K, used 1696K [0x00000007aab00000, 0x00000007af480000, 0x00000007c0000000)
  eden space 47104K, 0% used [0x00000007aab00000,0x00000007aab00000,0x00000007ad900000)
  from space 7168K, 23% used [0x00000007ad900000,0x00000007adaa8020,0x00000007ae000000)
  to   space 7168K, 0% used [0x00000007aed80000,0x00000007aed80000,0x00000007af480000)
 ParOldGen       total 36352K, used 11785K [0x0000000780000000, 0x0000000782380000, 0x00000007aab00000)
  object space 36352K, 32% used [0x0000000780000000,0x0000000780b82718,0x0000000782380000)
 Metaspace       used 22469K, capacity 23104K, committed 23424K, reserved 1071104K
  class space    used 2194K, capacity 2349K, committed 2432K, reserved 1048576K
}

Deoptimization events (10 events):
Event: 6.245 Thread 0x00007fe761869000 Uncommon trap: reason=unstable_if action=reinterpret pc=0x00000001114895f4 method=java.lang.String.regionMatches(ZILjava/lang/String;II)Z @ 123
Event: 9.614 Thread 0x00007fe761869000 Uncommon trap: reason=array_check action=maybe_recompile pc=0x0000000111d22ef8 method=com.sun.javafx.css.SimpleSelector.applies(Ljavafx/css/Styleable;[Ljava/util/Set;I)Z @ 37
Event: 9.614 Thread 0x00007fe761869000 Uncommon trap: reason=array_check action=maybe_recompile pc=0x0000000111d22ef8 method=com.sun.javafx.css.SimpleSelector.applies(Ljavafx/css/Styleable;[Ljava/util/Set;I)Z @ 37
Event: 9.614 Thread 0x00007fe761869000 Uncommon trap: reason=array_check action=maybe_recompile pc=0x0000000111d22ef8 method=com.sun.javafx.css.SimpleSelector.applies(Ljavafx/css/Styleable;[Ljava/util/Set;I)Z @ 37
Event: 9.614 Thread 0x00007fe761869000 Uncommon trap: reason=array_check action=maybe_recompile pc=0x0000000111d22ef8 method=com.sun.javafx.css.SimpleSelector.applies(Ljavafx/css/Styleable;[Ljava/util/Set;I)Z @ 37
Event: 9.713 Thread 0x00007fe761869000 Uncommon trap: reason=array_check action=maybe_recompile pc=0x0000000111d53928 method=com.sun.javafx.css.SimpleSelector.applies(Ljavafx/css/Styleable;[Ljava/util/Set;I)Z @ 37
Event: 10.523 Thread 0x00007fe761869000 Uncommon trap: reason=array_check action=maybe_recompile pc=0x0000000111e644b4 method=com.sun.javafx.css.CompoundSelector.applies(Ljavafx/css/Styleable;[Ljava/util/Set;I)Z @ 128
Event: 10.523 Thread 0x00007fe761869000 Uncommon trap: reason=array_check action=maybe_recompile pc=0x0000000111e644b4 method=com.sun.javafx.css.CompoundSelector.applies(Ljavafx/css/Styleable;[Ljava/util/Set;I)Z @ 128
Event: 10.523 Thread 0x00007fe761869000 Uncommon trap: reason=array_check action=maybe_recompile pc=0x0000000111e644b4 method=com.sun.javafx.css.CompoundSelector.applies(Ljavafx/css/Styleable;[Ljava/util/Set;I)Z @ 128
Event: 10.523 Thread 0x00007fe761869000 Uncommon trap: reason=array_check action=maybe_recompile pc=0x0000000111e644b4 method=com.sun.javafx.css.CompoundSelector.applies(Ljavafx/css/Styleable;[Ljava/util/Set;I)Z @ 128

Internal exceptions (10 events):
Event: 0.342 Thread 0x00007fe762005000 Exception <a 'java/security/PrivilegedActionException'> (0x00000007aadfeeb8) thrown at [/Users/java_re/workspace/8-2-build-macosx-x86_64/jdk8u40/3098/hotspot/src/share/vm/prims/jvm.cpp, line 1382]
Event: 0.343 Thread 0x00007fe762005000 Exception <a 'java/lang/NullPointerException'> (0x00000007aae00368) thrown at [/Users/java_re/workspace/8-2-build-macosx-x86_64/jdk8u40/3098/hotspot/src/share/vm/interpreter/linkResolver.cpp, line 1178]
Event: 0.750 Thread 0x00007fe761869000 Exception <a 'java/lang/NullPointerException'> (0x00000007ab585ec0) thrown at [/Users/java_re/workspace/8-2-build-macosx-x86_64/jdk8u40/3098/hotspot/src/share/vm/interpreter/linkResolver.cpp, line 1178]
Event: 0.750 Thread 0x00007fe761869000 Exception <a 'java/lang/NullPointerException'> (0x00000007ab585ec0) thrown at [/Users/java_re/workspace/8-2-build-macosx-x86_64/jdk8u40/3098/hotspot/src/share/vm/prims/jvm.cpp, line 1386]
Event: 1.227 Thread 0x00007fe761869000 Implicit null exception at 0x00000001113b2975 to 0x00000001113b2b71
Event: 2.928 Thread 0x00007fe761869000 Implicit null exception at 0x0000000111415775 to 0x0000000111415ae1
Event: 2.932 Thread 0x00007fe761869000 Implicit null exception at 0x0000000111357935 to 0x0000000111357c95
Event: 6.283 Thread 0x00007fe761869000 Exception <a 'sun/nio/fs/UnixException'> (0x00000007ab90b708) thrown at [/Users/java_re/workspace/8-2-build-macosx-x86_64/jdk8u40/3098/hotspot/src/share/vm/prims/jni.cpp, line 709]
Event: 6.285 Thread 0x00007fe761869000 Exception <a 'sun/nio/fs/UnixException'> (0x00000007ab90d490) thrown at [/Users/java_re/workspace/8-2-build-macosx-x86_64/jdk8u40/3098/hotspot/src/share/vm/prims/jni.cpp, line 709]
Event: 7.028 Thread 0x00007fe761869000 Exception <a 'java/io/FileNotFoundException'> (0x00000007aaf17ef0) thrown at [/Users/java_re/workspace/8-2-build-macosx-x86_64/jdk8u40/3098/hotspot/src/share/vm/prims/jni.cpp, line 709]

Events (10 events):
Event: 12.444 loading class javafx/application/Application done
Event: 12.447 loading class com/sun/javafx/tk/quantum/QuantumRenderer
Event: 12.447 loading class com/sun/javafx/tk/quantum/QuantumRenderer done
Event: 12.448 loading class com/sun/javafx/tk/quantum/QuantumToolkit
Event: 12.448 loading class com/sun/javafx/tk/quantum/QuantumToolkit done
Event: 12.448 Thread 0x00007fe7628f5800 Thread exited: 0x00007fe7628f5800
Event: 12.448 Thread 0x00007fe7628bc800 Thread exited: 0x00007fe7628bc800
Event: 12.448 Thread 0x00007fe762005000 Thread exited: 0x00007fe762005000
Event: 12.448 Thread 0x00007fe7549fd800 Thread added: 0x00007fe7549fd800
Event: 12.448 Thread 0x00007fe761869000 Thread exited: 0x00007fe761869000


Dynamic libraries:
0x000000000b789000 	/System/Library/Frameworks/Cocoa.framework/Versions/A/Cocoa
0x000000000b789000 	/System/Library/Frameworks/Security.framework/Versions/A/Security
0x000000000b789000 	/System/Library/Frameworks/ApplicationServices.framework/Versions/A/ApplicationServices
0x000000000b789000 	/usr/lib/libz.1.dylib
0x000000000b789000 	/usr/lib/libSystem.B.dylib
0x000000000b789000 	/usr/lib/libobjc.A.dylib
0x000000000b789000 	/System/Library/Frameworks/CoreFoundation.framework/Versions/A/CoreFoundation
0x000000000b789000 	/System/Library/Frameworks/Foundation.framework/Versions/C/Foundation
0x000000000b789000 	/System/Library/Frameworks/AppKit.framework/Versions/C/AppKit
0x000000000b789000 	/System/Library/Frameworks/CoreData.framework/Versions/A/CoreData
0x000000000b789000 	/System/Library/PrivateFrameworks/RemoteViewServices.framework/Versions/A/RemoteViewServices
0x000000000b789000 	/System/Library/Frameworks/AudioToolbox.framework/Versions/A/AudioToolbox
0x000000000b789000 	/System/Library/Frameworks/AudioUnit.framework/Versions/A/AudioUnit
0x000000000b789000 	/System/Library/PrivateFrameworks/DataDetectorsCore.framework/Versions/A/DataDetectorsCore
0x000000000b789000 	/System/Library/PrivateFrameworks/DesktopServicesPriv.framework/Versions/A/DesktopServicesPriv
0x000000000b789000 	/System/Library/Frameworks/Carbon.framework/Versions/A/Frameworks/HIToolbox.framework/Versions/A/HIToolbox
0x000000000b789000 	/System/Library/Frameworks/QuartzCore.framework/Versions/A/QuartzCore
0x000000000b789000 	/System/Library/Frameworks/Carbon.framework/Versions/A/Frameworks/SpeechRecognition.framework/Versions/A/SpeechRecognition
0x000000000b789000 	/usr/lib/libauto.dylib
0x000000000b789000 	/usr/lib/libicucore.A.dylib
0x000000000b789000 	/usr/lib/libxml2.2.dylib
0x000000000b789000 	/System/Library/PrivateFrameworks/CoreUI.framework/Versions/A/CoreUI
0x000000000b789000 	/System/Library/Frameworks/CoreAudio.framework/Versions/A/CoreAudio
0x000000000b789000 	/System/Library/Frameworks/DiskArbitration.framework/Versions/A/DiskArbitration
0x000000000b789000 	/usr/lib/liblangid.dylib
0x000000000b789000 	/System/Library/PrivateFrameworks/MultitouchSupport.framework/Versions/A/MultitouchSupport
0x000000000b789000 	/System/Library/Frameworks/IOKit.framework/Versions/A/IOKit
0x000000000b789000 	/usr/lib/libDiagnosticMessagesClient.dylib
0x000000000b789000 	/System/Library/Frameworks/CoreServices.framework/Versions/A/CoreServices
0x000000000b789000 	/System/Library/PrivateFrameworks/PerformanceAnalysis.framework/Versions/A/PerformanceAnalysis
0x000000000b789000 	/System/Library/PrivateFrameworks/GenerationalStorage.framework/Versions/A/GenerationalStorage
0x000000000b789000 	/System/Library/Frameworks/OpenGL.framework/Versions/A/OpenGL
0x000000000b789000 	/System/Library/PrivateFrameworks/Sharing.framework/Versions/A/Sharing
0x000000000b789000 	/System/Library/Frameworks/ImageIO.framework/Versions/A/ImageIO
0x000000000b789000 	/System/Library/Frameworks/CoreText.framework/Versions/A/CoreText
0x000000000b789000 	/System/Library/Frameworks/CoreGraphics.framework/Versions/A/CoreGraphics
0x000000000b789000 	/System/Library/PrivateFrameworks/Backup.framework/Versions/A/Backup
0x000000000b789000 	/System/Library/Frameworks/CFNetwork.framework/Versions/A/CFNetwork
0x000000000b789000 	/System/Library/Frameworks/SystemConfiguration.framework/Versions/A/SystemConfiguration
0x000000000b789000 	/usr/lib/libCRFSuite.dylib
0x000000000b789000 	/usr/lib/libc++.1.dylib
0x000000000b789000 	/usr/lib/libc++abi.dylib
0x000000000b789000 	/usr/lib/system/libcache.dylib
0x000000000b789000 	/usr/lib/system/libcommonCrypto.dylib
0x000000000b789000 	/usr/lib/system/libcompiler_rt.dylib
0x000000000b789000 	/usr/lib/system/libcopyfile.dylib
0x000000000b789000 	/usr/lib/system/libcorecrypto.dylib
0x000000000b789000 	/usr/lib/system/libdispatch.dylib
0x000000000b789000 	/usr/lib/system/libdyld.dylib
0x000000000b789000 	/usr/lib/system/libkeymgr.dylib
0x000000000b789000 	/usr/lib/system/liblaunch.dylib
0x000000000b789000 	/usr/lib/system/libmacho.dylib
0x000000000b789000 	/usr/lib/system/libquarantine.dylib
0x000000000b789000 	/usr/lib/system/libremovefile.dylib
0x000000000b789000 	/usr/lib/system/libsystem_asl.dylib
0x000000000b789000 	/usr/lib/system/libsystem_blocks.dylib
0x000000000b789000 	/usr/lib/system/libsystem_c.dylib
0x000000000b789000 	/usr/lib/system/libsystem_configuration.dylib
0x000000000b789000 	/usr/lib/system/libsystem_dnssd.dylib
0x000000000b789000 	/usr/lib/system/libsystem_info.dylib
0x000000000b789000 	/usr/lib/system/libsystem_kernel.dylib
0x000000000b789000 	/usr/lib/system/libsystem_m.dylib
0x000000000b789000 	/usr/lib/system/libsystem_malloc.dylib
0x000000000b789000 	/usr/lib/system/libsystem_network.dylib
0x000000000b789000 	/usr/lib/system/libsystem_notify.dylib
0x000000000b789000 	/usr/lib/system/libsystem_platform.dylib
0x000000000b789000 	/usr/lib/system/libsystem_pthread.dylib
0x000000000b789000 	/usr/lib/system/libsystem_sandbox.dylib
0x000000000b789000 	/usr/lib/system/libsystem_stats.dylib
0x000000000b789000 	/usr/lib/system/libunc.dylib
0x000000000b789000 	/usr/lib/system/libunwind.dylib
0x000000000b789000 	/usr/lib/system/libxpc.dylib
0x000000000b789000 	/usr/lib/libbsm.0.dylib
0x000000000b789000 	/usr/lib/libsqlite3.dylib
0x000000000b789000 	/usr/lib/libxar.1.dylib
0x000000000b789000 	/usr/lib/libpam.2.dylib
0x000000000b789000 	/usr/lib/libOpenScriptingUtil.dylib
0x000000000b789000 	/usr/lib/libbz2.1.0.dylib
0x000000000b789000 	/System/Library/Frameworks/CoreServices.framework/Versions/A/Frameworks/CarbonCore.framework/Versions/A/CarbonCore
0x000000000b789000 	/System/Library/Frameworks/CoreServices.framework/Versions/A/Frameworks/Metadata.framework/Versions/A/Metadata
0x000000000b789000 	/System/Library/Frameworks/CoreServices.framework/Versions/A/Frameworks/OSServices.framework/Versions/A/OSServices
0x000000000b789000 	/System/Library/Frameworks/CoreServices.framework/Versions/A/Frameworks/SearchKit.framework/Versions/A/SearchKit
0x000000000b789000 	/System/Library/Frameworks/CoreServices.framework/Versions/A/Frameworks/AE.framework/Versions/A/AE
0x000000000b789000 	/System/Library/Frameworks/CoreServices.framework/Versions/A/Frameworks/LaunchServices.framework/Versions/A/LaunchServices
0x000000000b789000 	/System/Library/Frameworks/CoreServices.framework/Versions/A/Frameworks/DictionaryServices.framework/Versions/A/DictionaryServices
0x000000000b789000 	/System/Library/Frameworks/NetFS.framework/Versions/A/NetFS
0x000000000b789000 	/usr/lib/system/libkxld.dylib
0x000000000b789000 	/System/Library/PrivateFrameworks/NetAuth.framework/Versions/A/NetAuth
0x000000000b789000 	/System/Library/PrivateFrameworks/TCC.framework/Versions/A/TCC
0x000000000b789000 	/System/Library/Frameworks/OpenDirectory.framework/Versions/A/Frameworks/CFOpenDirectory.framework/Versions/A/CFOpenDirectory
0x000000000b789000 	/System/Library/Frameworks/ServiceManagement.framework/Versions/A/ServiceManagement
0x000000000b789000 	/usr/lib/libxslt.1.dylib
0x000000000b789000 	/System/Library/Frameworks/Carbon.framework/Versions/A/Frameworks/Ink.framework/Versions/A/Ink
0x000000000b789000 	/System/Library/Frameworks/ApplicationServices.framework/Versions/A/Frameworks/ATS.framework/Versions/A/ATS
0x000000000b789000 	/System/Library/Frameworks/ApplicationServices.framework/Versions/A/Frameworks/ColorSync.framework/Versions/A/ColorSync
0x000000000b789000 	/System/Library/Frameworks/ApplicationServices.framework/Versions/A/Frameworks/HIServices.framework/Versions/A/HIServices
0x000000000b789000 	/System/Library/Frameworks/ApplicationServices.framework/Versions/A/Frameworks/LangAnalysis.framework/Versions/A/LangAnalysis
0x000000000b789000 	/System/Library/Frameworks/ApplicationServices.framework/Versions/A/Frameworks/PrintCore.framework/Versions/A/PrintCore
0x000000000b789000 	/System/Library/Frameworks/ApplicationServices.framework/Versions/A/Frameworks/QD.framework/Versions/A/QD
0x000000000b789000 	/System/Library/Frameworks/ApplicationServices.framework/Versions/A/Frameworks/SpeechSynthesis.framework/Versions/A/SpeechSynthesis
0x000000000b789000 	/System/Library/Frameworks/IOSurface.framework/Versions/A/IOSurface
0x000000000b789000 	/System/Library/Frameworks/Accelerate.framework/Versions/A/Accelerate
0x000000000b789000 	/System/Library/Frameworks/Accelerate.framework/Versions/A/Frameworks/vImage.framework/Versions/A/vImage
0x000000000b789000 	/System/Library/Frameworks/Accelerate.framework/Versions/A/Frameworks/vecLib.framework/Versions/A/vecLib
0x000000000b789000 	/System/Library/Frameworks/Accelerate.framework/Versions/A/Frameworks/vecLib.framework/Versions/A/libvDSP.dylib
0x000000000b789000 	/System/Library/Frameworks/Accelerate.framework/Versions/A/Frameworks/vecLib.framework/Versions/A/libvMisc.dylib
0x000000000b789000 	/System/Library/Frameworks/Accelerate.framework/Versions/A/Frameworks/vecLib.framework/Versions/A/libLAPACK.dylib
0x000000000b789000 	/System/Library/Frameworks/Accelerate.framework/Versions/A/Frameworks/vecLib.framework/Versions/A/libBLAS.dylib
0x000000000b789000 	/System/Library/Frameworks/ApplicationServices.framework/Versions/A/Frameworks/ATS.framework/Versions/A/Resources/libFontParser.dylib
0x000000000b789000 	/System/Library/Frameworks/ApplicationServices.framework/Versions/A/Frameworks/ATS.framework/Versions/A/Resources/libFontRegistry.dylib
0x000000000b789000 	/System/Library/Frameworks/ImageIO.framework/Versions/A/Resources/libJPEG.dylib
0x000000000b789000 	/System/Library/Frameworks/ImageIO.framework/Versions/A/Resources/libTIFF.dylib
0x000000000b789000 	/System/Library/Frameworks/ImageIO.framework/Versions/A/Resources/libPng.dylib
0x000000000b789000 	/System/Library/Frameworks/ImageIO.framework/Versions/A/Resources/libGIF.dylib
0x000000000b789000 	/System/Library/Frameworks/ImageIO.framework/Versions/A/Resources/libJP2.dylib
0x000000000b789000 	/System/Library/Frameworks/ImageIO.framework/Versions/A/Resources/libRadiance.dylib
0x000000000b789000 	/usr/lib/libcups.2.dylib
0x000000000b789000 	/System/Library/Frameworks/Kerberos.framework/Versions/A/Kerberos
0x000000000b789000 	/System/Library/Frameworks/GSS.framework/Versions/A/GSS
0x000000000b789000 	/usr/lib/libresolv.9.dylib
0x000000000b789000 	/usr/lib/libiconv.2.dylib
0x000000000b789000 	/System/Library/PrivateFrameworks/Heimdal.framework/Versions/A/Heimdal
0x000000000b789000 	/System/Library/PrivateFrameworks/TrustEvaluationAgent.framework/Versions/A/TrustEvaluationAgent
0x000000000b789000 	/usr/lib/libheimdal-asn1.dylib
0x000000000b789000 	/System/Library/Frameworks/OpenDirectory.framework/Versions/A/OpenDirectory
0x000000000b789000 	/System/Library/PrivateFrameworks/CommonAuth.framework/Versions/A/CommonAuth
0x000000000b789000 	/System/Library/Frameworks/SecurityFoundation.framework/Versions/A/SecurityFoundation
0x000000000b789000 	/System/Library/PrivateFrameworks/Bom.framework/Versions/A/Bom
0x000000000b789000 	/System/Library/Frameworks/CoreVideo.framework/Versions/A/CoreVideo
0x000000000b789000 	/System/Library/Frameworks/QuartzCore.framework/Versions/A/Frameworks/CoreImage.framework/Versions/A/CoreImage
0x000000000b789000 	/System/Library/Frameworks/QuartzCore.framework/Versions/A/Frameworks/ScalableUserInterface.framework/Versions/A/ScalableUserInterface
0x000000000b789000 	/System/Library/Frameworks/OpenGL.framework/Versions/A/Libraries/libGLU.dylib
0x000000000b789000 	/System/Library/Frameworks/OpenGL.framework/Versions/A/Libraries/libGFXShared.dylib
0x000000000b789000 	/System/Library/Frameworks/OpenGL.framework/Versions/A/Libraries/libGL.dylib
0x000000000b789000 	/System/Library/Frameworks/OpenGL.framework/Versions/A/Libraries/libGLImage.dylib
0x000000000b789000 	/System/Library/Frameworks/OpenGL.framework/Versions/A/Libraries/libCVMSPluginSupport.dylib
0x000000000b789000 	/System/Library/Frameworks/OpenGL.framework/Versions/A/Libraries/libCoreVMClient.dylib
0x000000000b789000 	/System/Library/PrivateFrameworks/FaceCore.framework/Versions/A/FaceCore
0x000000000b789000 	/System/Library/PrivateFrameworks/CrashReporterSupport.framework/Versions/A/CrashReporterSupport
0x000000000b789000 	/System/Library/Frameworks/OpenCL.framework/Versions/A/OpenCL
0x000000000b789000 	/System/Library/PrivateFrameworks/AppleFSCompression.framework/Versions/A/AppleFSCompression
0x000000000b789000 	/System/Library/PrivateFrameworks/Ubiquity.framework/Versions/A/Ubiquity
0x000000000b789000 	/System/Library/PrivateFrameworks/IconServices.framework/Versions/A/IconServices
0x000000000b789000 	/System/Library/PrivateFrameworks/ChunkingLibrary.framework/Versions/A/ChunkingLibrary
0x000000000b789000 	/System/Library/PrivateFrameworks/CoreSymbolication.framework/Versions/A/CoreSymbolication
0x000000000b789000 	/System/Library/PrivateFrameworks/Symbolication.framework/Versions/A/Symbolication
0x000000000b789000 	/System/Library/PrivateFrameworks/DebugSymbols.framework/Versions/A/DebugSymbols
0x000000010f862000 	/Library/Java/JavaVirtualMachines/jdk1.8.0_40.jdk/Contents/Home/jre/lib/server/libjvm.dylib
0x000000000b789000 	/usr/lib/libstdc++.6.dylib
0x00000001107e1000 	/Library/Java/JavaVirtualMachines/jdk1.8.0_40.jdk/Contents/Home/jre/lib/libverify.dylib
0x0000000111103000 	/Library/Java/JavaVirtualMachines/jdk1.8.0_40.jdk/Contents/Home/jre/lib/libjava.dylib
0x0000000111138000 	/Library/Java/JavaVirtualMachines/jdk1.8.0_40.jdk/Contents/Home/jre/lib/libzip.dylib
0x0000000124c27000 	/System/Library/Frameworks/JavaVM.framework/Frameworks/JavaRuntimeSupport.framework/JavaRuntimeSupport
0x0000000124c3f000 	/System/Library/Frameworks/JavaVM.framework/Versions/A/Frameworks/JavaNativeFoundation.framework/Versions/A/JavaNativeFoundation
0x0000000124c53000 	/System/Library/Frameworks/JavaVM.framework/Versions/A/JavaVM
0x000000000b789000 	/System/Library/Frameworks/Carbon.framework/Versions/A/Carbon
0x0000000124c5f000 	/System/Library/PrivateFrameworks/JavaLaunching.framework/Versions/A/JavaLaunching
0x000000000b789000 	/System/Library/Frameworks/Carbon.framework/Versions/A/Frameworks/CommonPanels.framework/Versions/A/CommonPanels
0x000000000b789000 	/System/Library/Frameworks/Carbon.framework/Versions/A/Frameworks/Help.framework/Versions/A/Help
0x000000000b789000 	/System/Library/Frameworks/Carbon.framework/Versions/A/Frameworks/ImageCapture.framework/Versions/A/ImageCapture
0x000000000b789000 	/System/Library/Frameworks/Carbon.framework/Versions/A/Frameworks/OpenScripting.framework/Versions/A/OpenScripting
0x000000000b789000 	/System/Library/Frameworks/Carbon.framework/Versions/A/Frameworks/Print.framework/Versions/A/Print
0x000000000b789000 	/System/Library/Frameworks/Carbon.framework/Versions/A/Frameworks/SecurityHI.framework/Versions/A/SecurityHI
0x000000012552c000 	/Library/Java/JavaVirtualMachines/jdk1.8.0_40.jdk/Contents/Home/jre/lib/libprism_es2.dylib
0x000000000b789000 	/System/Library/Frameworks/OpenGL.framework/Versions/A/Resources/GLEngine.bundle/GLEngine
0x000000000b789000 	/System/Library/Frameworks/OpenGL.framework/Versions/A/Libraries/libGLProgrammability.dylib
0x0000000000000000 	/System/Library/Extensions/AppleIntelHD4000GraphicsGLDriver.bundle/Contents/MacOS/AppleIntelHD4000GraphicsGLDriver
0x000000000b789000 	/System/Library/PrivateFrameworks/IOAccelerator.framework/Versions/A/IOAccelerator
0x000000000b789000 	/System/Library/PrivateFrameworks/GPUSupport.framework/Versions/A/Libraries/libGPUSupportMercury.dylib
0x000000000b789000 	/System/Library/Frameworks/OpenGL.framework/Versions/A/Resources/GLRendererFloat.bundle/GLRendererFloat
0x000000000b789000 	/System/Library/Frameworks/OpenCL.framework/Versions/A/Libraries/libcldcpuengine.dylib
0x000000000b789000 	/System/Library/PrivateFrameworks/DiskImages.framework/Versions/A/DiskImages
0x000000000b789000 	/System/Library/Frameworks/DiscRecording.framework/Versions/A/DiscRecording
0x000000000b789000 	/usr/lib/libcsfde.dylib
0x000000000b789000 	/usr/lib/libcurl.4.dylib
0x000000000b789000 	/System/Library/PrivateFrameworks/MediaKit.framework/Versions/A/MediaKit
0x000000000b789000 	/usr/lib/libCoreStorage.dylib
0x000000000b789000 	/System/Library/PrivateFrameworks/EFILogin.framework/Versions/A/EFILogin
0x000000000b789000 	/usr/lib/libutil.dylib
0x000000000b789000 	/System/Library/PrivateFrameworks/AOSNotification.framework/Versions/A/AOSNotification
0x000000000b789000 	/System/Library/Frameworks/LDAP.framework/Versions/A/LDAP
0x000000000b789000 	/usr/lib/libsasl2.2.dylib
0x000000000b789000 	/usr/lib/libcrypto.0.9.8.dylib
0x000000000b789000 	/usr/lib/libssl.0.9.8.dylib
0x0000000125e2a000 	/Library/Java/JavaVirtualMachines/jdk1.8.0_40.jdk/Contents/Home/jre/lib/libglass.dylib
0x000000000b789000 	/System/Library/PrivateFrameworks/CoreServicesInternal.framework/Versions/A/CoreServicesInternal
0x000000000b789000 	/System/Library/PrivateFrameworks/Librarian.framework/Versions/A/Librarian
0x000000000b789000 	/System/Library/CoreServices/RawCamera.bundle/Contents/MacOS/RawCamera
0x0000000127626000 	/System/Library/Frameworks/CoreGraphics.framework/Versions/A/Resources/libCGCMS.A.dylib
0x0000000127738000 	/System/Library/Frameworks/CoreGraphics.framework/Versions/A/Resources/libRIP.A.dylib
0x000000000b789000 	/System/Library/PrivateFrameworks/FamilyControls.framework/Versions/A/FamilyControls
0x000000000b789000 	/System/Library/PrivateFrameworks/CommerceKit.framework/Versions/A/Frameworks/CommerceCore.framework/Versions/A/CommerceCore
0x000000000b789000 	/System/Library/PrivateFrameworks/SystemAdministration.framework/Versions/A/SystemAdministration
0x000000000b789000 	/System/Library/Frameworks/DirectoryService.framework/Versions/A/DirectoryService
0x000000000b789000 	/System/Library/PrivateFrameworks/LoginUIKit.framework/Versions/A/Frameworks/LoginUICore.framework/Versions/A/LoginUICore
0x000000000b789000 	/usr/lib/libodfde.dylib
0x0000000129995000 	/Library/Java/JavaVirtualMachines/jdk1.8.0_40.jdk/Contents/Home/jre/lib/libjfxwebkit.dylib
0x000000012bca6000 	/System/Library/Frameworks/CoreGraphics.framework/Versions/A/Resources/libCGXType.A.dylib
0x000000012ce09000 	/Library/Java/JavaVirtualMachines/jdk1.8.0_40.jdk/Contents/Home/jre/lib/libjavafx_font.dylib
0x000000012dc0a000 	cl_kernels
0x000000012dc0d000 	/System/Library/Frameworks/OpenCL.framework/Versions/A/Libraries/ImageFormats/unorm8_bgra.dylib
0x000000012dbfb000 	cl_kernels
0x0000000127775000 	/Library/Java/JavaVirtualMachines/jdk1.8.0_40.jdk/Contents/Home/jre/lib/libnet.dylib
0x00000001277f4000 	/Library/Java/JavaVirtualMachines/jdk1.8.0_40.jdk/Contents/Home/jre/lib/libnio.dylib
0x0000000127b81000 	/Library/Java/JavaVirtualMachines/jdk1.8.0_40.jdk/Contents/Home/jre/lib/libprism_common.dylib

VM Arguments:
jvm_args: -Dfile.encoding=UTF-8 
java_command: /Users/jaspertomas/NetBeansProjects/examples/MyAegisub/dist/run92597447/MyAegisub.jar
java_class_path (initial): /Users/jaspertomas/NetBeansProjects/examples/MyAegisub/dist/run92597447/MyAegisub.jar
Launcher Type: SUN_STANDARD

Environment Variables:
PATH=/usr/bin:/bin:/usr/sbin:/sbin
LD_LIBRARY_PATH=/Library/Java/JavaVirtualMachines/jdk1.8.0_40.jdk/Contents/Home/jre/lib/amd64:/Library/Java/JavaVirtualMachines/jdk1.8.0_40.jdk/Contents/Home/jre/lib/i386:
SHELL=/bin/bash
DISPLAY=/tmp/launch-eBZfiY/org.macosforge.xquartz:0
DYLD_LIBRARY_PATH=/Applications/NetBeans/NetBeans 8.0.2.app/Contents/Resources/NetBeans/webcommon/bin:

Signal Handlers:
SIGSEGV: [libjvm.dylib+0x58ef95], sa_mask[0]=11111111011111110111111111111111, sa_flags=SA_ONSTACK|SA_RESTART|SA_SIGINFO
SIGBUS: [libjvm.dylib+0x58ef95], sa_mask[0]=11111111011111110111111111111111, sa_flags=SA_RESTART|SA_SIGINFO
SIGFPE: [libjvm.dylib+0x46c118], sa_mask[0]=11111111011111110111111111111111, sa_flags=SA_RESTART|SA_SIGINFO
SIGPIPE: [libjvm.dylib+0x46c118], sa_mask[0]=11111111011111110111111111111111, sa_flags=SA_RESTART|SA_SIGINFO
SIGXFSZ: [libjvm.dylib+0x46c118], sa_mask[0]=11111111011111110111111111111111, sa_flags=SA_RESTART|SA_SIGINFO
SIGILL: [libjvm.dylib+0x46c118], sa_mask[0]=11111111011111110111111111111111, sa_flags=SA_RESTART|SA_SIGINFO
SIGUSR1: SIG_DFL, sa_mask[0]=00000000000000000000000000000000, sa_flags=SA_RESTART
SIGUSR2: [libjvm.dylib+0x46bc36], sa_mask[0]=00100000000000000000000000000000, sa_flags=SA_RESTART|SA_SIGINFO
SIGHUP: [libjvm.dylib+0x46a209], sa_mask[0]=11111111011111110111111111111111, sa_flags=SA_RESTART|SA_SIGINFO
SIGINT: SIG_IGN, sa_mask[0]=00000000000000000000000000000000, sa_flags=none
SIGTERM: [libjvm.dylib+0x46a209], sa_mask[0]=11111111011111110111111111111111, sa_flags=SA_RESTART|SA_SIGINFO
SIGQUIT: [libjvm.dylib+0x46a209], sa_mask[0]=11111111011111110111111111111111, sa_flags=SA_RESTART|SA_SIGINFO


---------------  S Y S T E M  ---------------

OS:Bsduname:Darwin 13.4.0 Darwin Kernel Version 13.4.0: Wed Dec 17 19:05:52 PST 2014; root:xnu-2422.115.10~1/RELEASE_X86_64 x86_64
rlimit: STACK 8192k, CORE 0k, NPROC 709, NOFILE 10240, AS infinity
load average:3.09 1.95 1.67

CPU:total 4 (2 cores per cpu, 2 threads per core) family 6 model 58 stepping 9, cmov, cx8, fxsr, mmx, sse, sse2, sse3, ssse3, sse4.1, sse4.2, popcnt, avx, aes, clmul, erms, ht, tsc, tscinvbit, tscinv

Memory: 4k page, physical 4194304k(176496k free)

/proc/meminfo:


vm_info: Java HotSpot(TM) 64-Bit Server VM (25.40-b25) for bsd-amd64 JRE (1.8.0_40-b26), built on Mar  7 2015 13:53:55 by "java_re" with gcc 4.2.1 (Based on Apple Inc. build 5658) (LLVM build 2336.11.00)

time: Thu Mar 19 18:54:39 2015
elapsed time: 13 seconds (0d 0h 0m 13s)

