#
# A fatal error has been detected by the Java Runtime Environment:
#
#  SIGSEGV (0xb) at pc=0x000000011c1f05a3, pid=6198, tid=3335
#
# JRE version: Java(TM) SE Runtime Environment (8.0_40-b26) (build 1.8.0_40-b26)
# Java VM: Java HotSpot(TM) 64-Bit Server VM (25.40-b25 mixed mode bsd-amd64 compressed oops)
# Problematic frame:
# C  [libjfxwebkit.dylib+0x9385a3]  Java_com_sun_webkit_PopupMenu_twkPopupClosed+0x6253
#
# Failed to write core dump. Core dumps have been disabled. To enable core dumping, try "ulimit -c unlimited" before starting Java again
#
# If you would like to submit a bug report, please visit:
#   http://bugreport.java.com/bugreport/crash.jsp
#

---------------  T H R E A D  ---------------

Current thread is native thread

siginfo: si_signo: 11 (SIGSEGV), si_code: 1 (SEGV_MAPERR), si_addr: 0x0000000000000000

Registers:
RAX=0x00007fff5e56cfe0, RBX=0x00007fc6ea8ae038, RCX=0x00007fff5e56cfb4, RDX=0x00007fc6f8cd32e8
RSP=0x00007fff5e56cf00, RBP=0x00007fff5e56cfd0, RSI=0x00007fc6f8c461e8, RDI=0x0000000000000000
R8 =0x00007fc6f8df91f0, R9 =0x00007fc6f8df2050, R10=0x0000000083d86623, R11=0x0000000052c4ef8d
R12=0x00007fc6ea8ae000, R13=0x000000011d398f30, R14=0x0000000000000000, R15=0x0000000000000000
RIP=0x000000011c1f05a3, EFLAGS=0x0000000000010246, ERR=0x0000000000000004
  TRAPNO=0x000000000000000e

Top of Stack: (sp=0x00007fff5e56cf00)
0x00007fff5e56cf00:   ffffffff00000058 0000005800000058
0x00007fff5e56cf10:   0000000000000000 00007fff5e56cfb4
0x00007fff5e56cf20:   00007fc6f8df91f0 00007fc6f8df2050
0x00007fff5e56cf30:   0000000000000000 0000000000000000
0x00007fff5e56cf40:   0000000000000000 0000000000000000
0x00007fff5e56cf50:   0000000000000000 0000000000000000
0x00007fff5e56cf60:   0000000000000000 0000000000000000
0x00007fff5e56cf70:   00007fff5e56cfa0 0000000101ad7d9d
0x00007fff5e56cf80:   0000000000000000 0000000000010002
0x00007fff5e56cf90:   00007fff5e56cfe8 0000000101fc7848
0x00007fff5e56cfa0:   00007fff5e56cfd0 0000000101ad5ca3
0x00007fff5e56cfb0:   fffffffe00000000 0000003000000018
0x00007fff5e56cfc0:   00007fff5e56cfe0 00007fff5e56cf00
0x00007fff5e56cfd0:   00007fff5e56d000 000000011c1ac726
0x00007fff5e56cfe0:   0000000000000000 0000000000000000
0x00007fff5e56cff0:   00007fc6ea8ae038 0000000000000000
0x00007fff5e56d000:   00007fff5e56d050 000000011c1927ec
0x00007fff5e56d010:   00007fc6fb220b60 0000000f00000000
0x00007fff5e56d020:   00007fc6f8cb52d0 00007fc6f8df9430
0x00007fff5e56d030:   00007fc6ea8ae000 000000011d398f30
0x00007fff5e56d040:   0000000000000000 0000000000000000
0x00007fff5e56d050:   00007fff5e56d090 000000011c18fd47
0x00007fff5e56d060:   00007fff5e56d100 00007fff82adb19a
0x00007fff5e56d070:   00007fc6fb263050 00007fc6f8dfc080
0x00007fff5e56d080:   00000001016ad400 00007fc6f8df9430
0x00007fff5e56d090:   00007fff5e56d0c0 000000011c1859b5
0x00007fff5e56d0a0:   00007fc6f8df9430 00007fc707801c48
0x00007fff5e56d0b0:   00007fc6f8df93c0 000000000000001f
0x00007fff5e56d0c0:   00007fff5e56d0e0 000000011c31b047
0x00007fff5e56d0d0:   00007fc6f8df9430 00007fc6f8df93c0
0x00007fff5e56d0e0:   00007fff5e56d100 000000011c39210d
0x00007fff5e56d0f0:   00007fc6f8df93c0 00007fc6f8df95d0 

Instructions: (pc=0x000000011c1f05a3)
0x000000011c1f0583:   8d 85 30 ff ff ff 48 89 45 f8 48 8d 45 10 48 89
0x000000011c1f0593:   45 f0 c7 45 ec 30 00 00 00 c7 45 e8 18 00 00 00
0x000000011c1f05a3:   48 8b 07 48 8d 4d e8 ff 90 90 01 00 00 48 81 c4
0x000000011c1f05b3:   d0 00 00 00 5d c3 90 90 90 90 90 90 90 55 48 89 

Register to memory mapping:

RAX=0x00007fff5e56cfe0 is an unknown value
RBX=0x00007fc6ea8ae038 is an unknown value
RCX=0x00007fff5e56cfb4 is an unknown value
RDX=0x00007fc6f8cd32e8 is an unknown value
RSP=0x00007fff5e56cf00 is an unknown value
RBP=0x00007fff5e56cfd0 is an unknown value
RSI=0x00007fc6f8c461e8 is a global jni handle
RDI=0x0000000000000000 is an unknown value
R8 =0x00007fc6f8df91f0 is an unknown value
R9 =0x00007fc6f8df2050 is an unknown value
R10=0x0000000083d86623 is an unknown value
R11=0x0000000052c4ef8d is an unknown value
R12=0x00007fc6ea8ae000 is an unknown value
R13=0x000000011d398f30 is an unknown value
R14=0x0000000000000000 is an unknown value
R15=0x0000000000000000 is an unknown value


Stack: [0x00007fff5dd71000,0x00007fff5e571000],  sp=0x00007fff5e56cf00,  free space=8175k
Native frames: (J=compiled Java code, j=interpreted, Vv=VM code, C=native code)
C  [libjfxwebkit.dylib+0x9385a3]  Java_com_sun_webkit_PopupMenu_twkPopupClosed+0x6253
C  [libjfxwebkit.dylib+0x8f4726]  Java_com_sun_webkit_graphics_WCGraphicsManager_append+0x906
C  [libjfxwebkit.dylib+0x8da7ec]  Java_com_sun_webkit_dom_EventListenerImpl_twkDispatchEvent+0x51b8ec
C  [libjfxwebkit.dylib+0x8d7d47]  Java_com_sun_webkit_dom_EventListenerImpl_twkDispatchEvent+0x518e47
C  [libjfxwebkit.dylib+0x8cd9b5]  Java_com_sun_webkit_dom_EventListenerImpl_twkDispatchEvent+0x50eab5
C  [libjfxwebkit.dylib+0xa63047]  Java_com_sun_webkit_network_URLLoader_twkWillSendRequest+0x10eb97
C  [libjfxwebkit.dylib+0xada10d]  Java_com_sun_webkit_network_URLLoader_twkWillSendRequest+0x185c5d
C  [libjfxwebkit.dylib+0x4f3217]  Java_com_sun_webkit_dom_EventListenerImpl_twkDispatchEvent+0x134317
C  [libjfxwebkit.dylib+0x4f14ce]  Java_com_sun_webkit_dom_EventListenerImpl_twkDispatchEvent+0x1325ce
C  [libjfxwebkit.dylib+0x51b78b]  Java_com_sun_webkit_dom_EventListenerImpl_twkDispatchEvent+0x15c88b
C  [libjfxwebkit.dylib+0x516c30]  Java_com_sun_webkit_dom_EventListenerImpl_twkDispatchEvent+0x157d30
C  [libjfxwebkit.dylib+0x54a6ab]  Java_com_sun_webkit_dom_EventListenerImpl_twkDispatchEvent+0x18b7ab
C  [libjfxwebkit.dylib+0x6a46e8]  Java_com_sun_webkit_dom_EventListenerImpl_twkDispatchEvent+0x2e57e8
C  [libjfxwebkit.dylib+0x3eb4fa]  Java_com_sun_webkit_dom_EventListenerImpl_twkDispatchEvent+0x2c5fa
C  [libjfxwebkit.dylib+0xde932f]  JSValueIsObjectOfClass+0x5080f
C  [libjfxwebkit.dylib+0xde9838]  JSValueIsObjectOfClass+0x50d18
C  [libjfxwebkit.dylib+0xdf2326]  JSValueIsObjectOfClass+0x59806
C  [libjfxwebkit.dylib+0xdefe02]  JSValueIsObjectOfClass+0x572e2
C  [libjfxwebkit.dylib+0xdef879]  JSValueIsObjectOfClass+0x56d59
C  [CoreFoundation+0xb53e4]  __CFRUNLOOP_IS_CALLING_OUT_TO_A_TIMER_CALLBACK_FUNCTION__+0x14
C  [CoreFoundation+0xb4f1f]  __CFRunLoopDoTimer+0x47f
C  [CoreFoundation+0x1265aa]  __CFRunLoopDoTimers+0x12a
C  [CoreFoundation+0x706a5]  __CFRunLoopRun+0x5f5
C  [CoreFoundation+0x6fe75]  CFRunLoopRunSpecific+0x135
C  [java+0x6490]  CreateExecutionEnvironment+0x367
C  [java+0x221c]  JLI_Launch+0x7a0
C  [java+0x84ed]  main+0x65
C  [java+0x1a74]  start+0x34


---------------  P R O C E S S  ---------------

VM state:at safepoint (normal execution)

VM Mutex/Monitor currently owned by a thread:  ([mutex/lock_event])
[0x00007fc6f8e02470] Threads_lock - owner thread: 0x00007fc6f981d800
[0x00007fc6f8e02970] Heap_lock - owner thread: 0x00007fc70685d800

Heap:
 PSYoungGen      total 18944K, used 3432K [0x00000007aab00000, 0x00000007ad180000, 0x00000007c0000000)
  eden space 16384K, 17% used [0x00000007aab00000,0x00000007aadc5738,0x00000007abb00000)
  from space 2560K, 23% used [0x00000007abb00000,0x00000007abb94a90,0x00000007abd80000)
  to   space 8704K, 0% used [0x00000007ac900000,0x00000007ac900000,0x00000007ad180000)
 ParOldGen       total 41472K, used 8833K [0x0000000780000000, 0x0000000782880000, 0x00000007aab00000)
  object space 41472K, 21% used [0x0000000780000000,0x00000007808a0528,0x0000000782880000)
 Metaspace       used 21374K, capacity 22034K, committed 22144K, reserved 1069056K
  class space    used 2149K, capacity 2328K, committed 2432K, reserved 1048576K

Card table byte_map: [0x00000001125c0000,0x00000001127c1000] byte_map_base: 0x000000010e9c0000

Marking Bits: (ParMarkBitMap*) 0x00000001020827a0
 Begin Bits: [0x0000000112bcd000, 0x0000000113bcd000)
 End Bits:   [0x0000000113bcd000, 0x0000000114bcd000)

Polling page: 0x0000000102885000

CodeCache: size=245760Kb used=11116Kb max_used=11116Kb free=234643Kb
 bounds [0x0000000103200000, 0x0000000103ce0000, 0x0000000112200000]
 total_blobs=2824 nmethods=2168 adapters=569
 compilation: enabled

Compilation events (10 events):
Event: 13.598 Thread 0x00007fc6fa03e000 nmethod 2174 0x0000000103cda3d0 code [0x0000000103cda680, 0x0000000103cdb928]
Event: 13.606 Thread 0x00007fc6fa03e000 2175       3       jdk.internal.org.objectweb.asm.MethodWriter::visitTypeInsn (110 bytes)
Event: 13.606 Thread 0x00007fc6fa03e000 nmethod 2175 0x0000000103cdd310 code [0x0000000103cdd4c0, 0x0000000103cdd908]
Event: 13.611 Thread 0x00007fc6fa03e000 2176       3       sun.reflect.MagicAccessorImpl::<init> (5 bytes)
Event: 13.611 Thread 0x00007fc6fa03e000 nmethod 2176 0x0000000103cddb10 code [0x0000000103cddc80, 0x0000000103cdde30]
Event: 13.614 Thread 0x00007fc6fa03e000 2177       3       java.lang.Byte::valueOf (10 bytes)
Event: 13.614 Thread 0x00007fc6fa03e000 nmethod 2177 0x0000000103cdded0 code [0x0000000103cde040, 0x0000000103cde1b0]
Event: 13.616 Thread 0x00007fc6fa03e000 2178       3       java.util.logging.LogManager::access$100 (4 bytes)
Event: 13.616 Thread 0x00007fc6fa03e000 nmethod 2178 0x0000000103cde290 code [0x0000000103cde3e0, 0x0000000103cde510]
Event: 13.616 Thread 0x00007fc6fa03e000 2179       3       java.util.logging.LogManager$LoggerContext::requiresDefaultLoggers (29 bytes)

GC Heap History (10 events):
Event: 2.074 GC heap before
{Heap before GC invocations=2 (full 0):
 PSYoungGen      total 18944K, used 18926K [0x00000007aab00000, 0x00000007ac000000, 0x00000007c0000000)
  eden space 16384K, 99% used [0x00000007aab00000,0x00000007abaff808,0x00000007abb00000)
  from space 2560K, 99% used [0x00000007abb00000,0x00000007abd7c030,0x00000007abd80000)
  to   space 2560K, 0% used [0x00000007abd80000,0x00000007abd80000,0x00000007ac000000)
 ParOldGen       total 44032K, used 102K [0x0000000780000000, 0x0000000782b00000, 0x00000007aab00000)
  object space 44032K, 0% used [0x0000000780000000,0x0000000780019990,0x0000000782b00000)
 Metaspace       used 15393K, capacity 15881K, committed 16128K, reserved 1064960K
  class space    used 1376K, capacity 1504K, committed 1536K, reserved 1048576K
Event: 2.080 GC heap after
Heap after GC invocations=2 (full 0):
 PSYoungGen      total 18944K, used 2552K [0x00000007aab00000, 0x00000007ac000000, 0x00000007c0000000)
  eden space 16384K, 0% used [0x00000007aab00000,0x00000007aab00000,0x00000007abb00000)
  from space 2560K, 99% used [0x00000007abd80000,0x00000007abffe2f0,0x00000007ac000000)
  to   space 2560K, 0% used [0x00000007abb00000,0x00000007abb00000,0x00000007abd80000)
 ParOldGen       total 44032K, used 881K [0x0000000780000000, 0x0000000782b00000, 0x00000007aab00000)
  object space 44032K, 2% used [0x0000000780000000,0x00000007800dc758,0x0000000782b00000)
 Metaspace       used 15393K, capacity 15881K, committed 16128K, reserved 1064960K
  class space    used 1376K, capacity 1504K, committed 1536K, reserved 1048576K
}
Event: 3.224 GC heap before
{Heap before GC invocations=3 (full 0):
 PSYoungGen      total 18944K, used 18793K [0x00000007aab00000, 0x00000007ac000000, 0x00000007c0000000)
  eden space 16384K, 99% used [0x00000007aab00000,0x00000007abadc4c8,0x00000007abb00000)
  from space 2560K, 99% used [0x00000007abd80000,0x00000007abffe2f0,0x00000007ac000000)
  to   space 2560K, 0% used [0x00000007abb00000,0x00000007abb00000,0x00000007abd80000)
 ParOldGen       total 44032K, used 881K [0x0000000780000000, 0x0000000782b00000, 0x00000007aab00000)
  object space 44032K, 2% used [0x0000000780000000,0x00000007800dc758,0x0000000782b00000)
 Metaspace       used 19843K, capacity 20482K, committed 20736K, reserved 1067008K
  class space    used 2038K, capacity 2190K, committed 2304K, reserved 1048576K
Event: 3.234 GC heap after
Heap after GC invocations=3 (full 0):
 PSYoungGen      total 18944K, used 2555K [0x00000007aab00000, 0x00000007ac000000, 0x00000007c0000000)
  eden space 16384K, 0% used [0x00000007aab00000,0x00000007aab00000,0x00000007abb00000)
  from space 2560K, 99% used [0x00000007abb00000,0x00000007abd7eda0,0x00000007abd80000)
  to   space 2560K, 0% used [0x00000007abd80000,0x00000007abd80000,0x00000007ac000000)
 ParOldGen       total 44032K, used 6659K [0x0000000780000000, 0x0000000782b00000, 0x00000007aab00000)
  object space 44032K, 15% used [0x0000000780000000,0x0000000780680c18,0x0000000782b00000)
 Metaspace       used 19843K, capacity 20482K, committed 20736K, reserved 1067008K
  class space    used 2038K, capacity 2190K, committed 2304K, reserved 1048576K
}
Event: 5.486 GC heap before
{Heap before GC invocations=4 (full 0):
 PSYoungGen      total 18944K, used 7060K [0x00000007aab00000, 0x00000007ac000000, 0x00000007c0000000)
  eden space 16384K, 27% used [0x00000007aab00000,0x00000007aaf66428,0x00000007abb00000)
  from space 2560K, 99% used [0x00000007abb00000,0x00000007abd7eda0,0x00000007abd80000)
  to   space 2560K, 0% used [0x00000007abd80000,0x00000007abd80000,0x00000007ac000000)
 ParOldGen       total 44032K, used 6659K [0x0000000780000000, 0x0000000782b00000, 0x00000007aab00000)
  object space 44032K, 15% used [0x0000000780000000,0x0000000780680c18,0x0000000782b00000)
 Metaspace       used 20564K, capacity 21138K, committed 21248K, reserved 1069056K
  class space    used 2105K, capacity 2300K, committed 2304K, reserved 1048576K
Event: 5.493 GC heap after
Heap after GC invocations=4 (full 0):
 PSYoungGen      total 18944K, used 2556K [0x00000007aab00000, 0x00000007ac000000, 0x00000007c0000000)
  eden space 16384K, 0% used [0x00000007aab00000,0x00000007aab00000,0x00000007abb00000)
  from space 2560K, 99% used [0x00000007abd80000,0x00000007abfff368,0x00000007ac000000)
  to   space 2560K, 0% used [0x00000007abb00000,0x00000007abb00000,0x00000007abd80000)
 ParOldGen       total 44032K, used 7291K [0x0000000780000000, 0x0000000782b00000, 0x00000007aab00000)
  object space 44032K, 16% used [0x0000000780000000,0x000000078071eda0,0x0000000782b00000)
 Metaspace       used 20564K, capacity 21138K, committed 21248K, reserved 1069056K
  class space    used 2105K, capacity 2300K, committed 2304K, reserved 1048576K
}
Event: 5.493 GC heap before
{Heap before GC invocations=5 (full 1):
 PSYoungGen      total 18944K, used 2556K [0x00000007aab00000, 0x00000007ac000000, 0x00000007c0000000)
  eden space 16384K, 0% used [0x00000007aab00000,0x00000007aab00000,0x00000007abb00000)
  from space 2560K, 99% used [0x00000007abd80000,0x00000007abfff368,0x00000007ac000000)
  to   space 2560K, 0% used [0x00000007abb00000,0x00000007abb00000,0x00000007abd80000)
 ParOldGen       total 44032K, used 7291K [0x0000000780000000, 0x0000000782b00000, 0x00000007aab00000)
  object space 44032K, 16% used [0x0000000780000000,0x000000078071eda0,0x0000000782b00000)
 Metaspace       used 20564K, capacity 21138K, committed 21248K, reserved 1069056K
  class space    used 2105K, capacity 2300K, committed 2304K, reserved 1048576K
Event: 5.540 GC heap after
Heap after GC invocations=5 (full 1):
 PSYoungGen      total 18944K, used 0K [0x00000007aab00000, 0x00000007ac000000, 0x00000007c0000000)
  eden space 16384K, 0% used [0x00000007aab00000,0x00000007aab00000,0x00000007abb00000)
  from space 2560K, 0% used [0x00000007abd80000,0x00000007abd80000,0x00000007ac000000)
  to   space 2560K, 0% used [0x00000007abb00000,0x00000007abb00000,0x00000007abd80000)
 ParOldGen       total 41472K, used 8825K [0x0000000780000000, 0x0000000782880000, 0x00000007aab00000)
  object space 41472K, 21% used [0x0000000780000000,0x000000078089e528,0x0000000782880000)
 Metaspace       used 20564K, capacity 21138K, committed 21248K, reserved 1069056K
  class space    used 2105K, capacity 2300K, committed 2304K, reserved 1048576K
}
Event: 10.870 GC heap before
{Heap before GC invocations=6 (full 1):
 PSYoungGen      total 18944K, used 16384K [0x00000007aab00000, 0x00000007ac000000, 0x00000007c0000000)
  eden space 16384K, 100% used [0x00000007aab00000,0x00000007abb00000,0x00000007abb00000)
  from space 2560K, 0% used [0x00000007abd80000,0x00000007abd80000,0x00000007ac000000)
  to   space 2560K, 0% used [0x00000007abb00000,0x00000007abb00000,0x00000007abd80000)
 ParOldGen       total 41472K, used 8825K [0x0000000780000000, 0x0000000782880000, 0x00000007aab00000)
  object space 41472K, 21% used [0x0000000780000000,0x000000078089e528,0x0000000782880000)
 Metaspace       used 21137K, capacity 21790K, committed 22016K, reserved 1069056K
  class space    used 2118K, capacity 2300K, committed 2304K, reserved 1048576K
Event: 10.872 GC heap after
Heap after GC invocations=6 (full 1):
 PSYoungGen      total 18944K, used 594K [0x00000007aab00000, 0x00000007ad180000, 0x00000007c0000000)
  eden space 16384K, 0% used [0x00000007aab00000,0x00000007aab00000,0x00000007abb00000)
  from space 2560K, 23% used [0x00000007abb00000,0x00000007abb94a90,0x00000007abd80000)
  to   space 8704K, 0% used [0x00000007ac900000,0x00000007ac900000,0x00000007ad180000)
 ParOldGen       total 41472K, used 8833K [0x0000000780000000, 0x0000000782880000, 0x00000007aab00000)
  object space 41472K, 21% used [0x0000000780000000,0x00000007808a0528,0x0000000782880000)
 Metaspace       used 21137K, capacity 21790K, committed 22016K, reserved 1069056K
  class space    used 2118K, capacity 2300K, committed 2304K, reserved 1048576K
}

Deoptimization events (10 events):
Event: 2.423 Thread 0x00007fc6fa8b1800 Uncommon trap: reason=class_check action=maybe_recompile pc=0x0000000103327fdc method=java.lang.String.equals(Ljava/lang/Object;)Z @ 8
Event: 2.669 Thread 0x00007fc6fa8b1800 Uncommon trap: reason=unstable_if action=reinterpret pc=0x0000000103456720 method=java.lang.CharacterData.of(I)Ljava/lang/CharacterData; @ 4
Event: 2.732 Thread 0x00007fc6fa8b1800 Uncommon trap: reason=unstable_if action=reinterpret pc=0x00000001033cdd20 method=java.lang.String.startsWith(Ljava/lang/String;I)Z @ 25
Event: 2.952 Thread 0x00007fc6fa8b1800 Uncommon trap: reason=unstable_if action=reinterpret pc=0x000000010357feb4 method=java.lang.String.regionMatches(ZILjava/lang/String;II)Z @ 123
Event: 4.452 Thread 0x00007fc6fa8b1800 Uncommon trap: reason=unstable_if action=reinterpret pc=0x00000001036a2e98 method=org.sqlite.SQLite.run_0x21400()V @ 515
Event: 4.458 Thread 0x00007fc6fa8b1800 Uncommon trap: reason=unstable_if action=reinterpret pc=0x00000001036b69b4 method=org.sqlite.SQLite.run_0xa1e00()V @ 1380
Event: 12.350 Thread 0x00007fc6f91bc000 Uncommon trap: reason=unstable_if action=reinterpret pc=0x0000000103c8ef74 method=com.sun.javafx.text.TextRun.getPosX(I)F @ 46
Event: 13.590 Thread 0x00007fc6fa8b1800 Uncommon trap: reason=unstable_if action=reinterpret pc=0x0000000103c53d24 method=org.sqlite.SQLite.run_0x183000()V @ 475
Event: 13.590 Thread 0x00007fc6fa8b1800 Uncommon trap: reason=unstable_if action=reinterpret pc=0x0000000103a3ca68 method=org.sqlite.SQLite.run_0x2c000()V @ 349
Event: 13.591 Thread 0x00007fc6fa8b1800 Uncommon trap: reason=unstable_if action=reinterpret pc=0x0000000103970b24 method=org.sqlite.SQLite.run_0x15400()V @ 587

Internal exceptions (10 events):
Event: 0.288 Thread 0x00007fc6f900a800 Exception <a 'java/security/PrivilegedActionException'> (0x00000007aadffbc0) thrown at [/Users/java_re/workspace/8-2-build-macosx-x86_64/jdk8u40/3098/hotspot/src/share/vm/prims/jvm.cpp, line 1382]
Event: 0.288 Thread 0x00007fc6f900a800 Exception <a 'java/security/PrivilegedActionException'> (0x00000007aadffd78) thrown at [/Users/java_re/workspace/8-2-build-macosx-x86_64/jdk8u40/3098/hotspot/src/share/vm/prims/jvm.cpp, line 1382]
Event: 0.288 Thread 0x00007fc6f900a800 Exception <a 'java/lang/NullPointerException'> (0x00000007aae01228) thrown at [/Users/java_re/workspace/8-2-build-macosx-x86_64/jdk8u40/3098/hotspot/src/share/vm/interpreter/linkResolver.cpp, line 1178]
Event: 0.666 Thread 0x00007fc6fa8b1800 Exception <a 'java/lang/NullPointerException'> (0x00000007ab588620) thrown at [/Users/java_re/workspace/8-2-build-macosx-x86_64/jdk8u40/3098/hotspot/src/share/vm/interpreter/linkResolver.cpp, line 1178]
Event: 0.666 Thread 0x00007fc6fa8b1800 Exception <a 'java/lang/NullPointerException'> (0x00000007ab588620) thrown at [/Users/java_re/workspace/8-2-build-macosx-x86_64/jdk8u40/3098/hotspot/src/share/vm/prims/jvm.cpp, line 1386]
Event: 1.055 Thread 0x00007fc6fa8b1800 Implicit null exception at 0x0000000103422db5 to 0x0000000103423115
Event: 2.282 Thread 0x00007fc6fa8b1800 Implicit null exception at 0x00000001034856b5 to 0x00000001034858b1
Event: 3.109 Thread 0x00007fc6fa8b1800 Exception <a 'sun/nio/fs/UnixException'> (0x00000007ab5511c0) thrown at [/Users/java_re/workspace/8-2-build-macosx-x86_64/jdk8u40/3098/hotspot/src/share/vm/prims/jni.cpp, line 709]
Event: 3.110 Thread 0x00007fc6fa8b1800 Exception <a 'sun/nio/fs/UnixException'> (0x00000007ab552f48) thrown at [/Users/java_re/workspace/8-2-build-macosx-x86_64/jdk8u40/3098/hotspot/src/share/vm/prims/jni.cpp, line 709]
Event: 3.223 Thread 0x00007fc6fa8b1800 Exception <a 'java/io/FileNotFoundException'> (0x00000007ab612958) thrown at [/Users/java_re/workspace/8-2-build-macosx-x86_64/jdk8u40/3098/hotspot/src/share/vm/prims/jni.cpp, line 709]

Events (10 events):
Event: 13.615 Thread 0x00007fc6fa8b1800 Thread exited: 0x00007fc6fa8b1800
Event: 13.615 loading class java/util/IdentityHashMap$KeySet
Event: 13.615 loading class java/util/IdentityHashMap$KeySet done
Event: 13.615 loading class java/util/IdentityHashMap$KeyIterator
Event: 13.615 loading class java/util/IdentityHashMap$IdentityHashMapIterator
Event: 13.615 loading class java/util/IdentityHashMap$IdentityHashMapIterator done
Event: 13.615 loading class java/util/IdentityHashMap$KeyIterator done
Event: 13.615 Thread 0x00007fc6ea82e800 Thread added: 0x00007fc6ea82e800
Event: 13.616 Thread 0x00007fc6ea82e800 Thread exited: 0x00007fc6ea82e800
Event: 13.616 Thread 0x00007fc70685d800 Thread exited: 0x00007fc70685d800


Dynamic libraries:
0x00000000029e7000 	/System/Library/Frameworks/Cocoa.framework/Versions/A/Cocoa
0x00000000029e7000 	/System/Library/Frameworks/Security.framework/Versions/A/Security
0x00000000029e7000 	/System/Library/Frameworks/ApplicationServices.framework/Versions/A/ApplicationServices
0x00000000029e7000 	/usr/lib/libz.1.dylib
0x00000000029e7000 	/usr/lib/libSystem.B.dylib
0x00000000029e7000 	/usr/lib/libobjc.A.dylib
0x00000000029e7000 	/System/Library/Frameworks/CoreFoundation.framework/Versions/A/CoreFoundation
0x00000000029e7000 	/System/Library/Frameworks/Foundation.framework/Versions/C/Foundation
0x00000000029e7000 	/System/Library/Frameworks/AppKit.framework/Versions/C/AppKit
0x00000000029e7000 	/System/Library/Frameworks/CoreData.framework/Versions/A/CoreData
0x00000000029e7000 	/System/Library/PrivateFrameworks/RemoteViewServices.framework/Versions/A/RemoteViewServices
0x00000000029e7000 	/System/Library/Frameworks/AudioToolbox.framework/Versions/A/AudioToolbox
0x00000000029e7000 	/System/Library/Frameworks/AudioUnit.framework/Versions/A/AudioUnit
0x00000000029e7000 	/System/Library/PrivateFrameworks/DataDetectorsCore.framework/Versions/A/DataDetectorsCore
0x00000000029e7000 	/System/Library/PrivateFrameworks/DesktopServicesPriv.framework/Versions/A/DesktopServicesPriv
0x00000000029e7000 	/System/Library/Frameworks/Carbon.framework/Versions/A/Frameworks/HIToolbox.framework/Versions/A/HIToolbox
0x00000000029e7000 	/System/Library/Frameworks/QuartzCore.framework/Versions/A/QuartzCore
0x00000000029e7000 	/System/Library/Frameworks/Carbon.framework/Versions/A/Frameworks/SpeechRecognition.framework/Versions/A/SpeechRecognition
0x00000000029e7000 	/usr/lib/libauto.dylib
0x00000000029e7000 	/usr/lib/libicucore.A.dylib
0x00000000029e7000 	/usr/lib/libxml2.2.dylib
0x00000000029e7000 	/System/Library/PrivateFrameworks/CoreUI.framework/Versions/A/CoreUI
0x00000000029e7000 	/System/Library/Frameworks/CoreAudio.framework/Versions/A/CoreAudio
0x00000000029e7000 	/System/Library/Frameworks/DiskArbitration.framework/Versions/A/DiskArbitration
0x00000000029e7000 	/usr/lib/liblangid.dylib
0x00000000029e7000 	/System/Library/PrivateFrameworks/MultitouchSupport.framework/Versions/A/MultitouchSupport
0x00000000029e7000 	/System/Library/Frameworks/IOKit.framework/Versions/A/IOKit
0x00000000029e7000 	/usr/lib/libDiagnosticMessagesClient.dylib
0x00000000029e7000 	/System/Library/Frameworks/CoreServices.framework/Versions/A/CoreServices
0x00000000029e7000 	/System/Library/PrivateFrameworks/PerformanceAnalysis.framework/Versions/A/PerformanceAnalysis
0x00000000029e7000 	/System/Library/PrivateFrameworks/GenerationalStorage.framework/Versions/A/GenerationalStorage
0x00000000029e7000 	/System/Library/Frameworks/OpenGL.framework/Versions/A/OpenGL
0x00000000029e7000 	/System/Library/PrivateFrameworks/Sharing.framework/Versions/A/Sharing
0x00000000029e7000 	/System/Library/Frameworks/ImageIO.framework/Versions/A/ImageIO
0x00000000029e7000 	/System/Library/Frameworks/CoreText.framework/Versions/A/CoreText
0x00000000029e7000 	/System/Library/Frameworks/CoreGraphics.framework/Versions/A/CoreGraphics
0x00000000029e7000 	/System/Library/PrivateFrameworks/Backup.framework/Versions/A/Backup
0x00000000029e7000 	/System/Library/Frameworks/CFNetwork.framework/Versions/A/CFNetwork
0x00000000029e7000 	/System/Library/Frameworks/SystemConfiguration.framework/Versions/A/SystemConfiguration
0x00000000029e7000 	/usr/lib/libCRFSuite.dylib
0x00000000029e7000 	/usr/lib/libc++.1.dylib
0x00000000029e7000 	/usr/lib/libc++abi.dylib
0x00000000029e7000 	/usr/lib/system/libcache.dylib
0x00000000029e7000 	/usr/lib/system/libcommonCrypto.dylib
0x00000000029e7000 	/usr/lib/system/libcompiler_rt.dylib
0x00000000029e7000 	/usr/lib/system/libcopyfile.dylib
0x00000000029e7000 	/usr/lib/system/libcorecrypto.dylib
0x00000000029e7000 	/usr/lib/system/libdispatch.dylib
0x00000000029e7000 	/usr/lib/system/libdyld.dylib
0x00000000029e7000 	/usr/lib/system/libkeymgr.dylib
0x00000000029e7000 	/usr/lib/system/liblaunch.dylib
0x00000000029e7000 	/usr/lib/system/libmacho.dylib
0x00000000029e7000 	/usr/lib/system/libquarantine.dylib
0x00000000029e7000 	/usr/lib/system/libremovefile.dylib
0x00000000029e7000 	/usr/lib/system/libsystem_asl.dylib
0x00000000029e7000 	/usr/lib/system/libsystem_blocks.dylib
0x00000000029e7000 	/usr/lib/system/libsystem_c.dylib
0x00000000029e7000 	/usr/lib/system/libsystem_configuration.dylib
0x00000000029e7000 	/usr/lib/system/libsystem_dnssd.dylib
0x00000000029e7000 	/usr/lib/system/libsystem_info.dylib
0x00000000029e7000 	/usr/lib/system/libsystem_kernel.dylib
0x00000000029e7000 	/usr/lib/system/libsystem_m.dylib
0x00000000029e7000 	/usr/lib/system/libsystem_malloc.dylib
0x00000000029e7000 	/usr/lib/system/libsystem_network.dylib
0x00000000029e7000 	/usr/lib/system/libsystem_notify.dylib
0x00000000029e7000 	/usr/lib/system/libsystem_platform.dylib
0x00000000029e7000 	/usr/lib/system/libsystem_pthread.dylib
0x00000000029e7000 	/usr/lib/system/libsystem_sandbox.dylib
0x00000000029e7000 	/usr/lib/system/libsystem_stats.dylib
0x00000000029e7000 	/usr/lib/system/libunc.dylib
0x00000000029e7000 	/usr/lib/system/libunwind.dylib
0x00000000029e7000 	/usr/lib/system/libxpc.dylib
0x00000000029e7000 	/usr/lib/libbsm.0.dylib
0x00000000029e7000 	/usr/lib/libsqlite3.dylib
0x00000000029e7000 	/usr/lib/libxar.1.dylib
0x00000000029e7000 	/usr/lib/libpam.2.dylib
0x00000000029e7000 	/usr/lib/libOpenScriptingUtil.dylib
0x00000000029e7000 	/usr/lib/libbz2.1.0.dylib
0x00000000029e7000 	/System/Library/Frameworks/CoreServices.framework/Versions/A/Frameworks/CarbonCore.framework/Versions/A/CarbonCore
0x00000000029e7000 	/System/Library/Frameworks/CoreServices.framework/Versions/A/Frameworks/Metadata.framework/Versions/A/Metadata
0x00000000029e7000 	/System/Library/Frameworks/CoreServices.framework/Versions/A/Frameworks/OSServices.framework/Versions/A/OSServices
0x00000000029e7000 	/System/Library/Frameworks/CoreServices.framework/Versions/A/Frameworks/SearchKit.framework/Versions/A/SearchKit
0x00000000029e7000 	/System/Library/Frameworks/CoreServices.framework/Versions/A/Frameworks/AE.framework/Versions/A/AE
0x00000000029e7000 	/System/Library/Frameworks/CoreServices.framework/Versions/A/Frameworks/LaunchServices.framework/Versions/A/LaunchServices
0x00000000029e7000 	/System/Library/Frameworks/CoreServices.framework/Versions/A/Frameworks/DictionaryServices.framework/Versions/A/DictionaryServices
0x00000000029e7000 	/System/Library/Frameworks/NetFS.framework/Versions/A/NetFS
0x00000000029e7000 	/usr/lib/system/libkxld.dylib
0x00000000029e7000 	/System/Library/PrivateFrameworks/NetAuth.framework/Versions/A/NetAuth
0x00000000029e7000 	/System/Library/PrivateFrameworks/TCC.framework/Versions/A/TCC
0x00000000029e7000 	/System/Library/Frameworks/OpenDirectory.framework/Versions/A/Frameworks/CFOpenDirectory.framework/Versions/A/CFOpenDirectory
0x00000000029e7000 	/System/Library/Frameworks/ServiceManagement.framework/Versions/A/ServiceManagement
0x00000000029e7000 	/usr/lib/libxslt.1.dylib
0x00000000029e7000 	/System/Library/Frameworks/Carbon.framework/Versions/A/Frameworks/Ink.framework/Versions/A/Ink
0x00000000029e7000 	/System/Library/Frameworks/ApplicationServices.framework/Versions/A/Frameworks/ATS.framework/Versions/A/ATS
0x00000000029e7000 	/System/Library/Frameworks/ApplicationServices.framework/Versions/A/Frameworks/ColorSync.framework/Versions/A/ColorSync
0x00000000029e7000 	/System/Library/Frameworks/ApplicationServices.framework/Versions/A/Frameworks/HIServices.framework/Versions/A/HIServices
0x00000000029e7000 	/System/Library/Frameworks/ApplicationServices.framework/Versions/A/Frameworks/LangAnalysis.framework/Versions/A/LangAnalysis
0x00000000029e7000 	/System/Library/Frameworks/ApplicationServices.framework/Versions/A/Frameworks/PrintCore.framework/Versions/A/PrintCore
0x00000000029e7000 	/System/Library/Frameworks/ApplicationServices.framework/Versions/A/Frameworks/QD.framework/Versions/A/QD
0x00000000029e7000 	/System/Library/Frameworks/ApplicationServices.framework/Versions/A/Frameworks/SpeechSynthesis.framework/Versions/A/SpeechSynthesis
0x00000000029e7000 	/System/Library/Frameworks/IOSurface.framework/Versions/A/IOSurface
0x00000000029e7000 	/System/Library/Frameworks/Accelerate.framework/Versions/A/Accelerate
0x00000000029e7000 	/System/Library/Frameworks/Accelerate.framework/Versions/A/Frameworks/vImage.framework/Versions/A/vImage
0x00000000029e7000 	/System/Library/Frameworks/Accelerate.framework/Versions/A/Frameworks/vecLib.framework/Versions/A/vecLib
0x00000000029e7000 	/System/Library/Frameworks/Accelerate.framework/Versions/A/Frameworks/vecLib.framework/Versions/A/libvDSP.dylib
0x00000000029e7000 	/System/Library/Frameworks/Accelerate.framework/Versions/A/Frameworks/vecLib.framework/Versions/A/libvMisc.dylib
0x00000000029e7000 	/System/Library/Frameworks/Accelerate.framework/Versions/A/Frameworks/vecLib.framework/Versions/A/libLAPACK.dylib
0x00000000029e7000 	/System/Library/Frameworks/Accelerate.framework/Versions/A/Frameworks/vecLib.framework/Versions/A/libBLAS.dylib
0x00000000029e7000 	/System/Library/Frameworks/ApplicationServices.framework/Versions/A/Frameworks/ATS.framework/Versions/A/Resources/libFontParser.dylib
0x00000000029e7000 	/System/Library/Frameworks/ApplicationServices.framework/Versions/A/Frameworks/ATS.framework/Versions/A/Resources/libFontRegistry.dylib
0x00000000029e7000 	/System/Library/Frameworks/ImageIO.framework/Versions/A/Resources/libJPEG.dylib
0x00000000029e7000 	/System/Library/Frameworks/ImageIO.framework/Versions/A/Resources/libTIFF.dylib
0x00000000029e7000 	/System/Library/Frameworks/ImageIO.framework/Versions/A/Resources/libPng.dylib
0x00000000029e7000 	/System/Library/Frameworks/ImageIO.framework/Versions/A/Resources/libGIF.dylib
0x00000000029e7000 	/System/Library/Frameworks/ImageIO.framework/Versions/A/Resources/libJP2.dylib
0x00000000029e7000 	/System/Library/Frameworks/ImageIO.framework/Versions/A/Resources/libRadiance.dylib
0x00000000029e7000 	/usr/lib/libcups.2.dylib
0x00000000029e7000 	/System/Library/Frameworks/Kerberos.framework/Versions/A/Kerberos
0x00000000029e7000 	/System/Library/Frameworks/GSS.framework/Versions/A/GSS
0x00000000029e7000 	/usr/lib/libresolv.9.dylib
0x00000000029e7000 	/usr/lib/libiconv.2.dylib
0x00000000029e7000 	/System/Library/PrivateFrameworks/Heimdal.framework/Versions/A/Heimdal
0x00000000029e7000 	/System/Library/PrivateFrameworks/TrustEvaluationAgent.framework/Versions/A/TrustEvaluationAgent
0x00000000029e7000 	/usr/lib/libheimdal-asn1.dylib
0x00000000029e7000 	/System/Library/Frameworks/OpenDirectory.framework/Versions/A/OpenDirectory
0x00000000029e7000 	/System/Library/PrivateFrameworks/CommonAuth.framework/Versions/A/CommonAuth
0x00000000029e7000 	/System/Library/Frameworks/SecurityFoundation.framework/Versions/A/SecurityFoundation
0x00000000029e7000 	/System/Library/PrivateFrameworks/Bom.framework/Versions/A/Bom
0x00000000029e7000 	/System/Library/Frameworks/CoreVideo.framework/Versions/A/CoreVideo
0x00000000029e7000 	/System/Library/Frameworks/QuartzCore.framework/Versions/A/Frameworks/CoreImage.framework/Versions/A/CoreImage
0x00000000029e7000 	/System/Library/Frameworks/QuartzCore.framework/Versions/A/Frameworks/ScalableUserInterface.framework/Versions/A/ScalableUserInterface
0x00000000029e7000 	/System/Library/Frameworks/OpenGL.framework/Versions/A/Libraries/libGLU.dylib
0x00000000029e7000 	/System/Library/Frameworks/OpenGL.framework/Versions/A/Libraries/libGFXShared.dylib
0x00000000029e7000 	/System/Library/Frameworks/OpenGL.framework/Versions/A/Libraries/libGL.dylib
0x00000000029e7000 	/System/Library/Frameworks/OpenGL.framework/Versions/A/Libraries/libGLImage.dylib
0x00000000029e7000 	/System/Library/Frameworks/OpenGL.framework/Versions/A/Libraries/libCVMSPluginSupport.dylib
0x00000000029e7000 	/System/Library/Frameworks/OpenGL.framework/Versions/A/Libraries/libCoreVMClient.dylib
0x00000000029e7000 	/System/Library/PrivateFrameworks/FaceCore.framework/Versions/A/FaceCore
0x00000000029e7000 	/System/Library/PrivateFrameworks/CrashReporterSupport.framework/Versions/A/CrashReporterSupport
0x00000000029e7000 	/System/Library/Frameworks/OpenCL.framework/Versions/A/OpenCL
0x00000000029e7000 	/System/Library/PrivateFrameworks/AppleFSCompression.framework/Versions/A/AppleFSCompression
0x00000000029e7000 	/System/Library/PrivateFrameworks/Ubiquity.framework/Versions/A/Ubiquity
0x00000000029e7000 	/System/Library/PrivateFrameworks/IconServices.framework/Versions/A/IconServices
0x00000000029e7000 	/System/Library/PrivateFrameworks/ChunkingLibrary.framework/Versions/A/ChunkingLibrary
0x00000000029e7000 	/System/Library/PrivateFrameworks/CoreSymbolication.framework/Versions/A/CoreSymbolication
0x00000000029e7000 	/System/Library/PrivateFrameworks/Symbolication.framework/Versions/A/Symbolication
0x00000000029e7000 	/System/Library/PrivateFrameworks/DebugSymbols.framework/Versions/A/DebugSymbols
0x00000001017c0000 	/Library/Java/JavaVirtualMachines/jdk1.8.0_40.jdk/Contents/Home/jre/lib/server/libjvm.dylib
0x00000000029e7000 	/usr/lib/libstdc++.6.dylib
0x000000010282c000 	/Library/Java/JavaVirtualMachines/jdk1.8.0_40.jdk/Contents/Home/jre/lib/libverify.dylib
0x000000010283a000 	/Library/Java/JavaVirtualMachines/jdk1.8.0_40.jdk/Contents/Home/jre/lib/libjava.dylib
0x000000010288f000 	/Library/Java/JavaVirtualMachines/jdk1.8.0_40.jdk/Contents/Home/jre/lib/libzip.dylib
0x0000000116b90000 	/System/Library/Frameworks/JavaVM.framework/Frameworks/JavaRuntimeSupport.framework/JavaRuntimeSupport
0x0000000116ba8000 	/System/Library/Frameworks/JavaVM.framework/Versions/A/Frameworks/JavaNativeFoundation.framework/Versions/A/JavaNativeFoundation
0x00000001029ee000 	/System/Library/Frameworks/JavaVM.framework/Versions/A/JavaVM
0x00000000029e7000 	/System/Library/Frameworks/Carbon.framework/Versions/A/Carbon
0x0000000116bbc000 	/System/Library/PrivateFrameworks/JavaLaunching.framework/Versions/A/JavaLaunching
0x00000000029e7000 	/System/Library/Frameworks/Carbon.framework/Versions/A/Frameworks/CommonPanels.framework/Versions/A/CommonPanels
0x00000000029e7000 	/System/Library/Frameworks/Carbon.framework/Versions/A/Frameworks/Help.framework/Versions/A/Help
0x00000000029e7000 	/System/Library/Frameworks/Carbon.framework/Versions/A/Frameworks/ImageCapture.framework/Versions/A/ImageCapture
0x00000000029e7000 	/System/Library/Frameworks/Carbon.framework/Versions/A/Frameworks/OpenScripting.framework/Versions/A/OpenScripting
0x00000000029e7000 	/System/Library/Frameworks/Carbon.framework/Versions/A/Frameworks/Print.framework/Versions/A/Print
0x00000000029e7000 	/System/Library/Frameworks/Carbon.framework/Versions/A/Frameworks/SecurityHI.framework/Versions/A/SecurityHI
0x0000000117489000 	/Library/Java/JavaVirtualMachines/jdk1.8.0_40.jdk/Contents/Home/jre/lib/libprism_es2.dylib
0x00000000029e7000 	/System/Library/Frameworks/OpenGL.framework/Versions/A/Resources/GLEngine.bundle/GLEngine
0x00000000029e7000 	/System/Library/Frameworks/OpenGL.framework/Versions/A/Libraries/libGLProgrammability.dylib
0x0000000000000000 	/System/Library/Extensions/AppleIntelHD4000GraphicsGLDriver.bundle/Contents/MacOS/AppleIntelHD4000GraphicsGLDriver
0x00000000029e7000 	/System/Library/PrivateFrameworks/IOAccelerator.framework/Versions/A/IOAccelerator
0x00000000029e7000 	/System/Library/PrivateFrameworks/GPUSupport.framework/Versions/A/Libraries/libGPUSupportMercury.dylib
0x00000000029e7000 	/System/Library/Frameworks/OpenGL.framework/Versions/A/Resources/GLRendererFloat.bundle/GLRendererFloat
0x00000000029e7000 	/System/Library/Frameworks/OpenCL.framework/Versions/A/Libraries/libcldcpuengine.dylib
0x00000000029e7000 	/System/Library/PrivateFrameworks/DiskImages.framework/Versions/A/DiskImages
0x00000000029e7000 	/System/Library/Frameworks/DiscRecording.framework/Versions/A/DiscRecording
0x00000000029e7000 	/usr/lib/libcsfde.dylib
0x00000000029e7000 	/usr/lib/libcurl.4.dylib
0x00000000029e7000 	/System/Library/PrivateFrameworks/MediaKit.framework/Versions/A/MediaKit
0x00000000029e7000 	/usr/lib/libCoreStorage.dylib
0x00000000029e7000 	/System/Library/PrivateFrameworks/EFILogin.framework/Versions/A/EFILogin
0x00000000029e7000 	/usr/lib/libutil.dylib
0x00000000029e7000 	/System/Library/PrivateFrameworks/AOSNotification.framework/Versions/A/AOSNotification
0x00000000029e7000 	/System/Library/Frameworks/LDAP.framework/Versions/A/LDAP
0x00000000029e7000 	/usr/lib/libsasl2.2.dylib
0x00000000029e7000 	/usr/lib/libcrypto.0.9.8.dylib
0x00000000029e7000 	/usr/lib/libssl.0.9.8.dylib
0x0000000117d88000 	/Library/Java/JavaVirtualMachines/jdk1.8.0_40.jdk/Contents/Home/jre/lib/libglass.dylib
0x00000000029e7000 	/System/Library/PrivateFrameworks/CoreServicesInternal.framework/Versions/A/CoreServicesInternal
0x00000000029e7000 	/System/Library/PrivateFrameworks/Librarian.framework/Versions/A/Librarian
0x00000000029e7000 	/System/Library/CoreServices/RawCamera.bundle/Contents/MacOS/RawCamera
0x00000000029e7000 	/System/Library/Frameworks/CoreGraphics.framework/Versions/A/Resources/libCGCMS.A.dylib
0x00000000029e7000 	/System/Library/Frameworks/CoreGraphics.framework/Versions/A/Resources/libRIP.A.dylib
0x00000000029e7000 	/System/Library/PrivateFrameworks/FamilyControls.framework/Versions/A/FamilyControls
0x00000000029e7000 	/System/Library/PrivateFrameworks/CommerceKit.framework/Versions/A/Frameworks/CommerceCore.framework/Versions/A/CommerceCore
0x00000000029e7000 	/System/Library/PrivateFrameworks/SystemAdministration.framework/Versions/A/SystemAdministration
0x00000000029e7000 	/System/Library/Frameworks/DirectoryService.framework/Versions/A/DirectoryService
0x00000000029e7000 	/System/Library/PrivateFrameworks/LoginUIKit.framework/Versions/A/Frameworks/LoginUICore.framework/Versions/A/LoginUICore
0x00000000029e7000 	/usr/lib/libodfde.dylib
0x000000011b8b8000 	/Library/Java/JavaVirtualMachines/jdk1.8.0_40.jdk/Contents/Home/jre/lib/libjfxwebkit.dylib
0x00000000029e7000 	/System/Library/Frameworks/CoreGraphics.framework/Versions/A/Resources/libCGXType.A.dylib
0x00000001196af000 	/Library/Java/JavaVirtualMachines/jdk1.8.0_40.jdk/Contents/Home/jre/lib/libjavafx_font.dylib
0x00000001196f4000 	cl_kernels
0x000000011ffb1000 	/System/Library/Frameworks/OpenCL.framework/Versions/A/Libraries/ImageFormats/unorm8_bgra.dylib
0x0000000119784000 	cl_kernels
0x0000000120581000 	/Library/Java/JavaVirtualMachines/jdk1.8.0_40.jdk/Contents/Home/jre/lib/libnet.dylib
0x0000000120761000 	/Library/Java/JavaVirtualMachines/jdk1.8.0_40.jdk/Contents/Home/jre/lib/libnio.dylib

VM Arguments:
jvm_args: -Dfile.encoding=UTF-8 
java_command: /Users/jaspertomas/NetBeansProjects/examples/MyAegisub/dist/run1573205911/MyAegisub.jar
java_class_path (initial): /Users/jaspertomas/NetBeansProjects/examples/MyAegisub/dist/run1573205911/MyAegisub.jar
Launcher Type: SUN_STANDARD

Environment Variables:
PATH=/usr/bin:/bin:/usr/sbin:/sbin
LD_LIBRARY_PATH=/Library/Java/JavaVirtualMachines/jdk1.8.0_40.jdk/Contents/Home/jre/lib/amd64:/Library/Java/JavaVirtualMachines/jdk1.8.0_40.jdk/Contents/Home/jre/lib/i386:
SHELL=/bin/bash
DISPLAY=/tmp/launch-NvbSY4/org.macosforge.xquartz:0
DYLD_LIBRARY_PATH=/Applications/NetBeans/NetBeans 8.0.2.app/Contents/Resources/NetBeans/webcommon/bin:

Signal Handlers:
SIGSEGV: [libjvm.dylib+0x58ef95], sa_mask[0]=11111111011111110111111111111111, sa_flags=SA_ONSTACK|SA_RESTART|SA_SIGINFO
SIGBUS: [libjvm.dylib+0x58ef95], sa_mask[0]=11111111011111110111111111111111, sa_flags=SA_RESTART|SA_SIGINFO
SIGFPE: [libjvm.dylib+0x46c118], sa_mask[0]=11111111011111110111111111111111, sa_flags=SA_RESTART|SA_SIGINFO
SIGPIPE: [libjvm.dylib+0x46c118], sa_mask[0]=11111111011111110111111111111111, sa_flags=SA_RESTART|SA_SIGINFO
SIGXFSZ: [libjvm.dylib+0x46c118], sa_mask[0]=11111111011111110111111111111111, sa_flags=SA_RESTART|SA_SIGINFO
SIGILL: [libjvm.dylib+0x46c118], sa_mask[0]=11111111011111110111111111111111, sa_flags=SA_RESTART|SA_SIGINFO
SIGUSR1: SIG_DFL, sa_mask[0]=00000000000000000000000000000000, sa_flags=SA_RESTART
SIGUSR2: [libjvm.dylib+0x46bc36], sa_mask[0]=00100000000000000000000000000000, sa_flags=SA_RESTART|SA_SIGINFO
SIGHUP: [libjvm.dylib+0x46a209], sa_mask[0]=11111111011111110111111111111111, sa_flags=SA_RESTART|SA_SIGINFO
SIGINT: SIG_IGN, sa_mask[0]=00000000000000000000000000000000, sa_flags=none
SIGTERM: [libjvm.dylib+0x46a209], sa_mask[0]=11111111011111110111111111111111, sa_flags=SA_RESTART|SA_SIGINFO
SIGQUIT: [libjvm.dylib+0x46a209], sa_mask[0]=11111111011111110111111111111111, sa_flags=SA_RESTART|SA_SIGINFO


---------------  S Y S T E M  ---------------

OS:Bsduname:Darwin 13.4.0 Darwin Kernel Version 13.4.0: Wed Dec 17 19:05:52 PST 2014; root:xnu-2422.115.10~1/RELEASE_X86_64 x86_64
rlimit: STACK 8192k, CORE 0k, NPROC 709, NOFILE 10240, AS infinity
load average:2.20 1.71 1.58

CPU:total 4 (2 cores per cpu, 2 threads per core) family 6 model 58 stepping 9, cmov, cx8, fxsr, mmx, sse, sse2, sse3, ssse3, sse4.1, sse4.2, popcnt, avx, aes, clmul, erms, ht, tsc, tscinvbit, tscinv

Memory: 4k page, physical 4194304k(156404k free)

/proc/meminfo:


vm_info: Java HotSpot(TM) 64-Bit Server VM (25.40-b25) for bsd-amd64 JRE (1.8.0_40-b26), built on Mar  7 2015 13:53:55 by "java_re" with gcc 4.2.1 (Based on Apple Inc. build 5658) (LLVM build 2336.11.00)

time: Tue Mar 24 18:44:10 2015
elapsed time: 13 seconds (0d 0h 0m 13s)

