#
# A fatal error has been detected by the Java Runtime Environment:
#
#  SIGSEGV (0xb) at pc=0x00000001226f75a3, pid=5188, tid=3335
#
# JRE version: Java(TM) SE Runtime Environment (8.0_40-b26) (build 1.8.0_40-b26)
# Java VM: Java HotSpot(TM) 64-Bit Server VM (25.40-b25 mixed mode bsd-amd64 compressed oops)
# Problematic frame:
# C  [libjfxwebkit.dylib+0x9385a3]  Java_com_sun_webkit_PopupMenu_twkPopupClosed+0x6253
#
# Failed to write core dump. Core dumps have been disabled. To enable core dumping, try "ulimit -c unlimited" before starting Java again
#
# If you would like to submit a bug report, please visit:
#   http://bugreport.java.com/bugreport/crash.jsp
#

---------------  T H R E A D  ---------------

Current thread is native thread

siginfo: si_signo: 11 (SIGSEGV), si_code: 1 (SEGV_MAPERR), si_addr: 0x0000000000000000

Registers:
RAX=0x00007fff58098040, RBX=0x00007fbc04881638, RCX=0x00007fff58098014, RDX=0x00007fbc126d7d10
RSP=0x00007fff58097f60, RBP=0x00007fff58098030, RSI=0x00007fbc14b4f9f8, RDI=0x0000000000000000
R8 =0x00007fbc0265b0d0, R9 =0x00007fbc02629350, R10=0x00000000203f6596, R11=0x00000000b0ec20b2
R12=0x00007fbc04881600, R13=0x0000000123898f78, R14=0x0000000000000000, R15=0x0000000000000000
RIP=0x00000001226f75a3, EFLAGS=0x0000000000010246, ERR=0x0000000000000004
  TRAPNO=0x000000000000000e

Top of Stack: (sp=0x00007fff58097f60)
0x00007fff58097f60:   0000000000000000 0000000000000000
0x00007fff58097f70:   0000000000000000 00007fff58098014
0x00007fff58097f80:   00007fbc0265b0d0 00007fbc02629350
0x00007fff58097f90:   0000000000000000 0000000000000000
0x00007fff58097fa0:   0000000000000000 0000000000000000
0x00007fff58097fb0:   0000000000000000 0000000000000000
0x00007fff58097fc0:   0000000000000000 0000000000000000
0x00007fff58097fd0:   00007fff58098000 0000000107f7ad9d
0x00007fff58097fe0:   0000000000000000 0000000000010002
0x00007fff58097ff0:   00007fff58098048 000000010846a848
0x00007fff58098000:   00007fff58098030 0000000107f78ca3
0x00007fff58098010:   fffffffe00000000 0000003000000018
0x00007fff58098020:   00007fff58098040 00007fff58097f60
0x00007fff58098030:   00007fff58098060 00000001226b3726
0x00007fff58098040:   0000000000000000 0000000000000000
0x00007fff58098050:   00007fbc04881638 0000000000000000
0x00007fff58098060:   00007fff580980b0 00000001226997ec
0x00007fff58098070:   00007fbc14b543c0 0000000f00000000
0x00007fff58098080:   00007fbc14b59ef0 00007fbc0265de50
0x00007fff58098090:   00007fbc04881600 0000000123898f78
0x00007fff580980a0:   0000000000000000 0000000000000000
0x00007fff580980b0:   00007fff580980f0 0000000122696d47
0x00007fff580980c0:   00007fff58098160 00007fff8372e19a
0x00007fff580980d0:   0000000000010000 00007fbc026fc080
0x00007fff580980e0:   00007fbc02629350 00007fbc0265de50
0x00007fff580980f0:   00007fff58098120 000000012268c9b5
0x00007fff58098100:   00007fbc0265de50 00007fbc04d8e948
0x00007fff58098110:   00007fbc02610500 000000000000001b
0x00007fff58098120:   00007fff58098140 0000000122822047
0x00007fff58098130:   00007fbc0265de50 00007fbc02610500
0x00007fff58098140:   00007fff58098160 000000012289910d
0x00007fff58098150:   00007fbc02610500 00007fbc02643980 

Instructions: (pc=0x00000001226f75a3)
0x00000001226f7583:   8d 85 30 ff ff ff 48 89 45 f8 48 8d 45 10 48 89
0x00000001226f7593:   45 f0 c7 45 ec 30 00 00 00 c7 45 e8 18 00 00 00
0x00000001226f75a3:   48 8b 07 48 8d 4d e8 ff 90 90 01 00 00 48 81 c4
0x00000001226f75b3:   d0 00 00 00 5d c3 90 90 90 90 90 90 90 55 48 89 

Register to memory mapping:

RAX=0x00007fff58098040 is an unknown value
RBX=0x00007fbc04881638 is an unknown value
RCX=0x00007fff58098014 is an unknown value
RDX=0x00007fbc126d7d10 is an unknown value
RSP=0x00007fff58097f60 is an unknown value
RBP=0x00007fff58098030 is an unknown value
RSI=0x00007fbc14b4f9f8 is a global jni handle
RDI=0x0000000000000000 is an unknown value
R8 =0x00007fbc0265b0d0 is an unknown value
R9 =0x00007fbc02629350 is an unknown value
R10=0x00000000203f6596 is an unknown value
R11=0x00000000b0ec20b2 is an unknown value
R12=0x00007fbc04881600 is an unknown value
R13=0x0000000123898f78 is an unknown value
R14=0x0000000000000000 is an unknown value
R15=0x0000000000000000 is an unknown value


Stack: [0x00007fff5789c000,0x00007fff5809c000],  sp=0x00007fff58097f60,  free space=8175k
Native frames: (J=compiled Java code, j=interpreted, Vv=VM code, C=native code)
C  [libjfxwebkit.dylib+0x9385a3]  Java_com_sun_webkit_PopupMenu_twkPopupClosed+0x6253
C  [libjfxwebkit.dylib+0x8f4726]  Java_com_sun_webkit_graphics_WCGraphicsManager_append+0x906
C  [libjfxwebkit.dylib+0x8da7ec]  Java_com_sun_webkit_dom_EventListenerImpl_twkDispatchEvent+0x51b8ec
C  [libjfxwebkit.dylib+0x8d7d47]  Java_com_sun_webkit_dom_EventListenerImpl_twkDispatchEvent+0x518e47
C  [libjfxwebkit.dylib+0x8cd9b5]  Java_com_sun_webkit_dom_EventListenerImpl_twkDispatchEvent+0x50eab5
C  [libjfxwebkit.dylib+0xa63047]  Java_com_sun_webkit_network_URLLoader_twkWillSendRequest+0x10eb97
C  [libjfxwebkit.dylib+0xada10d]  Java_com_sun_webkit_network_URLLoader_twkWillSendRequest+0x185c5d
C  [libjfxwebkit.dylib+0x4f3217]  Java_com_sun_webkit_dom_EventListenerImpl_twkDispatchEvent+0x134317
C  [libjfxwebkit.dylib+0x4f14ce]  Java_com_sun_webkit_dom_EventListenerImpl_twkDispatchEvent+0x1325ce
C  [libjfxwebkit.dylib+0x51b78b]  Java_com_sun_webkit_dom_EventListenerImpl_twkDispatchEvent+0x15c88b
C  [libjfxwebkit.dylib+0x516c30]  Java_com_sun_webkit_dom_EventListenerImpl_twkDispatchEvent+0x157d30
C  [libjfxwebkit.dylib+0x54a6ab]  Java_com_sun_webkit_dom_EventListenerImpl_twkDispatchEvent+0x18b7ab
C  [libjfxwebkit.dylib+0x6a46e8]  Java_com_sun_webkit_dom_EventListenerImpl_twkDispatchEvent+0x2e57e8
C  [libjfxwebkit.dylib+0x3eb4fa]  Java_com_sun_webkit_dom_EventListenerImpl_twkDispatchEvent+0x2c5fa
C  [libjfxwebkit.dylib+0xde932f]  JSValueIsObjectOfClass+0x5080f
C  [libjfxwebkit.dylib+0xde9838]  JSValueIsObjectOfClass+0x50d18
C  [libjfxwebkit.dylib+0xdf2326]  JSValueIsObjectOfClass+0x59806
C  [libjfxwebkit.dylib+0xdefe02]  JSValueIsObjectOfClass+0x572e2
C  [libjfxwebkit.dylib+0xdef879]  JSValueIsObjectOfClass+0x56d59
C  [CoreFoundation+0xb53e4]  __CFRUNLOOP_IS_CALLING_OUT_TO_A_TIMER_CALLBACK_FUNCTION__+0x14
C  [CoreFoundation+0xb4f1f]  __CFRunLoopDoTimer+0x47f
C  [CoreFoundation+0x1265aa]  __CFRunLoopDoTimers+0x12a
C  [CoreFoundation+0x706a5]  __CFRunLoopRun+0x5f5
C  [CoreFoundation+0x6fe75]  CFRunLoopRunSpecific+0x135
C  [java+0x6490]  CreateExecutionEnvironment+0x367
C  [java+0x221c]  JLI_Launch+0x7a0
C  [java+0x84ed]  main+0x65
C  [java+0x1a74]  start+0x34


---------------  P R O C E S S  ---------------

VM state:at safepoint (normal execution)

VM Mutex/Monitor currently owned by a thread:  ([mutex/lock_event])
[0x00007fbc12402bd0] Threads_lock - owner thread: 0x00007fbc14007000
[0x00007fbc124030d0] Heap_lock - owner thread: 0x00007fbc0484a800

Heap:
 PSYoungGen      total 50688K, used 33955K [0x00000007aab00000, 0x00000007aeb80000, 0x00000007c0000000)
  eden space 40960K, 67% used [0x00000007aab00000,0x00000007ac5dd5e0,0x00000007ad300000)
  from space 9728K, 66% used [0x00000007ad300000,0x00000007ad94b978,0x00000007adc80000)
  to   space 9728K, 0% used [0x00000007ae200000,0x00000007ae200000,0x00000007aeb80000)
 ParOldGen       total 35840K, used 6752K [0x0000000780000000, 0x0000000782300000, 0x00000007aab00000)
  object space 35840K, 18% used [0x0000000780000000,0x0000000780698048,0x0000000782300000)
 Metaspace       used 23134K, capacity 23790K, committed 23936K, reserved 1071104K
  class space    used 2197K, capacity 2358K, committed 2432K, reserved 1048576K

Card table byte_map: [0x00000001189c0000,0x0000000118bc1000] byte_map_base: 0x0000000114dc0000

Marking Bits: (ParMarkBitMap*) 0x00000001085257a0
 Begin Bits: [0x0000000119123000, 0x000000011a123000)
 End Bits:   [0x000000011a123000, 0x000000011b123000)

Polling page: 0x0000000108d12000

CodeCache: size=245760Kb used=18718Kb max_used=18726Kb free=227041Kb
 bounds [0x0000000109600000, 0x000000010a860000, 0x0000000118600000]
 total_blobs=4587 nmethods=3933 adapters=567
 compilation: enabled

Compilation events (10 events):
Event: 12.565 Thread 0x00007fbc1400e000 4245   !   3       java.lang.invoke.MethodHandleNatives::linkMethodHandleConstant (154 bytes)
Event: 12.566 Thread 0x00007fbc1400e000 nmethod 4245 0x000000010a851410 code [0x000000010a851680, 0x000000010a852308]
Event: 12.570 Thread 0x00007fbc13050000 nmethod 4242 0x000000010a854450 code [0x000000010a854740, 0x000000010a8554b8]
Event: 12.570 Thread 0x00007fbc13050000 4243       4       org.sqlite.SQLite::run_0xbcc00 (2077 bytes)
Event: 12.578 Thread 0x00007fbc1400e000 4248       3       java.security.AccessController::getContext (23 bytes)
Event: 12.579 Thread 0x00007fbc1400e000 nmethod 4248 0x000000010a853dd0 code [0x000000010a853f60, 0x000000010a8542d8]
Event: 12.601 Thread 0x00007fbc1400d800 nmethod 4241 0x000000010a857f90 code [0x000000010a8583a0, 0x000000010a8599b8]
Event: 12.632 Thread 0x00007fbc1400e000 4249       3       java.util.logging.LogManager::access$100 (4 bytes)
Event: 12.632 Thread 0x00007fbc1400e000 nmethod 4249 0x000000010a853ad0 code [0x000000010a853c20, 0x000000010a853d50]
Event: 12.632 Thread 0x00007fbc1400e000 4250       3       java.util.logging.LogManager$LoggerContext::requiresDefaultLoggers (29 bytes)

GC Heap History (10 events):
Event: 6.695 GC heap before
{Heap before GC invocations=10 (full 1):
 PSYoungGen      total 38400K, used 36014K [0x00000007aab00000, 0x00000007ada00000, 0x00000007c0000000)
  eden space 29696K, 100% used [0x00000007aab00000,0x00000007ac800000,0x00000007ac800000)
  from space 8704K, 72% used [0x00000007ad100000,0x00000007ad72b978,0x00000007ad980000)
  to   space 9216K, 0% used [0x00000007ac800000,0x00000007ac800000,0x00000007ad100000)
 ParOldGen       total 35840K, used 6712K [0x0000000780000000, 0x0000000782300000, 0x00000007aab00000)
  object space 35840K, 18% used [0x0000000780000000,0x000000078068e048,0x0000000782300000)
 Metaspace       used 22366K, capacity 23024K, committed 23424K, reserved 1071104K
  class space    used 2188K, capacity 2347K, committed 2432K, reserved 1048576K
Event: 6.700 GC heap after
Heap after GC invocations=10 (full 1):
 PSYoungGen      total 38912K, used 5838K [0x00000007aab00000, 0x00000007ae000000, 0x00000007c0000000)
  eden space 29696K, 0% used [0x00000007aab00000,0x00000007aab00000,0x00000007ac800000)
  from space 9216K, 63% used [0x00000007ac800000,0x00000007acdb3978,0x00000007ad100000)
  to   space 9216K, 0% used [0x00000007ad700000,0x00000007ad700000,0x00000007ae000000)
 ParOldGen       total 35840K, used 6720K [0x0000000780000000, 0x0000000782300000, 0x00000007aab00000)
  object space 35840K, 18% used [0x0000000780000000,0x0000000780690048,0x0000000782300000)
 Metaspace       used 22366K, capacity 23024K, committed 23424K, reserved 1071104K
  class space    used 2188K, capacity 2347K, committed 2432K, reserved 1048576K
}
Event: 7.713 GC heap before
{Heap before GC invocations=11 (full 1):
 PSYoungGen      total 38912K, used 35534K [0x00000007aab00000, 0x00000007ae000000, 0x00000007c0000000)
  eden space 29696K, 100% used [0x00000007aab00000,0x00000007ac800000,0x00000007ac800000)
  from space 9216K, 63% used [0x00000007ac800000,0x00000007acdb3978,0x00000007ad100000)
  to   space 9216K, 0% used [0x00000007ad700000,0x00000007ad700000,0x00000007ae000000)
 ParOldGen       total 35840K, used 6720K [0x0000000780000000, 0x0000000782300000, 0x00000007aab00000)
  object space 35840K, 18% used [0x0000000780000000,0x0000000780690048,0x0000000782300000)
 Metaspace       used 22581K, capacity 23220K, committed 23424K, reserved 1071104K
  class space    used 2188K, capacity 2347K, committed 2432K, reserved 1048576K
Event: 7.718 GC heap after
Heap after GC invocations=11 (full 1):
 PSYoungGen      total 44032K, used 6382K [0x00000007aab00000, 0x00000007adf80000, 0x00000007c0000000)
  eden space 35328K, 0% used [0x00000007aab00000,0x00000007aab00000,0x00000007acd80000)
  from space 8704K, 73% used [0x00000007ad700000,0x00000007add3b978,0x00000007adf80000)
  to   space 9216K, 0% used [0x00000007acd80000,0x00000007acd80000,0x00000007ad680000)
 ParOldGen       total 35840K, used 6728K [0x0000000780000000, 0x0000000782300000, 0x00000007aab00000)
  object space 35840K, 18% used [0x0000000780000000,0x0000000780692048,0x0000000782300000)
 Metaspace       used 22581K, capacity 23220K, committed 23424K, reserved 1071104K
  class space    used 2188K, capacity 2347K, committed 2432K, reserved 1048576K
}
Event: 9.009 GC heap before
{Heap before GC invocations=12 (full 1):
 PSYoungGen      total 44032K, used 41644K [0x00000007aab00000, 0x00000007adf80000, 0x00000007c0000000)
  eden space 35328K, 99% used [0x00000007aab00000,0x00000007acd6fa18,0x00000007acd80000)
  from space 8704K, 73% used [0x00000007ad700000,0x00000007add3b978,0x00000007adf80000)
  to   space 9216K, 0% used [0x00000007acd80000,0x00000007acd80000,0x00000007ad680000)
 ParOldGen       total 35840K, used 6728K [0x0000000780000000, 0x0000000782300000, 0x00000007aab00000)
  object space 35840K, 18% used [0x0000000780000000,0x0000000780692048,0x0000000782300000)
 Metaspace       used 22725K, capacity 23356K, committed 23680K, reserved 1071104K
  class space    used 2188K, capacity 2347K, committed 2432K, reserved 1048576K
Event: 9.013 GC heap after
Heap after GC invocations=12 (full 1):
 PSYoungGen      total 44544K, used 5390K [0x00000007aab00000, 0x00000007ae580000, 0x00000007c0000000)
  eden space 35328K, 0% used [0x00000007aab00000,0x00000007aab00000,0x00000007acd80000)
  from space 9216K, 58% used [0x00000007acd80000,0x00000007ad2c3968,0x00000007ad680000)
  to   space 9216K, 0% used [0x00000007adc80000,0x00000007adc80000,0x00000007ae580000)
 ParOldGen       total 35840K, used 6736K [0x0000000780000000, 0x0000000782300000, 0x00000007aab00000)
  object space 35840K, 18% used [0x0000000780000000,0x0000000780694048,0x0000000782300000)
 Metaspace       used 22725K, capacity 23356K, committed 23680K, reserved 1071104K
  class space    used 2188K, capacity 2347K, committed 2432K, reserved 1048576K
}
Event: 10.221 GC heap before
{Heap before GC invocations=13 (full 1):
 PSYoungGen      total 44544K, used 40718K [0x00000007aab00000, 0x00000007ae580000, 0x00000007c0000000)
  eden space 35328K, 100% used [0x00000007aab00000,0x00000007acd80000,0x00000007acd80000)
  from space 9216K, 58% used [0x00000007acd80000,0x00000007ad2c3968,0x00000007ad680000)
  to   space 9216K, 0% used [0x00000007adc80000,0x00000007adc80000,0x00000007ae580000)
 ParOldGen       total 35840K, used 6736K [0x0000000780000000, 0x0000000782300000, 0x00000007aab00000)
  object space 35840K, 18% used [0x0000000780000000,0x0000000780694048,0x0000000782300000)
 Metaspace       used 22818K, capacity 23484K, committed 23680K, reserved 1071104K
  class space    used 2188K, capacity 2347K, committed 2432K, reserved 1048576K
Event: 10.226 GC heap after
Heap after GC invocations=13 (full 1):
 PSYoungGen      total 50176K, used 7982K [0x00000007aab00000, 0x00000007ae600000, 0x00000007c0000000)
  eden space 40960K, 0% used [0x00000007aab00000,0x00000007aab00000,0x00000007ad300000)
  from space 9216K, 86% used [0x00000007adc80000,0x00000007ae44b988,0x00000007ae580000)
  to   space 9728K, 0% used [0x00000007ad300000,0x00000007ad300000,0x00000007adc80000)
 ParOldGen       total 35840K, used 6744K [0x0000000780000000, 0x0000000782300000, 0x00000007aab00000)
  object space 35840K, 18% used [0x0000000780000000,0x0000000780696048,0x0000000782300000)
 Metaspace       used 22818K, capacity 23484K, committed 23680K, reserved 1071104K
  class space    used 2188K, capacity 2347K, committed 2432K, reserved 1048576K
}
Event: 11.643 GC heap before
{Heap before GC invocations=14 (full 1):
 PSYoungGen      total 50176K, used 48942K [0x00000007aab00000, 0x00000007ae600000, 0x00000007c0000000)
  eden space 40960K, 100% used [0x00000007aab00000,0x00000007ad300000,0x00000007ad300000)
  from space 9216K, 86% used [0x00000007adc80000,0x00000007ae44b988,0x00000007ae580000)
  to   space 9728K, 0% used [0x00000007ad300000,0x00000007ad300000,0x00000007adc80000)
 ParOldGen       total 35840K, used 6744K [0x0000000780000000, 0x0000000782300000, 0x00000007aab00000)
  object space 35840K, 18% used [0x0000000780000000,0x0000000780696048,0x0000000782300000)
 Metaspace       used 22935K, capacity 23548K, committed 23936K, reserved 1071104K
  class space    used 2189K, capacity 2347K, committed 2432K, reserved 1048576K
Event: 11.646 GC heap after
Heap after GC invocations=14 (full 1):
 PSYoungGen      total 50688K, used 6446K [0x00000007aab00000, 0x00000007aeb80000, 0x00000007c0000000)
  eden space 40960K, 0% used [0x00000007aab00000,0x00000007aab00000,0x00000007ad300000)
  from space 9728K, 66% used [0x00000007ad300000,0x00000007ad94b978,0x00000007adc80000)
  to   space 9728K, 0% used [0x00000007ae200000,0x00000007ae200000,0x00000007aeb80000)
 ParOldGen       total 35840K, used 6752K [0x0000000780000000, 0x0000000782300000, 0x00000007aab00000)
  object space 35840K, 18% used [0x0000000780000000,0x0000000780698048,0x0000000782300000)
 Metaspace       used 22935K, capacity 23548K, committed 23936K, reserved 1071104K
  class space    used 2189K, capacity 2347K, committed 2432K, reserved 1048576K
}

Deoptimization events (10 events):
Event: 6.034 Thread 0x00007fbc13842800 Uncommon trap: reason=array_check action=maybe_recompile pc=0x0000000109702ee8 method=com.sun.javafx.css.CompoundSelector.applies(Ljavafx/css/Styleable;[Ljava/util/Set;I)Z @ 128
Event: 6.034 Thread 0x00007fbc13842800 Uncommon trap: reason=array_check action=maybe_recompile pc=0x0000000109702ee8 method=com.sun.javafx.css.CompoundSelector.applies(Ljavafx/css/Styleable;[Ljava/util/Set;I)Z @ 128
Event: 6.034 Thread 0x00007fbc13842800 Uncommon trap: reason=array_check action=maybe_recompile pc=0x0000000109702ee8 method=com.sun.javafx.css.CompoundSelector.applies(Ljavafx/css/Styleable;[Ljava/util/Set;I)Z @ 128
Event: 10.252 Thread 0x00007fbc13842800 Uncommon trap: reason=predicate action=maybe_recompile pc=0x000000010a6b6cc8 method=java.util.AbstractCollection.toArray([Ljava/lang/Object;)[Ljava/lang/Object; @ 49
Event: 10.444 Thread 0x00007fbc13842800 Uncommon trap: reason=array_check action=maybe_recompile pc=0x0000000109af6fd0 method=java.util.AbstractCollection.toArray([Ljava/lang/Object;)[Ljava/lang/Object; @ 119
Event: 10.444 Thread 0x00007fbc13842800 Uncommon trap: reason=array_check action=maybe_recompile pc=0x0000000109af6fd0 method=java.util.AbstractCollection.toArray([Ljava/lang/Object;)[Ljava/lang/Object; @ 119
Event: 10.444 Thread 0x00007fbc13842800 Uncommon trap: reason=array_check action=maybe_recompile pc=0x0000000109af6fd0 method=java.util.AbstractCollection.toArray([Ljava/lang/Object;)[Ljava/lang/Object; @ 119
Event: 10.444 Thread 0x00007fbc13842800 Uncommon trap: reason=array_check action=maybe_recompile pc=0x0000000109af6fd0 method=java.util.AbstractCollection.toArray([Ljava/lang/Object;)[Ljava/lang/Object; @ 119
Event: 11.630 Thread 0x00007fbc13842800 Uncommon trap: reason=unstable_if action=reinterpret pc=0x000000010a1ddc4c method=org.ibex.nestedvm.Runtime.copyin(I[BI)V @ 116
Event: 12.561 Thread 0x00007fbc13842800 Uncommon trap: reason=unstable_if action=reinterpret pc=0x000000010a6e013c method=javafx.scene.Scene.addToDirtyList(Ljavafx/scene/Node;)V @ 18

Internal exceptions (10 events):
Event: 0.285 Thread 0x00007fbc13803800 Exception <a 'java/security/PrivilegedActionException'> (0x00000007aadfa810) thrown at [/Users/java_re/workspace/8-2-build-macosx-x86_64/jdk8u40/3098/hotspot/src/share/vm/prims/jvm.cpp, line 1382]
Event: 0.285 Thread 0x00007fbc13803800 Exception <a 'java/lang/NullPointerException'> (0x00000007aadfbcc0) thrown at [/Users/java_re/workspace/8-2-build-macosx-x86_64/jdk8u40/3098/hotspot/src/share/vm/interpreter/linkResolver.cpp, line 1178]
Event: 0.687 Thread 0x00007fbc13842800 Exception <a 'java/lang/NullPointerException'> (0x00000007ab588170) thrown at [/Users/java_re/workspace/8-2-build-macosx-x86_64/jdk8u40/3098/hotspot/src/share/vm/interpreter/linkResolver.cpp, line 1178]
Event: 0.687 Thread 0x00007fbc13842800 Exception <a 'java/lang/NullPointerException'> (0x00000007ab588170) thrown at [/Users/java_re/workspace/8-2-build-macosx-x86_64/jdk8u40/3098/hotspot/src/share/vm/prims/jvm.cpp, line 1386]
Event: 1.110 Thread 0x00007fbc13842800 Implicit null exception at 0x000000010986f5f5 to 0x000000010986f7f1
Event: 1.706 Thread 0x00007fbc13842800 Implicit null exception at 0x00000001098f5675 to 0x00000001098f59e1
Event: 2.830 Thread 0x00007fbc13842800 Exception <a 'sun/nio/fs/UnixException'> (0x00000007ab702948) thrown at [/Users/java_re/workspace/8-2-build-macosx-x86_64/jdk8u40/3098/hotspot/src/share/vm/prims/jni.cpp, line 709]
Event: 2.831 Thread 0x00007fbc13842800 Exception <a 'sun/nio/fs/UnixException'> (0x00000007ab7046d0) thrown at [/Users/java_re/workspace/8-2-build-macosx-x86_64/jdk8u40/3098/hotspot/src/share/vm/prims/jni.cpp, line 709]
Event: 2.834 Thread 0x00007fbc13842800 Implicit null exception at 0x0000000109821575 to 0x00000001098218d5
Event: 3.667 Thread 0x00007fbc13842800 Exception <a 'java/io/FileNotFoundException'> (0x00000007ab5d9700) thrown at [/Users/java_re/workspace/8-2-build-macosx-x86_64/jdk8u40/3098/hotspot/src/share/vm/prims/jni.cpp, line 709]

Events (10 events):
Event: 12.631 Thread 0x00007fbc13133000 Thread exited: 0x00007fbc13133000
Event: 12.631 loading class java/util/IdentityHashMap$KeySet
Event: 12.631 loading class java/util/IdentityHashMap$KeySet done
Event: 12.631 loading class java/util/IdentityHashMap$KeyIterator
Event: 12.631 loading class java/util/IdentityHashMap$IdentityHashMapIterator
Event: 12.631 loading class java/util/IdentityHashMap$IdentityHashMapIterator done
Event: 12.631 loading class java/util/IdentityHashMap$KeyIterator done
Event: 12.631 Thread 0x00007fbc20a94000 Thread added: 0x00007fbc20a94000
Event: 12.632 Thread 0x00007fbc20a94000 Thread exited: 0x00007fbc20a94000
Event: 12.632 Thread 0x00007fbc0484a800 Thread exited: 0x00007fbc0484a800


Dynamic libraries:
0x00000000033f7000 	/System/Library/Frameworks/Cocoa.framework/Versions/A/Cocoa
0x00000000033f7000 	/System/Library/Frameworks/Security.framework/Versions/A/Security
0x00000000033f7000 	/System/Library/Frameworks/ApplicationServices.framework/Versions/A/ApplicationServices
0x00000000033f7000 	/usr/lib/libz.1.dylib
0x00000000033f7000 	/usr/lib/libSystem.B.dylib
0x00000000033f7000 	/usr/lib/libobjc.A.dylib
0x00000000033f7000 	/System/Library/Frameworks/CoreFoundation.framework/Versions/A/CoreFoundation
0x00000000033f7000 	/System/Library/Frameworks/Foundation.framework/Versions/C/Foundation
0x00000000033f7000 	/System/Library/Frameworks/AppKit.framework/Versions/C/AppKit
0x00000000033f7000 	/System/Library/Frameworks/CoreData.framework/Versions/A/CoreData
0x00000000033f7000 	/System/Library/PrivateFrameworks/RemoteViewServices.framework/Versions/A/RemoteViewServices
0x00000000033f7000 	/System/Library/Frameworks/AudioToolbox.framework/Versions/A/AudioToolbox
0x00000000033f7000 	/System/Library/Frameworks/AudioUnit.framework/Versions/A/AudioUnit
0x00000000033f7000 	/System/Library/PrivateFrameworks/DataDetectorsCore.framework/Versions/A/DataDetectorsCore
0x00000000033f7000 	/System/Library/PrivateFrameworks/DesktopServicesPriv.framework/Versions/A/DesktopServicesPriv
0x00000000033f7000 	/System/Library/Frameworks/Carbon.framework/Versions/A/Frameworks/HIToolbox.framework/Versions/A/HIToolbox
0x00000000033f7000 	/System/Library/Frameworks/QuartzCore.framework/Versions/A/QuartzCore
0x00000000033f7000 	/System/Library/Frameworks/Carbon.framework/Versions/A/Frameworks/SpeechRecognition.framework/Versions/A/SpeechRecognition
0x00000000033f7000 	/usr/lib/libauto.dylib
0x00000000033f7000 	/usr/lib/libicucore.A.dylib
0x00000000033f7000 	/usr/lib/libxml2.2.dylib
0x00000000033f7000 	/System/Library/PrivateFrameworks/CoreUI.framework/Versions/A/CoreUI
0x00000000033f7000 	/System/Library/Frameworks/CoreAudio.framework/Versions/A/CoreAudio
0x00000000033f7000 	/System/Library/Frameworks/DiskArbitration.framework/Versions/A/DiskArbitration
0x00000000033f7000 	/usr/lib/liblangid.dylib
0x00000000033f7000 	/System/Library/PrivateFrameworks/MultitouchSupport.framework/Versions/A/MultitouchSupport
0x00000000033f7000 	/System/Library/Frameworks/IOKit.framework/Versions/A/IOKit
0x00000000033f7000 	/usr/lib/libDiagnosticMessagesClient.dylib
0x00000000033f7000 	/System/Library/Frameworks/CoreServices.framework/Versions/A/CoreServices
0x00000000033f7000 	/System/Library/PrivateFrameworks/PerformanceAnalysis.framework/Versions/A/PerformanceAnalysis
0x00000000033f7000 	/System/Library/PrivateFrameworks/GenerationalStorage.framework/Versions/A/GenerationalStorage
0x00000000033f7000 	/System/Library/Frameworks/OpenGL.framework/Versions/A/OpenGL
0x00000000033f7000 	/System/Library/PrivateFrameworks/Sharing.framework/Versions/A/Sharing
0x00000000033f7000 	/System/Library/Frameworks/ImageIO.framework/Versions/A/ImageIO
0x00000000033f7000 	/System/Library/Frameworks/CoreText.framework/Versions/A/CoreText
0x00000000033f7000 	/System/Library/Frameworks/CoreGraphics.framework/Versions/A/CoreGraphics
0x00000000033f7000 	/System/Library/PrivateFrameworks/Backup.framework/Versions/A/Backup
0x00000000033f7000 	/System/Library/Frameworks/CFNetwork.framework/Versions/A/CFNetwork
0x00000000033f7000 	/System/Library/Frameworks/SystemConfiguration.framework/Versions/A/SystemConfiguration
0x00000000033f7000 	/usr/lib/libCRFSuite.dylib
0x00000000033f7000 	/usr/lib/libc++.1.dylib
0x00000000033f7000 	/usr/lib/libc++abi.dylib
0x00000000033f7000 	/usr/lib/system/libcache.dylib
0x00000000033f7000 	/usr/lib/system/libcommonCrypto.dylib
0x00000000033f7000 	/usr/lib/system/libcompiler_rt.dylib
0x00000000033f7000 	/usr/lib/system/libcopyfile.dylib
0x00000000033f7000 	/usr/lib/system/libcorecrypto.dylib
0x00000000033f7000 	/usr/lib/system/libdispatch.dylib
0x00000000033f7000 	/usr/lib/system/libdyld.dylib
0x00000000033f7000 	/usr/lib/system/libkeymgr.dylib
0x00000000033f7000 	/usr/lib/system/liblaunch.dylib
0x00000000033f7000 	/usr/lib/system/libmacho.dylib
0x00000000033f7000 	/usr/lib/system/libquarantine.dylib
0x00000000033f7000 	/usr/lib/system/libremovefile.dylib
0x00000000033f7000 	/usr/lib/system/libsystem_asl.dylib
0x00000000033f7000 	/usr/lib/system/libsystem_blocks.dylib
0x00000000033f7000 	/usr/lib/system/libsystem_c.dylib
0x00000000033f7000 	/usr/lib/system/libsystem_configuration.dylib
0x00000000033f7000 	/usr/lib/system/libsystem_dnssd.dylib
0x00000000033f7000 	/usr/lib/system/libsystem_info.dylib
0x00000000033f7000 	/usr/lib/system/libsystem_kernel.dylib
0x00000000033f7000 	/usr/lib/system/libsystem_m.dylib
0x00000000033f7000 	/usr/lib/system/libsystem_malloc.dylib
0x00000000033f7000 	/usr/lib/system/libsystem_network.dylib
0x00000000033f7000 	/usr/lib/system/libsystem_notify.dylib
0x00000000033f7000 	/usr/lib/system/libsystem_platform.dylib
0x00000000033f7000 	/usr/lib/system/libsystem_pthread.dylib
0x00000000033f7000 	/usr/lib/system/libsystem_sandbox.dylib
0x00000000033f7000 	/usr/lib/system/libsystem_stats.dylib
0x00000000033f7000 	/usr/lib/system/libunc.dylib
0x00000000033f7000 	/usr/lib/system/libunwind.dylib
0x00000000033f7000 	/usr/lib/system/libxpc.dylib
0x00000000033f7000 	/usr/lib/libbsm.0.dylib
0x00000000033f7000 	/usr/lib/libsqlite3.dylib
0x00000000033f7000 	/usr/lib/libxar.1.dylib
0x00000000033f7000 	/usr/lib/libpam.2.dylib
0x00000000033f7000 	/usr/lib/libOpenScriptingUtil.dylib
0x00000000033f7000 	/usr/lib/libbz2.1.0.dylib
0x00000000033f7000 	/System/Library/Frameworks/CoreServices.framework/Versions/A/Frameworks/CarbonCore.framework/Versions/A/CarbonCore
0x00000000033f7000 	/System/Library/Frameworks/CoreServices.framework/Versions/A/Frameworks/Metadata.framework/Versions/A/Metadata
0x00000000033f7000 	/System/Library/Frameworks/CoreServices.framework/Versions/A/Frameworks/OSServices.framework/Versions/A/OSServices
0x00000000033f7000 	/System/Library/Frameworks/CoreServices.framework/Versions/A/Frameworks/SearchKit.framework/Versions/A/SearchKit
0x00000000033f7000 	/System/Library/Frameworks/CoreServices.framework/Versions/A/Frameworks/AE.framework/Versions/A/AE
0x00000000033f7000 	/System/Library/Frameworks/CoreServices.framework/Versions/A/Frameworks/LaunchServices.framework/Versions/A/LaunchServices
0x00000000033f7000 	/System/Library/Frameworks/CoreServices.framework/Versions/A/Frameworks/DictionaryServices.framework/Versions/A/DictionaryServices
0x00000000033f7000 	/System/Library/Frameworks/NetFS.framework/Versions/A/NetFS
0x00000000033f7000 	/usr/lib/system/libkxld.dylib
0x00000000033f7000 	/System/Library/PrivateFrameworks/NetAuth.framework/Versions/A/NetAuth
0x00000000033f7000 	/System/Library/PrivateFrameworks/TCC.framework/Versions/A/TCC
0x00000000033f7000 	/System/Library/Frameworks/OpenDirectory.framework/Versions/A/Frameworks/CFOpenDirectory.framework/Versions/A/CFOpenDirectory
0x00000000033f7000 	/System/Library/Frameworks/ServiceManagement.framework/Versions/A/ServiceManagement
0x00000000033f7000 	/usr/lib/libxslt.1.dylib
0x00000000033f7000 	/System/Library/Frameworks/Carbon.framework/Versions/A/Frameworks/Ink.framework/Versions/A/Ink
0x00000000033f7000 	/System/Library/Frameworks/ApplicationServices.framework/Versions/A/Frameworks/ATS.framework/Versions/A/ATS
0x00000000033f7000 	/System/Library/Frameworks/ApplicationServices.framework/Versions/A/Frameworks/ColorSync.framework/Versions/A/ColorSync
0x00000000033f7000 	/System/Library/Frameworks/ApplicationServices.framework/Versions/A/Frameworks/HIServices.framework/Versions/A/HIServices
0x00000000033f7000 	/System/Library/Frameworks/ApplicationServices.framework/Versions/A/Frameworks/LangAnalysis.framework/Versions/A/LangAnalysis
0x00000000033f7000 	/System/Library/Frameworks/ApplicationServices.framework/Versions/A/Frameworks/PrintCore.framework/Versions/A/PrintCore
0x00000000033f7000 	/System/Library/Frameworks/ApplicationServices.framework/Versions/A/Frameworks/QD.framework/Versions/A/QD
0x00000000033f7000 	/System/Library/Frameworks/ApplicationServices.framework/Versions/A/Frameworks/SpeechSynthesis.framework/Versions/A/SpeechSynthesis
0x00000000033f7000 	/System/Library/Frameworks/IOSurface.framework/Versions/A/IOSurface
0x00000000033f7000 	/System/Library/Frameworks/Accelerate.framework/Versions/A/Accelerate
0x00000000033f7000 	/System/Library/Frameworks/Accelerate.framework/Versions/A/Frameworks/vImage.framework/Versions/A/vImage
0x00000000033f7000 	/System/Library/Frameworks/Accelerate.framework/Versions/A/Frameworks/vecLib.framework/Versions/A/vecLib
0x00000000033f7000 	/System/Library/Frameworks/Accelerate.framework/Versions/A/Frameworks/vecLib.framework/Versions/A/libvDSP.dylib
0x00000000033f7000 	/System/Library/Frameworks/Accelerate.framework/Versions/A/Frameworks/vecLib.framework/Versions/A/libvMisc.dylib
0x00000000033f7000 	/System/Library/Frameworks/Accelerate.framework/Versions/A/Frameworks/vecLib.framework/Versions/A/libLAPACK.dylib
0x00000000033f7000 	/System/Library/Frameworks/Accelerate.framework/Versions/A/Frameworks/vecLib.framework/Versions/A/libBLAS.dylib
0x00000000033f7000 	/System/Library/Frameworks/ApplicationServices.framework/Versions/A/Frameworks/ATS.framework/Versions/A/Resources/libFontParser.dylib
0x00000000033f7000 	/System/Library/Frameworks/ApplicationServices.framework/Versions/A/Frameworks/ATS.framework/Versions/A/Resources/libFontRegistry.dylib
0x00000000033f7000 	/System/Library/Frameworks/ImageIO.framework/Versions/A/Resources/libJPEG.dylib
0x00000000033f7000 	/System/Library/Frameworks/ImageIO.framework/Versions/A/Resources/libTIFF.dylib
0x00000000033f7000 	/System/Library/Frameworks/ImageIO.framework/Versions/A/Resources/libPng.dylib
0x00000000033f7000 	/System/Library/Frameworks/ImageIO.framework/Versions/A/Resources/libGIF.dylib
0x00000000033f7000 	/System/Library/Frameworks/ImageIO.framework/Versions/A/Resources/libJP2.dylib
0x00000000033f7000 	/System/Library/Frameworks/ImageIO.framework/Versions/A/Resources/libRadiance.dylib
0x00000000033f7000 	/usr/lib/libcups.2.dylib
0x00000000033f7000 	/System/Library/Frameworks/Kerberos.framework/Versions/A/Kerberos
0x00000000033f7000 	/System/Library/Frameworks/GSS.framework/Versions/A/GSS
0x00000000033f7000 	/usr/lib/libresolv.9.dylib
0x00000000033f7000 	/usr/lib/libiconv.2.dylib
0x00000000033f7000 	/System/Library/PrivateFrameworks/Heimdal.framework/Versions/A/Heimdal
0x00000000033f7000 	/System/Library/PrivateFrameworks/TrustEvaluationAgent.framework/Versions/A/TrustEvaluationAgent
0x00000000033f7000 	/usr/lib/libheimdal-asn1.dylib
0x00000000033f7000 	/System/Library/Frameworks/OpenDirectory.framework/Versions/A/OpenDirectory
0x00000000033f7000 	/System/Library/PrivateFrameworks/CommonAuth.framework/Versions/A/CommonAuth
0x00000000033f7000 	/System/Library/Frameworks/SecurityFoundation.framework/Versions/A/SecurityFoundation
0x00000000033f7000 	/System/Library/PrivateFrameworks/Bom.framework/Versions/A/Bom
0x00000000033f7000 	/System/Library/Frameworks/CoreVideo.framework/Versions/A/CoreVideo
0x00000000033f7000 	/System/Library/Frameworks/QuartzCore.framework/Versions/A/Frameworks/CoreImage.framework/Versions/A/CoreImage
0x00000000033f7000 	/System/Library/Frameworks/QuartzCore.framework/Versions/A/Frameworks/ScalableUserInterface.framework/Versions/A/ScalableUserInterface
0x00000000033f7000 	/System/Library/Frameworks/OpenGL.framework/Versions/A/Libraries/libGLU.dylib
0x00000000033f7000 	/System/Library/Frameworks/OpenGL.framework/Versions/A/Libraries/libGFXShared.dylib
0x00000000033f7000 	/System/Library/Frameworks/OpenGL.framework/Versions/A/Libraries/libGL.dylib
0x00000000033f7000 	/System/Library/Frameworks/OpenGL.framework/Versions/A/Libraries/libGLImage.dylib
0x00000000033f7000 	/System/Library/Frameworks/OpenGL.framework/Versions/A/Libraries/libCVMSPluginSupport.dylib
0x00000000033f7000 	/System/Library/Frameworks/OpenGL.framework/Versions/A/Libraries/libCoreVMClient.dylib
0x00000000033f7000 	/System/Library/PrivateFrameworks/FaceCore.framework/Versions/A/FaceCore
0x00000000033f7000 	/System/Library/PrivateFrameworks/CrashReporterSupport.framework/Versions/A/CrashReporterSupport
0x00000000033f7000 	/System/Library/Frameworks/OpenCL.framework/Versions/A/OpenCL
0x00000000033f7000 	/System/Library/PrivateFrameworks/AppleFSCompression.framework/Versions/A/AppleFSCompression
0x00000000033f7000 	/System/Library/PrivateFrameworks/Ubiquity.framework/Versions/A/Ubiquity
0x00000000033f7000 	/System/Library/PrivateFrameworks/IconServices.framework/Versions/A/IconServices
0x00000000033f7000 	/System/Library/PrivateFrameworks/ChunkingLibrary.framework/Versions/A/ChunkingLibrary
0x00000000033f7000 	/System/Library/PrivateFrameworks/CoreSymbolication.framework/Versions/A/CoreSymbolication
0x00000000033f7000 	/System/Library/PrivateFrameworks/Symbolication.framework/Versions/A/Symbolication
0x00000000033f7000 	/System/Library/PrivateFrameworks/DebugSymbols.framework/Versions/A/DebugSymbols
0x0000000107c63000 	/Library/Java/JavaVirtualMachines/jdk1.8.0_40.jdk/Contents/Home/jre/lib/server/libjvm.dylib
0x00000000033f7000 	/usr/lib/libstdc++.6.dylib
0x0000000108ccf000 	/Library/Java/JavaVirtualMachines/jdk1.8.0_40.jdk/Contents/Home/jre/lib/libverify.dylib
0x0000000108cdd000 	/Library/Java/JavaVirtualMachines/jdk1.8.0_40.jdk/Contents/Home/jre/lib/libjava.dylib
0x0000000108d32000 	/Library/Java/JavaVirtualMachines/jdk1.8.0_40.jdk/Contents/Home/jre/lib/libzip.dylib
0x000000011d057000 	/System/Library/Frameworks/JavaVM.framework/Frameworks/JavaRuntimeSupport.framework/JavaRuntimeSupport
0x000000011d06f000 	/System/Library/Frameworks/JavaVM.framework/Versions/A/Frameworks/JavaNativeFoundation.framework/Versions/A/JavaNativeFoundation
0x0000000108df3000 	/System/Library/Frameworks/JavaVM.framework/Versions/A/JavaVM
0x00000000033f7000 	/System/Library/Frameworks/Carbon.framework/Versions/A/Carbon
0x000000011d083000 	/System/Library/PrivateFrameworks/JavaLaunching.framework/Versions/A/JavaLaunching
0x00000000033f7000 	/System/Library/Frameworks/Carbon.framework/Versions/A/Frameworks/CommonPanels.framework/Versions/A/CommonPanels
0x00000000033f7000 	/System/Library/Frameworks/Carbon.framework/Versions/A/Frameworks/Help.framework/Versions/A/Help
0x00000000033f7000 	/System/Library/Frameworks/Carbon.framework/Versions/A/Frameworks/ImageCapture.framework/Versions/A/ImageCapture
0x00000000033f7000 	/System/Library/Frameworks/Carbon.framework/Versions/A/Frameworks/OpenScripting.framework/Versions/A/OpenScripting
0x00000000033f7000 	/System/Library/Frameworks/Carbon.framework/Versions/A/Frameworks/Print.framework/Versions/A/Print
0x00000000033f7000 	/System/Library/Frameworks/Carbon.framework/Versions/A/Frameworks/SecurityHI.framework/Versions/A/SecurityHI
0x000000011d955000 	/Library/Java/JavaVirtualMachines/jdk1.8.0_40.jdk/Contents/Home/jre/lib/libprism_es2.dylib
0x00000000033f7000 	/System/Library/Frameworks/OpenGL.framework/Versions/A/Resources/GLEngine.bundle/GLEngine
0x00000000033f7000 	/System/Library/Frameworks/OpenGL.framework/Versions/A/Libraries/libGLProgrammability.dylib
0x0000000000000000 	/System/Library/Extensions/AppleIntelHD4000GraphicsGLDriver.bundle/Contents/MacOS/AppleIntelHD4000GraphicsGLDriver
0x00000000033f7000 	/System/Library/PrivateFrameworks/IOAccelerator.framework/Versions/A/IOAccelerator
0x00000000033f7000 	/System/Library/PrivateFrameworks/GPUSupport.framework/Versions/A/Libraries/libGPUSupportMercury.dylib
0x00000000033f7000 	/System/Library/Frameworks/OpenGL.framework/Versions/A/Resources/GLRendererFloat.bundle/GLRendererFloat
0x00000000033f7000 	/System/Library/Frameworks/OpenCL.framework/Versions/A/Libraries/libcldcpuengine.dylib
0x00000000033f7000 	/System/Library/PrivateFrameworks/DiskImages.framework/Versions/A/DiskImages
0x00000000033f7000 	/System/Library/Frameworks/DiscRecording.framework/Versions/A/DiscRecording
0x00000000033f7000 	/usr/lib/libcsfde.dylib
0x00000000033f7000 	/usr/lib/libcurl.4.dylib
0x00000000033f7000 	/System/Library/PrivateFrameworks/MediaKit.framework/Versions/A/MediaKit
0x00000000033f7000 	/usr/lib/libCoreStorage.dylib
0x00000000033f7000 	/System/Library/PrivateFrameworks/EFILogin.framework/Versions/A/EFILogin
0x00000000033f7000 	/usr/lib/libutil.dylib
0x00000000033f7000 	/System/Library/PrivateFrameworks/AOSNotification.framework/Versions/A/AOSNotification
0x00000000033f7000 	/System/Library/Frameworks/LDAP.framework/Versions/A/LDAP
0x00000000033f7000 	/usr/lib/libsasl2.2.dylib
0x00000000033f7000 	/usr/lib/libcrypto.0.9.8.dylib
0x00000000033f7000 	/usr/lib/libssl.0.9.8.dylib
0x000000011e254000 	/Library/Java/JavaVirtualMachines/jdk1.8.0_40.jdk/Contents/Home/jre/lib/libglass.dylib
0x00000000033f7000 	/System/Library/PrivateFrameworks/CoreServicesInternal.framework/Versions/A/CoreServicesInternal
0x00000000033f7000 	/System/Library/PrivateFrameworks/Librarian.framework/Versions/A/Librarian
0x00000000033f7000 	/System/Library/CoreServices/RawCamera.bundle/Contents/MacOS/RawCamera
0x000000011fa50000 	/System/Library/Frameworks/CoreGraphics.framework/Versions/A/Resources/libCGCMS.A.dylib
0x000000011fb62000 	/System/Library/Frameworks/CoreGraphics.framework/Versions/A/Resources/libRIP.A.dylib
0x00000000033f7000 	/System/Library/PrivateFrameworks/FamilyControls.framework/Versions/A/FamilyControls
0x00000000033f7000 	/System/Library/PrivateFrameworks/CommerceKit.framework/Versions/A/Frameworks/CommerceCore.framework/Versions/A/CommerceCore
0x00000000033f7000 	/System/Library/PrivateFrameworks/SystemAdministration.framework/Versions/A/SystemAdministration
0x00000000033f7000 	/System/Library/Frameworks/DirectoryService.framework/Versions/A/DirectoryService
0x00000000033f7000 	/System/Library/PrivateFrameworks/LoginUIKit.framework/Versions/A/Frameworks/LoginUICore.framework/Versions/A/LoginUICore
0x00000000033f7000 	/usr/lib/libodfde.dylib
0x0000000121dbf000 	/Library/Java/JavaVirtualMachines/jdk1.8.0_40.jdk/Contents/Home/jre/lib/libjfxwebkit.dylib
0x00000001240d6000 	/System/Library/Frameworks/CoreGraphics.framework/Versions/A/Resources/libCGXType.A.dylib
0x0000000125270000 	/Library/Java/JavaVirtualMachines/jdk1.8.0_40.jdk/Contents/Home/jre/lib/libjavafx_font.dylib
0x0000000126070000 	cl_kernels
0x0000000126073000 	/System/Library/Frameworks/OpenCL.framework/Versions/A/Libraries/ImageFormats/unorm8_bgra.dylib
0x0000000126061000 	cl_kernels
0x000000011ffa4000 	/Library/Java/JavaVirtualMachines/jdk1.8.0_40.jdk/Contents/Home/jre/lib/libnet.dylib
0x000000011ffbb000 	/Library/Java/JavaVirtualMachines/jdk1.8.0_40.jdk/Contents/Home/jre/lib/libnio.dylib
0x000000011fbf1000 	/Library/Java/JavaVirtualMachines/jdk1.8.0_40.jdk/Contents/Home/jre/lib/libprism_common.dylib

VM Arguments:
jvm_args: -Dfile.encoding=UTF-8 
java_command: myaegisub.MyAegisub
java_class_path (initial): /Users/jaspertomas/NetBeansProjects/examples/MyAegisub/dist/MyAegisub.jar:/Library/Java/JavaVirtualMachines/jdk1.8.0_40.jdk/Contents/Home/jre/lib/javaws.jar:/Library/Java/JavaVirtualMachines/jdk1.8.0_40.jdk/Contents/Home/jre/lib/deploy.jar:/Library/Java/JavaVirtualMachines/jdk1.8.0_40.jdk/Contents/Home/jre/lib/plugin.jar:/Users/jaspertomas/NetBeansProjects/lib/sqlite-jdbc-3.7.2.jar
Launcher Type: SUN_STANDARD

Environment Variables:
PATH=/usr/bin:/bin:/usr/sbin:/sbin
LD_LIBRARY_PATH=/Library/Java/JavaVirtualMachines/jdk1.8.0_40.jdk/Contents/Home/jre/lib/amd64:/Library/Java/JavaVirtualMachines/jdk1.8.0_40.jdk/Contents/Home/jre/lib/i386:
SHELL=/bin/bash
DISPLAY=/tmp/launch-By2dDL/org.macosforge.xquartz:0
DYLD_LIBRARY_PATH=/Applications/NetBeans/NetBeans 8.0.2.app/Contents/Resources/NetBeans/webcommon/bin:

Signal Handlers:
SIGSEGV: [libjvm.dylib+0x58ef95], sa_mask[0]=11111111011111110111111111111111, sa_flags=SA_ONSTACK|SA_RESTART|SA_SIGINFO
SIGBUS: [libjvm.dylib+0x58ef95], sa_mask[0]=11111111011111110111111111111111, sa_flags=SA_RESTART|SA_SIGINFO
SIGFPE: [libjvm.dylib+0x46c118], sa_mask[0]=11111111011111110111111111111111, sa_flags=SA_RESTART|SA_SIGINFO
SIGPIPE: [libjvm.dylib+0x46c118], sa_mask[0]=11111111011111110111111111111111, sa_flags=SA_RESTART|SA_SIGINFO
SIGXFSZ: [libjvm.dylib+0x46c118], sa_mask[0]=11111111011111110111111111111111, sa_flags=SA_RESTART|SA_SIGINFO
SIGILL: [libjvm.dylib+0x46c118], sa_mask[0]=11111111011111110111111111111111, sa_flags=SA_RESTART|SA_SIGINFO
SIGUSR1: SIG_DFL, sa_mask[0]=00000000000000000000000000000000, sa_flags=SA_RESTART
SIGUSR2: [libjvm.dylib+0x46bc36], sa_mask[0]=00100000000000000000000000000000, sa_flags=SA_RESTART|SA_SIGINFO
SIGHUP: [libjvm.dylib+0x46a209], sa_mask[0]=11111111011111110111111111111111, sa_flags=SA_RESTART|SA_SIGINFO
SIGINT: SIG_IGN, sa_mask[0]=00000000000000000000000000000000, sa_flags=none
SIGTERM: [libjvm.dylib+0x46a209], sa_mask[0]=11111111011111110111111111111111, sa_flags=SA_RESTART|SA_SIGINFO
SIGQUIT: [libjvm.dylib+0x46a209], sa_mask[0]=11111111011111110111111111111111, sa_flags=SA_RESTART|SA_SIGINFO


---------------  S Y S T E M  ---------------

OS:Bsduname:Darwin 13.4.0 Darwin Kernel Version 13.4.0: Wed Dec 17 19:05:52 PST 2014; root:xnu-2422.115.10~1/RELEASE_X86_64 x86_64
rlimit: STACK 8192k, CORE 0k, NPROC 709, NOFILE 10240, AS infinity
load average:2.66 2.17 1.89

CPU:total 4 (2 cores per cpu, 2 threads per core) family 6 model 58 stepping 9, cmov, cx8, fxsr, mmx, sse, sse2, sse3, ssse3, sse4.1, sse4.2, popcnt, avx, aes, clmul, erms, ht, tsc, tscinvbit, tscinv

Memory: 4k page, physical 4194304k(429848k free)

/proc/meminfo:


vm_info: Java HotSpot(TM) 64-Bit Server VM (25.40-b25) for bsd-amd64 JRE (1.8.0_40-b26), built on Mar  7 2015 13:53:55 by "java_re" with gcc 4.2.1 (Based on Apple Inc. build 5658) (LLVM build 2336.11.00)

time: Fri Mar 20 14:37:46 2015
elapsed time: 12 seconds (0d 0h 0m 12s)

