#
# A fatal error has been detected by the Java Runtime Environment:
#
#  SIGSEGV (0xb) at pc=0x00000001265085a3, pid=13590, tid=3335
#
# JRE version: Java(TM) SE Runtime Environment (8.0_40-b26) (build 1.8.0_40-b26)
# Java VM: Java HotSpot(TM) 64-Bit Server VM (25.40-b25 mixed mode bsd-amd64 compressed oops)
# Problematic frame:
# C  [libjfxwebkit.dylib+0x9385a3]  Java_com_sun_webkit_PopupMenu_twkPopupClosed+0x6253
#
# Failed to write core dump. Core dumps have been disabled. To enable core dumping, try "ulimit -c unlimited" before starting Java again
#
# If you would like to submit a bug report, please visit:
#   http://bugreport.java.com/bugreport/crash.jsp
#

---------------  T H R E A D  ---------------

Current thread is native thread

siginfo: si_signo: 11 (SIGSEGV), si_code: 1 (SEGV_MAPERR), si_addr: 0x0000000000000000

Registers:
RAX=0x00007fff541dbfe0, RBX=0x00007fd681056c38, RCX=0x00007fff541dbfb4, RDX=0x00007fd69352d680
RSP=0x00007fff541dbf00, RBP=0x00007fff541dbfd0, RSI=0x00007fd690f83c68, RDI=0x0000000000000000
R8 =0x00007fd690caa7a0, R9 =0x0000000000000000, R10=0x0000000095c21cc0, R11=0x00000000dbccc000
R12=0x00007fd681056c00, R13=0x00000001276a8f78, R14=0x0000000000000000, R15=0x0000000000000000
RIP=0x00000001265085a3, EFLAGS=0x0000000000010246, ERR=0x0000000000000004
  TRAPNO=0x000000000000000e

Top of Stack: (sp=0x00007fff541dbf00)
0x00007fff541dbf00:   00007fd690c6b9a8 00007fd690ef5950
0x00007fff541dbf10:   00007fd690ec7b60 00007fff541dbfb4
0x00007fff541dbf20:   00007fd690caa7a0 0000000000000000
0x00007fff541dbf30:   00007fd600000001 0000000000000005
0x00007fff541dbf40:   00007fd690df5be0 00007fff8fc96fd4
0x00007fff541dbf50:   00007fd690d5a5e0 0000000000000001
0x00007fff541dbf60:   00007fd690dd5aa0 0000000000000005
0x00007fff541dbf70:   00007fff541dbfa0 000000010c717d9d
0x00007fff541dbf80:   00007fff7dbb4a60 0000000000010002
0x00007fff541dbf90:   00007fff541dbfe8 000000010cc07848
0x00007fff541dbfa0:   00007fff541dbfd0 000000010c715ca3
0x00007fff541dbfb0:   fffffffe00000000 0000003000000018
0x00007fff541dbfc0:   00007fff541dbfe0 00007fff541dbf00
0x00007fff541dbfd0:   00007fff541dc000 00000001264c4726
0x00007fff541dbfe0:   00007fff541dc010 0000000000000000
0x00007fff541dbff0:   00007fd681056c38 0000000000000000
0x00007fff541dc000:   00007fff541dc050 00000001264aa7ec
0x00007fff541dc010:   00007fd690ca4560 0000000794aeac3a
0x00007fff541dc020:   00007fd69352d3f0 00007fd690cc4460
0x00007fff541dc030:   00007fd681056c00 00000001276a8f78
0x00007fff541dc040:   0000000000000000 0000000000000000
0x00007fff541dc050:   00007fff541dc090 00000001264a7d47
0x00007fff541dc060:   00007fff541dc100 00007fff8bac019a
0x00007fff541dc070:   0000000000000002 00007fd690cfc080
0x00007fff541dc080:   000000010ba3f800 00007fd690cc4460
0x00007fff541dc090:   00007fff541dc0c0 000000012649d9b5
0x00007fff541dc0a0:   00007fd690cc4460 00007fd681c09fc8
0x00007fff541dc0b0:   00007fd690cc54a0 0000000000000019
0x00007fff541dc0c0:   00007fff541dc0e0 0000000126633047
0x00007fff541dc0d0:   00007fd690cc4460 00007fd690cc54a0
0x00007fff541dc0e0:   00007fff541dc100 00000001266aa10d
0x00007fff541dc0f0:   00007fd690cc54a0 00007fd690cde0f0 

Instructions: (pc=0x00000001265085a3)
0x0000000126508583:   8d 85 30 ff ff ff 48 89 45 f8 48 8d 45 10 48 89
0x0000000126508593:   45 f0 c7 45 ec 30 00 00 00 c7 45 e8 18 00 00 00
0x00000001265085a3:   48 8b 07 48 8d 4d e8 ff 90 90 01 00 00 48 81 c4
0x00000001265085b3:   d0 00 00 00 5d c3 90 90 90 90 90 90 90 55 48 89 

Register to memory mapping:

RAX=0x00007fff541dbfe0 is an unknown value
RBX=0x00007fd681056c38 is an unknown value
RCX=0x00007fff541dbfb4 is an unknown value
RDX=0x00007fd69352d680 is an unknown value
RSP=0x00007fff541dbf00 is an unknown value
RBP=0x00007fff541dbfd0 is an unknown value
RSI=0x00007fd690f83c68 is a global jni handle
RDI=0x0000000000000000 is an unknown value
R8 =0x00007fd690caa7a0 is an unknown value
R9 =0x0000000000000000 is an unknown value
R10=0x0000000095c21cc0 is an unknown value
R11=0x00000000dbccc000 is an unknown value
R12=0x00007fd681056c00 is an unknown value
R13=0x00000001276a8f78 is an unknown value
R14=0x0000000000000000 is an unknown value
R15=0x0000000000000000 is an unknown value


Stack: [0x00007fff539e0000,0x00007fff541e0000],  sp=0x00007fff541dbf00,  free space=8175k
Native frames: (J=compiled Java code, j=interpreted, Vv=VM code, C=native code)
C  [libjfxwebkit.dylib+0x9385a3]  Java_com_sun_webkit_PopupMenu_twkPopupClosed+0x6253
C  [libjfxwebkit.dylib+0x8f4726]  Java_com_sun_webkit_graphics_WCGraphicsManager_append+0x906
C  [libjfxwebkit.dylib+0x8da7ec]  Java_com_sun_webkit_dom_EventListenerImpl_twkDispatchEvent+0x51b8ec
C  [libjfxwebkit.dylib+0x8d7d47]  Java_com_sun_webkit_dom_EventListenerImpl_twkDispatchEvent+0x518e47
C  [libjfxwebkit.dylib+0x8cd9b5]  Java_com_sun_webkit_dom_EventListenerImpl_twkDispatchEvent+0x50eab5
C  [libjfxwebkit.dylib+0xa63047]  Java_com_sun_webkit_network_URLLoader_twkWillSendRequest+0x10eb97
C  [libjfxwebkit.dylib+0xada10d]  Java_com_sun_webkit_network_URLLoader_twkWillSendRequest+0x185c5d
C  [libjfxwebkit.dylib+0x4f3217]  Java_com_sun_webkit_dom_EventListenerImpl_twkDispatchEvent+0x134317
C  [libjfxwebkit.dylib+0x4f14ce]  Java_com_sun_webkit_dom_EventListenerImpl_twkDispatchEvent+0x1325ce
C  [libjfxwebkit.dylib+0x51b78b]  Java_com_sun_webkit_dom_EventListenerImpl_twkDispatchEvent+0x15c88b
C  [libjfxwebkit.dylib+0x516c30]  Java_com_sun_webkit_dom_EventListenerImpl_twkDispatchEvent+0x157d30
C  [libjfxwebkit.dylib+0x54a6ab]  Java_com_sun_webkit_dom_EventListenerImpl_twkDispatchEvent+0x18b7ab
C  [libjfxwebkit.dylib+0x6a46e8]  Java_com_sun_webkit_dom_EventListenerImpl_twkDispatchEvent+0x2e57e8
C  [libjfxwebkit.dylib+0x3eb4fa]  Java_com_sun_webkit_dom_EventListenerImpl_twkDispatchEvent+0x2c5fa
C  [libjfxwebkit.dylib+0xde932f]  JSValueIsObjectOfClass+0x5080f
C  [libjfxwebkit.dylib+0xde9838]  JSValueIsObjectOfClass+0x50d18
C  [libjfxwebkit.dylib+0xdf2326]  JSValueIsObjectOfClass+0x59806
C  [libjfxwebkit.dylib+0xdefe02]  JSValueIsObjectOfClass+0x572e2
C  [libjfxwebkit.dylib+0xdef879]  JSValueIsObjectOfClass+0x56d59
C  [CoreFoundation+0xb53e4]  __CFRUNLOOP_IS_CALLING_OUT_TO_A_TIMER_CALLBACK_FUNCTION__+0x14
C  [CoreFoundation+0xb4f1f]  __CFRunLoopDoTimer+0x47f
C  [CoreFoundation+0x1265aa]  __CFRunLoopDoTimers+0x12a
C  [CoreFoundation+0x706a5]  __CFRunLoopRun+0x5f5
C  [CoreFoundation+0x6fe75]  CFRunLoopRunSpecific+0x135
C  [java+0x6490]  CreateExecutionEnvironment+0x367
C  [java+0x221c]  JLI_Launch+0x7a0
C  [java+0x84ed]  main+0x65
C  [java+0x1a74]  start+0x34


---------------  P R O C E S S  ---------------

VM state:not at safepoint (normal execution)

VM Mutex/Monitor currently owned by a thread: None

Heap:
 PSYoungGen      total 85504K, used 549K [0x00000007aab00000, 0x00000007b2400000, 0x00000007c0000000)
  eden space 76800K, 0% used [0x00000007aab00000,0x00000007aab615f0,0x00000007af600000)
  from space 8704K, 1% used [0x00000007af600000,0x00000007af628000,0x00000007afe80000)
  to   space 8704K, 0% used [0x00000007b1b80000,0x00000007b1b80000,0x00000007b2400000)
 ParOldGen       total 27648K, used 17406K [0x0000000780000000, 0x0000000781b00000, 0x00000007aab00000)
  object space 27648K, 62% used [0x0000000780000000,0x00000007810ff900,0x0000000781b00000)
 Metaspace       used 22752K, capacity 23514K, committed 23728K, reserved 1071104K
  class space    used 2214K, capacity 2432K, committed 2480K, reserved 1048576K

Card table byte_map: [0x000000011c82c000,0x000000011ca2d000] byte_map_base: 0x0000000118c2c000

Marking Bits: (ParMarkBitMap*) 0x000000010ccc27a0
 Begin Bits: [0x000000011cf8f000, 0x000000011df8f000)
 End Bits:   [0x000000011df8f000, 0x000000011ef8f000)

Polling page: 0x000000010bbaa000

CodeCache: size=245760Kb used=16768Kb max_used=16791Kb free=228991Kb
 bounds [0x000000010d46c000, 0x000000010e4ec000, 0x000000011c46c000]
 total_blobs=4144 nmethods=3471 adapters=586
 compilation: enabled

Compilation events (10 events):
Event: 11.260 Thread 0x00007fd692812800 3654       3       sun.misc.FloatingDecimal::getBinaryToASCIIConverter (183 bytes)
Event: 11.261 Thread 0x00007fd692812800 nmethod 3654 0x000000010e4be550 code [0x000000010e4be740, 0x000000010e4bef88]
Event: 11.266 Thread 0x00007fd692812800 3655       3       java.lang.Class::checkMemberAccess (49 bytes)
Event: 11.267 Thread 0x00007fd692812800 nmethod 3655 0x000000010e4bdc90 code [0x000000010e4bde40, 0x000000010e4be398]
Event: 11.268 Thread 0x00007fd692812800 3656       3       java.lang.invoke.MethodType::changeReturnType (20 bytes)
Event: 11.268 Thread 0x00007fd692812800 nmethod 3656 0x000000010e4a32d0 code [0x000000010e4a3440, 0x000000010e4a36c8]
Event: 11.295 Thread 0x00007fd692800800 nmethod 3650 0x000000010e4d2850 code [0x000000010e4d2bc0, 0x000000010e4d5138]
Event: 11.295 Thread 0x00007fd692800800 3653       4       org.sqlite.SQLite::run_0x6a800 (1450 bytes)
Event: 11.326 Thread 0x00007fd692800800 nmethod 3653 0x000000010e4d70d0 code [0x000000010e4d7700, 0x000000010e4d8b18]
Event: 11.361 Thread 0x00007fd691024000 nmethod 3651 0x000000010e4de3d0 code [0x000000010e4de7c0, 0x000000010e4e15d8]

GC Heap History (10 events):
Event: 5.742 GC heap before
{Heap before GC invocations=8 (full 1):
 PSYoungGen      total 35840K, used 32575K [0x00000007aab00000, 0x00000007ad480000, 0x00000007c0000000)
  eden space 30208K, 100% used [0x00000007aab00000,0x00000007ac880000,0x00000007ac880000)
  from space 5632K, 42% used [0x00000007acf00000,0x00000007ad14fff0,0x00000007ad480000)
  to   space 6144K, 0% used [0x00000007ac880000,0x00000007ac880000,0x00000007ace80000)
 ParOldGen       total 27648K, used 6022K [0x0000000780000000, 0x0000000781b00000, 0x00000007aab00000)
  object space 27648K, 21% used [0x0000000780000000,0x00000007805e1b60,0x0000000781b00000)
 Metaspace       used 21515K, capacity 22168K, committed 22448K, reserved 1069056K
  class space    used 2208K, capacity 2421K, committed 2480K, reserved 1048576K
Event: 5.748 GC heap after
Heap after GC invocations=8 (full 1):
 PSYoungGen      total 36352K, used 5984K [0x00000007aab00000, 0x00000007aee80000, 0x00000007c0000000)
  eden space 30208K, 0% used [0x00000007aab00000,0x00000007aab00000,0x00000007ac880000)
  from space 6144K, 97% used [0x00000007ac880000,0x00000007ace583e0,0x00000007ace80000)
  to   space 7168K, 0% used [0x00000007ae780000,0x00000007ae780000,0x00000007aee80000)
 ParOldGen       total 27648K, used 6030K [0x0000000780000000, 0x0000000781b00000, 0x00000007aab00000)
  object space 27648K, 21% used [0x0000000780000000,0x00000007805e3b60,0x0000000781b00000)
 Metaspace       used 21515K, capacity 22168K, committed 22448K, reserved 1069056K
  class space    used 2208K, capacity 2421K, committed 2480K, reserved 1048576K
}
Event: 6.206 GC heap before
{Heap before GC invocations=9 (full 1):
 PSYoungGen      total 36352K, used 36192K [0x00000007aab00000, 0x00000007aee80000, 0x00000007c0000000)
  eden space 30208K, 100% used [0x00000007aab00000,0x00000007ac880000,0x00000007ac880000)
  from space 6144K, 97% used [0x00000007ac880000,0x00000007ace583e0,0x00000007ace80000)
  to   space 7168K, 0% used [0x00000007ae780000,0x00000007ae780000,0x00000007aee80000)
 ParOldGen       total 27648K, used 6030K [0x0000000780000000, 0x0000000781b00000, 0x00000007aab00000)
  object space 27648K, 21% used [0x0000000780000000,0x00000007805e3b60,0x0000000781b00000)
 Metaspace       used 21718K, capacity 22424K, committed 22704K, reserved 1069056K
  class space    used 2208K, capacity 2421K, committed 2480K, reserved 1048576K
Event: 6.215 GC heap after
Heap after GC invocations=9 (full 1):
 PSYoungGen      total 60928K, used 6464K [0x00000007aab00000, 0x00000007af000000, 0x00000007c0000000)
  eden space 53760K, 0% used [0x00000007aab00000,0x00000007aab00000,0x00000007adf80000)
  from space 7168K, 90% used [0x00000007ae780000,0x00000007aedd03e0,0x00000007aee80000)
  to   space 8192K, 0% used [0x00000007adf80000,0x00000007adf80000,0x00000007ae780000)
 ParOldGen       total 27648K, used 8086K [0x0000000780000000, 0x0000000781b00000, 0x00000007aab00000)
  object space 27648K, 29% used [0x0000000780000000,0x00000007807e5b70,0x0000000781b00000)
 Metaspace       used 21718K, capacity 22424K, committed 22704K, reserved 1069056K
  class space    used 2208K, capacity 2421K, committed 2480K, reserved 1048576K
}
Event: 7.393 GC heap before
{Heap before GC invocations=10 (full 1):
 PSYoungGen      total 60928K, used 60224K [0x00000007aab00000, 0x00000007af000000, 0x00000007c0000000)
  eden space 53760K, 100% used [0x00000007aab00000,0x00000007adf80000,0x00000007adf80000)
  from space 7168K, 90% used [0x00000007ae780000,0x00000007aedd03e0,0x00000007aee80000)
  to   space 8192K, 0% used [0x00000007adf80000,0x00000007adf80000,0x00000007ae780000)
 ParOldGen       total 27648K, used 8086K [0x0000000780000000, 0x0000000781b00000, 0x00000007aab00000)
  object space 27648K, 29% used [0x0000000780000000,0x00000007807e5b70,0x0000000781b00000)
 Metaspace       used 22138K, capacity 22808K, committed 22960K, reserved 1069056K
  class space    used 2208K, capacity 2421K, committed 2480K, reserved 1048576K
Event: 7.401 GC heap after
Heap after GC invocations=10 (full 1):
 PSYoungGen      total 61952K, used 6544K [0x00000007aab00000, 0x00000007b0880000, 0x00000007c0000000)
  eden space 53760K, 0% used [0x00000007aab00000,0x00000007aab00000,0x00000007adf80000)
  from space 8192K, 79% used [0x00000007adf80000,0x00000007ae5e43f0,0x00000007ae780000)
  to   space 8704K, 0% used [0x00000007b0000000,0x00000007b0000000,0x00000007b0880000)
 ParOldGen       total 27648K, used 10213K [0x0000000780000000, 0x0000000781b00000, 0x00000007aab00000)
  object space 27648K, 36% used [0x0000000780000000,0x00000007809f9520,0x0000000781b00000)
 Metaspace       used 22138K, capacity 22808K, committed 22960K, reserved 1069056K
  class space    used 2208K, capacity 2421K, committed 2480K, reserved 1048576K
}
Event: 8.998 GC heap before
{Heap before GC invocations=11 (full 1):
 PSYoungGen      total 61952K, used 60304K [0x00000007aab00000, 0x00000007b0880000, 0x00000007c0000000)
  eden space 53760K, 100% used [0x00000007aab00000,0x00000007adf80000,0x00000007adf80000)
  from space 8192K, 79% used [0x00000007adf80000,0x00000007ae5e43f0,0x00000007ae780000)
  to   space 8704K, 0% used [0x00000007b0000000,0x00000007b0000000,0x00000007b0880000)
 ParOldGen       total 27648K, used 10213K [0x0000000780000000, 0x0000000781b00000, 0x00000007aab00000)
  object space 27648K, 36% used [0x0000000780000000,0x00000007809f9520,0x0000000781b00000)
 Metaspace       used 22451K, capacity 23132K, committed 23216K, reserved 1071104K
  class space    used 2208K, capacity 2421K, committed 2480K, reserved 1048576K
Event: 9.005 GC heap after
Heap after GC invocations=11 (full 1):
 PSYoungGen      total 83968K, used 1504K [0x00000007aab00000, 0x00000007b0700000, 0x00000007c0000000)
  eden space 76800K, 0% used [0x00000007aab00000,0x00000007aab00000,0x00000007af600000)
  from space 7168K, 20% used [0x00000007b0000000,0x00000007b0178020,0x00000007b0700000)
  to   space 8704K, 0% used [0x00000007af600000,0x00000007af600000,0x00000007afe80000)
 ParOldGen       total 27648K, used 17342K [0x0000000780000000, 0x0000000781b00000, 0x00000007aab00000)
  object space 27648K, 62% used [0x0000000780000000,0x00000007810ef900,0x0000000781b00000)
 Metaspace       used 22451K, capacity 23132K, committed 23216K, reserved 1071104K
  class space    used 2208K, capacity 2421K, committed 2480K, reserved 1048576K
}
Event: 11.269 GC heap before
{Heap before GC invocations=12 (full 1):
 PSYoungGen      total 83968K, used 78304K [0x00000007aab00000, 0x00000007b0700000, 0x00000007c0000000)
  eden space 76800K, 100% used [0x00000007aab00000,0x00000007af600000,0x00000007af600000)
  from space 7168K, 20% used [0x00000007b0000000,0x00000007b0178020,0x00000007b0700000)
  to   space 8704K, 0% used [0x00000007af600000,0x00000007af600000,0x00000007afe80000)
 ParOldGen       total 27648K, used 17342K [0x0000000780000000, 0x0000000781b00000, 0x00000007aab00000)
  object space 27648K, 62% used [0x0000000780000000,0x00000007810ef900,0x0000000781b00000)
 Metaspace       used 22752K, capacity 23514K, committed 23728K, reserved 1071104K
  class space    used 2214K, capacity 2432K, committed 2480K, reserved 1048576K
Event: 11.271 GC heap after
Heap after GC invocations=12 (full 1):
 PSYoungGen      total 85504K, used 160K [0x00000007aab00000, 0x00000007b2400000, 0x00000007c0000000)
  eden space 76800K, 0% used [0x00000007aab00000,0x00000007aab00000,0x00000007af600000)
  from space 8704K, 1% used [0x00000007af600000,0x00000007af628000,0x00000007afe80000)
  to   space 8704K, 0% used [0x00000007b1b80000,0x00000007b1b80000,0x00000007b2400000)
 ParOldGen       total 27648K, used 17406K [0x0000000780000000, 0x0000000781b00000, 0x00000007aab00000)
  object space 27648K, 62% used [0x0000000780000000,0x00000007810ff900,0x0000000781b00000)
 Metaspace       used 22752K, capacity 23514K, committed 23728K, reserved 1071104K
  class space    used 2214K, capacity 2432K, committed 2480K, reserved 1048576K
}

Deoptimization events (10 events):
Event: 4.251 Thread 0x00007fd69293d800 Uncommon trap: reason=unstable_if action=reinterpret pc=0x000000010d7b9f74 method=java.lang.String.regionMatches(ZILjava/lang/String;II)Z @ 123
Event: 5.067 Thread 0x00007fd69293d800 Uncommon trap: reason=unstable_if action=reinterpret pc=0x000000010daf2c54 method=com.sun.javafx.font.CMap$CMapFormat10.<init>(Lcom/sun/javafx/font/FontFileReader$Buffer;I)V @ 50
Event: 7.431 Thread 0x00007fd69293d800 Uncommon trap: reason=array_check action=maybe_recompile pc=0x000000010dfd0500 method=com.sun.javafx.css.SimpleSelector.applies(Ljavafx/css/Styleable;[Ljava/util/Set;I)Z @ 37
Event: 7.431 Thread 0x00007fd69293d800 Uncommon trap: reason=array_check action=maybe_recompile pc=0x000000010dfd0500 method=com.sun.javafx.css.SimpleSelector.applies(Ljavafx/css/Styleable;[Ljava/util/Set;I)Z @ 37
Event: 7.431 Thread 0x00007fd69293d800 Uncommon trap: reason=array_check action=maybe_recompile pc=0x000000010dfd0500 method=com.sun.javafx.css.SimpleSelector.applies(Ljavafx/css/Styleable;[Ljava/util/Set;I)Z @ 37
Event: 7.431 Thread 0x00007fd69293d800 Uncommon trap: reason=array_check action=maybe_recompile pc=0x000000010dfd0500 method=com.sun.javafx.css.SimpleSelector.applies(Ljavafx/css/Styleable;[Ljava/util/Set;I)Z @ 37
Event: 9.922 Thread 0x00007fd69293d800 Uncommon trap: reason=array_check action=maybe_recompile pc=0x000000010e33ace8 method=com.sun.javafx.css.CompoundSelector.applies(Ljavafx/css/Styleable;[Ljava/util/Set;I)Z @ 128
Event: 9.922 Thread 0x00007fd69293d800 Uncommon trap: reason=array_check action=maybe_recompile pc=0x000000010e33ace8 method=com.sun.javafx.css.CompoundSelector.applies(Ljavafx/css/Styleable;[Ljava/util/Set;I)Z @ 128
Event: 9.922 Thread 0x00007fd69293d800 Uncommon trap: reason=array_check action=maybe_recompile pc=0x000000010e33ace8 method=com.sun.javafx.css.CompoundSelector.applies(Ljavafx/css/Styleable;[Ljava/util/Set;I)Z @ 128
Event: 9.922 Thread 0x00007fd69293d800 Uncommon trap: reason=array_check action=maybe_recompile pc=0x000000010e33ace8 method=com.sun.javafx.css.CompoundSelector.applies(Ljavafx/css/Styleable;[Ljava/util/Set;I)Z @ 128

Internal exceptions (10 events):
Event: 0.319 Thread 0x00007fd692802000 Exception <a 'java/security/PrivilegedActionException'> (0x00000007aadfeeb8) thrown at [/Users/java_re/workspace/8-2-build-macosx-x86_64/jdk8u40/3098/hotspot/src/share/vm/prims/jvm.cpp, line 1382]
Event: 0.320 Thread 0x00007fd692802000 Exception <a 'java/lang/NullPointerException'> (0x00000007aae00368) thrown at [/Users/java_re/workspace/8-2-build-macosx-x86_64/jdk8u40/3098/hotspot/src/share/vm/interpreter/linkResolver.cpp, line 1178]
Event: 0.705 Thread 0x00007fd69293d800 Exception <a 'java/lang/NullPointerException'> (0x00000007ab585ef0) thrown at [/Users/java_re/workspace/8-2-build-macosx-x86_64/jdk8u40/3098/hotspot/src/share/vm/interpreter/linkResolver.cpp, line 1178]
Event: 0.705 Thread 0x00007fd69293d800 Exception <a 'java/lang/NullPointerException'> (0x00000007ab585ef0) thrown at [/Users/java_re/workspace/8-2-build-macosx-x86_64/jdk8u40/3098/hotspot/src/share/vm/prims/jvm.cpp, line 1386]
Event: 1.178 Thread 0x00007fd69293d800 Implicit null exception at 0x000000010d6e1cb5 to 0x000000010d6e1eb1
Event: 2.275 Thread 0x00007fd69293d800 Implicit null exception at 0x000000010d6f97b3 to 0x000000010d6f9b35
Event: 2.289 Thread 0x00007fd69293d800 Implicit null exception at 0x000000010d681275 to 0x000000010d6815d5
Event: 4.288 Thread 0x00007fd69293d800 Exception <a 'sun/nio/fs/UnixException'> (0x00000007ab70ce68) thrown at [/Users/java_re/workspace/8-2-build-macosx-x86_64/jdk8u40/3098/hotspot/src/share/vm/prims/jni.cpp, line 709]
Event: 4.289 Thread 0x00007fd69293d800 Exception <a 'sun/nio/fs/UnixException'> (0x00000007ab70ebf0) thrown at [/Users/java_re/workspace/8-2-build-macosx-x86_64/jdk8u40/3098/hotspot/src/share/vm/prims/jni.cpp, line 709]
Event: 5.068 Thread 0x00007fd69293d800 Exception <a 'java/io/FileNotFoundException'> (0x00000007aad20768) thrown at [/Users/java_re/workspace/8-2-build-macosx-x86_64/jdk8u40/3098/hotspot/src/share/vm/prims/jni.cpp, line 709]

Events (10 events):
Event: 11.267 loading class com/sun/javafx/tk/quantum/QuantumRenderer done
Event: 11.268 loading class com/sun/javafx/tk/quantum/QuantumToolkit
Event: 11.268 loading class com/sun/javafx/tk/quantum/QuantumToolkit done
Event: 11.268 Thread 0x00007fd6918c0000 Thread exited: 0x00007fd6918c0000
Event: 11.269 Thread 0x00007fd692968000 Thread exited: 0x00007fd692968000
Event: 11.269 Thread 0x00007fd69293d800 Thread exited: 0x00007fd69293d800
Event: 11.269 Thread 0x00007fd692802000 Thread exited: 0x00007fd692802000
Event: 11.269 Thread 0x00007fd68404c000 Thread added: 0x00007fd68404c000
Event: 11.269 Executing VM operation: ParallelGCFailedAllocation
Event: 11.272 Executing VM operation: ParallelGCFailedAllocation done


Dynamic libraries:
0x000000000b789000 	/System/Library/Frameworks/Cocoa.framework/Versions/A/Cocoa
0x000000000b789000 	/System/Library/Frameworks/Security.framework/Versions/A/Security
0x000000000b789000 	/System/Library/Frameworks/ApplicationServices.framework/Versions/A/ApplicationServices
0x000000000b789000 	/usr/lib/libz.1.dylib
0x000000000b789000 	/usr/lib/libSystem.B.dylib
0x000000000b789000 	/usr/lib/libobjc.A.dylib
0x000000000b789000 	/System/Library/Frameworks/CoreFoundation.framework/Versions/A/CoreFoundation
0x000000000b789000 	/System/Library/Frameworks/Foundation.framework/Versions/C/Foundation
0x000000000b789000 	/System/Library/Frameworks/AppKit.framework/Versions/C/AppKit
0x000000000b789000 	/System/Library/Frameworks/CoreData.framework/Versions/A/CoreData
0x000000000b789000 	/System/Library/PrivateFrameworks/RemoteViewServices.framework/Versions/A/RemoteViewServices
0x000000000b789000 	/System/Library/Frameworks/AudioToolbox.framework/Versions/A/AudioToolbox
0x000000000b789000 	/System/Library/Frameworks/AudioUnit.framework/Versions/A/AudioUnit
0x000000000b789000 	/System/Library/PrivateFrameworks/DataDetectorsCore.framework/Versions/A/DataDetectorsCore
0x000000000b789000 	/System/Library/PrivateFrameworks/DesktopServicesPriv.framework/Versions/A/DesktopServicesPriv
0x000000000b789000 	/System/Library/Frameworks/Carbon.framework/Versions/A/Frameworks/HIToolbox.framework/Versions/A/HIToolbox
0x000000000b789000 	/System/Library/Frameworks/QuartzCore.framework/Versions/A/QuartzCore
0x000000000b789000 	/System/Library/Frameworks/Carbon.framework/Versions/A/Frameworks/SpeechRecognition.framework/Versions/A/SpeechRecognition
0x000000000b789000 	/usr/lib/libauto.dylib
0x000000000b789000 	/usr/lib/libicucore.A.dylib
0x000000000b789000 	/usr/lib/libxml2.2.dylib
0x000000000b789000 	/System/Library/PrivateFrameworks/CoreUI.framework/Versions/A/CoreUI
0x000000000b789000 	/System/Library/Frameworks/CoreAudio.framework/Versions/A/CoreAudio
0x000000000b789000 	/System/Library/Frameworks/DiskArbitration.framework/Versions/A/DiskArbitration
0x000000000b789000 	/usr/lib/liblangid.dylib
0x000000000b789000 	/System/Library/PrivateFrameworks/MultitouchSupport.framework/Versions/A/MultitouchSupport
0x000000000b789000 	/System/Library/Frameworks/IOKit.framework/Versions/A/IOKit
0x000000000b789000 	/usr/lib/libDiagnosticMessagesClient.dylib
0x000000000b789000 	/System/Library/Frameworks/CoreServices.framework/Versions/A/CoreServices
0x000000000b789000 	/System/Library/PrivateFrameworks/PerformanceAnalysis.framework/Versions/A/PerformanceAnalysis
0x000000000b789000 	/System/Library/PrivateFrameworks/GenerationalStorage.framework/Versions/A/GenerationalStorage
0x000000000b789000 	/System/Library/Frameworks/OpenGL.framework/Versions/A/OpenGL
0x000000000b789000 	/System/Library/PrivateFrameworks/Sharing.framework/Versions/A/Sharing
0x000000000b789000 	/System/Library/Frameworks/ImageIO.framework/Versions/A/ImageIO
0x000000000b789000 	/System/Library/Frameworks/CoreText.framework/Versions/A/CoreText
0x000000000b789000 	/System/Library/Frameworks/CoreGraphics.framework/Versions/A/CoreGraphics
0x000000000b789000 	/System/Library/PrivateFrameworks/Backup.framework/Versions/A/Backup
0x000000000b789000 	/System/Library/Frameworks/CFNetwork.framework/Versions/A/CFNetwork
0x000000000b789000 	/System/Library/Frameworks/SystemConfiguration.framework/Versions/A/SystemConfiguration
0x000000000b789000 	/usr/lib/libCRFSuite.dylib
0x000000000b789000 	/usr/lib/libc++.1.dylib
0x000000000b789000 	/usr/lib/libc++abi.dylib
0x000000000b789000 	/usr/lib/system/libcache.dylib
0x000000000b789000 	/usr/lib/system/libcommonCrypto.dylib
0x000000000b789000 	/usr/lib/system/libcompiler_rt.dylib
0x000000000b789000 	/usr/lib/system/libcopyfile.dylib
0x000000000b789000 	/usr/lib/system/libcorecrypto.dylib
0x000000000b789000 	/usr/lib/system/libdispatch.dylib
0x000000000b789000 	/usr/lib/system/libdyld.dylib
0x000000000b789000 	/usr/lib/system/libkeymgr.dylib
0x000000000b789000 	/usr/lib/system/liblaunch.dylib
0x000000000b789000 	/usr/lib/system/libmacho.dylib
0x000000000b789000 	/usr/lib/system/libquarantine.dylib
0x000000000b789000 	/usr/lib/system/libremovefile.dylib
0x000000000b789000 	/usr/lib/system/libsystem_asl.dylib
0x000000000b789000 	/usr/lib/system/libsystem_blocks.dylib
0x000000000b789000 	/usr/lib/system/libsystem_c.dylib
0x000000000b789000 	/usr/lib/system/libsystem_configuration.dylib
0x000000000b789000 	/usr/lib/system/libsystem_dnssd.dylib
0x000000000b789000 	/usr/lib/system/libsystem_info.dylib
0x000000000b789000 	/usr/lib/system/libsystem_kernel.dylib
0x000000000b789000 	/usr/lib/system/libsystem_m.dylib
0x000000000b789000 	/usr/lib/system/libsystem_malloc.dylib
0x000000000b789000 	/usr/lib/system/libsystem_network.dylib
0x000000000b789000 	/usr/lib/system/libsystem_notify.dylib
0x000000000b789000 	/usr/lib/system/libsystem_platform.dylib
0x000000000b789000 	/usr/lib/system/libsystem_pthread.dylib
0x000000000b789000 	/usr/lib/system/libsystem_sandbox.dylib
0x000000000b789000 	/usr/lib/system/libsystem_stats.dylib
0x000000000b789000 	/usr/lib/system/libunc.dylib
0x000000000b789000 	/usr/lib/system/libunwind.dylib
0x000000000b789000 	/usr/lib/system/libxpc.dylib
0x000000000b789000 	/usr/lib/libbsm.0.dylib
0x000000000b789000 	/usr/lib/libsqlite3.dylib
0x000000000b789000 	/usr/lib/libxar.1.dylib
0x000000000b789000 	/usr/lib/libpam.2.dylib
0x000000000b789000 	/usr/lib/libOpenScriptingUtil.dylib
0x000000000b789000 	/usr/lib/libbz2.1.0.dylib
0x000000000b789000 	/System/Library/Frameworks/CoreServices.framework/Versions/A/Frameworks/CarbonCore.framework/Versions/A/CarbonCore
0x000000000b789000 	/System/Library/Frameworks/CoreServices.framework/Versions/A/Frameworks/Metadata.framework/Versions/A/Metadata
0x000000000b789000 	/System/Library/Frameworks/CoreServices.framework/Versions/A/Frameworks/OSServices.framework/Versions/A/OSServices
0x000000000b789000 	/System/Library/Frameworks/CoreServices.framework/Versions/A/Frameworks/SearchKit.framework/Versions/A/SearchKit
0x000000000b789000 	/System/Library/Frameworks/CoreServices.framework/Versions/A/Frameworks/AE.framework/Versions/A/AE
0x000000000b789000 	/System/Library/Frameworks/CoreServices.framework/Versions/A/Frameworks/LaunchServices.framework/Versions/A/LaunchServices
0x000000000b789000 	/System/Library/Frameworks/CoreServices.framework/Versions/A/Frameworks/DictionaryServices.framework/Versions/A/DictionaryServices
0x000000000b789000 	/System/Library/Frameworks/NetFS.framework/Versions/A/NetFS
0x000000000b789000 	/usr/lib/system/libkxld.dylib
0x000000000b789000 	/System/Library/PrivateFrameworks/NetAuth.framework/Versions/A/NetAuth
0x000000000b789000 	/System/Library/PrivateFrameworks/TCC.framework/Versions/A/TCC
0x000000000b789000 	/System/Library/Frameworks/OpenDirectory.framework/Versions/A/Frameworks/CFOpenDirectory.framework/Versions/A/CFOpenDirectory
0x000000000b789000 	/System/Library/Frameworks/ServiceManagement.framework/Versions/A/ServiceManagement
0x000000000b789000 	/usr/lib/libxslt.1.dylib
0x000000000b789000 	/System/Library/Frameworks/Carbon.framework/Versions/A/Frameworks/Ink.framework/Versions/A/Ink
0x000000000b789000 	/System/Library/Frameworks/ApplicationServices.framework/Versions/A/Frameworks/ATS.framework/Versions/A/ATS
0x000000000b789000 	/System/Library/Frameworks/ApplicationServices.framework/Versions/A/Frameworks/ColorSync.framework/Versions/A/ColorSync
0x000000000b789000 	/System/Library/Frameworks/ApplicationServices.framework/Versions/A/Frameworks/HIServices.framework/Versions/A/HIServices
0x000000000b789000 	/System/Library/Frameworks/ApplicationServices.framework/Versions/A/Frameworks/LangAnalysis.framework/Versions/A/LangAnalysis
0x000000000b789000 	/System/Library/Frameworks/ApplicationServices.framework/Versions/A/Frameworks/PrintCore.framework/Versions/A/PrintCore
0x000000000b789000 	/System/Library/Frameworks/ApplicationServices.framework/Versions/A/Frameworks/QD.framework/Versions/A/QD
0x000000000b789000 	/System/Library/Frameworks/ApplicationServices.framework/Versions/A/Frameworks/SpeechSynthesis.framework/Versions/A/SpeechSynthesis
0x000000000b789000 	/System/Library/Frameworks/IOSurface.framework/Versions/A/IOSurface
0x000000000b789000 	/System/Library/Frameworks/Accelerate.framework/Versions/A/Accelerate
0x000000000b789000 	/System/Library/Frameworks/Accelerate.framework/Versions/A/Frameworks/vImage.framework/Versions/A/vImage
0x000000000b789000 	/System/Library/Frameworks/Accelerate.framework/Versions/A/Frameworks/vecLib.framework/Versions/A/vecLib
0x000000000b789000 	/System/Library/Frameworks/Accelerate.framework/Versions/A/Frameworks/vecLib.framework/Versions/A/libvDSP.dylib
0x000000000b789000 	/System/Library/Frameworks/Accelerate.framework/Versions/A/Frameworks/vecLib.framework/Versions/A/libvMisc.dylib
0x000000000b789000 	/System/Library/Frameworks/Accelerate.framework/Versions/A/Frameworks/vecLib.framework/Versions/A/libLAPACK.dylib
0x000000000b789000 	/System/Library/Frameworks/Accelerate.framework/Versions/A/Frameworks/vecLib.framework/Versions/A/libBLAS.dylib
0x000000000b789000 	/System/Library/Frameworks/ApplicationServices.framework/Versions/A/Frameworks/ATS.framework/Versions/A/Resources/libFontParser.dylib
0x000000000b789000 	/System/Library/Frameworks/ApplicationServices.framework/Versions/A/Frameworks/ATS.framework/Versions/A/Resources/libFontRegistry.dylib
0x000000000b789000 	/System/Library/Frameworks/ImageIO.framework/Versions/A/Resources/libJPEG.dylib
0x000000000b789000 	/System/Library/Frameworks/ImageIO.framework/Versions/A/Resources/libTIFF.dylib
0x000000000b789000 	/System/Library/Frameworks/ImageIO.framework/Versions/A/Resources/libPng.dylib
0x000000000b789000 	/System/Library/Frameworks/ImageIO.framework/Versions/A/Resources/libGIF.dylib
0x000000000b789000 	/System/Library/Frameworks/ImageIO.framework/Versions/A/Resources/libJP2.dylib
0x000000000b789000 	/System/Library/Frameworks/ImageIO.framework/Versions/A/Resources/libRadiance.dylib
0x000000000b789000 	/usr/lib/libcups.2.dylib
0x000000000b789000 	/System/Library/Frameworks/Kerberos.framework/Versions/A/Kerberos
0x000000000b789000 	/System/Library/Frameworks/GSS.framework/Versions/A/GSS
0x000000000b789000 	/usr/lib/libresolv.9.dylib
0x000000000b789000 	/usr/lib/libiconv.2.dylib
0x000000000b789000 	/System/Library/PrivateFrameworks/Heimdal.framework/Versions/A/Heimdal
0x000000000b789000 	/System/Library/PrivateFrameworks/TrustEvaluationAgent.framework/Versions/A/TrustEvaluationAgent
0x000000000b789000 	/usr/lib/libheimdal-asn1.dylib
0x000000000b789000 	/System/Library/Frameworks/OpenDirectory.framework/Versions/A/OpenDirectory
0x000000000b789000 	/System/Library/PrivateFrameworks/CommonAuth.framework/Versions/A/CommonAuth
0x000000000b789000 	/System/Library/Frameworks/SecurityFoundation.framework/Versions/A/SecurityFoundation
0x000000000b789000 	/System/Library/PrivateFrameworks/Bom.framework/Versions/A/Bom
0x000000000b789000 	/System/Library/Frameworks/CoreVideo.framework/Versions/A/CoreVideo
0x000000000b789000 	/System/Library/Frameworks/QuartzCore.framework/Versions/A/Frameworks/CoreImage.framework/Versions/A/CoreImage
0x000000000b789000 	/System/Library/Frameworks/QuartzCore.framework/Versions/A/Frameworks/ScalableUserInterface.framework/Versions/A/ScalableUserInterface
0x000000000b789000 	/System/Library/Frameworks/OpenGL.framework/Versions/A/Libraries/libGLU.dylib
0x000000000b789000 	/System/Library/Frameworks/OpenGL.framework/Versions/A/Libraries/libGFXShared.dylib
0x000000000b789000 	/System/Library/Frameworks/OpenGL.framework/Versions/A/Libraries/libGL.dylib
0x000000000b789000 	/System/Library/Frameworks/OpenGL.framework/Versions/A/Libraries/libGLImage.dylib
0x000000000b789000 	/System/Library/Frameworks/OpenGL.framework/Versions/A/Libraries/libCVMSPluginSupport.dylib
0x000000000b789000 	/System/Library/Frameworks/OpenGL.framework/Versions/A/Libraries/libCoreVMClient.dylib
0x000000000b789000 	/System/Library/PrivateFrameworks/FaceCore.framework/Versions/A/FaceCore
0x000000000b789000 	/System/Library/PrivateFrameworks/CrashReporterSupport.framework/Versions/A/CrashReporterSupport
0x000000000b789000 	/System/Library/Frameworks/OpenCL.framework/Versions/A/OpenCL
0x000000000b789000 	/System/Library/PrivateFrameworks/AppleFSCompression.framework/Versions/A/AppleFSCompression
0x000000000b789000 	/System/Library/PrivateFrameworks/Ubiquity.framework/Versions/A/Ubiquity
0x000000000b789000 	/System/Library/PrivateFrameworks/IconServices.framework/Versions/A/IconServices
0x000000000b789000 	/System/Library/PrivateFrameworks/ChunkingLibrary.framework/Versions/A/ChunkingLibrary
0x000000000b789000 	/System/Library/PrivateFrameworks/CoreSymbolication.framework/Versions/A/CoreSymbolication
0x000000000b789000 	/System/Library/PrivateFrameworks/Symbolication.framework/Versions/A/Symbolication
0x000000000b789000 	/System/Library/PrivateFrameworks/DebugSymbols.framework/Versions/A/DebugSymbols
0x000000010c400000 	/Library/Java/JavaVirtualMachines/jdk1.8.0_40.jdk/Contents/Home/jre/lib/server/libjvm.dylib
0x000000000b789000 	/usr/lib/libstdc++.6.dylib
0x000000010bb67000 	/Library/Java/JavaVirtualMachines/jdk1.8.0_40.jdk/Contents/Home/jre/lib/libverify.dylib
0x000000010bb75000 	/Library/Java/JavaVirtualMachines/jdk1.8.0_40.jdk/Contents/Home/jre/lib/libjava.dylib
0x000000010bbb4000 	/Library/Java/JavaVirtualMachines/jdk1.8.0_40.jdk/Contents/Home/jre/lib/libzip.dylib
0x0000000120f1e000 	/System/Library/Frameworks/JavaVM.framework/Frameworks/JavaRuntimeSupport.framework/JavaRuntimeSupport
0x0000000120f36000 	/System/Library/Frameworks/JavaVM.framework/Versions/A/Frameworks/JavaNativeFoundation.framework/Versions/A/JavaNativeFoundation
0x000000010bbf1000 	/System/Library/Frameworks/JavaVM.framework/Versions/A/JavaVM
0x000000000b789000 	/System/Library/Frameworks/Carbon.framework/Versions/A/Carbon
0x0000000120f4a000 	/System/Library/PrivateFrameworks/JavaLaunching.framework/Versions/A/JavaLaunching
0x000000000b789000 	/System/Library/Frameworks/Carbon.framework/Versions/A/Frameworks/CommonPanels.framework/Versions/A/CommonPanels
0x000000000b789000 	/System/Library/Frameworks/Carbon.framework/Versions/A/Frameworks/Help.framework/Versions/A/Help
0x000000000b789000 	/System/Library/Frameworks/Carbon.framework/Versions/A/Frameworks/ImageCapture.framework/Versions/A/ImageCapture
0x000000000b789000 	/System/Library/Frameworks/Carbon.framework/Versions/A/Frameworks/OpenScripting.framework/Versions/A/OpenScripting
0x000000000b789000 	/System/Library/Frameworks/Carbon.framework/Versions/A/Frameworks/Print.framework/Versions/A/Print
0x000000000b789000 	/System/Library/Frameworks/Carbon.framework/Versions/A/Frameworks/SecurityHI.framework/Versions/A/SecurityHI
0x000000012181b000 	/Library/Java/JavaVirtualMachines/jdk1.8.0_40.jdk/Contents/Home/jre/lib/libprism_es2.dylib
0x000000000b789000 	/System/Library/Frameworks/OpenGL.framework/Versions/A/Resources/GLEngine.bundle/GLEngine
0x000000000b789000 	/System/Library/Frameworks/OpenGL.framework/Versions/A/Libraries/libGLProgrammability.dylib
0x0000000000000000 	/System/Library/Extensions/AppleIntelHD4000GraphicsGLDriver.bundle/Contents/MacOS/AppleIntelHD4000GraphicsGLDriver
0x000000000b789000 	/System/Library/PrivateFrameworks/IOAccelerator.framework/Versions/A/IOAccelerator
0x000000000b789000 	/System/Library/PrivateFrameworks/GPUSupport.framework/Versions/A/Libraries/libGPUSupportMercury.dylib
0x000000000b789000 	/System/Library/Frameworks/OpenGL.framework/Versions/A/Resources/GLRendererFloat.bundle/GLRendererFloat
0x000000000b789000 	/System/Library/Frameworks/OpenCL.framework/Versions/A/Libraries/libcldcpuengine.dylib
0x000000000b789000 	/System/Library/PrivateFrameworks/DiskImages.framework/Versions/A/DiskImages
0x000000000b789000 	/System/Library/Frameworks/DiscRecording.framework/Versions/A/DiscRecording
0x000000000b789000 	/usr/lib/libcsfde.dylib
0x000000000b789000 	/usr/lib/libcurl.4.dylib
0x000000000b789000 	/System/Library/PrivateFrameworks/MediaKit.framework/Versions/A/MediaKit
0x000000000b789000 	/usr/lib/libCoreStorage.dylib
0x000000000b789000 	/System/Library/PrivateFrameworks/EFILogin.framework/Versions/A/EFILogin
0x000000000b789000 	/usr/lib/libutil.dylib
0x000000000b789000 	/System/Library/PrivateFrameworks/AOSNotification.framework/Versions/A/AOSNotification
0x000000000b789000 	/System/Library/Frameworks/LDAP.framework/Versions/A/LDAP
0x000000000b789000 	/usr/lib/libsasl2.2.dylib
0x000000000b789000 	/usr/lib/libcrypto.0.9.8.dylib
0x000000000b789000 	/usr/lib/libssl.0.9.8.dylib
0x0000000122119000 	/Library/Java/JavaVirtualMachines/jdk1.8.0_40.jdk/Contents/Home/jre/lib/libglass.dylib
0x000000000b789000 	/System/Library/PrivateFrameworks/CoreServicesInternal.framework/Versions/A/CoreServicesInternal
0x000000000b789000 	/System/Library/PrivateFrameworks/Librarian.framework/Versions/A/Librarian
0x000000000b789000 	/System/Library/CoreServices/RawCamera.bundle/Contents/MacOS/RawCamera
0x0000000123915000 	/System/Library/Frameworks/CoreGraphics.framework/Versions/A/Resources/libCGCMS.A.dylib
0x0000000123a27000 	/System/Library/Frameworks/CoreGraphics.framework/Versions/A/Resources/libRIP.A.dylib
0x000000000b789000 	/System/Library/PrivateFrameworks/FamilyControls.framework/Versions/A/FamilyControls
0x000000000b789000 	/System/Library/PrivateFrameworks/CommerceKit.framework/Versions/A/Frameworks/CommerceCore.framework/Versions/A/CommerceCore
0x000000000b789000 	/System/Library/PrivateFrameworks/SystemAdministration.framework/Versions/A/SystemAdministration
0x000000000b789000 	/System/Library/Frameworks/DirectoryService.framework/Versions/A/DirectoryService
0x000000000b789000 	/System/Library/PrivateFrameworks/LoginUIKit.framework/Versions/A/Frameworks/LoginUICore.framework/Versions/A/LoginUICore
0x000000000b789000 	/usr/lib/libodfde.dylib
0x0000000125bd0000 	/Library/Java/JavaVirtualMachines/jdk1.8.0_40.jdk/Contents/Home/jre/lib/libjfxwebkit.dylib
0x0000000127f9a000 	/System/Library/Frameworks/CoreGraphics.framework/Versions/A/Resources/libCGXType.A.dylib
0x00000001290f8000 	/Library/Java/JavaVirtualMachines/jdk1.8.0_40.jdk/Contents/Home/jre/lib/libjavafx_font.dylib
0x0000000129ef9000 	cl_kernels
0x0000000129efc000 	/System/Library/Frameworks/OpenCL.framework/Versions/A/Libraries/ImageFormats/unorm8_bgra.dylib
0x0000000129eea000 	cl_kernels
0x0000000123a64000 	/Library/Java/JavaVirtualMachines/jdk1.8.0_40.jdk/Contents/Home/jre/lib/libnet.dylib
0x0000000123a7b000 	/Library/Java/JavaVirtualMachines/jdk1.8.0_40.jdk/Contents/Home/jre/lib/libnio.dylib
0x0000000123a95000 	/Library/Java/JavaVirtualMachines/jdk1.8.0_40.jdk/Contents/Home/jre/lib/libprism_common.dylib

VM Arguments:
jvm_args: -Dfile.encoding=UTF-8 
java_command: /Users/jaspertomas/NetBeansProjects/examples/MyAegisub/dist/run966731027/MyAegisub.jar
java_class_path (initial): /Users/jaspertomas/NetBeansProjects/examples/MyAegisub/dist/run966731027/MyAegisub.jar
Launcher Type: SUN_STANDARD

Environment Variables:
PATH=/usr/bin:/bin:/usr/sbin:/sbin
LD_LIBRARY_PATH=/Library/Java/JavaVirtualMachines/jdk1.8.0_40.jdk/Contents/Home/jre/lib/amd64:/Library/Java/JavaVirtualMachines/jdk1.8.0_40.jdk/Contents/Home/jre/lib/i386:
SHELL=/bin/bash
DISPLAY=/tmp/launch-eBZfiY/org.macosforge.xquartz:0
DYLD_LIBRARY_PATH=/Applications/NetBeans/NetBeans 8.0.2.app/Contents/Resources/NetBeans/webcommon/bin:

Signal Handlers:
SIGSEGV: [libjvm.dylib+0x58ef95], sa_mask[0]=11111111011111110111111111111111, sa_flags=SA_ONSTACK|SA_RESTART|SA_SIGINFO
SIGBUS: [libjvm.dylib+0x58ef95], sa_mask[0]=11111111011111110111111111111111, sa_flags=SA_RESTART|SA_SIGINFO
SIGFPE: [libjvm.dylib+0x46c118], sa_mask[0]=11111111011111110111111111111111, sa_flags=SA_RESTART|SA_SIGINFO
SIGPIPE: [libjvm.dylib+0x46c118], sa_mask[0]=11111111011111110111111111111111, sa_flags=SA_RESTART|SA_SIGINFO
SIGXFSZ: [libjvm.dylib+0x46c118], sa_mask[0]=11111111011111110111111111111111, sa_flags=SA_RESTART|SA_SIGINFO
SIGILL: [libjvm.dylib+0x46c118], sa_mask[0]=11111111011111110111111111111111, sa_flags=SA_RESTART|SA_SIGINFO
SIGUSR1: SIG_DFL, sa_mask[0]=00000000000000000000000000000000, sa_flags=SA_RESTART
SIGUSR2: [libjvm.dylib+0x46bc36], sa_mask[0]=00100000000000000000000000000000, sa_flags=SA_RESTART|SA_SIGINFO
SIGHUP: [libjvm.dylib+0x46a209], sa_mask[0]=11111111011111110111111111111111, sa_flags=SA_RESTART|SA_SIGINFO
SIGINT: SIG_IGN, sa_mask[0]=00000000000000000000000000000000, sa_flags=none
SIGTERM: [libjvm.dylib+0x46a209], sa_mask[0]=11111111011111110111111111111111, sa_flags=SA_RESTART|SA_SIGINFO
SIGQUIT: [libjvm.dylib+0x46a209], sa_mask[0]=11111111011111110111111111111111, sa_flags=SA_RESTART|SA_SIGINFO


---------------  S Y S T E M  ---------------

OS:Bsduname:Darwin 13.4.0 Darwin Kernel Version 13.4.0: Wed Dec 17 19:05:52 PST 2014; root:xnu-2422.115.10~1/RELEASE_X86_64 x86_64
rlimit: STACK 8192k, CORE 0k, NPROC 709, NOFILE 10240, AS infinity
load average:2.75 2.08 1.74

CPU:total 4 (2 cores per cpu, 2 threads per core) family 6 model 58 stepping 9, cmov, cx8, fxsr, mmx, sse, sse2, sse3, ssse3, sse4.1, sse4.2, popcnt, avx, aes, clmul, erms, ht, tsc, tscinvbit, tscinv

Memory: 4k page, physical 4194304k(223684k free)

/proc/meminfo:


vm_info: Java HotSpot(TM) 64-Bit Server VM (25.40-b25) for bsd-amd64 JRE (1.8.0_40-b26), built on Mar  7 2015 13:53:55 by "java_re" with gcc 4.2.1 (Based on Apple Inc. build 5658) (LLVM build 2336.11.00)

time: Thu Mar 19 18:55:52 2015
elapsed time: 11 seconds (0d 0h 0m 11s)

