#
# A fatal error has been detected by the Java Runtime Environment:
#
#  SIGSEGV (0xb) at pc=0x000000012785a5a3, pid=14991, tid=3335
#
# JRE version: Java(TM) SE Runtime Environment (8.0_40-b26) (build 1.8.0_40-b26)
# Java VM: Java HotSpot(TM) 64-Bit Server VM (25.40-b25 mixed mode bsd-amd64 compressed oops)
# Problematic frame:
# C  [libjfxwebkit.dylib+0x9385a3]  Java_com_sun_webkit_PopupMenu_twkPopupClosed+0x6253
#
# Failed to write core dump. Core dumps have been disabled. To enable core dumping, try "ulimit -c unlimited" before starting Java again
#
# If you would like to submit a bug report, please visit:
#   http://bugreport.java.com/bugreport/crash.jsp
#

---------------  T H R E A D  ---------------

Current thread is native thread

siginfo: si_signo: 11 (SIGSEGV), si_code: 1 (SEGV_MAPERR), si_addr: 0x0000000000000000

Registers:
RAX=0x00007fff52fc3fe0, RBX=0x00007fa62981cc38, RCX=0x00007fff52fc3fb4, RDX=0x00007fa61e533a10
RSP=0x00007fff52fc3f00, RBP=0x00007fff52fc3fd0, RSI=0x00007fa61be76290, RDI=0x0000000000000000
R8 =0x00007fa61e58ca20, R9 =0x00007fa61e541430, R10=0x00000000570b5ed4, R11=0x00000000de403f6d
R12=0x00007fa62981cc00, R13=0x00000001289f8f60, R14=0x0000000000000000, R15=0x0000000000000000
RIP=0x000000012785a5a3, EFLAGS=0x0000000000010246, ERR=0x0000000000000004
  TRAPNO=0x000000000000000e

Top of Stack: (sp=0x00007fff52fc3f00)
0x00007fff52fc3f00:   00007fa61bf9e758 00007fa61bd96d80
0x00007fff52fc3f10:   00007fa61e59a8d0 00007fff52fc3fb4
0x00007fff52fc3f20:   00007fa61e58ca20 00007fa61e541430
0x00007fff52fc3f30:   00007fa600000001 0000000000000005
0x00007fff52fc3f40:   00007fa61e5f3ef0 00007fff8fc96fd4
0x00007fff52fc3f50:   00007fa61bf41ef0 0000000000000001
0x00007fff52fc3f60:   00007fa61beab1f0 0000000000000005
0x00007fff52fc3f70:   00007fff52fc3fa0 000000010d917d9d
0x00007fff52fc3f80:   00007fff7dbb4a60 0000000000010002
0x00007fff52fc3f90:   00007fff52fc3fe8 000000010de07848
0x00007fff52fc3fa0:   00007fff52fc3fd0 000000010d915ca3
0x00007fff52fc3fb0:   fffffffe00000000 0000003000000018
0x00007fff52fc3fc0:   00007fff52fc3fe0 00007fff52fc3f00
0x00007fff52fc3fd0:   00007fff52fc4000 0000000127816726
0x00007fff52fc3fe0:   00007fff52fc4000 0000000000000000
0x00007fff52fc3ff0:   00007fa62981cc38 0000000000000000
0x00007fff52fc4000:   00007fff52fc4050 00000001277fc7ec
0x00007fff52fc4010:   00007fa61bdee550 0000000f94aeac3a
0x00007fff52fc4020:   00007fa61e521100 00007fa61e5f0370
0x00007fff52fc4030:   00007fa62981cc00 00000001289f8f60
0x00007fff52fc4040:   0000000000000000 0000000000000000
0x00007fff52fc4050:   00007fff52fc4090 00000001277f9d47
0x00007fff52fc4060:   00007fff52fc4100 00007fff8bac019a
0x00007fff52fc4070:   0000000000000800 00007fa60bdfc080
0x00007fff52fc4080:   000000010cc56e00 00007fa61e5f0370
0x00007fff52fc4090:   00007fff52fc40c0 00000001277ef9b5
0x00007fff52fc40a0:   00007fa61e5f0370 00007fa60f1444c8
0x00007fff52fc40b0:   00007fa61e5f0300 000000000000001d
0x00007fff52fc40c0:   00007fff52fc40e0 0000000127985047
0x00007fff52fc40d0:   00007fa61e5f0370 00007fa61e5f0300
0x00007fff52fc40e0:   00007fff52fc4100 00000001279fc10d
0x00007fff52fc40f0:   00007fa61e5f0300 00007fa61e58c9c0 

Instructions: (pc=0x000000012785a5a3)
0x000000012785a583:   8d 85 30 ff ff ff 48 89 45 f8 48 8d 45 10 48 89
0x000000012785a593:   45 f0 c7 45 ec 30 00 00 00 c7 45 e8 18 00 00 00
0x000000012785a5a3:   48 8b 07 48 8d 4d e8 ff 90 90 01 00 00 48 81 c4
0x000000012785a5b3:   d0 00 00 00 5d c3 90 90 90 90 90 90 90 55 48 89 

Register to memory mapping:

RAX=0x00007fff52fc3fe0 is an unknown value
RBX=0x00007fa62981cc38 is an unknown value
RCX=0x00007fff52fc3fb4 is an unknown value
RDX=0x00007fa61e533a10 is an unknown value
RSP=0x00007fff52fc3f00 is an unknown value
RBP=0x00007fff52fc3fd0 is an unknown value
RSI=0x00007fa61be76290 is a global jni handle
RDI=0x0000000000000000 is an unknown value
R8 =0x00007fa61e58ca20 is an unknown value
R9 =0x00007fa61e541430 is an unknown value
R10=0x00000000570b5ed4 is an unknown value
R11=0x00000000de403f6d is an unknown value
R12=0x00007fa62981cc00 is an unknown value
R13=0x00000001289f8f60 is an unknown value
R14=0x0000000000000000 is an unknown value
R15=0x0000000000000000 is an unknown value


Stack: [0x00007fff527c8000,0x00007fff52fc8000],  sp=0x00007fff52fc3f00,  free space=8175k
Native frames: (J=compiled Java code, j=interpreted, Vv=VM code, C=native code)
C  [libjfxwebkit.dylib+0x9385a3]  Java_com_sun_webkit_PopupMenu_twkPopupClosed+0x6253
C  [libjfxwebkit.dylib+0x8f4726]  Java_com_sun_webkit_graphics_WCGraphicsManager_append+0x906
C  [libjfxwebkit.dylib+0x8da7ec]  Java_com_sun_webkit_dom_EventListenerImpl_twkDispatchEvent+0x51b8ec
C  [libjfxwebkit.dylib+0x8d7d47]  Java_com_sun_webkit_dom_EventListenerImpl_twkDispatchEvent+0x518e47
C  [libjfxwebkit.dylib+0x8cd9b5]  Java_com_sun_webkit_dom_EventListenerImpl_twkDispatchEvent+0x50eab5
C  [libjfxwebkit.dylib+0xa63047]  Java_com_sun_webkit_network_URLLoader_twkWillSendRequest+0x10eb97
C  [libjfxwebkit.dylib+0xada10d]  Java_com_sun_webkit_network_URLLoader_twkWillSendRequest+0x185c5d
C  [libjfxwebkit.dylib+0x4f3217]  Java_com_sun_webkit_dom_EventListenerImpl_twkDispatchEvent+0x134317
C  [libjfxwebkit.dylib+0x4f14ce]  Java_com_sun_webkit_dom_EventListenerImpl_twkDispatchEvent+0x1325ce
C  [libjfxwebkit.dylib+0x51b78b]  Java_com_sun_webkit_dom_EventListenerImpl_twkDispatchEvent+0x15c88b
C  [libjfxwebkit.dylib+0x516c30]  Java_com_sun_webkit_dom_EventListenerImpl_twkDispatchEvent+0x157d30
C  [libjfxwebkit.dylib+0x54a6ab]  Java_com_sun_webkit_dom_EventListenerImpl_twkDispatchEvent+0x18b7ab
C  [libjfxwebkit.dylib+0x6a46e8]  Java_com_sun_webkit_dom_EventListenerImpl_twkDispatchEvent+0x2e57e8
C  [libjfxwebkit.dylib+0x3eb4fa]  Java_com_sun_webkit_dom_EventListenerImpl_twkDispatchEvent+0x2c5fa
C  [libjfxwebkit.dylib+0xde932f]  JSValueIsObjectOfClass+0x5080f
C  [libjfxwebkit.dylib+0xde9838]  JSValueIsObjectOfClass+0x50d18
C  [libjfxwebkit.dylib+0xdf2326]  JSValueIsObjectOfClass+0x59806
C  [libjfxwebkit.dylib+0xdefe02]  JSValueIsObjectOfClass+0x572e2
C  [libjfxwebkit.dylib+0xdef879]  JSValueIsObjectOfClass+0x56d59
C  [CoreFoundation+0xb53e4]  __CFRUNLOOP_IS_CALLING_OUT_TO_A_TIMER_CALLBACK_FUNCTION__+0x14
C  [CoreFoundation+0xb4f1f]  __CFRunLoopDoTimer+0x47f
C  [CoreFoundation+0x1265aa]  __CFRunLoopDoTimers+0x12a
C  [CoreFoundation+0x706a5]  __CFRunLoopRun+0x5f5
C  [CoreFoundation+0x6fe75]  CFRunLoopRunSpecific+0x135
C  [java+0x6490]  CreateExecutionEnvironment+0x367
C  [java+0x221c]  JLI_Launch+0x7a0
C  [java+0x84ed]  main+0x65
C  [java+0x1a74]  start+0x34


---------------  P R O C E S S  ---------------

VM state:not at safepoint (normal execution)

VM Mutex/Monitor currently owned by a thread: None

Heap:
 PSYoungGen      total 98816K, used 12754K [0x00000007aab00000, 0x00000007b1380000, 0x00000007c0000000)
  eden space 91648K, 13% used [0x00000007aab00000,0x00000007ab7349c0,0x00000007b0480000)
  from space 7168K, 3% used [0x00000007b0c80000,0x00000007b0cc0000,0x00000007b1380000)
  to   space 7680K, 0% used [0x00000007b0480000,0x00000007b0480000,0x00000007b0c00000)
 ParOldGen       total 33792K, used 14485K [0x0000000780000000, 0x0000000782100000, 0x00000007aab00000)
  object space 33792K, 42% used [0x0000000780000000,0x0000000780e254d8,0x0000000782100000)
 Metaspace       used 24148K, capacity 24882K, committed 25088K, reserved 1071104K
  class space    used 2245K, capacity 2436K, committed 2560K, reserved 1048576K

Card table byte_map: [0x000000011da2c000,0x000000011dc2d000] byte_map_base: 0x0000000119e2c000

Marking Bits: (ParMarkBitMap*) 0x000000010dec27a0
 Begin Bits: [0x000000011e18f000, 0x000000011f18f000)
 End Bits:   [0x000000011f18f000, 0x000000012018f000)

Polling page: 0x000000010cdc2000

CodeCache: size=245760Kb used=23922Kb max_used=25444Kb free=221838Kb
 bounds [0x000000010e66c000, 0x000000010ff6c000, 0x000000011d66c000]
 total_blobs=5451 nmethods=4778 adapters=585
 compilation: enabled

Compilation events (10 events):
Event: 57.673 Thread 0x00007fa61c81d000 nmethod 5806 0x000000010e9c06d0 code [0x000000010e9c0860, 0x000000010e9c0cb8]
Event: 57.687 Thread 0x00007fa61c80a800 nmethod 5805 0x000000010ecfde90 code [0x000000010ecfe1a0, 0x000000010ed00178]
Event: 57.739 Thread 0x00007fa61c81d000 5807       4       com.sun.prism.impl.BaseGraphics::setTransform (27 bytes)
Event: 57.740 Thread 0x00007fa61c80a800 5808       4       java.nio.Buffer::limit (62 bytes)
Event: 57.740 Thread 0x00007fa61c80a800 nmethod 5808 0x000000010f44a910 code [0x000000010f44aa60, 0x000000010f44ab58]
Event: 57.751 Thread 0x00007fa61c81d000 nmethod 5807 0x000000010ef57490 code [0x000000010ef57760, 0x000000010ef58158]
Event: 58.240 Thread 0x00007fa61c80a800 5809       4       java.util.AbstractList::add (11 bytes)
Event: 58.241 Thread 0x00007fa61c80a800 nmethod 5809 0x000000010ef31390 code [0x000000010ef314e0, 0x000000010ef31578]
Event: 58.428 Thread 0x00007fa61c81f000 5810       3       java.lang.invoke.MethodType::changeReturnType (20 bytes)
Event: 58.428 Thread 0x00007fa61c81f000 nmethod 5810 0x000000010e8e8490 code [0x000000010e8e8600, 0x000000010e8e8888]

GC Heap History (10 events):
Event: 48.955 GC heap before
{Heap before GC invocations=33 (full 1):
 PSYoungGen      total 96256K, used 88032K [0x00000007aab00000, 0x00000007b1380000, 0x00000007c0000000)
  eden space 86528K, 100% used [0x00000007aab00000,0x00000007aff80000,0x00000007aff80000)
  from space 9728K, 15% used [0x00000007aff80000,0x00000007b00f8020,0x00000007b0900000)
  to   space 9216K, 0% used [0x00000007b0a80000,0x00000007b0a80000,0x00000007b1380000)
 ParOldGen       total 33792K, used 14365K [0x0000000780000000, 0x0000000782100000, 0x00000007aab00000)
  object space 33792K, 42% used [0x0000000780000000,0x0000000780e074d8,0x0000000782100000)
 Metaspace       used 23854K, capacity 24556K, committed 24704K, reserved 1071104K
  class space    used 2205K, capacity 2421K, committed 2432K, reserved 1048576K
Event: 48.958 GC heap after
Heap after GC invocations=33 (full 1):
 PSYoungGen      total 96768K, used 1536K [0x00000007aab00000, 0x00000007b1280000, 0x00000007c0000000)
  eden space 88576K, 0% used [0x00000007aab00000,0x00000007aab00000,0x00000007b0180000)
  from space 8192K, 18% used [0x00000007b0a80000,0x00000007b0c00020,0x00000007b1280000)
  to   space 8704K, 0% used [0x00000007b0180000,0x00000007b0180000,0x00000007b0a00000)
 ParOldGen       total 33792K, used 14389K [0x0000000780000000, 0x0000000782100000, 0x00000007aab00000)
  object space 33792K, 42% used [0x0000000780000000,0x0000000780e0d4d8,0x0000000782100000)
 Metaspace       used 23854K, capacity 24556K, committed 24704K, reserved 1071104K
  class space    used 2205K, capacity 2421K, committed 2432K, reserved 1048576K
}
Event: 51.171 GC heap before
{Heap before GC invocations=34 (full 1):
 PSYoungGen      total 96768K, used 90112K [0x00000007aab00000, 0x00000007b1280000, 0x00000007c0000000)
  eden space 88576K, 100% used [0x00000007aab00000,0x00000007b0180000,0x00000007b0180000)
  from space 8192K, 18% used [0x00000007b0a80000,0x00000007b0c00020,0x00000007b1280000)
  to   space 8704K, 0% used [0x00000007b0180000,0x00000007b0180000,0x00000007b0a00000)
 ParOldGen       total 33792K, used 14389K [0x0000000780000000, 0x0000000782100000, 0x00000007aab00000)
  object space 33792K, 42% used [0x0000000780000000,0x0000000780e0d4d8,0x0000000782100000)
 Metaspace       used 23906K, capacity 24626K, committed 24704K, reserved 1071104K
  class space    used 2209K, capacity 2422K, committed 2432K, reserved 1048576K
Event: 51.174 GC heap after
Heap after GC invocations=34 (full 1):
 PSYoungGen      total 97280K, used 1568K [0x00000007aab00000, 0x00000007b1400000, 0x00000007c0000000)
  eden space 88576K, 0% used [0x00000007aab00000,0x00000007aab00000,0x00000007b0180000)
  from space 8704K, 18% used [0x00000007b0180000,0x00000007b0308020,0x00000007b0a00000)
  to   space 8704K, 0% used [0x00000007b0b80000,0x00000007b0b80000,0x00000007b1400000)
 ParOldGen       total 33792K, used 14413K [0x0000000780000000, 0x0000000782100000, 0x00000007aab00000)
  object space 33792K, 42% used [0x0000000780000000,0x0000000780e134d8,0x0000000782100000)
 Metaspace       used 23906K, capacity 24626K, committed 24704K, reserved 1071104K
  class space    used 2209K, capacity 2422K, committed 2432K, reserved 1048576K
}
Event: 53.392 GC heap before
{Heap before GC invocations=35 (full 1):
 PSYoungGen      total 97280K, used 90144K [0x00000007aab00000, 0x00000007b1400000, 0x00000007c0000000)
  eden space 88576K, 100% used [0x00000007aab00000,0x00000007b0180000,0x00000007b0180000)
  from space 8704K, 18% used [0x00000007b0180000,0x00000007b0308020,0x00000007b0a00000)
  to   space 8704K, 0% used [0x00000007b0b80000,0x00000007b0b80000,0x00000007b1400000)
 ParOldGen       total 33792K, used 14413K [0x0000000780000000, 0x0000000782100000, 0x00000007aab00000)
  object space 33792K, 42% used [0x0000000780000000,0x0000000780e134d8,0x0000000782100000)
 Metaspace       used 24107K, capacity 24768K, committed 24960K, reserved 1071104K
  class space    used 2237K, capacity 2425K, committed 2432K, reserved 1048576K
Event: 53.395 GC heap after
Heap after GC invocations=35 (full 1):
 PSYoungGen      total 97792K, used 1504K [0x00000007aab00000, 0x00000007b1300000, 0x00000007c0000000)
  eden space 90112K, 0% used [0x00000007aab00000,0x00000007aab00000,0x00000007b0300000)
  from space 7680K, 19% used [0x00000007b0b80000,0x00000007b0cf8020,0x00000007b1300000)
  to   space 8192K, 0% used [0x00000007b0300000,0x00000007b0300000,0x00000007b0b00000)
 ParOldGen       total 33792K, used 14437K [0x0000000780000000, 0x0000000782100000, 0x00000007aab00000)
  object space 33792K, 42% used [0x0000000780000000,0x0000000780e194d8,0x0000000782100000)
 Metaspace       used 24107K, capacity 24768K, committed 24960K, reserved 1071104K
  class space    used 2237K, capacity 2425K, committed 2432K, reserved 1048576K
}
Event: 55.617 GC heap before
{Heap before GC invocations=36 (full 1):
 PSYoungGen      total 97792K, used 91616K [0x00000007aab00000, 0x00000007b1300000, 0x00000007c0000000)
  eden space 90112K, 100% used [0x00000007aab00000,0x00000007b0300000,0x00000007b0300000)
  from space 7680K, 19% used [0x00000007b0b80000,0x00000007b0cf8020,0x00000007b1300000)
  to   space 8192K, 0% used [0x00000007b0300000,0x00000007b0300000,0x00000007b0b00000)
 ParOldGen       total 33792K, used 14437K [0x0000000780000000, 0x0000000782100000, 0x00000007aab00000)
  object space 33792K, 42% used [0x0000000780000000,0x0000000780e194d8,0x0000000782100000)
 Metaspace       used 24112K, capacity 24768K, committed 24960K, reserved 1071104K
  class space    used 2237K, capacity 2425K, committed 2432K, reserved 1048576K
Event: 55.619 GC heap after
Heap after GC invocations=36 (full 1):
 PSYoungGen      total 98304K, used 256K [0x00000007aab00000, 0x00000007b1480000, 0x00000007c0000000)
  eden space 90112K, 0% used [0x00000007aab00000,0x00000007aab00000,0x00000007b0300000)
  from space 8192K, 3% used [0x00000007b0300000,0x00000007b0340000,0x00000007b0b00000)
  to   space 8192K, 0% used [0x00000007b0c80000,0x00000007b0c80000,0x00000007b1480000)
 ParOldGen       total 33792K, used 14461K [0x0000000780000000, 0x0000000782100000, 0x00000007aab00000)
  object space 33792K, 42% used [0x0000000780000000,0x0000000780e1f4d8,0x0000000782100000)
 Metaspace       used 24112K, capacity 24768K, committed 24960K, reserved 1071104K
  class space    used 2237K, capacity 2425K, committed 2432K, reserved 1048576K
}
Event: 58.039 GC heap before
{Heap before GC invocations=37 (full 1):
 PSYoungGen      total 98304K, used 90368K [0x00000007aab00000, 0x00000007b1480000, 0x00000007c0000000)
  eden space 90112K, 100% used [0x00000007aab00000,0x00000007b0300000,0x00000007b0300000)
  from space 8192K, 3% used [0x00000007b0300000,0x00000007b0340000,0x00000007b0b00000)
  to   space 8192K, 0% used [0x00000007b0c80000,0x00000007b0c80000,0x00000007b1480000)
 ParOldGen       total 33792K, used 14461K [0x0000000780000000, 0x0000000782100000, 0x00000007aab00000)
  object space 33792K, 42% used [0x0000000780000000,0x0000000780e1f4d8,0x0000000782100000)
 Metaspace       used 24113K, capacity 24832K, committed 24960K, reserved 1071104K
  class space    used 2237K, capacity 2425K, committed 2432K, reserved 1048576K
Event: 58.041 GC heap after
Heap after GC invocations=37 (full 1):
 PSYoungGen      total 98816K, used 256K [0x00000007aab00000, 0x00000007b1380000, 0x00000007c0000000)
  eden space 91648K, 0% used [0x00000007aab00000,0x00000007aab00000,0x00000007b0480000)
  from space 7168K, 3% used [0x00000007b0c80000,0x00000007b0cc0000,0x00000007b1380000)
  to   space 7680K, 0% used [0x00000007b0480000,0x00000007b0480000,0x00000007b0c00000)
 ParOldGen       total 33792K, used 14485K [0x0000000780000000, 0x0000000782100000, 0x00000007aab00000)
  object space 33792K, 42% used [0x0000000780000000,0x0000000780e254d8,0x0000000782100000)
 Metaspace       used 24113K, capacity 24832K, committed 24960K, reserved 1071104K
  class space    used 2237K, capacity 2425K, committed 2432K, reserved 1048576K
}

Deoptimization events (10 events):
Event: 16.015 Thread 0x00007fa61d066000 Uncommon trap: reason=unstable_if action=reinterpret pc=0x000000010f5de9cc method=java.lang.Math.round(F)I @ 36
Event: 21.252 Thread 0x00007fa61d066000 Uncommon trap: reason=unstable_if action=reinterpret pc=0x000000010f2727a4 method=com.sun.prism.es2.GLContext.updateViewportAndDepthTest(IIIIZ)V @ 30
Event: 21.258 Thread 0x00007fa61d066000 Uncommon trap: reason=unstable_if action=reinterpret pc=0x000000010f8045bc method=com.sun.prism.impl.ps.BaseShaderContext.validateLCDBuffer(Lcom/sun/prism/RenderTarget;)V @ 40
Event: 24.332 Thread 0x00007fa61c02a800 Uncommon trap: reason=predicate action=maybe_recompile pc=0x000000010fc04740 method=java.lang.String.regionMatches(ZILjava/lang/String;II)Z @ 63
Event: 53.032 Thread 0x00007fa61c02a800 Uncommon trap: reason=bimorphic action=maybe_recompile pc=0x000000010fced4d8 method=com.sun.javafx.collections.TrackableObservableList.lambda$new$19(Ljavafx/collections/ListChangeListener$Change;)V @ 2
Event: 53.032 Thread 0x00007fa61c02a800 Uncommon trap: reason=bimorphic action=maybe_recompile pc=0x000000010f774390 method=java.util.AbstractCollection.toArray([Ljava/lang/Object;)[Ljava/lang/Object; @ 1
Event: 54.556 Thread 0x00007fa61d066000 Uncommon trap: reason=unstable_if action=reinterpret pc=0x000000010f276bfc method=com.sun.prism.es2.GLContext.updateViewportAndDepthTest(IIIIZ)V @ 30
Event: 58.408 Thread 0x00007fa61c02a800 Uncommon trap: reason=predicate action=maybe_recompile pc=0x000000010f385ec8 method=java.util.ArrayList.remove(Ljava/lang/Object;)Z @ 49
Event: 58.432 Thread 0x00007fa61c02a800 Uncommon trap: reason=class_check action=maybe_recompile pc=0x000000010e80324c method=java.util.AbstractCollection.toArray()[Ljava/lang/Object; @ 1
Event: 58.434 Thread 0x00007fa61c02a800 Uncommon trap: reason=unstable_if action=reinterpret pc=0x000000010fa47da4 method=java.util.concurrent.locks.ReentrantLock$Sync.tryRelease(I)Z @ 28

Internal exceptions (10 events):
Event: 0.284 Thread 0x00007fa61c808000 Exception <a 'java/security/PrivilegedActionException'> (0x00000007aadff238) thrown at [/Users/java_re/workspace/8-2-build-macosx-x86_64/jdk8u40/3098/hotspot/src/share/vm/prims/jvm.cpp, line 1382]
Event: 0.285 Thread 0x00007fa61c808000 Exception <a 'java/lang/NullPointerException'> (0x00000007aae006e8) thrown at [/Users/java_re/workspace/8-2-build-macosx-x86_64/jdk8u40/3098/hotspot/src/share/vm/interpreter/linkResolver.cpp, line 1178]
Event: 0.724 Thread 0x00007fa61c02a800 Exception <a 'java/lang/NullPointerException'> (0x00000007ab586220) thrown at [/Users/java_re/workspace/8-2-build-macosx-x86_64/jdk8u40/3098/hotspot/src/share/vm/interpreter/linkResolver.cpp, line 1178]
Event: 0.724 Thread 0x00007fa61c02a800 Exception <a 'java/lang/NullPointerException'> (0x00000007ab586220) thrown at [/Users/java_re/workspace/8-2-build-macosx-x86_64/jdk8u40/3098/hotspot/src/share/vm/prims/jvm.cpp, line 1386]
Event: 1.141 Thread 0x00007fa61c02a800 Implicit null exception at 0x000000010e8d7b35 to 0x000000010e8d7d31
Event: 1.747 Thread 0x00007fa61c02a800 Implicit null exception at 0x000000010e94b175 to 0x000000010e94b4e1
Event: 2.908 Thread 0x00007fa61c02a800 Exception <a 'sun/nio/fs/UnixException'> (0x00000007ab743998) thrown at [/Users/java_re/workspace/8-2-build-macosx-x86_64/jdk8u40/3098/hotspot/src/share/vm/prims/jni.cpp, line 709]
Event: 2.910 Thread 0x00007fa61c02a800 Exception <a 'sun/nio/fs/UnixException'> (0x00000007ab745760) thrown at [/Users/java_re/workspace/8-2-build-macosx-x86_64/jdk8u40/3098/hotspot/src/share/vm/prims/jni.cpp, line 709]
Event: 2.914 Thread 0x00007fa61c02a800 Implicit null exception at 0x000000010e8829f5 to 0x000000010e882d55
Event: 3.609 Thread 0x00007fa61c02a800 Exception <a 'java/io/FileNotFoundException'> (0x00000007aab247b0) thrown at [/Users/java_re/workspace/8-2-build-macosx-x86_64/jdk8u40/3098/hotspot/src/share/vm/prims/jni.cpp, line 709]

Events (10 events):
Event: 58.434 Thread 0x00007fa61d066000 Thread exited: 0x00007fa61d066000
Event: 58.434 Thread 0x00007fa61c139000 Thread exited: 0x00007fa61c139000
Event: 58.434 Thread 0x00007fa61c808000 Thread exited: 0x00007fa61c808000
Event: 58.434 Thread 0x00007fa6298f0800 Thread added: 0x00007fa6298f0800
Event: 58.434 Thread 0x00007fa61c02a800 Thread exited: 0x00007fa61c02a800
Event: 58.434 loading class java/util/IdentityHashMap$KeySet
Event: 58.434 loading class java/util/IdentityHashMap$KeySet done
Event: 58.434 loading class java/util/IdentityHashMap$KeyIterator
Event: 58.435 loading class java/util/IdentityHashMap$IdentityHashMapIterator
Event: 58.435 loading class java/util/IdentityHashMap$IdentityHashMapIterator done


Dynamic libraries:
0x000000000b789000 	/System/Library/Frameworks/Cocoa.framework/Versions/A/Cocoa
0x000000000b789000 	/System/Library/Frameworks/Security.framework/Versions/A/Security
0x000000000b789000 	/System/Library/Frameworks/ApplicationServices.framework/Versions/A/ApplicationServices
0x000000000b789000 	/usr/lib/libz.1.dylib
0x000000000b789000 	/usr/lib/libSystem.B.dylib
0x000000000b789000 	/usr/lib/libobjc.A.dylib
0x000000000b789000 	/System/Library/Frameworks/CoreFoundation.framework/Versions/A/CoreFoundation
0x000000000b789000 	/System/Library/Frameworks/Foundation.framework/Versions/C/Foundation
0x000000000b789000 	/System/Library/Frameworks/AppKit.framework/Versions/C/AppKit
0x000000000b789000 	/System/Library/Frameworks/CoreData.framework/Versions/A/CoreData
0x000000000b789000 	/System/Library/PrivateFrameworks/RemoteViewServices.framework/Versions/A/RemoteViewServices
0x000000000b789000 	/System/Library/Frameworks/AudioToolbox.framework/Versions/A/AudioToolbox
0x000000000b789000 	/System/Library/Frameworks/AudioUnit.framework/Versions/A/AudioUnit
0x000000000b789000 	/System/Library/PrivateFrameworks/DataDetectorsCore.framework/Versions/A/DataDetectorsCore
0x000000000b789000 	/System/Library/PrivateFrameworks/DesktopServicesPriv.framework/Versions/A/DesktopServicesPriv
0x000000000b789000 	/System/Library/Frameworks/Carbon.framework/Versions/A/Frameworks/HIToolbox.framework/Versions/A/HIToolbox
0x000000000b789000 	/System/Library/Frameworks/QuartzCore.framework/Versions/A/QuartzCore
0x000000000b789000 	/System/Library/Frameworks/Carbon.framework/Versions/A/Frameworks/SpeechRecognition.framework/Versions/A/SpeechRecognition
0x000000000b789000 	/usr/lib/libauto.dylib
0x000000000b789000 	/usr/lib/libicucore.A.dylib
0x000000000b789000 	/usr/lib/libxml2.2.dylib
0x000000000b789000 	/System/Library/PrivateFrameworks/CoreUI.framework/Versions/A/CoreUI
0x000000000b789000 	/System/Library/Frameworks/CoreAudio.framework/Versions/A/CoreAudio
0x000000000b789000 	/System/Library/Frameworks/DiskArbitration.framework/Versions/A/DiskArbitration
0x000000000b789000 	/usr/lib/liblangid.dylib
0x000000000b789000 	/System/Library/PrivateFrameworks/MultitouchSupport.framework/Versions/A/MultitouchSupport
0x000000000b789000 	/System/Library/Frameworks/IOKit.framework/Versions/A/IOKit
0x000000000b789000 	/usr/lib/libDiagnosticMessagesClient.dylib
0x000000000b789000 	/System/Library/Frameworks/CoreServices.framework/Versions/A/CoreServices
0x000000000b789000 	/System/Library/PrivateFrameworks/PerformanceAnalysis.framework/Versions/A/PerformanceAnalysis
0x000000000b789000 	/System/Library/PrivateFrameworks/GenerationalStorage.framework/Versions/A/GenerationalStorage
0x000000000b789000 	/System/Library/Frameworks/OpenGL.framework/Versions/A/OpenGL
0x000000000b789000 	/System/Library/PrivateFrameworks/Sharing.framework/Versions/A/Sharing
0x000000000b789000 	/System/Library/Frameworks/ImageIO.framework/Versions/A/ImageIO
0x000000000b789000 	/System/Library/Frameworks/CoreText.framework/Versions/A/CoreText
0x000000000b789000 	/System/Library/Frameworks/CoreGraphics.framework/Versions/A/CoreGraphics
0x000000000b789000 	/System/Library/PrivateFrameworks/Backup.framework/Versions/A/Backup
0x000000000b789000 	/System/Library/Frameworks/CFNetwork.framework/Versions/A/CFNetwork
0x000000000b789000 	/System/Library/Frameworks/SystemConfiguration.framework/Versions/A/SystemConfiguration
0x000000000b789000 	/usr/lib/libCRFSuite.dylib
0x000000000b789000 	/usr/lib/libc++.1.dylib
0x000000000b789000 	/usr/lib/libc++abi.dylib
0x000000000b789000 	/usr/lib/system/libcache.dylib
0x000000000b789000 	/usr/lib/system/libcommonCrypto.dylib
0x000000000b789000 	/usr/lib/system/libcompiler_rt.dylib
0x000000000b789000 	/usr/lib/system/libcopyfile.dylib
0x000000000b789000 	/usr/lib/system/libcorecrypto.dylib
0x000000000b789000 	/usr/lib/system/libdispatch.dylib
0x000000000b789000 	/usr/lib/system/libdyld.dylib
0x000000000b789000 	/usr/lib/system/libkeymgr.dylib
0x000000000b789000 	/usr/lib/system/liblaunch.dylib
0x000000000b789000 	/usr/lib/system/libmacho.dylib
0x000000000b789000 	/usr/lib/system/libquarantine.dylib
0x000000000b789000 	/usr/lib/system/libremovefile.dylib
0x000000000b789000 	/usr/lib/system/libsystem_asl.dylib
0x000000000b789000 	/usr/lib/system/libsystem_blocks.dylib
0x000000000b789000 	/usr/lib/system/libsystem_c.dylib
0x000000000b789000 	/usr/lib/system/libsystem_configuration.dylib
0x000000000b789000 	/usr/lib/system/libsystem_dnssd.dylib
0x000000000b789000 	/usr/lib/system/libsystem_info.dylib
0x000000000b789000 	/usr/lib/system/libsystem_kernel.dylib
0x000000000b789000 	/usr/lib/system/libsystem_m.dylib
0x000000000b789000 	/usr/lib/system/libsystem_malloc.dylib
0x000000000b789000 	/usr/lib/system/libsystem_network.dylib
0x000000000b789000 	/usr/lib/system/libsystem_notify.dylib
0x000000000b789000 	/usr/lib/system/libsystem_platform.dylib
0x000000000b789000 	/usr/lib/system/libsystem_pthread.dylib
0x000000000b789000 	/usr/lib/system/libsystem_sandbox.dylib
0x000000000b789000 	/usr/lib/system/libsystem_stats.dylib
0x000000000b789000 	/usr/lib/system/libunc.dylib
0x000000000b789000 	/usr/lib/system/libunwind.dylib
0x000000000b789000 	/usr/lib/system/libxpc.dylib
0x000000000b789000 	/usr/lib/libbsm.0.dylib
0x000000000b789000 	/usr/lib/libsqlite3.dylib
0x000000000b789000 	/usr/lib/libxar.1.dylib
0x000000000b789000 	/usr/lib/libpam.2.dylib
0x000000000b789000 	/usr/lib/libOpenScriptingUtil.dylib
0x000000000b789000 	/usr/lib/libbz2.1.0.dylib
0x000000000b789000 	/System/Library/Frameworks/CoreServices.framework/Versions/A/Frameworks/CarbonCore.framework/Versions/A/CarbonCore
0x000000000b789000 	/System/Library/Frameworks/CoreServices.framework/Versions/A/Frameworks/Metadata.framework/Versions/A/Metadata
0x000000000b789000 	/System/Library/Frameworks/CoreServices.framework/Versions/A/Frameworks/OSServices.framework/Versions/A/OSServices
0x000000000b789000 	/System/Library/Frameworks/CoreServices.framework/Versions/A/Frameworks/SearchKit.framework/Versions/A/SearchKit
0x000000000b789000 	/System/Library/Frameworks/CoreServices.framework/Versions/A/Frameworks/AE.framework/Versions/A/AE
0x000000000b789000 	/System/Library/Frameworks/CoreServices.framework/Versions/A/Frameworks/LaunchServices.framework/Versions/A/LaunchServices
0x000000000b789000 	/System/Library/Frameworks/CoreServices.framework/Versions/A/Frameworks/DictionaryServices.framework/Versions/A/DictionaryServices
0x000000000b789000 	/System/Library/Frameworks/NetFS.framework/Versions/A/NetFS
0x000000000b789000 	/usr/lib/system/libkxld.dylib
0x000000000b789000 	/System/Library/PrivateFrameworks/NetAuth.framework/Versions/A/NetAuth
0x000000000b789000 	/System/Library/PrivateFrameworks/TCC.framework/Versions/A/TCC
0x000000000b789000 	/System/Library/Frameworks/OpenDirectory.framework/Versions/A/Frameworks/CFOpenDirectory.framework/Versions/A/CFOpenDirectory
0x000000000b789000 	/System/Library/Frameworks/ServiceManagement.framework/Versions/A/ServiceManagement
0x000000000b789000 	/usr/lib/libxslt.1.dylib
0x000000000b789000 	/System/Library/Frameworks/Carbon.framework/Versions/A/Frameworks/Ink.framework/Versions/A/Ink
0x000000000b789000 	/System/Library/Frameworks/ApplicationServices.framework/Versions/A/Frameworks/ATS.framework/Versions/A/ATS
0x000000000b789000 	/System/Library/Frameworks/ApplicationServices.framework/Versions/A/Frameworks/ColorSync.framework/Versions/A/ColorSync
0x000000000b789000 	/System/Library/Frameworks/ApplicationServices.framework/Versions/A/Frameworks/HIServices.framework/Versions/A/HIServices
0x000000000b789000 	/System/Library/Frameworks/ApplicationServices.framework/Versions/A/Frameworks/LangAnalysis.framework/Versions/A/LangAnalysis
0x000000000b789000 	/System/Library/Frameworks/ApplicationServices.framework/Versions/A/Frameworks/PrintCore.framework/Versions/A/PrintCore
0x000000000b789000 	/System/Library/Frameworks/ApplicationServices.framework/Versions/A/Frameworks/QD.framework/Versions/A/QD
0x000000000b789000 	/System/Library/Frameworks/ApplicationServices.framework/Versions/A/Frameworks/SpeechSynthesis.framework/Versions/A/SpeechSynthesis
0x000000000b789000 	/System/Library/Frameworks/IOSurface.framework/Versions/A/IOSurface
0x000000000b789000 	/System/Library/Frameworks/Accelerate.framework/Versions/A/Accelerate
0x000000000b789000 	/System/Library/Frameworks/Accelerate.framework/Versions/A/Frameworks/vImage.framework/Versions/A/vImage
0x000000000b789000 	/System/Library/Frameworks/Accelerate.framework/Versions/A/Frameworks/vecLib.framework/Versions/A/vecLib
0x000000000b789000 	/System/Library/Frameworks/Accelerate.framework/Versions/A/Frameworks/vecLib.framework/Versions/A/libvDSP.dylib
0x000000000b789000 	/System/Library/Frameworks/Accelerate.framework/Versions/A/Frameworks/vecLib.framework/Versions/A/libvMisc.dylib
0x000000000b789000 	/System/Library/Frameworks/Accelerate.framework/Versions/A/Frameworks/vecLib.framework/Versions/A/libLAPACK.dylib
0x000000000b789000 	/System/Library/Frameworks/Accelerate.framework/Versions/A/Frameworks/vecLib.framework/Versions/A/libBLAS.dylib
0x000000000b789000 	/System/Library/Frameworks/ApplicationServices.framework/Versions/A/Frameworks/ATS.framework/Versions/A/Resources/libFontParser.dylib
0x000000000b789000 	/System/Library/Frameworks/ApplicationServices.framework/Versions/A/Frameworks/ATS.framework/Versions/A/Resources/libFontRegistry.dylib
0x000000000b789000 	/System/Library/Frameworks/ImageIO.framework/Versions/A/Resources/libJPEG.dylib
0x000000000b789000 	/System/Library/Frameworks/ImageIO.framework/Versions/A/Resources/libTIFF.dylib
0x000000000b789000 	/System/Library/Frameworks/ImageIO.framework/Versions/A/Resources/libPng.dylib
0x000000000b789000 	/System/Library/Frameworks/ImageIO.framework/Versions/A/Resources/libGIF.dylib
0x000000000b789000 	/System/Library/Frameworks/ImageIO.framework/Versions/A/Resources/libJP2.dylib
0x000000000b789000 	/System/Library/Frameworks/ImageIO.framework/Versions/A/Resources/libRadiance.dylib
0x000000000b789000 	/usr/lib/libcups.2.dylib
0x000000000b789000 	/System/Library/Frameworks/Kerberos.framework/Versions/A/Kerberos
0x000000000b789000 	/System/Library/Frameworks/GSS.framework/Versions/A/GSS
0x000000000b789000 	/usr/lib/libresolv.9.dylib
0x000000000b789000 	/usr/lib/libiconv.2.dylib
0x000000000b789000 	/System/Library/PrivateFrameworks/Heimdal.framework/Versions/A/Heimdal
0x000000000b789000 	/System/Library/PrivateFrameworks/TrustEvaluationAgent.framework/Versions/A/TrustEvaluationAgent
0x000000000b789000 	/usr/lib/libheimdal-asn1.dylib
0x000000000b789000 	/System/Library/Frameworks/OpenDirectory.framework/Versions/A/OpenDirectory
0x000000000b789000 	/System/Library/PrivateFrameworks/CommonAuth.framework/Versions/A/CommonAuth
0x000000000b789000 	/System/Library/Frameworks/SecurityFoundation.framework/Versions/A/SecurityFoundation
0x000000000b789000 	/System/Library/PrivateFrameworks/Bom.framework/Versions/A/Bom
0x000000000b789000 	/System/Library/Frameworks/CoreVideo.framework/Versions/A/CoreVideo
0x000000000b789000 	/System/Library/Frameworks/QuartzCore.framework/Versions/A/Frameworks/CoreImage.framework/Versions/A/CoreImage
0x000000000b789000 	/System/Library/Frameworks/QuartzCore.framework/Versions/A/Frameworks/ScalableUserInterface.framework/Versions/A/ScalableUserInterface
0x000000000b789000 	/System/Library/Frameworks/OpenGL.framework/Versions/A/Libraries/libGLU.dylib
0x000000000b789000 	/System/Library/Frameworks/OpenGL.framework/Versions/A/Libraries/libGFXShared.dylib
0x000000000b789000 	/System/Library/Frameworks/OpenGL.framework/Versions/A/Libraries/libGL.dylib
0x000000000b789000 	/System/Library/Frameworks/OpenGL.framework/Versions/A/Libraries/libGLImage.dylib
0x000000000b789000 	/System/Library/Frameworks/OpenGL.framework/Versions/A/Libraries/libCVMSPluginSupport.dylib
0x000000000b789000 	/System/Library/Frameworks/OpenGL.framework/Versions/A/Libraries/libCoreVMClient.dylib
0x000000000b789000 	/System/Library/PrivateFrameworks/FaceCore.framework/Versions/A/FaceCore
0x000000000b789000 	/System/Library/PrivateFrameworks/CrashReporterSupport.framework/Versions/A/CrashReporterSupport
0x000000000b789000 	/System/Library/Frameworks/OpenCL.framework/Versions/A/OpenCL
0x000000000b789000 	/System/Library/PrivateFrameworks/AppleFSCompression.framework/Versions/A/AppleFSCompression
0x000000000b789000 	/System/Library/PrivateFrameworks/Ubiquity.framework/Versions/A/Ubiquity
0x000000000b789000 	/System/Library/PrivateFrameworks/IconServices.framework/Versions/A/IconServices
0x000000000b789000 	/System/Library/PrivateFrameworks/ChunkingLibrary.framework/Versions/A/ChunkingLibrary
0x000000000b789000 	/System/Library/PrivateFrameworks/CoreSymbolication.framework/Versions/A/CoreSymbolication
0x000000000b789000 	/System/Library/PrivateFrameworks/Symbolication.framework/Versions/A/Symbolication
0x000000000b789000 	/System/Library/PrivateFrameworks/DebugSymbols.framework/Versions/A/DebugSymbols
0x000000010d600000 	/Library/Java/JavaVirtualMachines/jdk1.8.0_40.jdk/Contents/Home/jre/lib/server/libjvm.dylib
0x000000000b789000 	/usr/lib/libstdc++.6.dylib
0x000000010cd7f000 	/Library/Java/JavaVirtualMachines/jdk1.8.0_40.jdk/Contents/Home/jre/lib/libverify.dylib
0x000000010cd8d000 	/Library/Java/JavaVirtualMachines/jdk1.8.0_40.jdk/Contents/Home/jre/lib/libjava.dylib
0x000000010cdcc000 	/Library/Java/JavaVirtualMachines/jdk1.8.0_40.jdk/Contents/Home/jre/lib/libzip.dylib
0x000000012213e000 	/System/Library/Frameworks/JavaVM.framework/Frameworks/JavaRuntimeSupport.framework/JavaRuntimeSupport
0x000000010cde9000 	/System/Library/Frameworks/JavaVM.framework/Versions/A/Frameworks/JavaNativeFoundation.framework/Versions/A/JavaNativeFoundation
0x0000000122156000 	/System/Library/Frameworks/JavaVM.framework/Versions/A/JavaVM
0x000000000b789000 	/System/Library/Frameworks/Carbon.framework/Versions/A/Carbon
0x0000000122162000 	/System/Library/PrivateFrameworks/JavaLaunching.framework/Versions/A/JavaLaunching
0x000000000b789000 	/System/Library/Frameworks/Carbon.framework/Versions/A/Frameworks/CommonPanels.framework/Versions/A/CommonPanels
0x000000000b789000 	/System/Library/Frameworks/Carbon.framework/Versions/A/Frameworks/Help.framework/Versions/A/Help
0x000000000b789000 	/System/Library/Frameworks/Carbon.framework/Versions/A/Frameworks/ImageCapture.framework/Versions/A/ImageCapture
0x000000000b789000 	/System/Library/Frameworks/Carbon.framework/Versions/A/Frameworks/OpenScripting.framework/Versions/A/OpenScripting
0x000000000b789000 	/System/Library/Frameworks/Carbon.framework/Versions/A/Frameworks/Print.framework/Versions/A/Print
0x000000000b789000 	/System/Library/Frameworks/Carbon.framework/Versions/A/Frameworks/SecurityHI.framework/Versions/A/SecurityHI
0x0000000122a33000 	/Library/Java/JavaVirtualMachines/jdk1.8.0_40.jdk/Contents/Home/jre/lib/libprism_es2.dylib
0x000000000b789000 	/System/Library/Frameworks/OpenGL.framework/Versions/A/Resources/GLEngine.bundle/GLEngine
0x000000000b789000 	/System/Library/Frameworks/OpenGL.framework/Versions/A/Libraries/libGLProgrammability.dylib
0x0000000000000000 	/System/Library/Extensions/AppleIntelHD4000GraphicsGLDriver.bundle/Contents/MacOS/AppleIntelHD4000GraphicsGLDriver
0x000000000b789000 	/System/Library/PrivateFrameworks/IOAccelerator.framework/Versions/A/IOAccelerator
0x000000000b789000 	/System/Library/PrivateFrameworks/GPUSupport.framework/Versions/A/Libraries/libGPUSupportMercury.dylib
0x000000000b789000 	/System/Library/Frameworks/OpenGL.framework/Versions/A/Resources/GLRendererFloat.bundle/GLRendererFloat
0x000000000b789000 	/System/Library/Frameworks/OpenCL.framework/Versions/A/Libraries/libcldcpuengine.dylib
0x000000000b789000 	/System/Library/PrivateFrameworks/DiskImages.framework/Versions/A/DiskImages
0x000000000b789000 	/System/Library/Frameworks/DiscRecording.framework/Versions/A/DiscRecording
0x000000000b789000 	/usr/lib/libcsfde.dylib
0x000000000b789000 	/usr/lib/libcurl.4.dylib
0x000000000b789000 	/System/Library/PrivateFrameworks/MediaKit.framework/Versions/A/MediaKit
0x000000000b789000 	/usr/lib/libCoreStorage.dylib
0x000000000b789000 	/System/Library/PrivateFrameworks/EFILogin.framework/Versions/A/EFILogin
0x000000000b789000 	/usr/lib/libutil.dylib
0x000000000b789000 	/System/Library/PrivateFrameworks/AOSNotification.framework/Versions/A/AOSNotification
0x000000000b789000 	/System/Library/Frameworks/LDAP.framework/Versions/A/LDAP
0x000000000b789000 	/usr/lib/libsasl2.2.dylib
0x000000000b789000 	/usr/lib/libcrypto.0.9.8.dylib
0x000000000b789000 	/usr/lib/libssl.0.9.8.dylib
0x0000000123331000 	/Library/Java/JavaVirtualMachines/jdk1.8.0_40.jdk/Contents/Home/jre/lib/libglass.dylib
0x000000000b789000 	/System/Library/PrivateFrameworks/CoreServicesInternal.framework/Versions/A/CoreServicesInternal
0x000000000b789000 	/System/Library/PrivateFrameworks/Librarian.framework/Versions/A/Librarian
0x000000000b789000 	/System/Library/CoreServices/RawCamera.bundle/Contents/MacOS/RawCamera
0x0000000124bb0000 	/System/Library/Frameworks/CoreGraphics.framework/Versions/A/Resources/libCGCMS.A.dylib
0x0000000124cc2000 	/System/Library/Frameworks/CoreGraphics.framework/Versions/A/Resources/libRIP.A.dylib
0x000000000b789000 	/System/Library/PrivateFrameworks/FamilyControls.framework/Versions/A/FamilyControls
0x000000000b789000 	/System/Library/PrivateFrameworks/CommerceKit.framework/Versions/A/Frameworks/CommerceCore.framework/Versions/A/CommerceCore
0x000000000b789000 	/System/Library/PrivateFrameworks/SystemAdministration.framework/Versions/A/SystemAdministration
0x000000000b789000 	/System/Library/Frameworks/DirectoryService.framework/Versions/A/DirectoryService
0x000000000b789000 	/System/Library/PrivateFrameworks/LoginUIKit.framework/Versions/A/Frameworks/LoginUICore.framework/Versions/A/LoginUICore
0x000000000b789000 	/usr/lib/libodfde.dylib
0x0000000126f22000 	/Library/Java/JavaVirtualMachines/jdk1.8.0_40.jdk/Contents/Home/jre/lib/libjfxwebkit.dylib
0x0000000129236000 	/System/Library/Frameworks/CoreGraphics.framework/Versions/A/Resources/libCGXType.A.dylib
0x000000012a394000 	/Library/Java/JavaVirtualMachines/jdk1.8.0_40.jdk/Contents/Home/jre/lib/libjavafx_font.dylib
0x000000012b194000 	cl_kernels
0x000000012b197000 	/System/Library/Frameworks/OpenCL.framework/Versions/A/Libraries/ImageFormats/unorm8_bgra.dylib
0x000000012b185000 	cl_kernels
0x0000000125081000 	/Library/Java/JavaVirtualMachines/jdk1.8.0_40.jdk/Contents/Home/jre/lib/libnet.dylib
0x0000000125098000 	/Library/Java/JavaVirtualMachines/jdk1.8.0_40.jdk/Contents/Home/jre/lib/libnio.dylib
0x000000012526c000 	/Library/Java/JavaVirtualMachines/jdk1.8.0_40.jdk/Contents/Home/jre/lib/libprism_common.dylib
0x0000000122259000 	cl_kernels
0x000000012225e000 	cl_kernels
0x000000012224a000 	cl_kernels
0x0000000122251000 	cl_kernels
0x0000000122262000 	cl_kernels

VM Arguments:
jvm_args: -Dfile.encoding=UTF-8 
java_command: /Users/jaspertomas/NetBeansProjects/examples/MyAegisub/dist/run627815648/MyAegisub.jar
java_class_path (initial): /Users/jaspertomas/NetBeansProjects/examples/MyAegisub/dist/run627815648/MyAegisub.jar
Launcher Type: SUN_STANDARD

Environment Variables:
PATH=/usr/bin:/bin:/usr/sbin:/sbin
LD_LIBRARY_PATH=/Library/Java/JavaVirtualMachines/jdk1.8.0_40.jdk/Contents/Home/jre/lib/amd64:/Library/Java/JavaVirtualMachines/jdk1.8.0_40.jdk/Contents/Home/jre/lib/i386:
SHELL=/bin/bash
DISPLAY=/tmp/launch-eBZfiY/org.macosforge.xquartz:0
DYLD_LIBRARY_PATH=/Applications/NetBeans/NetBeans 8.0.2.app/Contents/Resources/NetBeans/webcommon/bin:

Signal Handlers:
SIGSEGV: [libjvm.dylib+0x58ef95], sa_mask[0]=11111111011111110111111111111111, sa_flags=SA_ONSTACK|SA_RESTART|SA_SIGINFO
SIGBUS: [libjvm.dylib+0x58ef95], sa_mask[0]=11111111011111110111111111111111, sa_flags=SA_RESTART|SA_SIGINFO
SIGFPE: [libjvm.dylib+0x46c118], sa_mask[0]=11111111011111110111111111111111, sa_flags=SA_RESTART|SA_SIGINFO
SIGPIPE: [libjvm.dylib+0x46c118], sa_mask[0]=11111111011111110111111111111111, sa_flags=SA_RESTART|SA_SIGINFO
SIGXFSZ: [libjvm.dylib+0x46c118], sa_mask[0]=11111111011111110111111111111111, sa_flags=SA_RESTART|SA_SIGINFO
SIGILL: [libjvm.dylib+0x46c118], sa_mask[0]=11111111011111110111111111111111, sa_flags=SA_RESTART|SA_SIGINFO
SIGUSR1: SIG_DFL, sa_mask[0]=00000000000000000000000000000000, sa_flags=SA_RESTART
SIGUSR2: [libjvm.dylib+0x46bc36], sa_mask[0]=00100000000000000000000000000000, sa_flags=SA_RESTART|SA_SIGINFO
SIGHUP: [libjvm.dylib+0x46a209], sa_mask[0]=11111111011111110111111111111111, sa_flags=SA_RESTART|SA_SIGINFO
SIGINT: SIG_IGN, sa_mask[0]=00000000000000000000000000000000, sa_flags=none
SIGTERM: [libjvm.dylib+0x46a209], sa_mask[0]=11111111011111110111111111111111, sa_flags=SA_RESTART|SA_SIGINFO
SIGQUIT: [libjvm.dylib+0x46a209], sa_mask[0]=11111111011111110111111111111111, sa_flags=SA_RESTART|SA_SIGINFO


---------------  S Y S T E M  ---------------

OS:Bsduname:Darwin 13.4.0 Darwin Kernel Version 13.4.0: Wed Dec 17 19:05:52 PST 2014; root:xnu-2422.115.10~1/RELEASE_X86_64 x86_64
rlimit: STACK 8192k, CORE 0k, NPROC 709, NOFILE 10240, AS infinity
load average:2.31 2.01 1.92

CPU:total 4 (2 cores per cpu, 2 threads per core) family 6 model 58 stepping 9, cmov, cx8, fxsr, mmx, sse, sse2, sse3, ssse3, sse4.1, sse4.2, popcnt, avx, aes, clmul, erms, ht, tsc, tscinvbit, tscinv

Memory: 4k page, physical 4194304k(169432k free)

/proc/meminfo:


vm_info: Java HotSpot(TM) 64-Bit Server VM (25.40-b25) for bsd-amd64 JRE (1.8.0_40-b26), built on Mar  7 2015 13:53:55 by "java_re" with gcc 4.2.1 (Based on Apple Inc. build 5658) (LLVM build 2336.11.00)

time: Thu Mar 19 19:42:40 2015
elapsed time: 58 seconds (0d 0h 0m 58s)

