#
# A fatal error has been detected by the Java Runtime Environment:
#
#  SIGSEGV (0xb) at pc=0x0000000126bcc5a3, pid=15754, tid=3335
#
# JRE version: Java(TM) SE Runtime Environment (8.0_40-b26) (build 1.8.0_40-b26)
# Java VM: Java HotSpot(TM) 64-Bit Server VM (25.40-b25 mixed mode bsd-amd64 compressed oops)
# Problematic frame:
# C  [libjfxwebkit.dylib+0x9385a3]  Java_com_sun_webkit_PopupMenu_twkPopupClosed+0x6253
#
# Failed to write core dump. Core dumps have been disabled. To enable core dumping, try "ulimit -c unlimited" before starting Java again
#
# If you would like to submit a bug report, please visit:
#   http://bugreport.java.com/bugreport/crash.jsp
#

---------------  T H R E A D  ---------------

Current thread is native thread

siginfo: si_signo: 11 (SIGSEGV), si_code: 1 (SEGV_MAPERR), si_addr: 0x0000000000000000

Registers:
RAX=0x00007fff53bc2040, RBX=0x00007faf8486c838, RCX=0x00007fff53bc2014, RDX=0x00007faf925f1068
RSP=0x00007fff53bc1f60, RBP=0x00007fff53bc2030, RSI=0x00007faf94a0b028, RDI=0x0000000000000000
R8 =0x00007faf926c7160, R9 =0x00007faf9265c7a0, R10=0x00000000985252b9, R11=0x00000000054ba5e9
R12=0x00007faf8486c800, R13=0x0000000127d68f78, R14=0x0000000000000000, R15=0x0000000000000000
RIP=0x0000000126bcc5a3, EFLAGS=0x0000000000010246, ERR=0x0000000000000004
  TRAPNO=0x000000000000000e

Top of Stack: (sp=0x00007fff53bc1f60)
0x00007fff53bc1f60:   0000000000000000 0000000000000000
0x00007fff53bc1f70:   0000000000000000 00007fff53bc2014
0x00007fff53bc1f80:   00007faf926c7160 00007faf9265c7a0
0x00007fff53bc1f90:   0000000000000000 0000000000000000
0x00007fff53bc1fa0:   0000000000000000 0000000000000000
0x00007fff53bc1fb0:   0000000000000000 0000000000000000
0x00007fff53bc1fc0:   0000000000000000 0000000000000000
0x00007fff53bc1fd0:   00007fff53bc2000 000000010cd17d9d
0x00007fff53bc1fe0:   0000000000000000 0000000000010002
0x00007fff53bc1ff0:   00007fff53bc2048 000000010d207848
0x00007fff53bc2000:   00007fff53bc2030 000000010cd15ca3
0x00007fff53bc2010:   fffffffe00000000 0000003000000018
0x00007fff53bc2020:   00007fff53bc2040 00007fff53bc1f60
0x00007fff53bc2030:   00007fff53bc2060 0000000126b88726
0x00007fff53bc2040:   0000000000000000 0000000000000000
0x00007fff53bc2050:   00007faf8486c838 0000000000000000
0x00007fff53bc2060:   00007fff53bc20b0 0000000126b6e7ec
0x00007fff53bc2070:   00007faf927c6960 0000000f00000000
0x00007fff53bc2080:   00007faf925f2ae0 00007faf926c7320
0x00007fff53bc2090:   00007faf8486c800 0000000127d68f78
0x00007fff53bc20a0:   0000000000000000 0000000000000000
0x00007fff53bc20b0:   00007fff53bc20f0 0000000126b6bd47
0x00007fff53bc20c0:   00007fff53bc2160 00007fff8372e19a
0x00007fff53bc20d0:   00007faf92600000 00007faf926fc080
0x00007fff53bc20e0:   000000010c059800 00007faf926c7320
0x00007fff53bc20f0:   00007fff53bc2120 0000000126b619b5
0x00007fff53bc2100:   00007faf926c7320 00007faf8480bbc8
0x00007fff53bc2110:   00007faf926c72b0 0000000000000019
0x00007fff53bc2120:   00007fff53bc2140 0000000126cf7047
0x00007fff53bc2130:   00007faf926c7320 00007faf926c72b0
0x00007fff53bc2140:   00007fff53bc2160 0000000126d6e10d
0x00007fff53bc2150:   00007faf926c72b0 00007faf926c74c0 

Instructions: (pc=0x0000000126bcc5a3)
0x0000000126bcc583:   8d 85 30 ff ff ff 48 89 45 f8 48 8d 45 10 48 89
0x0000000126bcc593:   45 f0 c7 45 ec 30 00 00 00 c7 45 e8 18 00 00 00
0x0000000126bcc5a3:   48 8b 07 48 8d 4d e8 ff 90 90 01 00 00 48 81 c4
0x0000000126bcc5b3:   d0 00 00 00 5d c3 90 90 90 90 90 90 90 55 48 89 

Register to memory mapping:

RAX=0x00007fff53bc2040 is an unknown value
RBX=0x00007faf8486c838 is an unknown value
RCX=0x00007fff53bc2014 is an unknown value
RDX=0x00007faf925f1068 is an unknown value
RSP=0x00007fff53bc1f60 is an unknown value
RBP=0x00007fff53bc2030 is an unknown value
RSI=0x00007faf94a0b028 is a global jni handle
RDI=0x0000000000000000 is an unknown value
R8 =0x00007faf926c7160 is an unknown value
R9 =0x00007faf9265c7a0 is an unknown value
R10=0x00000000985252b9 is an unknown value
R11=0x00000000054ba5e9 is an unknown value
R12=0x00007faf8486c800 is an unknown value
R13=0x0000000127d68f78 is an unknown value
R14=0x0000000000000000 is an unknown value
R15=0x0000000000000000 is an unknown value


Stack: [0x00007fff533c6000,0x00007fff53bc6000],  sp=0x00007fff53bc1f60,  free space=8175k
Native frames: (J=compiled Java code, j=interpreted, Vv=VM code, C=native code)
C  [libjfxwebkit.dylib+0x9385a3]  Java_com_sun_webkit_PopupMenu_twkPopupClosed+0x6253
C  [libjfxwebkit.dylib+0x8f4726]  Java_com_sun_webkit_graphics_WCGraphicsManager_append+0x906
C  [libjfxwebkit.dylib+0x8da7ec]  Java_com_sun_webkit_dom_EventListenerImpl_twkDispatchEvent+0x51b8ec
C  [libjfxwebkit.dylib+0x8d7d47]  Java_com_sun_webkit_dom_EventListenerImpl_twkDispatchEvent+0x518e47
C  [libjfxwebkit.dylib+0x8cd9b5]  Java_com_sun_webkit_dom_EventListenerImpl_twkDispatchEvent+0x50eab5
C  [libjfxwebkit.dylib+0xa63047]  Java_com_sun_webkit_network_URLLoader_twkWillSendRequest+0x10eb97
C  [libjfxwebkit.dylib+0xada10d]  Java_com_sun_webkit_network_URLLoader_twkWillSendRequest+0x185c5d
C  [libjfxwebkit.dylib+0x4f3217]  Java_com_sun_webkit_dom_EventListenerImpl_twkDispatchEvent+0x134317
C  [libjfxwebkit.dylib+0x4f14ce]  Java_com_sun_webkit_dom_EventListenerImpl_twkDispatchEvent+0x1325ce
C  [libjfxwebkit.dylib+0x51b78b]  Java_com_sun_webkit_dom_EventListenerImpl_twkDispatchEvent+0x15c88b
C  [libjfxwebkit.dylib+0x516c30]  Java_com_sun_webkit_dom_EventListenerImpl_twkDispatchEvent+0x157d30
C  [libjfxwebkit.dylib+0x54a6ab]  Java_com_sun_webkit_dom_EventListenerImpl_twkDispatchEvent+0x18b7ab
C  [libjfxwebkit.dylib+0x6a46e8]  Java_com_sun_webkit_dom_EventListenerImpl_twkDispatchEvent+0x2e57e8
C  [libjfxwebkit.dylib+0x3eb4fa]  Java_com_sun_webkit_dom_EventListenerImpl_twkDispatchEvent+0x2c5fa
C  [libjfxwebkit.dylib+0xde932f]  JSValueIsObjectOfClass+0x5080f
C  [libjfxwebkit.dylib+0xde9838]  JSValueIsObjectOfClass+0x50d18
C  [libjfxwebkit.dylib+0xdf2326]  JSValueIsObjectOfClass+0x59806
C  [libjfxwebkit.dylib+0xdefe02]  JSValueIsObjectOfClass+0x572e2
C  [libjfxwebkit.dylib+0xdef879]  JSValueIsObjectOfClass+0x56d59
C  [CoreFoundation+0xb53e4]  __CFRUNLOOP_IS_CALLING_OUT_TO_A_TIMER_CALLBACK_FUNCTION__+0x14
C  [CoreFoundation+0xb4f1f]  __CFRunLoopDoTimer+0x47f
C  [CoreFoundation+0x1265aa]  __CFRunLoopDoTimers+0x12a
C  [CoreFoundation+0x706a5]  __CFRunLoopRun+0x5f5
C  [CoreFoundation+0x6fe75]  CFRunLoopRunSpecific+0x135
C  [java+0x6490]  CreateExecutionEnvironment+0x367
C  [java+0x221c]  JLI_Launch+0x7a0
C  [java+0x84ed]  main+0x65
C  [java+0x1a74]  start+0x34


---------------  P R O C E S S  ---------------

VM state:at safepoint (normal execution)

VM Mutex/Monitor currently owned by a thread:  ([mutex/lock_event])
[0x00007faf92502a00] Threads_lock - owner thread: 0x00007faf92819800
[0x00007faf92502f00] Heap_lock - owner thread: 0x00007faf84a8a800

Heap:
 PSYoungGen      total 42496K, used 10793K [0x00000007aab00000, 0x00000007ae580000, 0x00000007c0000000)
  eden space 35328K, 15% used [0x00000007aab00000,0x00000007ab032418,0x00000007acd80000)
  from space 7168K, 76% used [0x00000007acd80000,0x00000007ad2d8050,0x00000007ad480000)
  to   space 7680K, 0% used [0x00000007ade00000,0x00000007ade00000,0x00000007ae580000)
 ParOldGen       total 37376K, used 8978K [0x0000000780000000, 0x0000000782480000, 0x00000007aab00000)
  object space 37376K, 24% used [0x0000000780000000,0x00000007808c4858,0x0000000782480000)
 Metaspace       used 22531K, capacity 23150K, committed 23424K, reserved 1071104K
  class space    used 2199K, capacity 2358K, committed 2432K, reserved 1048576K

Card table byte_map: [0x000000011ce2c000,0x000000011d02d000] byte_map_base: 0x000000011922c000

Marking Bits: (ParMarkBitMap*) 0x000000010d2c27a0
 Begin Bits: [0x000000011d58f000, 0x000000011e58f000)
 End Bits:   [0x000000011e58f000, 0x000000011f58f000)

Polling page: 0x000000010c192000

CodeCache: size=245760Kb used=14715Kb max_used=14736Kb free=231044Kb
 bounds [0x000000010da6c000, 0x000000010e8ec000, 0x000000011ca6c000]
 total_blobs=3708 nmethods=3052 adapters=568
 compilation: enabled

Compilation events (10 events):
Event: 8.812 Thread 0x00007faf93030800 3314       3       java.util.Objects::hash (5 bytes)
Event: 8.812 Thread 0x00007faf93030800 nmethod 3314 0x000000010dd83b50 code [0x000000010dd83cc0, 0x000000010dd83e28]
Event: 8.812 Thread 0x00007faf93030800 3315       3       java.lang.Class::getReflectionFactory (26 bytes)
Event: 8.813 Thread 0x00007faf93030800 nmethod 3315 0x000000010dfa4550 code [0x000000010dfa46e0, 0x000000010dfa4ac8]
Event: 8.813 Thread 0x00007faf93030800 3316       3       sun.reflect.ReflectionFactory::langReflectAccess (15 bytes)
Event: 8.813 Thread 0x00007faf93030800 nmethod 3316 0x000000010debf590 code [0x000000010debf700, 0x000000010debf910]
Event: 8.832 Thread 0x00007faf93004000 nmethod 3284 0x000000010e8e4490 code [0x000000010e8e4940, 0x000000010e8e7370]
Event: 8.836 Thread 0x00007faf93030800 3317       3       java.util.logging.LogManager::access$100 (4 bytes)
Event: 8.836 Thread 0x00007faf93030800 nmethod 3317 0x000000010e109a90 code [0x000000010e109be0, 0x000000010e109d10]
Event: 8.836 Thread 0x00007faf93030800 3318       3       java.util.logging.LogManager$LoggerContext::requiresDefaultLoggers (29 bytes)

GC Heap History (10 events):
Event: 4.234 GC heap before
{Heap before GC invocations=6 (full 1):
 PSYoungGen      total 18944K, used 16384K [0x00000007aab00000, 0x00000007ac000000, 0x00000007c0000000)
  eden space 16384K, 100% used [0x00000007aab00000,0x00000007abb00000,0x00000007abb00000)
  from space 2560K, 0% used [0x00000007abd80000,0x00000007abd80000,0x00000007ac000000)
  to   space 2560K, 0% used [0x00000007abb00000,0x00000007abb00000,0x00000007abd80000)
 ParOldGen       total 37376K, used 7916K [0x0000000780000000, 0x0000000782480000, 0x00000007aab00000)
  object space 37376K, 21% used [0x0000000780000000,0x00000007807bb058,0x0000000782480000)
 Metaspace       used 21188K, capacity 21790K, committed 22144K, reserved 1069056K
  class space    used 2188K, capacity 2344K, committed 2432K, reserved 1048576K
Event: 4.237 GC heap after
Heap after GC invocations=6 (full 1):
 PSYoungGen      total 18944K, used 2528K [0x00000007aab00000, 0x00000007acf80000, 0x00000007c0000000)
  eden space 16384K, 0% used [0x00000007aab00000,0x00000007aab00000,0x00000007abb00000)
  from space 2560K, 98% used [0x00000007abb00000,0x00000007abd78020,0x00000007abd80000)
  to   space 6656K, 0% used [0x00000007ac900000,0x00000007ac900000,0x00000007acf80000)
 ParOldGen       total 37376K, used 8946K [0x0000000780000000, 0x0000000782480000, 0x00000007aab00000)
  object space 37376K, 23% used [0x0000000780000000,0x00000007808bc858,0x0000000782480000)
 Metaspace       used 21188K, capacity 21790K, committed 22144K, reserved 1069056K
  class space    used 2188K, capacity 2344K, committed 2432K, reserved 1048576K
}
Event: 4.981 GC heap before
{Heap before GC invocations=7 (full 1):
 PSYoungGen      total 18944K, used 18912K [0x00000007aab00000, 0x00000007acf80000, 0x00000007c0000000)
  eden space 16384K, 100% used [0x00000007aab00000,0x00000007abb00000,0x00000007abb00000)
  from space 2560K, 98% used [0x00000007abb00000,0x00000007abd78020,0x00000007abd80000)
  to   space 6656K, 0% used [0x00000007ac900000,0x00000007ac900000,0x00000007acf80000)
 ParOldGen       total 37376K, used 8946K [0x0000000780000000, 0x0000000782480000, 0x00000007aab00000)
  object space 37376K, 23% used [0x0000000780000000,0x00000007808bc858,0x0000000782480000)
 Metaspace       used 21573K, capacity 22174K, committed 22400K, reserved 1069056K
  class space    used 2188K, capacity 2344K, committed 2432K, reserved 1048576K
Event: 4.986 GC heap after
Heap after GC invocations=7 (full 1):
 PSYoungGen      total 30720K, used 4704K [0x00000007aab00000, 0x00000007acf80000, 0x00000007c0000000)
  eden space 24064K, 0% used [0x00000007aab00000,0x00000007aab00000,0x00000007ac280000)
  from space 6656K, 70% used [0x00000007ac900000,0x00000007acd98030,0x00000007acf80000)
  to   space 6656K, 0% used [0x00000007ac280000,0x00000007ac280000,0x00000007ac900000)
 ParOldGen       total 37376K, used 8954K [0x0000000780000000, 0x0000000782480000, 0x00000007aab00000)
  object space 37376K, 23% used [0x0000000780000000,0x00000007808be858,0x0000000782480000)
 Metaspace       used 21573K, capacity 22174K, committed 22400K, reserved 1069056K
  class space    used 2188K, capacity 2344K, committed 2432K, reserved 1048576K
}
Event: 6.020 GC heap before
{Heap before GC invocations=8 (full 1):
 PSYoungGen      total 30720K, used 28768K [0x00000007aab00000, 0x00000007acf80000, 0x00000007c0000000)
  eden space 24064K, 100% used [0x00000007aab00000,0x00000007ac280000,0x00000007ac280000)
  from space 6656K, 70% used [0x00000007ac900000,0x00000007acd98030,0x00000007acf80000)
  to   space 6656K, 0% used [0x00000007ac280000,0x00000007ac280000,0x00000007ac900000)
 ParOldGen       total 37376K, used 8954K [0x0000000780000000, 0x0000000782480000, 0x00000007aab00000)
  object space 37376K, 23% used [0x0000000780000000,0x00000007808be858,0x0000000782480000)
 Metaspace       used 21905K, capacity 22512K, committed 22656K, reserved 1069056K
  class space    used 2191K, capacity 2347K, committed 2432K, reserved 1048576K
Event: 6.028 GC heap after
Heap after GC invocations=8 (full 1):
 PSYoungGen      total 30720K, used 6016K [0x00000007aab00000, 0x00000007adb80000, 0x00000007c0000000)
  eden space 24064K, 0% used [0x00000007aab00000,0x00000007aab00000,0x00000007ac280000)
  from space 6656K, 90% used [0x00000007ac280000,0x00000007ac860050,0x00000007ac900000)
  to   space 7168K, 0% used [0x00000007ad480000,0x00000007ad480000,0x00000007adb80000)
 ParOldGen       total 37376K, used 8962K [0x0000000780000000, 0x0000000782480000, 0x00000007aab00000)
  object space 37376K, 23% used [0x0000000780000000,0x00000007808c0858,0x0000000782480000)
 Metaspace       used 21905K, capacity 22512K, committed 22656K, reserved 1069056K
  class space    used 2191K, capacity 2347K, committed 2432K, reserved 1048576K
}
Event: 7.071 GC heap before
{Heap before GC invocations=9 (full 1):
 PSYoungGen      total 30720K, used 30080K [0x00000007aab00000, 0x00000007adb80000, 0x00000007c0000000)
  eden space 24064K, 100% used [0x00000007aab00000,0x00000007ac280000,0x00000007ac280000)
  from space 6656K, 90% used [0x00000007ac280000,0x00000007ac860050,0x00000007ac900000)
  to   space 7168K, 0% used [0x00000007ad480000,0x00000007ad480000,0x00000007adb80000)
 ParOldGen       total 37376K, used 8962K [0x0000000780000000, 0x0000000782480000, 0x00000007aab00000)
  object space 37376K, 23% used [0x0000000780000000,0x00000007808c0858,0x0000000782480000)
 Metaspace       used 22137K, capacity 22836K, committed 23168K, reserved 1071104K
  class space    used 2191K, capacity 2347K, committed 2432K, reserved 1048576K
Event: 7.076 GC heap after
Heap after GC invocations=9 (full 1):
 PSYoungGen      total 42496K, used 4768K [0x00000007aab00000, 0x00000007adb80000, 0x00000007c0000000)
  eden space 35328K, 0% used [0x00000007aab00000,0x00000007aab00000,0x00000007acd80000)
  from space 7168K, 66% used [0x00000007ad480000,0x00000007ad928030,0x00000007adb80000)
  to   space 7168K, 0% used [0x00000007acd80000,0x00000007acd80000,0x00000007ad480000)
 ParOldGen       total 37376K, used 8970K [0x0000000780000000, 0x0000000782480000, 0x00000007aab00000)
  object space 37376K, 23% used [0x0000000780000000,0x00000007808c2858,0x0000000782480000)
 Metaspace       used 22137K, capacity 22836K, committed 23168K, reserved 1071104K
  class space    used 2191K, capacity 2347K, committed 2432K, reserved 1048576K
}
Event: 8.635 GC heap before
{Heap before GC invocations=10 (full 1):
 PSYoungGen      total 42496K, used 40096K [0x00000007aab00000, 0x00000007adb80000, 0x00000007c0000000)
  eden space 35328K, 100% used [0x00000007aab00000,0x00000007acd80000,0x00000007acd80000)
  from space 7168K, 66% used [0x00000007ad480000,0x00000007ad928030,0x00000007adb80000)
  to   space 7168K, 0% used [0x00000007acd80000,0x00000007acd80000,0x00000007ad480000)
 ParOldGen       total 37376K, used 8970K [0x0000000780000000, 0x0000000782480000, 0x00000007aab00000)
  object space 37376K, 23% used [0x0000000780000000,0x00000007808c2858,0x0000000782480000)
 Metaspace       used 22461K, capacity 23100K, committed 23424K, reserved 1071104K
  class space    used 2191K, capacity 2347K, committed 2432K, reserved 1048576K
Event: 8.640 GC heap after
Heap after GC invocations=10 (full 1):
 PSYoungGen      total 42496K, used 5472K [0x00000007aab00000, 0x00000007ae580000, 0x00000007c0000000)
  eden space 35328K, 0% used [0x00000007aab00000,0x00000007aab00000,0x00000007acd80000)
  from space 7168K, 76% used [0x00000007acd80000,0x00000007ad2d8050,0x00000007ad480000)
  to   space 7680K, 0% used [0x00000007ade00000,0x00000007ade00000,0x00000007ae580000)
 ParOldGen       total 37376K, used 8978K [0x0000000780000000, 0x0000000782480000, 0x00000007aab00000)
  object space 37376K, 24% used [0x0000000780000000,0x00000007808c4858,0x0000000782480000)
 Metaspace       used 22461K, capacity 23100K, committed 23424K, reserved 1071104K
  class space    used 2191K, capacity 2347K, committed 2432K, reserved 1048576K
}

Deoptimization events (10 events):
Event: 2.715 Thread 0x00007faf92883000 Uncommon trap: reason=unstable_if action=reinterpret pc=0x000000010dc88a68 method=java.lang.AbstractStringBuilder.append(Ljava/lang/String;)Ljava/lang/AbstractStringBuilder; @ 1
Event: 2.780 Thread 0x00007faf92883000 Uncommon trap: reason=unstable_if action=reinterpret pc=0x000000010de7ad94 method=com.sun.javafx.font.CMap$CMapFormat10.<init>(Lcom/sun/javafx/font/FontFileReader$Buffer;I)V @ 50
Event: 4.656 Thread 0x00007faf92883000 Uncommon trap: reason=array_check action=maybe_recompile pc=0x000000010e24b33c method=com.sun.javafx.css.SimpleSelector.applies(Ljavafx/css/Styleable;[Ljava/util/Set;I)Z @ 37
Event: 4.656 Thread 0x00007faf92883000 Uncommon trap: reason=array_check action=maybe_recompile pc=0x000000010e24b33c method=com.sun.javafx.css.SimpleSelector.applies(Ljavafx/css/Styleable;[Ljava/util/Set;I)Z @ 37
Event: 4.656 Thread 0x00007faf92883000 Uncommon trap: reason=array_check action=maybe_recompile pc=0x000000010e24b33c method=com.sun.javafx.css.SimpleSelector.applies(Ljavafx/css/Styleable;[Ljava/util/Set;I)Z @ 37
Event: 4.656 Thread 0x00007faf92883000 Uncommon trap: reason=array_check action=maybe_recompile pc=0x000000010e24b33c method=com.sun.javafx.css.SimpleSelector.applies(Ljavafx/css/Styleable;[Ljava/util/Set;I)Z @ 37
Event: 6.859 Thread 0x00007faf92883000 Uncommon trap: reason=array_check action=maybe_recompile pc=0x000000010e7114e8 method=com.sun.javafx.css.CompoundSelector.applies(Ljavafx/css/Styleable;[Ljava/util/Set;I)Z @ 128
Event: 6.859 Thread 0x00007faf92883000 Uncommon trap: reason=array_check action=maybe_recompile pc=0x000000010e7114e8 method=com.sun.javafx.css.CompoundSelector.applies(Ljavafx/css/Styleable;[Ljava/util/Set;I)Z @ 128
Event: 6.859 Thread 0x00007faf92883000 Uncommon trap: reason=array_check action=maybe_recompile pc=0x000000010e7114e8 method=com.sun.javafx.css.CompoundSelector.applies(Ljavafx/css/Styleable;[Ljava/util/Set;I)Z @ 128
Event: 6.859 Thread 0x00007faf92883000 Uncommon trap: reason=array_check action=maybe_recompile pc=0x000000010e7114e8 method=com.sun.javafx.css.CompoundSelector.applies(Ljavafx/css/Styleable;[Ljava/util/Set;I)Z @ 128

Internal exceptions (10 events):
Event: 0.247 Thread 0x00007faf93804000 Exception <a 'java/security/PrivilegedActionException'> (0x00000007aadfb520) thrown at [/Users/java_re/workspace/8-2-build-macosx-x86_64/jdk8u40/3098/hotspot/src/share/vm/prims/jvm.cpp, line 1382]
Event: 0.247 Thread 0x00007faf93804000 Exception <a 'java/lang/NullPointerException'> (0x00000007aadfc9d0) thrown at [/Users/java_re/workspace/8-2-build-macosx-x86_64/jdk8u40/3098/hotspot/src/share/vm/interpreter/linkResolver.cpp, line 1178]
Event: 0.623 Thread 0x00007faf92883000 Exception <a 'java/lang/NullPointerException'> (0x00000007ab5889b0) thrown at [/Users/java_re/workspace/8-2-build-macosx-x86_64/jdk8u40/3098/hotspot/src/share/vm/interpreter/linkResolver.cpp, line 1178]
Event: 0.623 Thread 0x00007faf92883000 Exception <a 'java/lang/NullPointerException'> (0x00000007ab5889b0) thrown at [/Users/java_re/workspace/8-2-build-macosx-x86_64/jdk8u40/3098/hotspot/src/share/vm/prims/jvm.cpp, line 1386]
Event: 1.041 Thread 0x00007faf92883000 Implicit null exception at 0x000000010dcde335 to 0x000000010dcde531
Event: 1.539 Thread 0x00007faf92883000 Implicit null exception at 0x000000010dd5c235 to 0x000000010dd5c5a1
Event: 2.710 Thread 0x00007faf92883000 Exception <a 'sun/nio/fs/UnixException'> (0x00000007ab7b1248) thrown at [/Users/java_re/workspace/8-2-build-macosx-x86_64/jdk8u40/3098/hotspot/src/share/vm/prims/jni.cpp, line 709]
Event: 2.712 Thread 0x00007faf92883000 Exception <a 'sun/nio/fs/UnixException'> (0x00000007ab7b2fd0) thrown at [/Users/java_re/workspace/8-2-build-macosx-x86_64/jdk8u40/3098/hotspot/src/share/vm/prims/jni.cpp, line 709]
Event: 2.715 Thread 0x00007faf92883000 Implicit null exception at 0x000000010dc886f5 to 0x000000010dc88a55
Event: 2.780 Thread 0x00007faf92883000 Exception <a 'java/io/FileNotFoundException'> (0x00000007aad20768) thrown at [/Users/java_re/workspace/8-2-build-macosx-x86_64/jdk8u40/3098/hotspot/src/share/vm/prims/jni.cpp, line 709]

Events (10 events):
Event: 8.835 Thread 0x00007faf938ea000 Thread exited: 0x00007faf938ea000
Event: 8.835 loading class java/util/IdentityHashMap$KeySet
Event: 8.835 loading class java/util/IdentityHashMap$KeySet done
Event: 8.835 loading class java/util/IdentityHashMap$KeyIterator
Event: 8.835 loading class java/util/IdentityHashMap$IdentityHashMapIterator
Event: 8.836 loading class java/util/IdentityHashMap$IdentityHashMapIterator done
Event: 8.836 loading class java/util/IdentityHashMap$KeyIterator done
Event: 8.836 Thread 0x00007faf844cc000 Thread added: 0x00007faf844cc000
Event: 8.836 Thread 0x00007faf844cc000 Thread exited: 0x00007faf844cc000
Event: 8.836 Thread 0x00007faf84a8a800 Thread exited: 0x00007faf84a8a800


Dynamic libraries:
0x00000000033f7000 	/System/Library/Frameworks/Cocoa.framework/Versions/A/Cocoa
0x00000000033f7000 	/System/Library/Frameworks/Security.framework/Versions/A/Security
0x00000000033f7000 	/System/Library/Frameworks/ApplicationServices.framework/Versions/A/ApplicationServices
0x00000000033f7000 	/usr/lib/libz.1.dylib
0x00000000033f7000 	/usr/lib/libSystem.B.dylib
0x00000000033f7000 	/usr/lib/libobjc.A.dylib
0x00000000033f7000 	/System/Library/Frameworks/CoreFoundation.framework/Versions/A/CoreFoundation
0x00000000033f7000 	/System/Library/Frameworks/Foundation.framework/Versions/C/Foundation
0x00000000033f7000 	/System/Library/Frameworks/AppKit.framework/Versions/C/AppKit
0x00000000033f7000 	/System/Library/Frameworks/CoreData.framework/Versions/A/CoreData
0x00000000033f7000 	/System/Library/PrivateFrameworks/RemoteViewServices.framework/Versions/A/RemoteViewServices
0x00000000033f7000 	/System/Library/Frameworks/AudioToolbox.framework/Versions/A/AudioToolbox
0x00000000033f7000 	/System/Library/Frameworks/AudioUnit.framework/Versions/A/AudioUnit
0x00000000033f7000 	/System/Library/PrivateFrameworks/DataDetectorsCore.framework/Versions/A/DataDetectorsCore
0x00000000033f7000 	/System/Library/PrivateFrameworks/DesktopServicesPriv.framework/Versions/A/DesktopServicesPriv
0x00000000033f7000 	/System/Library/Frameworks/Carbon.framework/Versions/A/Frameworks/HIToolbox.framework/Versions/A/HIToolbox
0x00000000033f7000 	/System/Library/Frameworks/QuartzCore.framework/Versions/A/QuartzCore
0x00000000033f7000 	/System/Library/Frameworks/Carbon.framework/Versions/A/Frameworks/SpeechRecognition.framework/Versions/A/SpeechRecognition
0x00000000033f7000 	/usr/lib/libauto.dylib
0x00000000033f7000 	/usr/lib/libicucore.A.dylib
0x00000000033f7000 	/usr/lib/libxml2.2.dylib
0x00000000033f7000 	/System/Library/PrivateFrameworks/CoreUI.framework/Versions/A/CoreUI
0x00000000033f7000 	/System/Library/Frameworks/CoreAudio.framework/Versions/A/CoreAudio
0x00000000033f7000 	/System/Library/Frameworks/DiskArbitration.framework/Versions/A/DiskArbitration
0x00000000033f7000 	/usr/lib/liblangid.dylib
0x00000000033f7000 	/System/Library/PrivateFrameworks/MultitouchSupport.framework/Versions/A/MultitouchSupport
0x00000000033f7000 	/System/Library/Frameworks/IOKit.framework/Versions/A/IOKit
0x00000000033f7000 	/usr/lib/libDiagnosticMessagesClient.dylib
0x00000000033f7000 	/System/Library/Frameworks/CoreServices.framework/Versions/A/CoreServices
0x00000000033f7000 	/System/Library/PrivateFrameworks/PerformanceAnalysis.framework/Versions/A/PerformanceAnalysis
0x00000000033f7000 	/System/Library/PrivateFrameworks/GenerationalStorage.framework/Versions/A/GenerationalStorage
0x00000000033f7000 	/System/Library/Frameworks/OpenGL.framework/Versions/A/OpenGL
0x00000000033f7000 	/System/Library/PrivateFrameworks/Sharing.framework/Versions/A/Sharing
0x00000000033f7000 	/System/Library/Frameworks/ImageIO.framework/Versions/A/ImageIO
0x00000000033f7000 	/System/Library/Frameworks/CoreText.framework/Versions/A/CoreText
0x00000000033f7000 	/System/Library/Frameworks/CoreGraphics.framework/Versions/A/CoreGraphics
0x00000000033f7000 	/System/Library/PrivateFrameworks/Backup.framework/Versions/A/Backup
0x00000000033f7000 	/System/Library/Frameworks/CFNetwork.framework/Versions/A/CFNetwork
0x00000000033f7000 	/System/Library/Frameworks/SystemConfiguration.framework/Versions/A/SystemConfiguration
0x00000000033f7000 	/usr/lib/libCRFSuite.dylib
0x00000000033f7000 	/usr/lib/libc++.1.dylib
0x00000000033f7000 	/usr/lib/libc++abi.dylib
0x00000000033f7000 	/usr/lib/system/libcache.dylib
0x00000000033f7000 	/usr/lib/system/libcommonCrypto.dylib
0x00000000033f7000 	/usr/lib/system/libcompiler_rt.dylib
0x00000000033f7000 	/usr/lib/system/libcopyfile.dylib
0x00000000033f7000 	/usr/lib/system/libcorecrypto.dylib
0x00000000033f7000 	/usr/lib/system/libdispatch.dylib
0x00000000033f7000 	/usr/lib/system/libdyld.dylib
0x00000000033f7000 	/usr/lib/system/libkeymgr.dylib
0x00000000033f7000 	/usr/lib/system/liblaunch.dylib
0x00000000033f7000 	/usr/lib/system/libmacho.dylib
0x00000000033f7000 	/usr/lib/system/libquarantine.dylib
0x00000000033f7000 	/usr/lib/system/libremovefile.dylib
0x00000000033f7000 	/usr/lib/system/libsystem_asl.dylib
0x00000000033f7000 	/usr/lib/system/libsystem_blocks.dylib
0x00000000033f7000 	/usr/lib/system/libsystem_c.dylib
0x00000000033f7000 	/usr/lib/system/libsystem_configuration.dylib
0x00000000033f7000 	/usr/lib/system/libsystem_dnssd.dylib
0x00000000033f7000 	/usr/lib/system/libsystem_info.dylib
0x00000000033f7000 	/usr/lib/system/libsystem_kernel.dylib
0x00000000033f7000 	/usr/lib/system/libsystem_m.dylib
0x00000000033f7000 	/usr/lib/system/libsystem_malloc.dylib
0x00000000033f7000 	/usr/lib/system/libsystem_network.dylib
0x00000000033f7000 	/usr/lib/system/libsystem_notify.dylib
0x00000000033f7000 	/usr/lib/system/libsystem_platform.dylib
0x00000000033f7000 	/usr/lib/system/libsystem_pthread.dylib
0x00000000033f7000 	/usr/lib/system/libsystem_sandbox.dylib
0x00000000033f7000 	/usr/lib/system/libsystem_stats.dylib
0x00000000033f7000 	/usr/lib/system/libunc.dylib
0x00000000033f7000 	/usr/lib/system/libunwind.dylib
0x00000000033f7000 	/usr/lib/system/libxpc.dylib
0x00000000033f7000 	/usr/lib/libbsm.0.dylib
0x00000000033f7000 	/usr/lib/libsqlite3.dylib
0x00000000033f7000 	/usr/lib/libxar.1.dylib
0x00000000033f7000 	/usr/lib/libpam.2.dylib
0x00000000033f7000 	/usr/lib/libOpenScriptingUtil.dylib
0x00000000033f7000 	/usr/lib/libbz2.1.0.dylib
0x00000000033f7000 	/System/Library/Frameworks/CoreServices.framework/Versions/A/Frameworks/CarbonCore.framework/Versions/A/CarbonCore
0x00000000033f7000 	/System/Library/Frameworks/CoreServices.framework/Versions/A/Frameworks/Metadata.framework/Versions/A/Metadata
0x00000000033f7000 	/System/Library/Frameworks/CoreServices.framework/Versions/A/Frameworks/OSServices.framework/Versions/A/OSServices
0x00000000033f7000 	/System/Library/Frameworks/CoreServices.framework/Versions/A/Frameworks/SearchKit.framework/Versions/A/SearchKit
0x00000000033f7000 	/System/Library/Frameworks/CoreServices.framework/Versions/A/Frameworks/AE.framework/Versions/A/AE
0x00000000033f7000 	/System/Library/Frameworks/CoreServices.framework/Versions/A/Frameworks/LaunchServices.framework/Versions/A/LaunchServices
0x00000000033f7000 	/System/Library/Frameworks/CoreServices.framework/Versions/A/Frameworks/DictionaryServices.framework/Versions/A/DictionaryServices
0x00000000033f7000 	/System/Library/Frameworks/NetFS.framework/Versions/A/NetFS
0x00000000033f7000 	/usr/lib/system/libkxld.dylib
0x00000000033f7000 	/System/Library/PrivateFrameworks/NetAuth.framework/Versions/A/NetAuth
0x00000000033f7000 	/System/Library/PrivateFrameworks/TCC.framework/Versions/A/TCC
0x00000000033f7000 	/System/Library/Frameworks/OpenDirectory.framework/Versions/A/Frameworks/CFOpenDirectory.framework/Versions/A/CFOpenDirectory
0x00000000033f7000 	/System/Library/Frameworks/ServiceManagement.framework/Versions/A/ServiceManagement
0x00000000033f7000 	/usr/lib/libxslt.1.dylib
0x00000000033f7000 	/System/Library/Frameworks/Carbon.framework/Versions/A/Frameworks/Ink.framework/Versions/A/Ink
0x00000000033f7000 	/System/Library/Frameworks/ApplicationServices.framework/Versions/A/Frameworks/ATS.framework/Versions/A/ATS
0x00000000033f7000 	/System/Library/Frameworks/ApplicationServices.framework/Versions/A/Frameworks/ColorSync.framework/Versions/A/ColorSync
0x00000000033f7000 	/System/Library/Frameworks/ApplicationServices.framework/Versions/A/Frameworks/HIServices.framework/Versions/A/HIServices
0x00000000033f7000 	/System/Library/Frameworks/ApplicationServices.framework/Versions/A/Frameworks/LangAnalysis.framework/Versions/A/LangAnalysis
0x00000000033f7000 	/System/Library/Frameworks/ApplicationServices.framework/Versions/A/Frameworks/PrintCore.framework/Versions/A/PrintCore
0x00000000033f7000 	/System/Library/Frameworks/ApplicationServices.framework/Versions/A/Frameworks/QD.framework/Versions/A/QD
0x00000000033f7000 	/System/Library/Frameworks/ApplicationServices.framework/Versions/A/Frameworks/SpeechSynthesis.framework/Versions/A/SpeechSynthesis
0x00000000033f7000 	/System/Library/Frameworks/IOSurface.framework/Versions/A/IOSurface
0x00000000033f7000 	/System/Library/Frameworks/Accelerate.framework/Versions/A/Accelerate
0x00000000033f7000 	/System/Library/Frameworks/Accelerate.framework/Versions/A/Frameworks/vImage.framework/Versions/A/vImage
0x00000000033f7000 	/System/Library/Frameworks/Accelerate.framework/Versions/A/Frameworks/vecLib.framework/Versions/A/vecLib
0x00000000033f7000 	/System/Library/Frameworks/Accelerate.framework/Versions/A/Frameworks/vecLib.framework/Versions/A/libvDSP.dylib
0x00000000033f7000 	/System/Library/Frameworks/Accelerate.framework/Versions/A/Frameworks/vecLib.framework/Versions/A/libvMisc.dylib
0x00000000033f7000 	/System/Library/Frameworks/Accelerate.framework/Versions/A/Frameworks/vecLib.framework/Versions/A/libLAPACK.dylib
0x00000000033f7000 	/System/Library/Frameworks/Accelerate.framework/Versions/A/Frameworks/vecLib.framework/Versions/A/libBLAS.dylib
0x00000000033f7000 	/System/Library/Frameworks/ApplicationServices.framework/Versions/A/Frameworks/ATS.framework/Versions/A/Resources/libFontParser.dylib
0x00000000033f7000 	/System/Library/Frameworks/ApplicationServices.framework/Versions/A/Frameworks/ATS.framework/Versions/A/Resources/libFontRegistry.dylib
0x00000000033f7000 	/System/Library/Frameworks/ImageIO.framework/Versions/A/Resources/libJPEG.dylib
0x00000000033f7000 	/System/Library/Frameworks/ImageIO.framework/Versions/A/Resources/libTIFF.dylib
0x00000000033f7000 	/System/Library/Frameworks/ImageIO.framework/Versions/A/Resources/libPng.dylib
0x00000000033f7000 	/System/Library/Frameworks/ImageIO.framework/Versions/A/Resources/libGIF.dylib
0x00000000033f7000 	/System/Library/Frameworks/ImageIO.framework/Versions/A/Resources/libJP2.dylib
0x00000000033f7000 	/System/Library/Frameworks/ImageIO.framework/Versions/A/Resources/libRadiance.dylib
0x00000000033f7000 	/usr/lib/libcups.2.dylib
0x00000000033f7000 	/System/Library/Frameworks/Kerberos.framework/Versions/A/Kerberos
0x00000000033f7000 	/System/Library/Frameworks/GSS.framework/Versions/A/GSS
0x00000000033f7000 	/usr/lib/libresolv.9.dylib
0x00000000033f7000 	/usr/lib/libiconv.2.dylib
0x00000000033f7000 	/System/Library/PrivateFrameworks/Heimdal.framework/Versions/A/Heimdal
0x00000000033f7000 	/System/Library/PrivateFrameworks/TrustEvaluationAgent.framework/Versions/A/TrustEvaluationAgent
0x00000000033f7000 	/usr/lib/libheimdal-asn1.dylib
0x00000000033f7000 	/System/Library/Frameworks/OpenDirectory.framework/Versions/A/OpenDirectory
0x00000000033f7000 	/System/Library/PrivateFrameworks/CommonAuth.framework/Versions/A/CommonAuth
0x00000000033f7000 	/System/Library/Frameworks/SecurityFoundation.framework/Versions/A/SecurityFoundation
0x00000000033f7000 	/System/Library/PrivateFrameworks/Bom.framework/Versions/A/Bom
0x00000000033f7000 	/System/Library/Frameworks/CoreVideo.framework/Versions/A/CoreVideo
0x00000000033f7000 	/System/Library/Frameworks/QuartzCore.framework/Versions/A/Frameworks/CoreImage.framework/Versions/A/CoreImage
0x00000000033f7000 	/System/Library/Frameworks/QuartzCore.framework/Versions/A/Frameworks/ScalableUserInterface.framework/Versions/A/ScalableUserInterface
0x00000000033f7000 	/System/Library/Frameworks/OpenGL.framework/Versions/A/Libraries/libGLU.dylib
0x00000000033f7000 	/System/Library/Frameworks/OpenGL.framework/Versions/A/Libraries/libGFXShared.dylib
0x00000000033f7000 	/System/Library/Frameworks/OpenGL.framework/Versions/A/Libraries/libGL.dylib
0x00000000033f7000 	/System/Library/Frameworks/OpenGL.framework/Versions/A/Libraries/libGLImage.dylib
0x00000000033f7000 	/System/Library/Frameworks/OpenGL.framework/Versions/A/Libraries/libCVMSPluginSupport.dylib
0x00000000033f7000 	/System/Library/Frameworks/OpenGL.framework/Versions/A/Libraries/libCoreVMClient.dylib
0x00000000033f7000 	/System/Library/PrivateFrameworks/FaceCore.framework/Versions/A/FaceCore
0x00000000033f7000 	/System/Library/PrivateFrameworks/CrashReporterSupport.framework/Versions/A/CrashReporterSupport
0x00000000033f7000 	/System/Library/Frameworks/OpenCL.framework/Versions/A/OpenCL
0x00000000033f7000 	/System/Library/PrivateFrameworks/AppleFSCompression.framework/Versions/A/AppleFSCompression
0x00000000033f7000 	/System/Library/PrivateFrameworks/Ubiquity.framework/Versions/A/Ubiquity
0x00000000033f7000 	/System/Library/PrivateFrameworks/IconServices.framework/Versions/A/IconServices
0x00000000033f7000 	/System/Library/PrivateFrameworks/ChunkingLibrary.framework/Versions/A/ChunkingLibrary
0x00000000033f7000 	/System/Library/PrivateFrameworks/CoreSymbolication.framework/Versions/A/CoreSymbolication
0x00000000033f7000 	/System/Library/PrivateFrameworks/Symbolication.framework/Versions/A/Symbolication
0x00000000033f7000 	/System/Library/PrivateFrameworks/DebugSymbols.framework/Versions/A/DebugSymbols
0x000000010ca00000 	/Library/Java/JavaVirtualMachines/jdk1.8.0_40.jdk/Contents/Home/jre/lib/server/libjvm.dylib
0x00000000033f7000 	/usr/lib/libstdc++.6.dylib
0x000000010c14f000 	/Library/Java/JavaVirtualMachines/jdk1.8.0_40.jdk/Contents/Home/jre/lib/libverify.dylib
0x000000010c15d000 	/Library/Java/JavaVirtualMachines/jdk1.8.0_40.jdk/Contents/Home/jre/lib/libjava.dylib
0x000000010c19c000 	/Library/Java/JavaVirtualMachines/jdk1.8.0_40.jdk/Contents/Home/jre/lib/libzip.dylib
0x000000010c1e2000 	/System/Library/Frameworks/JavaVM.framework/Frameworks/JavaRuntimeSupport.framework/JavaRuntimeSupport
0x000000012153e000 	/System/Library/Frameworks/JavaVM.framework/Versions/A/Frameworks/JavaNativeFoundation.framework/Versions/A/JavaNativeFoundation
0x0000000121552000 	/System/Library/Frameworks/JavaVM.framework/Versions/A/JavaVM
0x00000000033f7000 	/System/Library/Frameworks/Carbon.framework/Versions/A/Carbon
0x000000012155e000 	/System/Library/PrivateFrameworks/JavaLaunching.framework/Versions/A/JavaLaunching
0x00000000033f7000 	/System/Library/Frameworks/Carbon.framework/Versions/A/Frameworks/CommonPanels.framework/Versions/A/CommonPanels
0x00000000033f7000 	/System/Library/Frameworks/Carbon.framework/Versions/A/Frameworks/Help.framework/Versions/A/Help
0x00000000033f7000 	/System/Library/Frameworks/Carbon.framework/Versions/A/Frameworks/ImageCapture.framework/Versions/A/ImageCapture
0x00000000033f7000 	/System/Library/Frameworks/Carbon.framework/Versions/A/Frameworks/OpenScripting.framework/Versions/A/OpenScripting
0x00000000033f7000 	/System/Library/Frameworks/Carbon.framework/Versions/A/Frameworks/Print.framework/Versions/A/Print
0x00000000033f7000 	/System/Library/Frameworks/Carbon.framework/Versions/A/Frameworks/SecurityHI.framework/Versions/A/SecurityHI
0x0000000121e2a000 	/Library/Java/JavaVirtualMachines/jdk1.8.0_40.jdk/Contents/Home/jre/lib/libprism_es2.dylib
0x00000000033f7000 	/System/Library/Frameworks/OpenGL.framework/Versions/A/Resources/GLEngine.bundle/GLEngine
0x00000000033f7000 	/System/Library/Frameworks/OpenGL.framework/Versions/A/Libraries/libGLProgrammability.dylib
0x0000000000000000 	/System/Library/Extensions/AppleIntelHD4000GraphicsGLDriver.bundle/Contents/MacOS/AppleIntelHD4000GraphicsGLDriver
0x00000000033f7000 	/System/Library/PrivateFrameworks/IOAccelerator.framework/Versions/A/IOAccelerator
0x00000000033f7000 	/System/Library/PrivateFrameworks/GPUSupport.framework/Versions/A/Libraries/libGPUSupportMercury.dylib
0x00000000033f7000 	/System/Library/Frameworks/OpenGL.framework/Versions/A/Resources/GLRendererFloat.bundle/GLRendererFloat
0x00000000033f7000 	/System/Library/Frameworks/OpenCL.framework/Versions/A/Libraries/libcldcpuengine.dylib
0x00000000033f7000 	/System/Library/PrivateFrameworks/DiskImages.framework/Versions/A/DiskImages
0x00000000033f7000 	/System/Library/Frameworks/DiscRecording.framework/Versions/A/DiscRecording
0x00000000033f7000 	/usr/lib/libcsfde.dylib
0x00000000033f7000 	/usr/lib/libcurl.4.dylib
0x00000000033f7000 	/System/Library/PrivateFrameworks/MediaKit.framework/Versions/A/MediaKit
0x00000000033f7000 	/usr/lib/libCoreStorage.dylib
0x00000000033f7000 	/System/Library/PrivateFrameworks/EFILogin.framework/Versions/A/EFILogin
0x00000000033f7000 	/usr/lib/libutil.dylib
0x00000000033f7000 	/System/Library/PrivateFrameworks/AOSNotification.framework/Versions/A/AOSNotification
0x00000000033f7000 	/System/Library/Frameworks/LDAP.framework/Versions/A/LDAP
0x00000000033f7000 	/usr/lib/libsasl2.2.dylib
0x00000000033f7000 	/usr/lib/libcrypto.0.9.8.dylib
0x00000000033f7000 	/usr/lib/libssl.0.9.8.dylib
0x0000000122729000 	/Library/Java/JavaVirtualMachines/jdk1.8.0_40.jdk/Contents/Home/jre/lib/libglass.dylib
0x00000000033f7000 	/System/Library/PrivateFrameworks/CoreServicesInternal.framework/Versions/A/CoreServicesInternal
0x00000000033f7000 	/System/Library/PrivateFrameworks/Librarian.framework/Versions/A/Librarian
0x00000000033f7000 	/System/Library/CoreServices/RawCamera.bundle/Contents/MacOS/RawCamera
0x0000000123f25000 	/System/Library/Frameworks/CoreGraphics.framework/Versions/A/Resources/libCGCMS.A.dylib
0x0000000124037000 	/System/Library/Frameworks/CoreGraphics.framework/Versions/A/Resources/libRIP.A.dylib
0x00000000033f7000 	/System/Library/PrivateFrameworks/FamilyControls.framework/Versions/A/FamilyControls
0x00000000033f7000 	/System/Library/PrivateFrameworks/CommerceKit.framework/Versions/A/Frameworks/CommerceCore.framework/Versions/A/CommerceCore
0x00000000033f7000 	/System/Library/PrivateFrameworks/SystemAdministration.framework/Versions/A/SystemAdministration
0x00000000033f7000 	/System/Library/Frameworks/DirectoryService.framework/Versions/A/DirectoryService
0x00000000033f7000 	/System/Library/PrivateFrameworks/LoginUIKit.framework/Versions/A/Frameworks/LoginUICore.framework/Versions/A/LoginUICore
0x00000000033f7000 	/usr/lib/libodfde.dylib
0x0000000126294000 	/Library/Java/JavaVirtualMachines/jdk1.8.0_40.jdk/Contents/Home/jre/lib/libjfxwebkit.dylib
0x00000001285a6000 	/System/Library/Frameworks/CoreGraphics.framework/Versions/A/Resources/libCGXType.A.dylib
0x0000000129745000 	/Library/Java/JavaVirtualMachines/jdk1.8.0_40.jdk/Contents/Home/jre/lib/libjavafx_font.dylib
0x000000012a545000 	cl_kernels
0x000000012a548000 	/System/Library/Frameworks/OpenCL.framework/Versions/A/Libraries/ImageFormats/unorm8_bgra.dylib
0x000000012a536000 	cl_kernels
0x0000000124122000 	/Library/Java/JavaVirtualMachines/jdk1.8.0_40.jdk/Contents/Home/jre/lib/libnet.dylib
0x00000001261e0000 	/Library/Java/JavaVirtualMachines/jdk1.8.0_40.jdk/Contents/Home/jre/lib/libnio.dylib
0x000000012b3d4000 	/Library/Java/JavaVirtualMachines/jdk1.8.0_40.jdk/Contents/Home/jre/lib/libprism_common.dylib

VM Arguments:
jvm_args: -Dfile.encoding=UTF-8 
java_command: myaegisub.MyAegisub
java_class_path (initial): /Users/jaspertomas/NetBeansProjects/examples/MyAegisub/dist/MyAegisub.jar:/Library/Java/JavaVirtualMachines/jdk1.8.0_40.jdk/Contents/Home/jre/lib/javaws.jar:/Library/Java/JavaVirtualMachines/jdk1.8.0_40.jdk/Contents/Home/jre/lib/deploy.jar:/Library/Java/JavaVirtualMachines/jdk1.8.0_40.jdk/Contents/Home/jre/lib/plugin.jar:/Users/jaspertomas/NetBeansProjects/lib/sqlite-jdbc-3.7.2.jar
Launcher Type: SUN_STANDARD

Environment Variables:
PATH=/usr/bin:/bin:/usr/sbin:/sbin
LD_LIBRARY_PATH=/Library/Java/JavaVirtualMachines/jdk1.8.0_40.jdk/Contents/Home/jre/lib/amd64:/Library/Java/JavaVirtualMachines/jdk1.8.0_40.jdk/Contents/Home/jre/lib/i386:
SHELL=/bin/bash
DISPLAY=/tmp/launch-By2dDL/org.macosforge.xquartz:0
DYLD_LIBRARY_PATH=/Applications/NetBeans/NetBeans 8.0.2.app/Contents/Resources/NetBeans/webcommon/bin:

Signal Handlers:
SIGSEGV: [libjvm.dylib+0x58ef95], sa_mask[0]=11111111011111110111111111111111, sa_flags=SA_ONSTACK|SA_RESTART|SA_SIGINFO
SIGBUS: [libjvm.dylib+0x58ef95], sa_mask[0]=11111111011111110111111111111111, sa_flags=SA_RESTART|SA_SIGINFO
SIGFPE: [libjvm.dylib+0x46c118], sa_mask[0]=11111111011111110111111111111111, sa_flags=SA_RESTART|SA_SIGINFO
SIGPIPE: [libjvm.dylib+0x46c118], sa_mask[0]=11111111011111110111111111111111, sa_flags=SA_RESTART|SA_SIGINFO
SIGXFSZ: [libjvm.dylib+0x46c118], sa_mask[0]=11111111011111110111111111111111, sa_flags=SA_RESTART|SA_SIGINFO
SIGILL: [libjvm.dylib+0x46c118], sa_mask[0]=11111111011111110111111111111111, sa_flags=SA_RESTART|SA_SIGINFO
SIGUSR1: SIG_DFL, sa_mask[0]=00000000000000000000000000000000, sa_flags=SA_RESTART
SIGUSR2: [libjvm.dylib+0x46bc36], sa_mask[0]=00100000000000000000000000000000, sa_flags=SA_RESTART|SA_SIGINFO
SIGHUP: [libjvm.dylib+0x46a209], sa_mask[0]=11111111011111110111111111111111, sa_flags=SA_RESTART|SA_SIGINFO
SIGINT: SIG_IGN, sa_mask[0]=00000000000000000000000000000000, sa_flags=none
SIGTERM: [libjvm.dylib+0x46a209], sa_mask[0]=11111111011111110111111111111111, sa_flags=SA_RESTART|SA_SIGINFO
SIGQUIT: [libjvm.dylib+0x46a209], sa_mask[0]=11111111011111110111111111111111, sa_flags=SA_RESTART|SA_SIGINFO


---------------  S Y S T E M  ---------------

OS:Bsduname:Darwin 13.4.0 Darwin Kernel Version 13.4.0: Wed Dec 17 19:05:52 PST 2014; root:xnu-2422.115.10~1/RELEASE_X86_64 x86_64
rlimit: STACK 8192k, CORE 0k, NPROC 709, NOFILE 10240, AS infinity
load average:2.55 2.31 1.99

CPU:total 4 (2 cores per cpu, 2 threads per core) family 6 model 58 stepping 9, cmov, cx8, fxsr, mmx, sse, sse2, sse3, ssse3, sse4.1, sse4.2, popcnt, avx, aes, clmul, erms, ht, tsc, tscinvbit, tscinv

Memory: 4k page, physical 4194304k(447936k free)

/proc/meminfo:


vm_info: Java HotSpot(TM) 64-Bit Server VM (25.40-b25) for bsd-amd64 JRE (1.8.0_40-b26), built on Mar  7 2015 13:53:55 by "java_re" with gcc 4.2.1 (Based on Apple Inc. build 5658) (LLVM build 2336.11.00)

time: Fri Mar 20 19:31:58 2015
elapsed time: 8 seconds (0d 0h 0m 8s)

