#
# A fatal error has been detected by the Java Runtime Environment:
#
#  SIGSEGV (0xb) at pc=0x0000000124a785a3, pid=15663, tid=3335
#
# JRE version: Java(TM) SE Runtime Environment (8.0_40-b26) (build 1.8.0_40-b26)
# Java VM: Java HotSpot(TM) 64-Bit Server VM (25.40-b25 mixed mode bsd-amd64 compressed oops)
# Problematic frame:
# C  [libjfxwebkit.dylib+0x9385a3]  Java_com_sun_webkit_PopupMenu_twkPopupClosed+0x6253
#
# Failed to write core dump. Core dumps have been disabled. To enable core dumping, try "ulimit -c unlimited" before starting Java again
#
# If you would like to submit a bug report, please visit:
#   http://bugreport.java.com/bugreport/crash.jsp
#

---------------  T H R E A D  ---------------

Current thread is native thread

siginfo: si_signo: 11 (SIGSEGV), si_code: 1 (SEGV_MAPERR), si_addr: 0x0000000000000000

Registers:
RAX=0x00007fff55d9c040, RBX=0x00007ff28c022438, RCX=0x00007fff55d9c014, RDX=0x00007ff2997d9678
RSP=0x00007fff55d9bf60, RBP=0x00007fff55d9c030, RSI=0x00007ff2996a22a8, RDI=0x0000000000000000
R8 =0x00007ff29bd49610, R9 =0x0000000000000000, R10=0x00000000e94e0ae1, R11=0x000000003ef8ad1b
R12=0x00007ff28c022400, R13=0x0000000125c18f48, R14=0x0000000000000000, R15=0x0000000000000000
RIP=0x0000000124a785a3, EFLAGS=0x0000000000010246, ERR=0x0000000000000004
  TRAPNO=0x000000000000000e

Top of Stack: (sp=0x00007fff55d9bf60)
0x00007fff55d9bf60:   00007ff2995ab708 00007ff2995836a0
0x00007fff55d9bf70:   00007ff2895c6650 00007fff55d9c014
0x00007fff55d9bf80:   00007ff29bd49610 0000000000000000
0x00007fff55d9bf90:   00007ff200000001 0000000000000005
0x00007fff55d9bfa0:   00007ff299780a90 00007fff87904fd4
0x00007fff55d9bfb0:   00007ff29963ee00 0000000000000001
0x00007fff55d9bfc0:   00007ff29959b5c0 0000000000000005
0x00007fff55d9bfd0:   00007fff55d9c000 000000010ab17d9d
0x00007fff55d9bfe0:   00007fff75822a60 0000000000010002
0x00007fff55d9bff0:   00007fff55d9c048 000000010b007848
0x00007fff55d9c000:   00007fff55d9c030 000000010ab15ca3
0x00007fff55d9c010:   fffffffe00000000 0000003000000018
0x00007fff55d9c020:   00007fff55d9c040 00007fff55d9bf60
0x00007fff55d9c030:   00007fff55d9c060 0000000124a34726
0x00007fff55d9c040:   00007fff55d9c070 0000000000000000
0x00007fff55d9c050:   00007ff28c022438 0000000000000000
0x00007fff55d9c060:   00007fff55d9c0b0 0000000124a1a7ec
0x00007fff55d9c070:   00007ff299586420 0000000f8c758c3a
0x00007fff55d9c080:   00007ff2997da8f0 00007ff29bd4a470
0x00007fff55d9c090:   00007ff28c022400 0000000125c18f48
0x00007fff55d9c0a0:   0000000000000000 0000000000000000
0x00007fff55d9c0b0:   00007fff55d9c0f0 0000000124a17d47
0x00007fff55d9c0c0:   00007fff55d9c160 00007fff8372e19a
0x00007fff55d9c0d0:   0000000002000000 00007ff2996fc080
0x00007fff55d9c0e0:   0000000109e7f800 00007ff29bd4a470
0x00007fff55d9c0f0:   00007fff55d9c120 0000000124a0d9b5
0x00007fff55d9c100:   00007ff29bd4a470 00007ff2a597e888
0x00007fff55d9c110:   00007ff29bd4a400 000000000000001e
0x00007fff55d9c120:   00007fff55d9c140 0000000124ba3047
0x00007fff55d9c130:   00007ff29bd4a470 00007ff29bd4a400
0x00007fff55d9c140:   00007fff55d9c160 0000000124c1a10d
0x00007fff55d9c150:   00007ff29bd4a400 00007ff2996eb970 

Instructions: (pc=0x0000000124a785a3)
0x0000000124a78583:   8d 85 30 ff ff ff 48 89 45 f8 48 8d 45 10 48 89
0x0000000124a78593:   45 f0 c7 45 ec 30 00 00 00 c7 45 e8 18 00 00 00
0x0000000124a785a3:   48 8b 07 48 8d 4d e8 ff 90 90 01 00 00 48 81 c4
0x0000000124a785b3:   d0 00 00 00 5d c3 90 90 90 90 90 90 90 55 48 89 

Register to memory mapping:

RAX=0x00007fff55d9c040 is an unknown value
RBX=0x00007ff28c022438 is an unknown value
RCX=0x00007fff55d9c014 is an unknown value
RDX=0x00007ff2997d9678 is an unknown value
RSP=0x00007fff55d9bf60 is an unknown value
RBP=0x00007fff55d9c030 is an unknown value
RSI=0x00007ff2996a22a8 is a global jni handle
RDI=0x0000000000000000 is an unknown value
R8 =0x00007ff29bd49610 is an unknown value
R9 =0x0000000000000000 is an unknown value
R10=0x00000000e94e0ae1 is an unknown value
R11=0x000000003ef8ad1b is an unknown value
R12=0x00007ff28c022400 is an unknown value
R13=0x0000000125c18f48 is an unknown value
R14=0x0000000000000000 is an unknown value
R15=0x0000000000000000 is an unknown value


Stack: [0x00007fff555a0000,0x00007fff55da0000],  sp=0x00007fff55d9bf60,  free space=8175k
Native frames: (J=compiled Java code, j=interpreted, Vv=VM code, C=native code)
C  [libjfxwebkit.dylib+0x9385a3]  Java_com_sun_webkit_PopupMenu_twkPopupClosed+0x6253
C  [libjfxwebkit.dylib+0x8f4726]  Java_com_sun_webkit_graphics_WCGraphicsManager_append+0x906
C  [libjfxwebkit.dylib+0x8da7ec]  Java_com_sun_webkit_dom_EventListenerImpl_twkDispatchEvent+0x51b8ec
C  [libjfxwebkit.dylib+0x8d7d47]  Java_com_sun_webkit_dom_EventListenerImpl_twkDispatchEvent+0x518e47
C  [libjfxwebkit.dylib+0x8cd9b5]  Java_com_sun_webkit_dom_EventListenerImpl_twkDispatchEvent+0x50eab5
C  [libjfxwebkit.dylib+0xa63047]  Java_com_sun_webkit_network_URLLoader_twkWillSendRequest+0x10eb97
C  [libjfxwebkit.dylib+0xada10d]  Java_com_sun_webkit_network_URLLoader_twkWillSendRequest+0x185c5d
C  [libjfxwebkit.dylib+0x4f3217]  Java_com_sun_webkit_dom_EventListenerImpl_twkDispatchEvent+0x134317
C  [libjfxwebkit.dylib+0x4f14ce]  Java_com_sun_webkit_dom_EventListenerImpl_twkDispatchEvent+0x1325ce
C  [libjfxwebkit.dylib+0x51b78b]  Java_com_sun_webkit_dom_EventListenerImpl_twkDispatchEvent+0x15c88b
C  [libjfxwebkit.dylib+0x516c30]  Java_com_sun_webkit_dom_EventListenerImpl_twkDispatchEvent+0x157d30
C  [libjfxwebkit.dylib+0x54a6ab]  Java_com_sun_webkit_dom_EventListenerImpl_twkDispatchEvent+0x18b7ab
C  [libjfxwebkit.dylib+0x6a46e8]  Java_com_sun_webkit_dom_EventListenerImpl_twkDispatchEvent+0x2e57e8
C  [libjfxwebkit.dylib+0x3eb4fa]  Java_com_sun_webkit_dom_EventListenerImpl_twkDispatchEvent+0x2c5fa
C  [libjfxwebkit.dylib+0xde932f]  JSValueIsObjectOfClass+0x5080f
C  [libjfxwebkit.dylib+0xde9838]  JSValueIsObjectOfClass+0x50d18
C  [libjfxwebkit.dylib+0xdf2326]  JSValueIsObjectOfClass+0x59806
C  [libjfxwebkit.dylib+0xdefe02]  JSValueIsObjectOfClass+0x572e2
C  [libjfxwebkit.dylib+0xdef879]  JSValueIsObjectOfClass+0x56d59
C  [CoreFoundation+0xb53e4]  __CFRUNLOOP_IS_CALLING_OUT_TO_A_TIMER_CALLBACK_FUNCTION__+0x14
C  [CoreFoundation+0xb4f1f]  __CFRunLoopDoTimer+0x47f
C  [CoreFoundation+0x1265aa]  __CFRunLoopDoTimers+0x12a
C  [CoreFoundation+0x706a5]  __CFRunLoopRun+0x5f5
C  [CoreFoundation+0x6fe75]  CFRunLoopRunSpecific+0x135
C  [java+0x6490]  CreateExecutionEnvironment+0x367
C  [java+0x221c]  JLI_Launch+0x7a0
C  [java+0x84ed]  main+0x65
C  [java+0x1a74]  start+0x34


---------------  P R O C E S S  ---------------

VM state:at safepoint (normal execution)

VM Mutex/Monitor currently owned by a thread:  ([mutex/lock_event])
[0x00007ff299603580] Threads_lock - owner thread: 0x00007ff29b01f000
[0x00007ff299603a80] Heap_lock - owner thread: 0x00007ff2a596e800

Heap:
 PSYoungGen      total 79360K, used 20848K [0x00000007aab00000, 0x00000007b0480000, 0x00000007c0000000)
  eden space 71168K, 26% used [0x00000007aab00000,0x00000007abd7c070,0x00000007af080000)
  from space 8192K, 23% used [0x00000007af080000,0x00000007af260030,0x00000007af880000)
  to   space 8192K, 0% used [0x00000007afc80000,0x00000007afc80000,0x00000007b0480000)
 ParOldGen       total 36864K, used 12209K [0x0000000780000000, 0x0000000782400000, 0x00000007aab00000)
  object space 36864K, 33% used [0x0000000780000000,0x0000000780bec698,0x0000000782400000)
 Metaspace       used 23397K, capacity 24196K, committed 24496K, reserved 1071104K
  class space    used 2210K, capacity 2425K, committed 2480K, reserved 1048576K

Card table byte_map: [0x000000011ac2c000,0x000000011ae2d000] byte_map_base: 0x000000011702c000

Marking Bits: (ParMarkBitMap*) 0x000000010b0c27a0
 Begin Bits: [0x000000011b38f000, 0x000000011c38f000)
 End Bits:   [0x000000011c38f000, 0x000000011d38f000)

Polling page: 0x0000000109fb8000

CodeCache: size=245760Kb used=21742Kb max_used=22054Kb free=224017Kb
 bounds [0x000000010b86c000, 0x000000010ce0c000, 0x000000011a86c000]
 total_blobs=4758 nmethods=4102 adapters=569
 compilation: enabled

Compilation events (10 events):
Event: 37.638 Thread 0x00007ff29b02c800 nmethod 4519 0x000000010ce07190 code [0x000000010ce07300, 0x000000010ce07470]
Event: 37.649 Thread 0x00007ff29b02c800 4520       3       java.lang.invoke.MemberName::<init> (131 bytes)
Event: 37.651 Thread 0x00007ff29b02c800 nmethod 4520 0x000000010bfc58d0 code [0x000000010bfc5ba0, 0x000000010bfc6f98]
Event: 37.651 Thread 0x00007ff29b02c800 4521       3       java.lang.invoke.MemberName::hashCode (39 bytes)
Event: 37.651 Thread 0x00007ff29b02c800 nmethod 4521 0x000000010bfc44d0 code [0x000000010bfc46e0, 0x000000010bfc5468]
Event: 37.652 Thread 0x00007ff29b02c800 4522   !   3       java.lang.invoke.MethodHandleNatives::linkMethodHandleConstant (154 bytes)
Event: 37.652 Thread 0x00007ff29b02c800 nmethod 4522 0x000000010bdf32d0 code [0x000000010bdf3540, 0x000000010bdf41c8]
Event: 37.658 Thread 0x00007ff29b02c800 4523       3       java.util.logging.LogManager::access$100 (4 bytes)
Event: 37.658 Thread 0x00007ff29b02c800 nmethod 4523 0x000000010bdf2f10 code [0x000000010bdf3060, 0x000000010bdf3190]
Event: 37.658 Thread 0x00007ff29b02c800 4525   !   3       java.util.logging.LogManager::ensureLogManagerInitialized (128 bytes)

GC Heap History (10 events):
Event: 29.293 GC heap before
{Heap before GC invocations=20 (full 1):
 PSYoungGen      total 69120K, used 68146K [0x00000007aab00000, 0x00000007af600000, 0x00000007c0000000)
  eden space 62464K, 100% used [0x00000007aab00000,0x00000007ae800000,0x00000007ae800000)
  from space 6656K, 85% used [0x00000007aef80000,0x00000007af50cac0,0x00000007af600000)
  to   space 7168K, 0% used [0x00000007ae800000,0x00000007ae800000,0x00000007aef00000)
 ParOldGen       total 36864K, used 7865K [0x0000000780000000, 0x0000000782400000, 0x00000007aab00000)
  object space 36864K, 21% used [0x0000000780000000,0x00000007807ae5d0,0x0000000782400000)
 Metaspace       used 22706K, capacity 23378K, committed 23472K, reserved 1071104K
  class space    used 2200K, capacity 2414K, committed 2480K, reserved 1048576K
Event: 29.297 GC heap after
Heap after GC invocations=20 (full 1):
 PSYoungGen      total 69632K, used 6098K [0x00000007aab00000, 0x00000007afb00000, 0x00000007c0000000)
  eden space 62464K, 0% used [0x00000007aab00000,0x00000007aab00000,0x00000007ae800000)
  from space 7168K, 85% used [0x00000007ae800000,0x00000007aedf4ad0,0x00000007aef00000)
  to   space 7680K, 0% used [0x00000007af380000,0x00000007af380000,0x00000007afb00000)
 ParOldGen       total 36864K, used 7873K [0x0000000780000000, 0x0000000782400000, 0x00000007aab00000)
  object space 36864K, 21% used [0x0000000780000000,0x00000007807b05d0,0x0000000782400000)
 Metaspace       used 22706K, capacity 23378K, committed 23472K, reserved 1071104K
  class space    used 2200K, capacity 2414K, committed 2480K, reserved 1048576K
}
Event: 30.909 GC heap before
{Heap before GC invocations=21 (full 1):
 PSYoungGen      total 69632K, used 68562K [0x00000007aab00000, 0x00000007afb00000, 0x00000007c0000000)
  eden space 62464K, 100% used [0x00000007aab00000,0x00000007ae800000,0x00000007ae800000)
  from space 7168K, 85% used [0x00000007ae800000,0x00000007aedf4ad0,0x00000007aef00000)
  to   space 7680K, 0% used [0x00000007af380000,0x00000007af380000,0x00000007afb00000)
 ParOldGen       total 36864K, used 7873K [0x0000000780000000, 0x0000000782400000, 0x00000007aab00000)
  object space 36864K, 21% used [0x0000000780000000,0x00000007807b05d0,0x0000000782400000)
 Metaspace       used 22967K, capacity 23698K, committed 23984K, reserved 1071104K
  class space    used 2201K, capacity 2414K, committed 2480K, reserved 1048576K
Event: 30.913 GC heap after
Heap after GC invocations=21 (full 1):
 PSYoungGen      total 74240K, used 1920K [0x00000007aab00000, 0x00000007afb80000, 0x00000007c0000000)
  eden space 66560K, 0% used [0x00000007aab00000,0x00000007aab00000,0x00000007aec00000)
  from space 7680K, 25% used [0x00000007af380000,0x00000007af560030,0x00000007afb00000)
  to   space 7680K, 0% used [0x00000007aec00000,0x00000007aec00000,0x00000007af380000)
 ParOldGen       total 36864K, used 12113K [0x0000000780000000, 0x0000000782400000, 0x00000007aab00000)
  object space 36864K, 32% used [0x0000000780000000,0x0000000780bd4698,0x0000000782400000)
 Metaspace       used 22967K, capacity 23698K, committed 23984K, reserved 1071104K
  class space    used 2201K, capacity 2414K, committed 2480K, reserved 1048576K
}
Event: 32.421 GC heap before
{Heap before GC invocations=22 (full 1):
 PSYoungGen      total 74240K, used 68480K [0x00000007aab00000, 0x00000007afb80000, 0x00000007c0000000)
  eden space 66560K, 100% used [0x00000007aab00000,0x00000007aec00000,0x00000007aec00000)
  from space 7680K, 25% used [0x00000007af380000,0x00000007af560030,0x00000007afb00000)
  to   space 7680K, 0% used [0x00000007aec00000,0x00000007aec00000,0x00000007af380000)
 ParOldGen       total 36864K, used 12113K [0x0000000780000000, 0x0000000782400000, 0x00000007aab00000)
  object space 36864K, 32% used [0x0000000780000000,0x0000000780bd4698,0x0000000782400000)
 Metaspace       used 23123K, capacity 23826K, committed 23984K, reserved 1071104K
  class space    used 2201K, capacity 2414K, committed 2480K, reserved 1048576K
Event: 32.424 GC heap after
Heap after GC invocations=22 (full 1):
 PSYoungGen      total 74240K, used 1824K [0x00000007aab00000, 0x00000007b0080000, 0x00000007c0000000)
  eden space 66560K, 0% used [0x00000007aab00000,0x00000007aab00000,0x00000007aec00000)
  from space 7680K, 23% used [0x00000007aec00000,0x00000007aedc8030,0x00000007af380000)
  to   space 8192K, 0% used [0x00000007af880000,0x00000007af880000,0x00000007b0080000)
 ParOldGen       total 36864K, used 12137K [0x0000000780000000, 0x0000000782400000, 0x00000007aab00000)
  object space 36864K, 32% used [0x0000000780000000,0x0000000780bda698,0x0000000782400000)
 Metaspace       used 23123K, capacity 23826K, committed 23984K, reserved 1071104K
  class space    used 2201K, capacity 2414K, committed 2480K, reserved 1048576K
}
Event: 34.250 GC heap before
{Heap before GC invocations=23 (full 1):
 PSYoungGen      total 74240K, used 68384K [0x00000007aab00000, 0x00000007b0080000, 0x00000007c0000000)
  eden space 66560K, 100% used [0x00000007aab00000,0x00000007aec00000,0x00000007aec00000)
  from space 7680K, 23% used [0x00000007aec00000,0x00000007aedc8030,0x00000007af380000)
  to   space 8192K, 0% used [0x00000007af880000,0x00000007af880000,0x00000007b0080000)
 ParOldGen       total 36864K, used 12137K [0x0000000780000000, 0x0000000782400000, 0x00000007aab00000)
  object space 36864K, 32% used [0x0000000780000000,0x0000000780bda698,0x0000000782400000)
 Metaspace       used 23185K, capacity 23890K, committed 23984K, reserved 1071104K
  class space    used 2201K, capacity 2414K, committed 2480K, reserved 1048576K
Event: 34.253 GC heap after
Heap after GC invocations=23 (full 1):
 PSYoungGen      total 79360K, used 1824K [0x00000007aab00000, 0x00000007b0080000, 0x00000007c0000000)
  eden space 71168K, 0% used [0x00000007aab00000,0x00000007aab00000,0x00000007af080000)
  from space 8192K, 22% used [0x00000007af880000,0x00000007afa48030,0x00000007b0080000)
  to   space 8192K, 0% used [0x00000007af080000,0x00000007af080000,0x00000007af880000)
 ParOldGen       total 36864K, used 12185K [0x0000000780000000, 0x0000000782400000, 0x00000007aab00000)
  object space 36864K, 33% used [0x0000000780000000,0x0000000780be6698,0x0000000782400000)
 Metaspace       used 23185K, capacity 23890K, committed 23984K, reserved 1071104K
  class space    used 2201K, capacity 2414K, committed 2480K, reserved 1048576K
}
Event: 36.950 GC heap before
{Heap before GC invocations=24 (full 1):
 PSYoungGen      total 79360K, used 72992K [0x00000007aab00000, 0x00000007b0080000, 0x00000007c0000000)
  eden space 71168K, 100% used [0x00000007aab00000,0x00000007af080000,0x00000007af080000)
  from space 8192K, 22% used [0x00000007af880000,0x00000007afa48030,0x00000007b0080000)
  to   space 8192K, 0% used [0x00000007af080000,0x00000007af080000,0x00000007af880000)
 ParOldGen       total 36864K, used 12185K [0x0000000780000000, 0x0000000782400000, 0x00000007aab00000)
  object space 36864K, 33% used [0x0000000780000000,0x0000000780be6698,0x0000000782400000)
 Metaspace       used 23339K, capacity 24018K, committed 24240K, reserved 1071104K
  class space    used 2202K, capacity 2414K, committed 2480K, reserved 1048576K
Event: 36.953 GC heap after
Heap after GC invocations=24 (full 1):
 PSYoungGen      total 79360K, used 1920K [0x00000007aab00000, 0x00000007b0480000, 0x00000007c0000000)
  eden space 71168K, 0% used [0x00000007aab00000,0x00000007aab00000,0x00000007af080000)
  from space 8192K, 23% used [0x00000007af080000,0x00000007af260030,0x00000007af880000)
  to   space 8192K, 0% used [0x00000007afc80000,0x00000007afc80000,0x00000007b0480000)
 ParOldGen       total 36864K, used 12209K [0x0000000780000000, 0x0000000782400000, 0x00000007aab00000)
  object space 36864K, 33% used [0x0000000780000000,0x0000000780bec698,0x0000000782400000)
 Metaspace       used 23339K, capacity 24018K, committed 24240K, reserved 1071104K
  class space    used 2202K, capacity 2414K, committed 2480K, reserved 1048576K
}

Deoptimization events (10 events):
Event: 31.734 Thread 0x00007ff299a25800 Uncommon trap: reason=array_check action=maybe_recompile pc=0x000000010cbded28 method=com.sun.javafx.css.CompoundSelector.applies(Ljavafx/css/Styleable;[Ljava/util/Set;I)Z @ 128
Event: 31.734 Thread 0x00007ff299a25800 Uncommon trap: reason=array_check action=maybe_recompile pc=0x000000010cbded28 method=com.sun.javafx.css.CompoundSelector.applies(Ljavafx/css/Styleable;[Ljava/util/Set;I)Z @ 128
Event: 35.763 Thread 0x00007ff299a25800 Uncommon trap: reason=class_check action=maybe_recompile pc=0x000000010bc31480 method=com.sun.javafx.geom.transform.GeneralTransform3D.mul(Lcom/sun/javafx/geom/transform/BaseTransform;)Lcom/sun/javafx/geom/transform/GeneralTransform3D; @ 1
Event: 35.764 Thread 0x00007ff299a25800 Uncommon trap: reason=class_check action=maybe_recompile pc=0x000000010bc31480 method=com.sun.javafx.geom.transform.GeneralTransform3D.mul(Lcom/sun/javafx/geom/transform/BaseTransform;)Lcom/sun/javafx/geom/transform/GeneralTransform3D; @ 1
Event: 35.767 Thread 0x00007ff29a860000 Uncommon trap: reason=unstable_if action=reinterpret pc=0x000000010caaf090 method=com.sun.prism.es2.GLContext.updateViewportAndDepthTest(IIIIZ)V @ 30
Event: 35.777 Thread 0x00007ff299a25800 Uncommon trap: reason=class_check action=maybe_recompile pc=0x000000010bc31480 method=com.sun.javafx.geom.transform.GeneralTransform3D.mul(Lcom/sun/javafx/geom/transform/BaseTransform;)Lcom/sun/javafx/geom/transform/GeneralTransform3D; @ 1
Event: 35.777 Thread 0x00007ff299a25800 Uncommon trap: reason=class_check action=maybe_recompile pc=0x000000010bc31480 method=com.sun.javafx.geom.transform.GeneralTransform3D.mul(Lcom/sun/javafx/geom/transform/BaseTransform;)Lcom/sun/javafx/geom/transform/GeneralTransform3D; @ 1
Event: 35.960 Thread 0x00007ff29a860000 Uncommon trap: reason=unstable_if action=reinterpret pc=0x000000010ca10d14 method=com.sun.prism.impl.GlyphCache.render(Lcom/sun/prism/impl/BaseContext;Lcom/sun/javafx/scene/text/GlyphList;FFIILcom/sun/prism/paint/Color;Lcom/sun/prism/paint/Color;Lcom/sun/
Event: 37.657 Thread 0x00007ff299a25800 Uncommon trap: reason=unstable_if action=reinterpret pc=0x000000010cc4b7dc method=java.util.concurrent.locks.ReentrantLock$Sync.nonfairTryAcquire(I)Z @ 10
Event: 37.657 Thread 0x00007ff299a25800 Uncommon trap: reason=unstable_if action=reinterpret pc=0x000000010c8a1b64 method=java.util.concurrent.locks.ReentrantLock$Sync.tryRelease(I)Z @ 28

Internal exceptions (10 events):
Event: 0.275 Thread 0x00007ff29980c000 Exception <a 'java/lang/NullPointerException'> (0x00000007aadfc9a0) thrown at [/Users/java_re/workspace/8-2-build-macosx-x86_64/jdk8u40/3098/hotspot/src/share/vm/interpreter/linkResolver.cpp, line 1178]
Event: 0.671 Thread 0x00007ff299a25800 Exception <a 'java/lang/NullPointerException'> (0x00000007ab588640) thrown at [/Users/java_re/workspace/8-2-build-macosx-x86_64/jdk8u40/3098/hotspot/src/share/vm/interpreter/linkResolver.cpp, line 1178]
Event: 0.671 Thread 0x00007ff299a25800 Exception <a 'java/lang/NullPointerException'> (0x00000007ab588640) thrown at [/Users/java_re/workspace/8-2-build-macosx-x86_64/jdk8u40/3098/hotspot/src/share/vm/prims/jvm.cpp, line 1386]
Event: 1.589 Thread 0x00007ff299a25800 Implicit null exception at 0x000000010bb60675 to 0x000000010bb609e1
Event: 2.798 Thread 0x00007ff299a25800 Exception <a 'sun/nio/fs/UnixException'> (0x00000007ab7fc728) thrown at [/Users/java_re/workspace/8-2-build-macosx-x86_64/jdk8u40/3098/hotspot/src/share/vm/prims/jni.cpp, line 709]
Event: 2.799 Thread 0x00007ff299a25800 Exception <a 'sun/nio/fs/UnixException'> (0x00000007ab7fe4b0) thrown at [/Users/java_re/workspace/8-2-build-macosx-x86_64/jdk8u40/3098/hotspot/src/share/vm/prims/jni.cpp, line 709]
Event: 2.804 Thread 0x00007ff299a25800 Implicit null exception at 0x000000010ba89e75 to 0x000000010ba8a1d5
Event: 2.876 Thread 0x00007ff299a25800 Exception <a 'java/io/FileNotFoundException'> (0x00000007aad20768) thrown at [/Users/java_re/workspace/8-2-build-macosx-x86_64/jdk8u40/3098/hotspot/src/share/vm/prims/jni.cpp, line 709]
Event: 28.918 Thread 0x00007ff29a860000 Implicit null exception at 0x000000010c787ed0 to 0x000000010c7885c1
Event: 28.968 Thread 0x00007ff29a860000 Implicit null exception at 0x000000010c79d348 to 0x000000010c79e37d

Events (10 events):
Event: 37.657 Thread 0x00007ff299a25800 Thread exited: 0x00007ff299a25800
Event: 37.658 loading class java/util/IdentityHashMap$KeySet
Event: 37.658 loading class java/util/IdentityHashMap$KeySet done
Event: 37.658 loading class java/util/IdentityHashMap$KeyIterator
Event: 37.658 loading class java/util/IdentityHashMap$IdentityHashMapIterator
Event: 37.658 loading class java/util/IdentityHashMap$IdentityHashMapIterator done
Event: 37.658 loading class java/util/IdentityHashMap$KeyIterator done
Event: 37.658 Thread 0x00007ff2a5957000 Thread added: 0x00007ff2a5957000
Event: 37.659 Thread 0x00007ff2a5957000 Thread exited: 0x00007ff2a5957000
Event: 37.659 Thread 0x00007ff2a596e800 Thread exited: 0x00007ff2a596e800


Dynamic libraries:
0x00000000033f7000 	/System/Library/Frameworks/Cocoa.framework/Versions/A/Cocoa
0x00000000033f7000 	/System/Library/Frameworks/Security.framework/Versions/A/Security
0x00000000033f7000 	/System/Library/Frameworks/ApplicationServices.framework/Versions/A/ApplicationServices
0x00000000033f7000 	/usr/lib/libz.1.dylib
0x00000000033f7000 	/usr/lib/libSystem.B.dylib
0x00000000033f7000 	/usr/lib/libobjc.A.dylib
0x00000000033f7000 	/System/Library/Frameworks/CoreFoundation.framework/Versions/A/CoreFoundation
0x00000000033f7000 	/System/Library/Frameworks/Foundation.framework/Versions/C/Foundation
0x00000000033f7000 	/System/Library/Frameworks/AppKit.framework/Versions/C/AppKit
0x00000000033f7000 	/System/Library/Frameworks/CoreData.framework/Versions/A/CoreData
0x00000000033f7000 	/System/Library/PrivateFrameworks/RemoteViewServices.framework/Versions/A/RemoteViewServices
0x00000000033f7000 	/System/Library/Frameworks/AudioToolbox.framework/Versions/A/AudioToolbox
0x00000000033f7000 	/System/Library/Frameworks/AudioUnit.framework/Versions/A/AudioUnit
0x00000000033f7000 	/System/Library/PrivateFrameworks/DataDetectorsCore.framework/Versions/A/DataDetectorsCore
0x00000000033f7000 	/System/Library/PrivateFrameworks/DesktopServicesPriv.framework/Versions/A/DesktopServicesPriv
0x00000000033f7000 	/System/Library/Frameworks/Carbon.framework/Versions/A/Frameworks/HIToolbox.framework/Versions/A/HIToolbox
0x00000000033f7000 	/System/Library/Frameworks/QuartzCore.framework/Versions/A/QuartzCore
0x00000000033f7000 	/System/Library/Frameworks/Carbon.framework/Versions/A/Frameworks/SpeechRecognition.framework/Versions/A/SpeechRecognition
0x00000000033f7000 	/usr/lib/libauto.dylib
0x00000000033f7000 	/usr/lib/libicucore.A.dylib
0x00000000033f7000 	/usr/lib/libxml2.2.dylib
0x00000000033f7000 	/System/Library/PrivateFrameworks/CoreUI.framework/Versions/A/CoreUI
0x00000000033f7000 	/System/Library/Frameworks/CoreAudio.framework/Versions/A/CoreAudio
0x00000000033f7000 	/System/Library/Frameworks/DiskArbitration.framework/Versions/A/DiskArbitration
0x00000000033f7000 	/usr/lib/liblangid.dylib
0x00000000033f7000 	/System/Library/PrivateFrameworks/MultitouchSupport.framework/Versions/A/MultitouchSupport
0x00000000033f7000 	/System/Library/Frameworks/IOKit.framework/Versions/A/IOKit
0x00000000033f7000 	/usr/lib/libDiagnosticMessagesClient.dylib
0x00000000033f7000 	/System/Library/Frameworks/CoreServices.framework/Versions/A/CoreServices
0x00000000033f7000 	/System/Library/PrivateFrameworks/PerformanceAnalysis.framework/Versions/A/PerformanceAnalysis
0x00000000033f7000 	/System/Library/PrivateFrameworks/GenerationalStorage.framework/Versions/A/GenerationalStorage
0x00000000033f7000 	/System/Library/Frameworks/OpenGL.framework/Versions/A/OpenGL
0x00000000033f7000 	/System/Library/PrivateFrameworks/Sharing.framework/Versions/A/Sharing
0x00000000033f7000 	/System/Library/Frameworks/ImageIO.framework/Versions/A/ImageIO
0x00000000033f7000 	/System/Library/Frameworks/CoreText.framework/Versions/A/CoreText
0x00000000033f7000 	/System/Library/Frameworks/CoreGraphics.framework/Versions/A/CoreGraphics
0x00000000033f7000 	/System/Library/PrivateFrameworks/Backup.framework/Versions/A/Backup
0x00000000033f7000 	/System/Library/Frameworks/CFNetwork.framework/Versions/A/CFNetwork
0x00000000033f7000 	/System/Library/Frameworks/SystemConfiguration.framework/Versions/A/SystemConfiguration
0x00000000033f7000 	/usr/lib/libCRFSuite.dylib
0x00000000033f7000 	/usr/lib/libc++.1.dylib
0x00000000033f7000 	/usr/lib/libc++abi.dylib
0x00000000033f7000 	/usr/lib/system/libcache.dylib
0x00000000033f7000 	/usr/lib/system/libcommonCrypto.dylib
0x00000000033f7000 	/usr/lib/system/libcompiler_rt.dylib
0x00000000033f7000 	/usr/lib/system/libcopyfile.dylib
0x00000000033f7000 	/usr/lib/system/libcorecrypto.dylib
0x00000000033f7000 	/usr/lib/system/libdispatch.dylib
0x00000000033f7000 	/usr/lib/system/libdyld.dylib
0x00000000033f7000 	/usr/lib/system/libkeymgr.dylib
0x00000000033f7000 	/usr/lib/system/liblaunch.dylib
0x00000000033f7000 	/usr/lib/system/libmacho.dylib
0x00000000033f7000 	/usr/lib/system/libquarantine.dylib
0x00000000033f7000 	/usr/lib/system/libremovefile.dylib
0x00000000033f7000 	/usr/lib/system/libsystem_asl.dylib
0x00000000033f7000 	/usr/lib/system/libsystem_blocks.dylib
0x00000000033f7000 	/usr/lib/system/libsystem_c.dylib
0x00000000033f7000 	/usr/lib/system/libsystem_configuration.dylib
0x00000000033f7000 	/usr/lib/system/libsystem_dnssd.dylib
0x00000000033f7000 	/usr/lib/system/libsystem_info.dylib
0x00000000033f7000 	/usr/lib/system/libsystem_kernel.dylib
0x00000000033f7000 	/usr/lib/system/libsystem_m.dylib
0x00000000033f7000 	/usr/lib/system/libsystem_malloc.dylib
0x00000000033f7000 	/usr/lib/system/libsystem_network.dylib
0x00000000033f7000 	/usr/lib/system/libsystem_notify.dylib
0x00000000033f7000 	/usr/lib/system/libsystem_platform.dylib
0x00000000033f7000 	/usr/lib/system/libsystem_pthread.dylib
0x00000000033f7000 	/usr/lib/system/libsystem_sandbox.dylib
0x00000000033f7000 	/usr/lib/system/libsystem_stats.dylib
0x00000000033f7000 	/usr/lib/system/libunc.dylib
0x00000000033f7000 	/usr/lib/system/libunwind.dylib
0x00000000033f7000 	/usr/lib/system/libxpc.dylib
0x00000000033f7000 	/usr/lib/libbsm.0.dylib
0x00000000033f7000 	/usr/lib/libsqlite3.dylib
0x00000000033f7000 	/usr/lib/libxar.1.dylib
0x00000000033f7000 	/usr/lib/libpam.2.dylib
0x00000000033f7000 	/usr/lib/libOpenScriptingUtil.dylib
0x00000000033f7000 	/usr/lib/libbz2.1.0.dylib
0x00000000033f7000 	/System/Library/Frameworks/CoreServices.framework/Versions/A/Frameworks/CarbonCore.framework/Versions/A/CarbonCore
0x00000000033f7000 	/System/Library/Frameworks/CoreServices.framework/Versions/A/Frameworks/Metadata.framework/Versions/A/Metadata
0x00000000033f7000 	/System/Library/Frameworks/CoreServices.framework/Versions/A/Frameworks/OSServices.framework/Versions/A/OSServices
0x00000000033f7000 	/System/Library/Frameworks/CoreServices.framework/Versions/A/Frameworks/SearchKit.framework/Versions/A/SearchKit
0x00000000033f7000 	/System/Library/Frameworks/CoreServices.framework/Versions/A/Frameworks/AE.framework/Versions/A/AE
0x00000000033f7000 	/System/Library/Frameworks/CoreServices.framework/Versions/A/Frameworks/LaunchServices.framework/Versions/A/LaunchServices
0x00000000033f7000 	/System/Library/Frameworks/CoreServices.framework/Versions/A/Frameworks/DictionaryServices.framework/Versions/A/DictionaryServices
0x00000000033f7000 	/System/Library/Frameworks/NetFS.framework/Versions/A/NetFS
0x00000000033f7000 	/usr/lib/system/libkxld.dylib
0x00000000033f7000 	/System/Library/PrivateFrameworks/NetAuth.framework/Versions/A/NetAuth
0x00000000033f7000 	/System/Library/PrivateFrameworks/TCC.framework/Versions/A/TCC
0x00000000033f7000 	/System/Library/Frameworks/OpenDirectory.framework/Versions/A/Frameworks/CFOpenDirectory.framework/Versions/A/CFOpenDirectory
0x00000000033f7000 	/System/Library/Frameworks/ServiceManagement.framework/Versions/A/ServiceManagement
0x00000000033f7000 	/usr/lib/libxslt.1.dylib
0x00000000033f7000 	/System/Library/Frameworks/Carbon.framework/Versions/A/Frameworks/Ink.framework/Versions/A/Ink
0x00000000033f7000 	/System/Library/Frameworks/ApplicationServices.framework/Versions/A/Frameworks/ATS.framework/Versions/A/ATS
0x00000000033f7000 	/System/Library/Frameworks/ApplicationServices.framework/Versions/A/Frameworks/ColorSync.framework/Versions/A/ColorSync
0x00000000033f7000 	/System/Library/Frameworks/ApplicationServices.framework/Versions/A/Frameworks/HIServices.framework/Versions/A/HIServices
0x00000000033f7000 	/System/Library/Frameworks/ApplicationServices.framework/Versions/A/Frameworks/LangAnalysis.framework/Versions/A/LangAnalysis
0x00000000033f7000 	/System/Library/Frameworks/ApplicationServices.framework/Versions/A/Frameworks/PrintCore.framework/Versions/A/PrintCore
0x00000000033f7000 	/System/Library/Frameworks/ApplicationServices.framework/Versions/A/Frameworks/QD.framework/Versions/A/QD
0x00000000033f7000 	/System/Library/Frameworks/ApplicationServices.framework/Versions/A/Frameworks/SpeechSynthesis.framework/Versions/A/SpeechSynthesis
0x00000000033f7000 	/System/Library/Frameworks/IOSurface.framework/Versions/A/IOSurface
0x00000000033f7000 	/System/Library/Frameworks/Accelerate.framework/Versions/A/Accelerate
0x00000000033f7000 	/System/Library/Frameworks/Accelerate.framework/Versions/A/Frameworks/vImage.framework/Versions/A/vImage
0x00000000033f7000 	/System/Library/Frameworks/Accelerate.framework/Versions/A/Frameworks/vecLib.framework/Versions/A/vecLib
0x00000000033f7000 	/System/Library/Frameworks/Accelerate.framework/Versions/A/Frameworks/vecLib.framework/Versions/A/libvDSP.dylib
0x00000000033f7000 	/System/Library/Frameworks/Accelerate.framework/Versions/A/Frameworks/vecLib.framework/Versions/A/libvMisc.dylib
0x00000000033f7000 	/System/Library/Frameworks/Accelerate.framework/Versions/A/Frameworks/vecLib.framework/Versions/A/libLAPACK.dylib
0x00000000033f7000 	/System/Library/Frameworks/Accelerate.framework/Versions/A/Frameworks/vecLib.framework/Versions/A/libBLAS.dylib
0x00000000033f7000 	/System/Library/Frameworks/ApplicationServices.framework/Versions/A/Frameworks/ATS.framework/Versions/A/Resources/libFontParser.dylib
0x00000000033f7000 	/System/Library/Frameworks/ApplicationServices.framework/Versions/A/Frameworks/ATS.framework/Versions/A/Resources/libFontRegistry.dylib
0x00000000033f7000 	/System/Library/Frameworks/ImageIO.framework/Versions/A/Resources/libJPEG.dylib
0x00000000033f7000 	/System/Library/Frameworks/ImageIO.framework/Versions/A/Resources/libTIFF.dylib
0x00000000033f7000 	/System/Library/Frameworks/ImageIO.framework/Versions/A/Resources/libPng.dylib
0x00000000033f7000 	/System/Library/Frameworks/ImageIO.framework/Versions/A/Resources/libGIF.dylib
0x00000000033f7000 	/System/Library/Frameworks/ImageIO.framework/Versions/A/Resources/libJP2.dylib
0x00000000033f7000 	/System/Library/Frameworks/ImageIO.framework/Versions/A/Resources/libRadiance.dylib
0x00000000033f7000 	/usr/lib/libcups.2.dylib
0x00000000033f7000 	/System/Library/Frameworks/Kerberos.framework/Versions/A/Kerberos
0x00000000033f7000 	/System/Library/Frameworks/GSS.framework/Versions/A/GSS
0x00000000033f7000 	/usr/lib/libresolv.9.dylib
0x00000000033f7000 	/usr/lib/libiconv.2.dylib
0x00000000033f7000 	/System/Library/PrivateFrameworks/Heimdal.framework/Versions/A/Heimdal
0x00000000033f7000 	/System/Library/PrivateFrameworks/TrustEvaluationAgent.framework/Versions/A/TrustEvaluationAgent
0x00000000033f7000 	/usr/lib/libheimdal-asn1.dylib
0x00000000033f7000 	/System/Library/Frameworks/OpenDirectory.framework/Versions/A/OpenDirectory
0x00000000033f7000 	/System/Library/PrivateFrameworks/CommonAuth.framework/Versions/A/CommonAuth
0x00000000033f7000 	/System/Library/Frameworks/SecurityFoundation.framework/Versions/A/SecurityFoundation
0x00000000033f7000 	/System/Library/PrivateFrameworks/Bom.framework/Versions/A/Bom
0x00000000033f7000 	/System/Library/Frameworks/CoreVideo.framework/Versions/A/CoreVideo
0x00000000033f7000 	/System/Library/Frameworks/QuartzCore.framework/Versions/A/Frameworks/CoreImage.framework/Versions/A/CoreImage
0x00000000033f7000 	/System/Library/Frameworks/QuartzCore.framework/Versions/A/Frameworks/ScalableUserInterface.framework/Versions/A/ScalableUserInterface
0x00000000033f7000 	/System/Library/Frameworks/OpenGL.framework/Versions/A/Libraries/libGLU.dylib
0x00000000033f7000 	/System/Library/Frameworks/OpenGL.framework/Versions/A/Libraries/libGFXShared.dylib
0x00000000033f7000 	/System/Library/Frameworks/OpenGL.framework/Versions/A/Libraries/libGL.dylib
0x00000000033f7000 	/System/Library/Frameworks/OpenGL.framework/Versions/A/Libraries/libGLImage.dylib
0x00000000033f7000 	/System/Library/Frameworks/OpenGL.framework/Versions/A/Libraries/libCVMSPluginSupport.dylib
0x00000000033f7000 	/System/Library/Frameworks/OpenGL.framework/Versions/A/Libraries/libCoreVMClient.dylib
0x00000000033f7000 	/System/Library/PrivateFrameworks/FaceCore.framework/Versions/A/FaceCore
0x00000000033f7000 	/System/Library/PrivateFrameworks/CrashReporterSupport.framework/Versions/A/CrashReporterSupport
0x00000000033f7000 	/System/Library/Frameworks/OpenCL.framework/Versions/A/OpenCL
0x00000000033f7000 	/System/Library/PrivateFrameworks/AppleFSCompression.framework/Versions/A/AppleFSCompression
0x00000000033f7000 	/System/Library/PrivateFrameworks/Ubiquity.framework/Versions/A/Ubiquity
0x00000000033f7000 	/System/Library/PrivateFrameworks/IconServices.framework/Versions/A/IconServices
0x00000000033f7000 	/System/Library/PrivateFrameworks/ChunkingLibrary.framework/Versions/A/ChunkingLibrary
0x00000000033f7000 	/System/Library/PrivateFrameworks/CoreSymbolication.framework/Versions/A/CoreSymbolication
0x00000000033f7000 	/System/Library/PrivateFrameworks/Symbolication.framework/Versions/A/Symbolication
0x00000000033f7000 	/System/Library/PrivateFrameworks/DebugSymbols.framework/Versions/A/DebugSymbols
0x000000010a800000 	/Library/Java/JavaVirtualMachines/jdk1.8.0_40.jdk/Contents/Home/jre/lib/server/libjvm.dylib
0x00000000033f7000 	/usr/lib/libstdc++.6.dylib
0x0000000109f75000 	/Library/Java/JavaVirtualMachines/jdk1.8.0_40.jdk/Contents/Home/jre/lib/libverify.dylib
0x0000000109f83000 	/Library/Java/JavaVirtualMachines/jdk1.8.0_40.jdk/Contents/Home/jre/lib/libjava.dylib
0x0000000109fc2000 	/Library/Java/JavaVirtualMachines/jdk1.8.0_40.jdk/Contents/Home/jre/lib/libzip.dylib
0x000000011f346000 	/System/Library/Frameworks/JavaVM.framework/Frameworks/JavaRuntimeSupport.framework/JavaRuntimeSupport
0x000000011f35e000 	/System/Library/Frameworks/JavaVM.framework/Versions/A/Frameworks/JavaNativeFoundation.framework/Versions/A/JavaNativeFoundation
0x000000011f372000 	/System/Library/Frameworks/JavaVM.framework/Versions/A/JavaVM
0x00000000033f7000 	/System/Library/Frameworks/Carbon.framework/Versions/A/Carbon
0x000000011f37e000 	/System/Library/PrivateFrameworks/JavaLaunching.framework/Versions/A/JavaLaunching
0x00000000033f7000 	/System/Library/Frameworks/Carbon.framework/Versions/A/Frameworks/CommonPanels.framework/Versions/A/CommonPanels
0x00000000033f7000 	/System/Library/Frameworks/Carbon.framework/Versions/A/Frameworks/Help.framework/Versions/A/Help
0x00000000033f7000 	/System/Library/Frameworks/Carbon.framework/Versions/A/Frameworks/ImageCapture.framework/Versions/A/ImageCapture
0x00000000033f7000 	/System/Library/Frameworks/Carbon.framework/Versions/A/Frameworks/OpenScripting.framework/Versions/A/OpenScripting
0x00000000033f7000 	/System/Library/Frameworks/Carbon.framework/Versions/A/Frameworks/Print.framework/Versions/A/Print
0x00000000033f7000 	/System/Library/Frameworks/Carbon.framework/Versions/A/Frameworks/SecurityHI.framework/Versions/A/SecurityHI
0x000000011fc50000 	/Library/Java/JavaVirtualMachines/jdk1.8.0_40.jdk/Contents/Home/jre/lib/libprism_es2.dylib
0x00000000033f7000 	/System/Library/Frameworks/OpenGL.framework/Versions/A/Resources/GLEngine.bundle/GLEngine
0x00000000033f7000 	/System/Library/Frameworks/OpenGL.framework/Versions/A/Libraries/libGLProgrammability.dylib
0x0000000000000000 	/System/Library/Extensions/AppleIntelHD4000GraphicsGLDriver.bundle/Contents/MacOS/AppleIntelHD4000GraphicsGLDriver
0x00000000033f7000 	/System/Library/PrivateFrameworks/IOAccelerator.framework/Versions/A/IOAccelerator
0x00000000033f7000 	/System/Library/PrivateFrameworks/GPUSupport.framework/Versions/A/Libraries/libGPUSupportMercury.dylib
0x00000000033f7000 	/System/Library/Frameworks/OpenGL.framework/Versions/A/Resources/GLRendererFloat.bundle/GLRendererFloat
0x00000000033f7000 	/System/Library/Frameworks/OpenCL.framework/Versions/A/Libraries/libcldcpuengine.dylib
0x00000000033f7000 	/System/Library/PrivateFrameworks/DiskImages.framework/Versions/A/DiskImages
0x00000000033f7000 	/System/Library/Frameworks/DiscRecording.framework/Versions/A/DiscRecording
0x00000000033f7000 	/usr/lib/libcsfde.dylib
0x00000000033f7000 	/usr/lib/libcurl.4.dylib
0x00000000033f7000 	/System/Library/PrivateFrameworks/MediaKit.framework/Versions/A/MediaKit
0x00000000033f7000 	/usr/lib/libCoreStorage.dylib
0x00000000033f7000 	/System/Library/PrivateFrameworks/EFILogin.framework/Versions/A/EFILogin
0x00000000033f7000 	/usr/lib/libutil.dylib
0x00000000033f7000 	/System/Library/PrivateFrameworks/AOSNotification.framework/Versions/A/AOSNotification
0x00000000033f7000 	/System/Library/Frameworks/LDAP.framework/Versions/A/LDAP
0x00000000033f7000 	/usr/lib/libsasl2.2.dylib
0x00000000033f7000 	/usr/lib/libcrypto.0.9.8.dylib
0x00000000033f7000 	/usr/lib/libssl.0.9.8.dylib
0x000000012054f000 	/Library/Java/JavaVirtualMachines/jdk1.8.0_40.jdk/Contents/Home/jre/lib/libglass.dylib
0x00000000033f7000 	/System/Library/PrivateFrameworks/CoreServicesInternal.framework/Versions/A/CoreServicesInternal
0x00000000033f7000 	/System/Library/PrivateFrameworks/Librarian.framework/Versions/A/Librarian
0x00000000033f7000 	/System/Library/CoreServices/RawCamera.bundle/Contents/MacOS/RawCamera
0x0000000121dce000 	/System/Library/Frameworks/CoreGraphics.framework/Versions/A/Resources/libCGCMS.A.dylib
0x0000000121ee0000 	/System/Library/Frameworks/CoreGraphics.framework/Versions/A/Resources/libRIP.A.dylib
0x00000000033f7000 	/System/Library/PrivateFrameworks/FamilyControls.framework/Versions/A/FamilyControls
0x00000000033f7000 	/System/Library/PrivateFrameworks/CommerceKit.framework/Versions/A/Frameworks/CommerceCore.framework/Versions/A/CommerceCore
0x00000000033f7000 	/System/Library/PrivateFrameworks/SystemAdministration.framework/Versions/A/SystemAdministration
0x00000000033f7000 	/System/Library/Frameworks/DirectoryService.framework/Versions/A/DirectoryService
0x00000000033f7000 	/System/Library/PrivateFrameworks/LoginUIKit.framework/Versions/A/Frameworks/LoginUICore.framework/Versions/A/LoginUICore
0x00000000033f7000 	/usr/lib/libodfde.dylib
0x0000000124140000 	/Library/Java/JavaVirtualMachines/jdk1.8.0_40.jdk/Contents/Home/jre/lib/libjfxwebkit.dylib
0x0000000126510000 	/System/Library/Frameworks/CoreGraphics.framework/Versions/A/Resources/libCGXType.A.dylib
0x00000001276aa000 	/Library/Java/JavaVirtualMachines/jdk1.8.0_40.jdk/Contents/Home/jre/lib/libjavafx_font.dylib
0x00000001284a8000 	cl_kernels
0x00000001284ab000 	/System/Library/Frameworks/OpenCL.framework/Versions/A/Libraries/ImageFormats/unorm8_bgra.dylib
0x0000000128499000 	cl_kernels
0x00000001222b4000 	/Library/Java/JavaVirtualMachines/jdk1.8.0_40.jdk/Contents/Home/jre/lib/libnet.dylib
0x00000001222cb000 	/Library/Java/JavaVirtualMachines/jdk1.8.0_40.jdk/Contents/Home/jre/lib/libnio.dylib
0x000000012bdad000 	/Library/Java/JavaVirtualMachines/jdk1.8.0_40.jdk/Contents/Home/jre/lib/libprism_common.dylib
0x0000000128c60000 	cl_kernels
0x0000000128c65000 	cl_kernels
0x000000012926c000 	cl_kernels
0x0000000129293000 	cl_kernels
0x0000000129302000 	cl_kernels

VM Arguments:
jvm_args: -Dfile.encoding=UTF-8 
java_command: myaegisub.MyAegisub
java_class_path (initial): /Users/jaspertomas/NetBeansProjects/examples/MyAegisub/dist/MyAegisub.jar:/Library/Java/JavaVirtualMachines/jdk1.8.0_40.jdk/Contents/Home/jre/lib/javaws.jar:/Library/Java/JavaVirtualMachines/jdk1.8.0_40.jdk/Contents/Home/jre/lib/deploy.jar:/Library/Java/JavaVirtualMachines/jdk1.8.0_40.jdk/Contents/Home/jre/lib/plugin.jar:/Users/jaspertomas/NetBeansProjects/lib/sqlite-jdbc-3.7.2.jar
Launcher Type: SUN_STANDARD

Environment Variables:
PATH=/usr/bin:/bin:/usr/sbin:/sbin
LD_LIBRARY_PATH=/Library/Java/JavaVirtualMachines/jdk1.8.0_40.jdk/Contents/Home/jre/lib/amd64:/Library/Java/JavaVirtualMachines/jdk1.8.0_40.jdk/Contents/Home/jre/lib/i386:
SHELL=/bin/bash
DISPLAY=/tmp/launch-By2dDL/org.macosforge.xquartz:0
DYLD_LIBRARY_PATH=/Applications/NetBeans/NetBeans 8.0.2.app/Contents/Resources/NetBeans/webcommon/bin:

Signal Handlers:
SIGSEGV: [libjvm.dylib+0x58ef95], sa_mask[0]=11111111011111110111111111111111, sa_flags=SA_ONSTACK|SA_RESTART|SA_SIGINFO
SIGBUS: [libjvm.dylib+0x58ef95], sa_mask[0]=11111111011111110111111111111111, sa_flags=SA_RESTART|SA_SIGINFO
SIGFPE: [libjvm.dylib+0x46c118], sa_mask[0]=11111111011111110111111111111111, sa_flags=SA_RESTART|SA_SIGINFO
SIGPIPE: [libjvm.dylib+0x46c118], sa_mask[0]=11111111011111110111111111111111, sa_flags=SA_RESTART|SA_SIGINFO
SIGXFSZ: [libjvm.dylib+0x46c118], sa_mask[0]=11111111011111110111111111111111, sa_flags=SA_RESTART|SA_SIGINFO
SIGILL: [libjvm.dylib+0x46c118], sa_mask[0]=11111111011111110111111111111111, sa_flags=SA_RESTART|SA_SIGINFO
SIGUSR1: SIG_DFL, sa_mask[0]=00000000000000000000000000000000, sa_flags=SA_RESTART
SIGUSR2: [libjvm.dylib+0x46bc36], sa_mask[0]=00100000000000000000000000000000, sa_flags=SA_RESTART|SA_SIGINFO
SIGHUP: [libjvm.dylib+0x46a209], sa_mask[0]=11111111011111110111111111111111, sa_flags=SA_RESTART|SA_SIGINFO
SIGINT: SIG_IGN, sa_mask[0]=00000000000000000000000000000000, sa_flags=none
SIGTERM: [libjvm.dylib+0x46a209], sa_mask[0]=11111111011111110111111111111111, sa_flags=SA_RESTART|SA_SIGINFO
SIGQUIT: [libjvm.dylib+0x46a209], sa_mask[0]=11111111011111110111111111111111, sa_flags=SA_RESTART|SA_SIGINFO


---------------  S Y S T E M  ---------------

OS:Bsduname:Darwin 13.4.0 Darwin Kernel Version 13.4.0: Wed Dec 17 19:05:52 PST 2014; root:xnu-2422.115.10~1/RELEASE_X86_64 x86_64
rlimit: STACK 8192k, CORE 0k, NPROC 709, NOFILE 10240, AS infinity
load average:2.78 2.23 1.91

CPU:total 4 (2 cores per cpu, 2 threads per core) family 6 model 58 stepping 9, cmov, cx8, fxsr, mmx, sse, sse2, sse3, ssse3, sse4.1, sse4.2, popcnt, avx, aes, clmul, erms, ht, tsc, tscinvbit, tscinv

Memory: 4k page, physical 4194304k(245376k free)

/proc/meminfo:


vm_info: Java HotSpot(TM) 64-Bit Server VM (25.40-b25) for bsd-amd64 JRE (1.8.0_40-b26), built on Mar  7 2015 13:53:55 by "java_re" with gcc 4.2.1 (Based on Apple Inc. build 5658) (LLVM build 2336.11.00)

time: Fri Mar 20 19:29:13 2015
elapsed time: 37 seconds (0d 0h 0m 37s)

