#
# A fatal error has been detected by the Java Runtime Environment:
#
#  SIGSEGV (0xb) at pc=0x000000011eb695a3, pid=13534, tid=3335
#
# JRE version: Java(TM) SE Runtime Environment (8.0_40-b26) (build 1.8.0_40-b26)
# Java VM: Java HotSpot(TM) 64-Bit Server VM (25.40-b25 mixed mode bsd-amd64 compressed oops)
# Problematic frame:
# C  [libjfxwebkit.dylib+0x9385a3]  Java_com_sun_webkit_PopupMenu_twkPopupClosed+0x6253
#
# Failed to write core dump. Core dumps have been disabled. To enable core dumping, try "ulimit -c unlimited" before starting Java again
#
# If you would like to submit a bug report, please visit:
#   http://bugreport.java.com/bugreport/crash.jsp
#

---------------  T H R E A D  ---------------

Current thread is native thread

siginfo: si_signo: 11 (SIGSEGV), si_code: 1 (SEGV_MAPERR), si_addr: 0x0000000000000000

Registers:
RAX=0x00007fff5bc2efe0, RBX=0x00007f917e00a038, RCX=0x00007fff5bc2efb4, RDX=0x00007f918b5d1850
RSP=0x00007fff5bc2ef00, RBP=0x00007fff5bc2efd0, RSI=0x00007f918b7b5600, RDI=0x0000000000000000
R8 =0x00007f917b760b40, R9 =0x00007f917b755300, R10=0x00000000d01dfcc6, R11=0x00000000230f4236
R12=0x00007f917e00a000, R13=0x000000011fd08f60, R14=0x0000000000000000, R15=0x0000000000000000
RIP=0x000000011eb695a3, EFLAGS=0x0000000000010246, ERR=0x0000000000000004
  TRAPNO=0x000000000000000e

Top of Stack: (sp=0x00007fff5bc2ef00)
0x00007fff5bc2ef00:   0000000000000001 00007f918b7b627e
0x00007fff5bc2ef10:   00007fff7dfa16c0 00007fff5bc2efb4
0x00007fff5bc2ef20:   00007f917b760b40 00007f917b755300
0x00007fff5bc2ef30:   00007f918b7c9620 0000000103feaa00
0x00007fff5bc2ef40:   00007fff5bc2f0f0 00007fff9340b043
0x00007fff5bc2ef50:   00007f918b7c9720 00007f918b7fc080
0x00007fff5bc2ef60:   0000000103feaa00 0000000103feaa00
0x00007fff5bc2ef70:   00007fff5bc2efa0 0000000104d17d9d
0x00007fff5bc2ef80:   00007fff5bc2f0d0 0000000000010002
0x00007fff5bc2ef90:   00007fff5bc2efe8 0000000105207848
0x00007fff5bc2efa0:   00007fff5bc2efd0 0000000104d15ca3
0x00007fff5bc2efb0:   fffffffe00000003 0000003000000018
0x00007fff5bc2efc0:   00007fff5bc2efe0 00007fff5bc2ef00
0x00007fff5bc2efd0:   00007fff5bc2f000 000000011eb25726
0x00007fff5bc2efe0:   00007f918b632d40 0000000000000000
0x00007fff5bc2eff0:   00007f917e00a038 0000000000000000
0x00007fff5bc2f000:   00007fff5bc2f050 000000011eb0b7ec
0x00007fff5bc2f010:   00007f918b7e7ee0 0000000700000000
0x00007fff5bc2f020:   00007f918b5d0550 00007f917b760d00
0x00007fff5bc2f030:   00007f917e00a000 000000011fd08f60
0x00007fff5bc2f040:   0000000000000000 0000000000000000
0x00007fff5bc2f050:   00007fff5bc2f090 000000011eb08d47
0x00007fff5bc2f060:   00007fff5bc2f100 00007fff8bac019a
0x00007fff5bc2f070:   0000000103fec800 00007f917b7fc080
0x00007fff5bc2f080:   0000000103fec800 00007f917b760d00
0x00007fff5bc2f090:   00007fff5bc2f0c0 000000011eafe9b5
0x00007fff5bc2f0a0:   00007f917b760d00 00007f919ad50dc8
0x00007fff5bc2f0b0:   00007f917b760c90 0000000000000011
0x00007fff5bc2f0c0:   00007fff5bc2f0e0 000000011ec94047
0x00007fff5bc2f0d0:   00007f917b760d00 00007f917b760c90
0x00007fff5bc2f0e0:   00007fff5bc2f100 000000011ed0b10d
0x00007fff5bc2f0f0:   00007f917b760c90 00007f917b760ea0 

Instructions: (pc=0x000000011eb695a3)
0x000000011eb69583:   8d 85 30 ff ff ff 48 89 45 f8 48 8d 45 10 48 89
0x000000011eb69593:   45 f0 c7 45 ec 30 00 00 00 c7 45 e8 18 00 00 00
0x000000011eb695a3:   48 8b 07 48 8d 4d e8 ff 90 90 01 00 00 48 81 c4
0x000000011eb695b3:   d0 00 00 00 5d c3 90 90 90 90 90 90 90 55 48 89 

Register to memory mapping:

RAX=0x00007fff5bc2efe0 is an unknown value
RBX=0x00007f917e00a038 is an unknown value
RCX=0x00007fff5bc2efb4 is an unknown value
RDX=0x00007f918b5d1850 is an unknown value
RSP=0x00007fff5bc2ef00 is an unknown value
RBP=0x00007fff5bc2efd0 is an unknown value
RSI=0x00007f918b7b5600 is a global jni handle
RDI=0x0000000000000000 is an unknown value
R8 =0x00007f917b760b40 is an unknown value
R9 =0x00007f917b755300 is an unknown value
R10=0x00000000d01dfcc6 is an unknown value
R11=0x00000000230f4236 is an unknown value
R12=0x00007f917e00a000 is an unknown value
R13=0x000000011fd08f60 is an unknown value
R14=0x0000000000000000 is an unknown value
R15=0x0000000000000000 is an unknown value


Stack: [0x00007fff5b433000,0x00007fff5bc33000],  sp=0x00007fff5bc2ef00,  free space=8175k
Native frames: (J=compiled Java code, j=interpreted, Vv=VM code, C=native code)
C  [libjfxwebkit.dylib+0x9385a3]  Java_com_sun_webkit_PopupMenu_twkPopupClosed+0x6253
C  [libjfxwebkit.dylib+0x8f4726]  Java_com_sun_webkit_graphics_WCGraphicsManager_append+0x906
C  [libjfxwebkit.dylib+0x8da7ec]  Java_com_sun_webkit_dom_EventListenerImpl_twkDispatchEvent+0x51b8ec
C  [libjfxwebkit.dylib+0x8d7d47]  Java_com_sun_webkit_dom_EventListenerImpl_twkDispatchEvent+0x518e47
C  [libjfxwebkit.dylib+0x8cd9b5]  Java_com_sun_webkit_dom_EventListenerImpl_twkDispatchEvent+0x50eab5
C  [libjfxwebkit.dylib+0xa63047]  Java_com_sun_webkit_network_URLLoader_twkWillSendRequest+0x10eb97
C  [libjfxwebkit.dylib+0xada10d]  Java_com_sun_webkit_network_URLLoader_twkWillSendRequest+0x185c5d
C  [libjfxwebkit.dylib+0x4f3217]  Java_com_sun_webkit_dom_EventListenerImpl_twkDispatchEvent+0x134317
C  [libjfxwebkit.dylib+0x4f14ce]  Java_com_sun_webkit_dom_EventListenerImpl_twkDispatchEvent+0x1325ce
C  [libjfxwebkit.dylib+0x51b78b]  Java_com_sun_webkit_dom_EventListenerImpl_twkDispatchEvent+0x15c88b
C  [libjfxwebkit.dylib+0x516c30]  Java_com_sun_webkit_dom_EventListenerImpl_twkDispatchEvent+0x157d30
C  [libjfxwebkit.dylib+0x54a6ab]  Java_com_sun_webkit_dom_EventListenerImpl_twkDispatchEvent+0x18b7ab
C  [libjfxwebkit.dylib+0x6a46e8]  Java_com_sun_webkit_dom_EventListenerImpl_twkDispatchEvent+0x2e57e8
C  [libjfxwebkit.dylib+0x3eb4fa]  Java_com_sun_webkit_dom_EventListenerImpl_twkDispatchEvent+0x2c5fa
C  [libjfxwebkit.dylib+0xde932f]  JSValueIsObjectOfClass+0x5080f
C  [libjfxwebkit.dylib+0xde9838]  JSValueIsObjectOfClass+0x50d18
C  [libjfxwebkit.dylib+0xdf2326]  JSValueIsObjectOfClass+0x59806
C  [libjfxwebkit.dylib+0xdefe02]  JSValueIsObjectOfClass+0x572e2
C  [libjfxwebkit.dylib+0xdef879]  JSValueIsObjectOfClass+0x56d59
C  [CoreFoundation+0xb53e4]  __CFRUNLOOP_IS_CALLING_OUT_TO_A_TIMER_CALLBACK_FUNCTION__+0x14
C  [CoreFoundation+0xb4f1f]  __CFRunLoopDoTimer+0x47f
C  [CoreFoundation+0x1265aa]  __CFRunLoopDoTimers+0x12a
C  [CoreFoundation+0x706a5]  __CFRunLoopRun+0x5f5
C  [CoreFoundation+0x6fe75]  CFRunLoopRunSpecific+0x135
C  [java+0x6490]  CreateExecutionEnvironment+0x367
C  [java+0x221c]  JLI_Launch+0x7a0
C  [java+0x84ed]  main+0x65
C  [java+0x1a74]  start+0x34


---------------  P R O C E S S  ---------------

VM state:not at safepoint (normal execution)

VM Mutex/Monitor currently owned by a thread: None

Heap:
 PSYoungGen      total 73216K, used 34622K [0x00000007aab00000, 0x00000007afe00000, 0x00000007c0000000)
  eden space 66048K, 47% used [0x00000007aab00000,0x00000007ac9cff28,0x00000007aeb80000)
  from space 7168K, 42% used [0x00000007aeb80000,0x00000007aee7f948,0x00000007af280000)
  to   space 6656K, 0% used [0x00000007af780000,0x00000007af780000,0x00000007afe00000)
 ParOldGen       total 34304K, used 8449K [0x0000000780000000, 0x0000000782180000, 0x00000007aab00000)
  object space 34304K, 24% used [0x0000000780000000,0x0000000780840640,0x0000000782180000)
 Metaspace       used 23618K, capacity 24414K, committed 24448K, reserved 1071104K
  class space    used 2216K, capacity 2432K, committed 2432K, reserved 1048576K

Card table byte_map: [0x0000000114e2c000,0x000000011502d000] byte_map_base: 0x000000011122c000

Marking Bits: (ParMarkBitMap*) 0x00000001052c27a0
 Begin Bits: [0x000000011558f000, 0x000000011658f000)
 End Bits:   [0x000000011658f000, 0x000000011758f000)

Polling page: 0x0000000104157000

CodeCache: size=245760Kb used=22734Kb max_used=22734Kb free=223025Kb
 bounds [0x0000000105a6c000, 0x00000001070bc000, 0x0000000114a6c000]
 total_blobs=5285 nmethods=4611 adapters=586
 compilation: enabled

Compilation events (10 events):
Event: 18.310 Thread 0x00007f918d007000 4875       3       org.sqlite.SQLite::run_0xcf400 (2039 bytes)
Event: 18.313 Thread 0x00007f918d007000 nmethod 4875 0x000000010709c410 code [0x000000010709c7c0, 0x000000010709e948]
Event: 18.313 Thread 0x00007f918d007000 4876       3       org.sqlite.SQLite::run_0x3d600 (1875 bytes)
Event: 18.315 Thread 0x00007f918d007000 nmethod 4876 0x00000001070a1590 code [0x00000001070a1940, 0x00000001070a3a28]
Event: 18.315 Thread 0x00007f918d007000 4877       3       org.sqlite.SQLite::run_0x109e00 (1154 bytes)
Event: 18.318 Thread 0x00007f918d007000 nmethod 4877 0x00000001070a6390 code [0x00000001070a6620, 0x00000001070a7708]
Event: 18.318 Thread 0x00007f918d007000 4878       3       org.sqlite.SQLite::run_0x44400 (2118 bytes)
Event: 18.322 Thread 0x00007f918d007000 nmethod 4878 0x00000001070a8e50 code [0x00000001070a9200, 0x00000001070ab208]
Event: 18.322 Thread 0x00007f918d007000 4879       3       org.sqlite.SQLite::run_0x44c00 (2193 bytes)
Event: 18.325 Thread 0x00007f918d007000 nmethod 4879 0x00000001070ae0d0 code [0x00000001070ae480, 0x00000001070b05a8]

GC Heap History (10 events):
Event: 10.695 GC heap before
{Heap before GC invocations=14 (full 1):
 PSYoungGen      total 56320K, used 53290K [0x00000007aab00000, 0x00000007aea00000, 0x00000007c0000000)
  eden space 49152K, 99% used [0x00000007aab00000,0x00000007adad7220,0x00000007adb00000)
  from space 7168K, 60% used [0x00000007ae300000,0x00000007ae733958,0x00000007aea00000)
  to   space 7680K, 0% used [0x00000007adb00000,0x00000007adb00000,0x00000007ae280000)
 ParOldGen       total 34304K, used 8409K [0x0000000780000000, 0x0000000782180000, 0x00000007aab00000)
  object space 34304K, 24% used [0x0000000780000000,0x0000000780836640,0x0000000782180000)
 Metaspace       used 22969K, capacity 23644K, committed 23680K, reserved 1071104K
  class space    used 2209K, capacity 2421K, committed 2432K, reserved 1048576K
Event: 10.697 GC heap after
Heap after GC invocations=14 (full 1):
 PSYoungGen      total 56832K, used 3054K [0x00000007aab00000, 0x00000007af180000, 0x00000007c0000000)
  eden space 49152K, 0% used [0x00000007aab00000,0x00000007aab00000,0x00000007adb00000)
  from space 7680K, 39% used [0x00000007adb00000,0x00000007addfb938,0x00000007ae280000)
  to   space 7168K, 0% used [0x00000007aea80000,0x00000007aea80000,0x00000007af180000)
 ParOldGen       total 34304K, used 8417K [0x0000000780000000, 0x0000000782180000, 0x00000007aab00000)
  object space 34304K, 24% used [0x0000000780000000,0x0000000780838640,0x0000000782180000)
 Metaspace       used 22969K, capacity 23644K, committed 23680K, reserved 1071104K
  class space    used 2209K, capacity 2421K, committed 2432K, reserved 1048576K
}
Event: 12.027 GC heap before
{Heap before GC invocations=15 (full 1):
 PSYoungGen      total 56832K, used 52206K [0x00000007aab00000, 0x00000007af180000, 0x00000007c0000000)
  eden space 49152K, 100% used [0x00000007aab00000,0x00000007adb00000,0x00000007adb00000)
  from space 7680K, 39% used [0x00000007adb00000,0x00000007addfb938,0x00000007ae280000)
  to   space 7168K, 0% used [0x00000007aea80000,0x00000007aea80000,0x00000007af180000)
 ParOldGen       total 34304K, used 8417K [0x0000000780000000, 0x0000000782180000, 0x00000007aab00000)
  object space 34304K, 24% used [0x0000000780000000,0x0000000780838640,0x0000000782180000)
 Metaspace       used 23114K, capacity 23848K, committed 23936K, reserved 1071104K
  class space    used 2210K, capacity 2421K, committed 2432K, reserved 1048576K
Event: 12.033 GC heap after
Heap after GC invocations=15 (full 1):
 PSYoungGen      total 65024K, used 4318K [0x00000007aab00000, 0x00000007af180000, 0x00000007c0000000)
  eden space 57856K, 0% used [0x00000007aab00000,0x00000007aab00000,0x00000007ae380000)
  from space 7168K, 60% used [0x00000007aea80000,0x00000007aeeb7968,0x00000007af180000)
  to   space 7168K, 0% used [0x00000007ae380000,0x00000007ae380000,0x00000007aea80000)
 ParOldGen       total 34304K, used 8425K [0x0000000780000000, 0x0000000782180000, 0x00000007aab00000)
  object space 34304K, 24% used [0x0000000780000000,0x000000078083a640,0x0000000782180000)
 Metaspace       used 23114K, capacity 23848K, committed 23936K, reserved 1071104K
  class space    used 2210K, capacity 2421K, committed 2432K, reserved 1048576K
}
Event: 13.735 GC heap before
{Heap before GC invocations=16 (full 1):
 PSYoungGen      total 65024K, used 62174K [0x00000007aab00000, 0x00000007af180000, 0x00000007c0000000)
  eden space 57856K, 100% used [0x00000007aab00000,0x00000007ae380000,0x00000007ae380000)
  from space 7168K, 60% used [0x00000007aea80000,0x00000007aeeb7968,0x00000007af180000)
  to   space 7168K, 0% used [0x00000007ae380000,0x00000007ae380000,0x00000007aea80000)
 ParOldGen       total 34304K, used 8425K [0x0000000780000000, 0x0000000782180000, 0x00000007aab00000)
  object space 34304K, 24% used [0x0000000780000000,0x000000078083a640,0x0000000782180000)
 Metaspace       used 23300K, capacity 24040K, committed 24192K, reserved 1071104K
  class space    used 2210K, capacity 2421K, committed 2432K, reserved 1048576K
Event: 13.738 GC heap after
Heap after GC invocations=16 (full 1):
 PSYoungGen      total 65024K, used 4398K [0x00000007aab00000, 0x00000007afa00000, 0x00000007c0000000)
  eden space 57856K, 0% used [0x00000007aab00000,0x00000007aab00000,0x00000007ae380000)
  from space 7168K, 61% used [0x00000007ae380000,0x00000007ae7cb958,0x00000007aea80000)
  to   space 7168K, 0% used [0x00000007af300000,0x00000007af300000,0x00000007afa00000)
 ParOldGen       total 34304K, used 8433K [0x0000000780000000, 0x0000000782180000, 0x00000007aab00000)
  object space 34304K, 24% used [0x0000000780000000,0x000000078083c640,0x0000000782180000)
 Metaspace       used 23300K, capacity 24040K, committed 24192K, reserved 1071104K
  class space    used 2210K, capacity 2421K, committed 2432K, reserved 1048576K
}
Event: 15.433 GC heap before
{Heap before GC invocations=17 (full 1):
 PSYoungGen      total 65024K, used 62254K [0x00000007aab00000, 0x00000007afa00000, 0x00000007c0000000)
  eden space 57856K, 100% used [0x00000007aab00000,0x00000007ae380000,0x00000007ae380000)
  from space 7168K, 61% used [0x00000007ae380000,0x00000007ae7cb958,0x00000007aea80000)
  to   space 7168K, 0% used [0x00000007af300000,0x00000007af300000,0x00000007afa00000)
 ParOldGen       total 34304K, used 8433K [0x0000000780000000, 0x0000000782180000, 0x00000007aab00000)
  object space 34304K, 24% used [0x0000000780000000,0x000000078083c640,0x0000000782180000)
 Metaspace       used 23390K, capacity 24104K, committed 24192K, reserved 1071104K
  class space    used 2210K, capacity 2421K, committed 2432K, reserved 1048576K
Event: 15.439 GC heap after
Heap after GC invocations=17 (full 1):
 PSYoungGen      total 72704K, used 3886K [0x00000007aab00000, 0x00000007af980000, 0x00000007c0000000)
  eden space 66048K, 0% used [0x00000007aab00000,0x00000007aab00000,0x00000007aeb80000)
  from space 6656K, 58% used [0x00000007af300000,0x00000007af6cb958,0x00000007af980000)
  to   space 7168K, 0% used [0x00000007aeb80000,0x00000007aeb80000,0x00000007af280000)
 ParOldGen       total 34304K, used 8441K [0x0000000780000000, 0x0000000782180000, 0x00000007aab00000)
  object space 34304K, 24% used [0x0000000780000000,0x000000078083e640,0x0000000782180000)
 Metaspace       used 23390K, capacity 24104K, committed 24192K, reserved 1071104K
  class space    used 2210K, capacity 2421K, committed 2432K, reserved 1048576K
}
Event: 17.372 GC heap before
{Heap before GC invocations=18 (full 1):
 PSYoungGen      total 72704K, used 69934K [0x00000007aab00000, 0x00000007af980000, 0x00000007c0000000)
  eden space 66048K, 100% used [0x00000007aab00000,0x00000007aeb80000,0x00000007aeb80000)
  from space 6656K, 58% used [0x00000007af300000,0x00000007af6cb958,0x00000007af980000)
  to   space 7168K, 0% used [0x00000007aeb80000,0x00000007aeb80000,0x00000007af280000)
 ParOldGen       total 34304K, used 8441K [0x0000000780000000, 0x0000000782180000, 0x00000007aab00000)
  object space 34304K, 24% used [0x0000000780000000,0x000000078083e640,0x0000000782180000)
 Metaspace       used 23538K, capacity 24236K, committed 24448K, reserved 1071104K
  class space    used 2210K, capacity 2421K, committed 2432K, reserved 1048576K
Event: 17.375 GC heap after
Heap after GC invocations=18 (full 1):
 PSYoungGen      total 73216K, used 3070K [0x00000007aab00000, 0x00000007afe00000, 0x00000007c0000000)
  eden space 66048K, 0% used [0x00000007aab00000,0x00000007aab00000,0x00000007aeb80000)
  from space 7168K, 42% used [0x00000007aeb80000,0x00000007aee7f948,0x00000007af280000)
  to   space 6656K, 0% used [0x00000007af780000,0x00000007af780000,0x00000007afe00000)
 ParOldGen       total 34304K, used 8449K [0x0000000780000000, 0x0000000782180000, 0x00000007aab00000)
  object space 34304K, 24% used [0x0000000780000000,0x0000000780840640,0x0000000782180000)
 Metaspace       used 23538K, capacity 24236K, committed 24448K, reserved 1071104K
  class space    used 2210K, capacity 2421K, committed 2432K, reserved 1048576K
}

Deoptimization events (10 events):
Event: 7.097 Thread 0x00007f918b85b000 Uncommon trap: reason=array_check action=maybe_recompile pc=0x00000001065a6324 method=com.sun.javafx.css.SimpleSelector.applies(Ljavafx/css/Styleable;[Ljava/util/Set;I)Z @ 37
Event: 7.879 Thread 0x00007f918b85b000 Uncommon trap: reason=array_check action=maybe_recompile pc=0x000000010672d668 method=com.sun.javafx.css.CompoundSelector.applies(Ljavafx/css/Styleable;[Ljava/util/Set;I)Z @ 128
Event: 7.879 Thread 0x00007f918b85b000 Uncommon trap: reason=array_check action=maybe_recompile pc=0x000000010672d668 method=com.sun.javafx.css.CompoundSelector.applies(Ljavafx/css/Styleable;[Ljava/util/Set;I)Z @ 128
Event: 7.879 Thread 0x00007f918b85b000 Uncommon trap: reason=array_check action=maybe_recompile pc=0x000000010672d668 method=com.sun.javafx.css.CompoundSelector.applies(Ljavafx/css/Styleable;[Ljava/util/Set;I)Z @ 128
Event: 7.879 Thread 0x00007f918b85b000 Uncommon trap: reason=array_check action=maybe_recompile pc=0x000000010672d668 method=com.sun.javafx.css.CompoundSelector.applies(Ljavafx/css/Styleable;[Ljava/util/Set;I)Z @ 128
Event: 10.562 Thread 0x00007f918d066000 Uncommon trap: reason=unstable_if action=reinterpret pc=0x000000010673f3f0 method=java.lang.Math.round(F)I @ 36
Event: 12.814 Thread 0x00007f918b85b000 Uncommon trap: reason=unstable_if action=reinterpret pc=0x0000000106698238 method=org.ibex.nestedvm.Runtime.copyin(I[BI)V @ 116
Event: 16.960 Thread 0x00007f918b85b000 Uncommon trap: reason=unstable_if action=reinterpret pc=0x00000001068e3bf8 method=org.sqlite.SQLite.run_0x183200()V @ 207
Event: 18.282 Thread 0x00007f918b85b000 Uncommon trap: reason=unstable_if action=reinterpret pc=0x0000000106c3e8bc method=javafx.scene.Scene.addToDirtyList(Ljavafx/scene/Node;)V @ 18
Event: 18.295 Thread 0x00007f918b85b000 Uncommon trap: reason=unstable_if action=reinterpret pc=0x0000000106fa6a24 method=java.util.concurrent.locks.ReentrantLock$Sync.tryRelease(I)Z @ 28

Internal exceptions (10 events):
Event: 0.291 Thread 0x00007f918c002800 Exception <a 'java/security/PrivilegedActionException'> (0x00000007aadfeeb8) thrown at [/Users/java_re/workspace/8-2-build-macosx-x86_64/jdk8u40/3098/hotspot/src/share/vm/prims/jvm.cpp, line 1382]
Event: 0.292 Thread 0x00007f918c002800 Exception <a 'java/lang/NullPointerException'> (0x00000007aae00368) thrown at [/Users/java_re/workspace/8-2-build-macosx-x86_64/jdk8u40/3098/hotspot/src/share/vm/interpreter/linkResolver.cpp, line 1178]
Event: 0.685 Thread 0x00007f918b85b000 Exception <a 'java/lang/NullPointerException'> (0x00000007ab586938) thrown at [/Users/java_re/workspace/8-2-build-macosx-x86_64/jdk8u40/3098/hotspot/src/share/vm/interpreter/linkResolver.cpp, line 1178]
Event: 0.685 Thread 0x00007f918b85b000 Exception <a 'java/lang/NullPointerException'> (0x00000007ab586938) thrown at [/Users/java_re/workspace/8-2-build-macosx-x86_64/jdk8u40/3098/hotspot/src/share/vm/prims/jvm.cpp, line 1386]
Event: 1.146 Thread 0x00007f918b85b000 Implicit null exception at 0x0000000105ce2135 to 0x0000000105ce2331
Event: 2.784 Thread 0x00007f918b85b000 Implicit null exception at 0x0000000105cfcaf3 to 0x0000000105cfcea5
Event: 4.039 Thread 0x00007f918b85b000 Exception <a 'sun/nio/fs/UnixException'> (0x00000007ab70c5c8) thrown at [/Users/java_re/workspace/8-2-build-macosx-x86_64/jdk8u40/3098/hotspot/src/share/vm/prims/jni.cpp, line 709]
Event: 4.041 Thread 0x00007f918b85b000 Exception <a 'sun/nio/fs/UnixException'> (0x00000007ab70e350) thrown at [/Users/java_re/workspace/8-2-build-macosx-x86_64/jdk8u40/3098/hotspot/src/share/vm/prims/jni.cpp, line 709]
Event: 4.045 Thread 0x00007f918b85b000 Implicit null exception at 0x0000000105c891f5 to 0x0000000105c89555
Event: 4.801 Thread 0x00007f918b85b000 Exception <a 'java/io/FileNotFoundException'> (0x00000007aad207d0) thrown at [/Users/java_re/workspace/8-2-build-macosx-x86_64/jdk8u40/3098/hotspot/src/share/vm/prims/jni.cpp, line 709]

Events (10 events):
Event: 18.295 Thread 0x00007f918b85b000 Uncommon trap: trap_request=0xffffff65 fr.pc=0x0000000106fa6a24
Event: 18.295 Thread 0x00007f918b85b000 DEOPT PACKING pc=0x0000000106fa6a24 sp=0x00007fff5bc2c9a0
Event: 18.295 Thread 0x00007f918b85b000 DEOPT UNPACKING pc=0x0000000105a71229 sp=0x00007fff5bc2c948 mode 2
Event: 18.295 loading class com/sun/javafx/tk/quantum/QuantumToolkit
Event: 18.295 loading class com/sun/javafx/tk/quantum/QuantumToolkit done
Event: 18.295 Thread 0x00007f918d066000 Thread exited: 0x00007f918d066000
Event: 18.296 Thread 0x00007f918c95e800 Thread exited: 0x00007f918c95e800
Event: 18.296 Thread 0x00007f918c002800 Thread exited: 0x00007f918c002800
Event: 18.296 Thread 0x00007f9196bbd000 Thread added: 0x00007f9196bbd000
Event: 18.296 Thread 0x00007f918b85b000 Thread exited: 0x00007f918b85b000


Dynamic libraries:
0x000000000b789000 	/System/Library/Frameworks/Cocoa.framework/Versions/A/Cocoa
0x000000000b789000 	/System/Library/Frameworks/Security.framework/Versions/A/Security
0x000000000b789000 	/System/Library/Frameworks/ApplicationServices.framework/Versions/A/ApplicationServices
0x000000000b789000 	/usr/lib/libz.1.dylib
0x000000000b789000 	/usr/lib/libSystem.B.dylib
0x000000000b789000 	/usr/lib/libobjc.A.dylib
0x000000000b789000 	/System/Library/Frameworks/CoreFoundation.framework/Versions/A/CoreFoundation
0x000000000b789000 	/System/Library/Frameworks/Foundation.framework/Versions/C/Foundation
0x000000000b789000 	/System/Library/Frameworks/AppKit.framework/Versions/C/AppKit
0x000000000b789000 	/System/Library/Frameworks/CoreData.framework/Versions/A/CoreData
0x000000000b789000 	/System/Library/PrivateFrameworks/RemoteViewServices.framework/Versions/A/RemoteViewServices
0x000000000b789000 	/System/Library/Frameworks/AudioToolbox.framework/Versions/A/AudioToolbox
0x000000000b789000 	/System/Library/Frameworks/AudioUnit.framework/Versions/A/AudioUnit
0x000000000b789000 	/System/Library/PrivateFrameworks/DataDetectorsCore.framework/Versions/A/DataDetectorsCore
0x000000000b789000 	/System/Library/PrivateFrameworks/DesktopServicesPriv.framework/Versions/A/DesktopServicesPriv
0x000000000b789000 	/System/Library/Frameworks/Carbon.framework/Versions/A/Frameworks/HIToolbox.framework/Versions/A/HIToolbox
0x000000000b789000 	/System/Library/Frameworks/QuartzCore.framework/Versions/A/QuartzCore
0x000000000b789000 	/System/Library/Frameworks/Carbon.framework/Versions/A/Frameworks/SpeechRecognition.framework/Versions/A/SpeechRecognition
0x000000000b789000 	/usr/lib/libauto.dylib
0x000000000b789000 	/usr/lib/libicucore.A.dylib
0x000000000b789000 	/usr/lib/libxml2.2.dylib
0x000000000b789000 	/System/Library/PrivateFrameworks/CoreUI.framework/Versions/A/CoreUI
0x000000000b789000 	/System/Library/Frameworks/CoreAudio.framework/Versions/A/CoreAudio
0x000000000b789000 	/System/Library/Frameworks/DiskArbitration.framework/Versions/A/DiskArbitration
0x000000000b789000 	/usr/lib/liblangid.dylib
0x000000000b789000 	/System/Library/PrivateFrameworks/MultitouchSupport.framework/Versions/A/MultitouchSupport
0x000000000b789000 	/System/Library/Frameworks/IOKit.framework/Versions/A/IOKit
0x000000000b789000 	/usr/lib/libDiagnosticMessagesClient.dylib
0x000000000b789000 	/System/Library/Frameworks/CoreServices.framework/Versions/A/CoreServices
0x000000000b789000 	/System/Library/PrivateFrameworks/PerformanceAnalysis.framework/Versions/A/PerformanceAnalysis
0x000000000b789000 	/System/Library/PrivateFrameworks/GenerationalStorage.framework/Versions/A/GenerationalStorage
0x000000000b789000 	/System/Library/Frameworks/OpenGL.framework/Versions/A/OpenGL
0x000000000b789000 	/System/Library/PrivateFrameworks/Sharing.framework/Versions/A/Sharing
0x000000000b789000 	/System/Library/Frameworks/ImageIO.framework/Versions/A/ImageIO
0x000000000b789000 	/System/Library/Frameworks/CoreText.framework/Versions/A/CoreText
0x000000000b789000 	/System/Library/Frameworks/CoreGraphics.framework/Versions/A/CoreGraphics
0x000000000b789000 	/System/Library/PrivateFrameworks/Backup.framework/Versions/A/Backup
0x000000000b789000 	/System/Library/Frameworks/CFNetwork.framework/Versions/A/CFNetwork
0x000000000b789000 	/System/Library/Frameworks/SystemConfiguration.framework/Versions/A/SystemConfiguration
0x000000000b789000 	/usr/lib/libCRFSuite.dylib
0x000000000b789000 	/usr/lib/libc++.1.dylib
0x000000000b789000 	/usr/lib/libc++abi.dylib
0x000000000b789000 	/usr/lib/system/libcache.dylib
0x000000000b789000 	/usr/lib/system/libcommonCrypto.dylib
0x000000000b789000 	/usr/lib/system/libcompiler_rt.dylib
0x000000000b789000 	/usr/lib/system/libcopyfile.dylib
0x000000000b789000 	/usr/lib/system/libcorecrypto.dylib
0x000000000b789000 	/usr/lib/system/libdispatch.dylib
0x000000000b789000 	/usr/lib/system/libdyld.dylib
0x000000000b789000 	/usr/lib/system/libkeymgr.dylib
0x000000000b789000 	/usr/lib/system/liblaunch.dylib
0x000000000b789000 	/usr/lib/system/libmacho.dylib
0x000000000b789000 	/usr/lib/system/libquarantine.dylib
0x000000000b789000 	/usr/lib/system/libremovefile.dylib
0x000000000b789000 	/usr/lib/system/libsystem_asl.dylib
0x000000000b789000 	/usr/lib/system/libsystem_blocks.dylib
0x000000000b789000 	/usr/lib/system/libsystem_c.dylib
0x000000000b789000 	/usr/lib/system/libsystem_configuration.dylib
0x000000000b789000 	/usr/lib/system/libsystem_dnssd.dylib
0x000000000b789000 	/usr/lib/system/libsystem_info.dylib
0x000000000b789000 	/usr/lib/system/libsystem_kernel.dylib
0x000000000b789000 	/usr/lib/system/libsystem_m.dylib
0x000000000b789000 	/usr/lib/system/libsystem_malloc.dylib
0x000000000b789000 	/usr/lib/system/libsystem_network.dylib
0x000000000b789000 	/usr/lib/system/libsystem_notify.dylib
0x000000000b789000 	/usr/lib/system/libsystem_platform.dylib
0x000000000b789000 	/usr/lib/system/libsystem_pthread.dylib
0x000000000b789000 	/usr/lib/system/libsystem_sandbox.dylib
0x000000000b789000 	/usr/lib/system/libsystem_stats.dylib
0x000000000b789000 	/usr/lib/system/libunc.dylib
0x000000000b789000 	/usr/lib/system/libunwind.dylib
0x000000000b789000 	/usr/lib/system/libxpc.dylib
0x000000000b789000 	/usr/lib/libbsm.0.dylib
0x000000000b789000 	/usr/lib/libsqlite3.dylib
0x000000000b789000 	/usr/lib/libxar.1.dylib
0x000000000b789000 	/usr/lib/libpam.2.dylib
0x000000000b789000 	/usr/lib/libOpenScriptingUtil.dylib
0x000000000b789000 	/usr/lib/libbz2.1.0.dylib
0x000000000b789000 	/System/Library/Frameworks/CoreServices.framework/Versions/A/Frameworks/CarbonCore.framework/Versions/A/CarbonCore
0x000000000b789000 	/System/Library/Frameworks/CoreServices.framework/Versions/A/Frameworks/Metadata.framework/Versions/A/Metadata
0x000000000b789000 	/System/Library/Frameworks/CoreServices.framework/Versions/A/Frameworks/OSServices.framework/Versions/A/OSServices
0x000000000b789000 	/System/Library/Frameworks/CoreServices.framework/Versions/A/Frameworks/SearchKit.framework/Versions/A/SearchKit
0x000000000b789000 	/System/Library/Frameworks/CoreServices.framework/Versions/A/Frameworks/AE.framework/Versions/A/AE
0x000000000b789000 	/System/Library/Frameworks/CoreServices.framework/Versions/A/Frameworks/LaunchServices.framework/Versions/A/LaunchServices
0x000000000b789000 	/System/Library/Frameworks/CoreServices.framework/Versions/A/Frameworks/DictionaryServices.framework/Versions/A/DictionaryServices
0x000000000b789000 	/System/Library/Frameworks/NetFS.framework/Versions/A/NetFS
0x000000000b789000 	/usr/lib/system/libkxld.dylib
0x000000000b789000 	/System/Library/PrivateFrameworks/NetAuth.framework/Versions/A/NetAuth
0x000000000b789000 	/System/Library/PrivateFrameworks/TCC.framework/Versions/A/TCC
0x000000000b789000 	/System/Library/Frameworks/OpenDirectory.framework/Versions/A/Frameworks/CFOpenDirectory.framework/Versions/A/CFOpenDirectory
0x000000000b789000 	/System/Library/Frameworks/ServiceManagement.framework/Versions/A/ServiceManagement
0x000000000b789000 	/usr/lib/libxslt.1.dylib
0x000000000b789000 	/System/Library/Frameworks/Carbon.framework/Versions/A/Frameworks/Ink.framework/Versions/A/Ink
0x000000000b789000 	/System/Library/Frameworks/ApplicationServices.framework/Versions/A/Frameworks/ATS.framework/Versions/A/ATS
0x000000000b789000 	/System/Library/Frameworks/ApplicationServices.framework/Versions/A/Frameworks/ColorSync.framework/Versions/A/ColorSync
0x000000000b789000 	/System/Library/Frameworks/ApplicationServices.framework/Versions/A/Frameworks/HIServices.framework/Versions/A/HIServices
0x000000000b789000 	/System/Library/Frameworks/ApplicationServices.framework/Versions/A/Frameworks/LangAnalysis.framework/Versions/A/LangAnalysis
0x000000000b789000 	/System/Library/Frameworks/ApplicationServices.framework/Versions/A/Frameworks/PrintCore.framework/Versions/A/PrintCore
0x000000000b789000 	/System/Library/Frameworks/ApplicationServices.framework/Versions/A/Frameworks/QD.framework/Versions/A/QD
0x000000000b789000 	/System/Library/Frameworks/ApplicationServices.framework/Versions/A/Frameworks/SpeechSynthesis.framework/Versions/A/SpeechSynthesis
0x000000000b789000 	/System/Library/Frameworks/IOSurface.framework/Versions/A/IOSurface
0x000000000b789000 	/System/Library/Frameworks/Accelerate.framework/Versions/A/Accelerate
0x000000000b789000 	/System/Library/Frameworks/Accelerate.framework/Versions/A/Frameworks/vImage.framework/Versions/A/vImage
0x000000000b789000 	/System/Library/Frameworks/Accelerate.framework/Versions/A/Frameworks/vecLib.framework/Versions/A/vecLib
0x000000000b789000 	/System/Library/Frameworks/Accelerate.framework/Versions/A/Frameworks/vecLib.framework/Versions/A/libvDSP.dylib
0x000000000b789000 	/System/Library/Frameworks/Accelerate.framework/Versions/A/Frameworks/vecLib.framework/Versions/A/libvMisc.dylib
0x000000000b789000 	/System/Library/Frameworks/Accelerate.framework/Versions/A/Frameworks/vecLib.framework/Versions/A/libLAPACK.dylib
0x000000000b789000 	/System/Library/Frameworks/Accelerate.framework/Versions/A/Frameworks/vecLib.framework/Versions/A/libBLAS.dylib
0x000000000b789000 	/System/Library/Frameworks/ApplicationServices.framework/Versions/A/Frameworks/ATS.framework/Versions/A/Resources/libFontParser.dylib
0x000000000b789000 	/System/Library/Frameworks/ApplicationServices.framework/Versions/A/Frameworks/ATS.framework/Versions/A/Resources/libFontRegistry.dylib
0x000000000b789000 	/System/Library/Frameworks/ImageIO.framework/Versions/A/Resources/libJPEG.dylib
0x000000000b789000 	/System/Library/Frameworks/ImageIO.framework/Versions/A/Resources/libTIFF.dylib
0x000000000b789000 	/System/Library/Frameworks/ImageIO.framework/Versions/A/Resources/libPng.dylib
0x000000000b789000 	/System/Library/Frameworks/ImageIO.framework/Versions/A/Resources/libGIF.dylib
0x000000000b789000 	/System/Library/Frameworks/ImageIO.framework/Versions/A/Resources/libJP2.dylib
0x000000000b789000 	/System/Library/Frameworks/ImageIO.framework/Versions/A/Resources/libRadiance.dylib
0x000000000b789000 	/usr/lib/libcups.2.dylib
0x000000000b789000 	/System/Library/Frameworks/Kerberos.framework/Versions/A/Kerberos
0x000000000b789000 	/System/Library/Frameworks/GSS.framework/Versions/A/GSS
0x000000000b789000 	/usr/lib/libresolv.9.dylib
0x000000000b789000 	/usr/lib/libiconv.2.dylib
0x000000000b789000 	/System/Library/PrivateFrameworks/Heimdal.framework/Versions/A/Heimdal
0x000000000b789000 	/System/Library/PrivateFrameworks/TrustEvaluationAgent.framework/Versions/A/TrustEvaluationAgent
0x000000000b789000 	/usr/lib/libheimdal-asn1.dylib
0x000000000b789000 	/System/Library/Frameworks/OpenDirectory.framework/Versions/A/OpenDirectory
0x000000000b789000 	/System/Library/PrivateFrameworks/CommonAuth.framework/Versions/A/CommonAuth
0x000000000b789000 	/System/Library/Frameworks/SecurityFoundation.framework/Versions/A/SecurityFoundation
0x000000000b789000 	/System/Library/PrivateFrameworks/Bom.framework/Versions/A/Bom
0x000000000b789000 	/System/Library/Frameworks/CoreVideo.framework/Versions/A/CoreVideo
0x000000000b789000 	/System/Library/Frameworks/QuartzCore.framework/Versions/A/Frameworks/CoreImage.framework/Versions/A/CoreImage
0x000000000b789000 	/System/Library/Frameworks/QuartzCore.framework/Versions/A/Frameworks/ScalableUserInterface.framework/Versions/A/ScalableUserInterface
0x000000000b789000 	/System/Library/Frameworks/OpenGL.framework/Versions/A/Libraries/libGLU.dylib
0x000000000b789000 	/System/Library/Frameworks/OpenGL.framework/Versions/A/Libraries/libGFXShared.dylib
0x000000000b789000 	/System/Library/Frameworks/OpenGL.framework/Versions/A/Libraries/libGL.dylib
0x000000000b789000 	/System/Library/Frameworks/OpenGL.framework/Versions/A/Libraries/libGLImage.dylib
0x000000000b789000 	/System/Library/Frameworks/OpenGL.framework/Versions/A/Libraries/libCVMSPluginSupport.dylib
0x000000000b789000 	/System/Library/Frameworks/OpenGL.framework/Versions/A/Libraries/libCoreVMClient.dylib
0x000000000b789000 	/System/Library/PrivateFrameworks/FaceCore.framework/Versions/A/FaceCore
0x000000000b789000 	/System/Library/PrivateFrameworks/CrashReporterSupport.framework/Versions/A/CrashReporterSupport
0x000000000b789000 	/System/Library/Frameworks/OpenCL.framework/Versions/A/OpenCL
0x000000000b789000 	/System/Library/PrivateFrameworks/AppleFSCompression.framework/Versions/A/AppleFSCompression
0x000000000b789000 	/System/Library/PrivateFrameworks/Ubiquity.framework/Versions/A/Ubiquity
0x000000000b789000 	/System/Library/PrivateFrameworks/IconServices.framework/Versions/A/IconServices
0x000000000b789000 	/System/Library/PrivateFrameworks/ChunkingLibrary.framework/Versions/A/ChunkingLibrary
0x000000000b789000 	/System/Library/PrivateFrameworks/CoreSymbolication.framework/Versions/A/CoreSymbolication
0x000000000b789000 	/System/Library/PrivateFrameworks/Symbolication.framework/Versions/A/Symbolication
0x000000000b789000 	/System/Library/PrivateFrameworks/DebugSymbols.framework/Versions/A/DebugSymbols
0x0000000104a00000 	/Library/Java/JavaVirtualMachines/jdk1.8.0_40.jdk/Contents/Home/jre/lib/server/libjvm.dylib
0x000000000b789000 	/usr/lib/libstdc++.6.dylib
0x0000000104114000 	/Library/Java/JavaVirtualMachines/jdk1.8.0_40.jdk/Contents/Home/jre/lib/libverify.dylib
0x0000000104122000 	/Library/Java/JavaVirtualMachines/jdk1.8.0_40.jdk/Contents/Home/jre/lib/libjava.dylib
0x0000000104161000 	/Library/Java/JavaVirtualMachines/jdk1.8.0_40.jdk/Contents/Home/jre/lib/libzip.dylib
0x00000001194c3000 	/System/Library/Frameworks/JavaVM.framework/Frameworks/JavaRuntimeSupport.framework/JavaRuntimeSupport
0x00000001194db000 	/System/Library/Frameworks/JavaVM.framework/Versions/A/Frameworks/JavaNativeFoundation.framework/Versions/A/JavaNativeFoundation
0x00000001194ef000 	/System/Library/Frameworks/JavaVM.framework/Versions/A/JavaVM
0x000000000b789000 	/System/Library/Frameworks/Carbon.framework/Versions/A/Carbon
0x00000001194fb000 	/System/Library/PrivateFrameworks/JavaLaunching.framework/Versions/A/JavaLaunching
0x000000000b789000 	/System/Library/Frameworks/Carbon.framework/Versions/A/Frameworks/CommonPanels.framework/Versions/A/CommonPanels
0x000000000b789000 	/System/Library/Frameworks/Carbon.framework/Versions/A/Frameworks/Help.framework/Versions/A/Help
0x000000000b789000 	/System/Library/Frameworks/Carbon.framework/Versions/A/Frameworks/ImageCapture.framework/Versions/A/ImageCapture
0x000000000b789000 	/System/Library/Frameworks/Carbon.framework/Versions/A/Frameworks/OpenScripting.framework/Versions/A/OpenScripting
0x000000000b789000 	/System/Library/Frameworks/Carbon.framework/Versions/A/Frameworks/Print.framework/Versions/A/Print
0x000000000b789000 	/System/Library/Frameworks/Carbon.framework/Versions/A/Frameworks/SecurityHI.framework/Versions/A/SecurityHI
0x0000000119dc8000 	/Library/Java/JavaVirtualMachines/jdk1.8.0_40.jdk/Contents/Home/jre/lib/libprism_es2.dylib
0x000000000b789000 	/System/Library/Frameworks/OpenGL.framework/Versions/A/Resources/GLEngine.bundle/GLEngine
0x000000000b789000 	/System/Library/Frameworks/OpenGL.framework/Versions/A/Libraries/libGLProgrammability.dylib
0x0000000000000000 	/System/Library/Extensions/AppleIntelHD4000GraphicsGLDriver.bundle/Contents/MacOS/AppleIntelHD4000GraphicsGLDriver
0x000000000b789000 	/System/Library/PrivateFrameworks/IOAccelerator.framework/Versions/A/IOAccelerator
0x000000000b789000 	/System/Library/PrivateFrameworks/GPUSupport.framework/Versions/A/Libraries/libGPUSupportMercury.dylib
0x000000000b789000 	/System/Library/Frameworks/OpenGL.framework/Versions/A/Resources/GLRendererFloat.bundle/GLRendererFloat
0x000000000b789000 	/System/Library/Frameworks/OpenCL.framework/Versions/A/Libraries/libcldcpuengine.dylib
0x000000000b789000 	/System/Library/PrivateFrameworks/DiskImages.framework/Versions/A/DiskImages
0x000000000b789000 	/System/Library/Frameworks/DiscRecording.framework/Versions/A/DiscRecording
0x000000000b789000 	/usr/lib/libcsfde.dylib
0x000000000b789000 	/usr/lib/libcurl.4.dylib
0x000000000b789000 	/System/Library/PrivateFrameworks/MediaKit.framework/Versions/A/MediaKit
0x000000000b789000 	/usr/lib/libCoreStorage.dylib
0x000000000b789000 	/System/Library/PrivateFrameworks/EFILogin.framework/Versions/A/EFILogin
0x000000000b789000 	/usr/lib/libutil.dylib
0x000000000b789000 	/System/Library/PrivateFrameworks/AOSNotification.framework/Versions/A/AOSNotification
0x000000000b789000 	/System/Library/Frameworks/LDAP.framework/Versions/A/LDAP
0x000000000b789000 	/usr/lib/libsasl2.2.dylib
0x000000000b789000 	/usr/lib/libcrypto.0.9.8.dylib
0x000000000b789000 	/usr/lib/libssl.0.9.8.dylib
0x000000011a6c6000 	/Library/Java/JavaVirtualMachines/jdk1.8.0_40.jdk/Contents/Home/jre/lib/libglass.dylib
0x000000000b789000 	/System/Library/PrivateFrameworks/CoreServicesInternal.framework/Versions/A/CoreServicesInternal
0x000000000b789000 	/System/Library/PrivateFrameworks/Librarian.framework/Versions/A/Librarian
0x000000000b789000 	/System/Library/CoreServices/RawCamera.bundle/Contents/MacOS/RawCamera
0x000000011bec2000 	/System/Library/Frameworks/CoreGraphics.framework/Versions/A/Resources/libCGCMS.A.dylib
0x000000011bfd4000 	/System/Library/Frameworks/CoreGraphics.framework/Versions/A/Resources/libRIP.A.dylib
0x000000000b789000 	/System/Library/PrivateFrameworks/FamilyControls.framework/Versions/A/FamilyControls
0x000000000b789000 	/System/Library/PrivateFrameworks/CommerceKit.framework/Versions/A/Frameworks/CommerceCore.framework/Versions/A/CommerceCore
0x000000000b789000 	/System/Library/PrivateFrameworks/SystemAdministration.framework/Versions/A/SystemAdministration
0x000000000b789000 	/System/Library/Frameworks/DirectoryService.framework/Versions/A/DirectoryService
0x000000000b789000 	/System/Library/PrivateFrameworks/LoginUIKit.framework/Versions/A/Frameworks/LoginUICore.framework/Versions/A/LoginUICore
0x000000000b789000 	/usr/lib/libodfde.dylib
0x000000011e231000 	/Library/Java/JavaVirtualMachines/jdk1.8.0_40.jdk/Contents/Home/jre/lib/libjfxwebkit.dylib
0x0000000120546000 	/System/Library/Frameworks/CoreGraphics.framework/Versions/A/Resources/libCGXType.A.dylib
0x00000001216a9000 	/Library/Java/JavaVirtualMachines/jdk1.8.0_40.jdk/Contents/Home/jre/lib/libjavafx_font.dylib
0x0000000121e4b000 	cl_kernels
0x00000001224a2000 	/System/Library/Frameworks/OpenCL.framework/Versions/A/Libraries/ImageFormats/unorm8_bgra.dylib
0x0000000121e52000 	cl_kernels
0x000000011c41d000 	/Library/Java/JavaVirtualMachines/jdk1.8.0_40.jdk/Contents/Home/jre/lib/libnet.dylib
0x000000011c434000 	/Library/Java/JavaVirtualMachines/jdk1.8.0_40.jdk/Contents/Home/jre/lib/libnio.dylib
0x0000000122b88000 	/Library/Java/JavaVirtualMachines/jdk1.8.0_40.jdk/Contents/Home/jre/lib/libprism_common.dylib

VM Arguments:
jvm_args: -Dfile.encoding=UTF-8 
java_command: /Users/jaspertomas/NetBeansProjects/examples/MyAegisub/dist/run2124809229/MyAegisub.jar
java_class_path (initial): /Users/jaspertomas/NetBeansProjects/examples/MyAegisub/dist/run2124809229/MyAegisub.jar
Launcher Type: SUN_STANDARD

Environment Variables:
PATH=/usr/bin:/bin:/usr/sbin:/sbin
LD_LIBRARY_PATH=/Library/Java/JavaVirtualMachines/jdk1.8.0_40.jdk/Contents/Home/jre/lib/amd64:/Library/Java/JavaVirtualMachines/jdk1.8.0_40.jdk/Contents/Home/jre/lib/i386:
SHELL=/bin/bash
DISPLAY=/tmp/launch-eBZfiY/org.macosforge.xquartz:0
DYLD_LIBRARY_PATH=/Applications/NetBeans/NetBeans 8.0.2.app/Contents/Resources/NetBeans/webcommon/bin:

Signal Handlers:
SIGSEGV: [libjvm.dylib+0x58ef95], sa_mask[0]=11111111011111110111111111111111, sa_flags=SA_ONSTACK|SA_RESTART|SA_SIGINFO
SIGBUS: [libjvm.dylib+0x58ef95], sa_mask[0]=11111111011111110111111111111111, sa_flags=SA_RESTART|SA_SIGINFO
SIGFPE: [libjvm.dylib+0x46c118], sa_mask[0]=11111111011111110111111111111111, sa_flags=SA_RESTART|SA_SIGINFO
SIGPIPE: [libjvm.dylib+0x46c118], sa_mask[0]=11111111011111110111111111111111, sa_flags=SA_RESTART|SA_SIGINFO
SIGXFSZ: [libjvm.dylib+0x46c118], sa_mask[0]=11111111011111110111111111111111, sa_flags=SA_RESTART|SA_SIGINFO
SIGILL: [libjvm.dylib+0x46c118], sa_mask[0]=11111111011111110111111111111111, sa_flags=SA_RESTART|SA_SIGINFO
SIGUSR1: SIG_DFL, sa_mask[0]=00000000000000000000000000000000, sa_flags=SA_RESTART
SIGUSR2: [libjvm.dylib+0x46bc36], sa_mask[0]=00100000000000000000000000000000, sa_flags=SA_RESTART|SA_SIGINFO
SIGHUP: [libjvm.dylib+0x46a209], sa_mask[0]=11111111011111110111111111111111, sa_flags=SA_RESTART|SA_SIGINFO
SIGINT: SIG_IGN, sa_mask[0]=00000000000000000000000000000000, sa_flags=none
SIGTERM: [libjvm.dylib+0x46a209], sa_mask[0]=11111111011111110111111111111111, sa_flags=SA_RESTART|SA_SIGINFO
SIGQUIT: [libjvm.dylib+0x46a209], sa_mask[0]=11111111011111110111111111111111, sa_flags=SA_RESTART|SA_SIGINFO


---------------  S Y S T E M  ---------------

OS:Bsduname:Darwin 13.4.0 Darwin Kernel Version 13.4.0: Wed Dec 17 19:05:52 PST 2014; root:xnu-2422.115.10~1/RELEASE_X86_64 x86_64
rlimit: STACK 8192k, CORE 0k, NPROC 709, NOFILE 10240, AS infinity
load average:2.78 1.81 1.61

CPU:total 4 (2 cores per cpu, 2 threads per core) family 6 model 58 stepping 9, cmov, cx8, fxsr, mmx, sse, sse2, sse3, ssse3, sse4.1, sse4.2, popcnt, avx, aes, clmul, erms, ht, tsc, tscinvbit, tscinv

Memory: 4k page, physical 4194304k(243652k free)

/proc/meminfo:


vm_info: Java HotSpot(TM) 64-Bit Server VM (25.40-b25) for bsd-amd64 JRE (1.8.0_40-b26), built on Mar  7 2015 13:53:55 by "java_re" with gcc 4.2.1 (Based on Apple Inc. build 5658) (LLVM build 2336.11.00)

time: Thu Mar 19 18:54:11 2015
elapsed time: 21 seconds (0d 0h 0m 21s)

