#
# A fatal error has been detected by the Java Runtime Environment:
#
#  SIGSEGV (0xb) at pc=0x00000001246245a3, pid=5436, tid=3335
#
# JRE version: Java(TM) SE Runtime Environment (8.0_40-b26) (build 1.8.0_40-b26)
# Java VM: Java HotSpot(TM) 64-Bit Server VM (25.40-b25 mixed mode bsd-amd64 compressed oops)
# Problematic frame:
# C  [libjfxwebkit.dylib+0x9385a3]  Java_com_sun_webkit_PopupMenu_twkPopupClosed+0x6253
#
# Failed to write core dump. Core dumps have been disabled. To enable core dumping, try "ulimit -c unlimited" before starting Java again
#
# If you would like to submit a bug report, please visit:
#   http://bugreport.java.com/bugreport/crash.jsp
#

---------------  T H R E A D  ---------------

Current thread is native thread

siginfo: si_signo: 11 (SIGSEGV), si_code: 1 (SEGV_MAPERR), si_addr: 0x0000000000000000

Registers:
RAX=0x00007fff56172fe0, RBX=0x00007ffa65b1a238, RCX=0x00007fff56172fb4, RDX=0x00007ffa58768eb8
RSP=0x00007fff56172f00, RBP=0x00007fff56172fd0, RSI=0x00007ffa5851a358, RDI=0x0000000000000000
R8 =0x00007ffa4843c110, R9 =0x00007ffa4846af90, R10=0x000000006d4c7a3a, R11=0x0000000019288bc5
R12=0x00007ffa65b1a200, R13=0x00000001257c8f78, R14=0x0000000000000000, R15=0x0000000000000000
RIP=0x00000001246245a3, EFLAGS=0x0000000000010246, ERR=0x0000000000000004
  TRAPNO=0x000000000000000e

Top of Stack: (sp=0x00007fff56172f00)
0x00007fff56172f00:   0000000000000000 0000000000000000
0x00007fff56172f10:   0000000000000000 00007fff56172fb4
0x00007fff56172f20:   00007ffa4843c110 00007ffa4846af90
0x00007fff56172f30:   0000000000000000 0000000000000000
0x00007fff56172f40:   0000000000000000 0000000000000000
0x00007fff56172f50:   0000000000000000 0000000000000000
0x00007fff56172f60:   0000000000000000 0000000000000000
0x00007fff56172f70:   00007fff56172fa0 0000000109ed1d9d
0x00007fff56172f80:   0000000000000000 0000000000010002
0x00007fff56172f90:   00007fff56172fe8 000000010a3c1848
0x00007fff56172fa0:   00007fff56172fd0 0000000109ecfca3
0x00007fff56172fb0:   fffffffe00000000 0000003000000018
0x00007fff56172fc0:   00007fff56172fe0 00007fff56172f00
0x00007fff56172fd0:   00007fff56173000 00000001245e0726
0x00007fff56172fe0:   0000000000000000 0000000000000000
0x00007fff56172ff0:   00007ffa65b1a238 0000000000000000
0x00007fff56173000:   00007fff56173050 00000001245c67ec
0x00007fff56173010:   00007ffa584ef300 0000000f00000000
0x00007fff56173020:   00007ffa586d8b00 00007ffa48441c60
0x00007fff56173030:   00007ffa65b1a200 00000001257c8f78
0x00007fff56173040:   0000000000000000 0000000000000000
0x00007fff56173050:   00007fff56173090 00000001245c3d47
0x00007fff56173060:   00007fff56173100 00007fff8372e05a
0x00007fff56173070:   00007ffa48400000 00007ffa484fc080
0x00007fff56173080:   00007ffa48432b88 00007ffa48441c60
0x00007fff56173090:   00007fff561730c0 00000001245b99b5
0x00007fff561730a0:   00007ffa48441c60 00007ffa66a20408
0x00007fff561730b0:   00007ffa48441bf0 0000000000000018
0x00007fff561730c0:   00007fff561730e0 000000012474f047
0x00007fff561730d0:   00007ffa48441c60 00007ffa48441bf0
0x00007fff561730e0:   00007fff56173100 00000001247c610d
0x00007fff561730f0:   00007ffa48441bf0 00007ffa48441e00 

Instructions: (pc=0x00000001246245a3)
0x0000000124624583:   8d 85 30 ff ff ff 48 89 45 f8 48 8d 45 10 48 89
0x0000000124624593:   45 f0 c7 45 ec 30 00 00 00 c7 45 e8 18 00 00 00
0x00000001246245a3:   48 8b 07 48 8d 4d e8 ff 90 90 01 00 00 48 81 c4
0x00000001246245b3:   d0 00 00 00 5d c3 90 90 90 90 90 90 90 55 48 89 

Register to memory mapping:

RAX=0x00007fff56172fe0 is an unknown value
RBX=0x00007ffa65b1a238 is an unknown value
RCX=0x00007fff56172fb4 is an unknown value
RDX=0x00007ffa58768eb8 is an unknown value
RSP=0x00007fff56172f00 is an unknown value
RBP=0x00007fff56172fd0 is an unknown value
RSI=0x00007ffa5851a358 is a global jni handle
RDI=0x0000000000000000 is an unknown value
R8 =0x00007ffa4843c110 is an unknown value
R9 =0x00007ffa4846af90 is an unknown value
R10=0x000000006d4c7a3a is an unknown value
R11=0x0000000019288bc5 is an unknown value
R12=0x00007ffa65b1a200 is an unknown value
R13=0x00000001257c8f78 is an unknown value
R14=0x0000000000000000 is an unknown value
R15=0x0000000000000000 is an unknown value


Stack: [0x00007fff55977000,0x00007fff56177000],  sp=0x00007fff56172f00,  free space=8175k
Native frames: (J=compiled Java code, j=interpreted, Vv=VM code, C=native code)
C  [libjfxwebkit.dylib+0x9385a3]  Java_com_sun_webkit_PopupMenu_twkPopupClosed+0x6253
C  [libjfxwebkit.dylib+0x8f4726]  Java_com_sun_webkit_graphics_WCGraphicsManager_append+0x906
C  [libjfxwebkit.dylib+0x8da7ec]  Java_com_sun_webkit_dom_EventListenerImpl_twkDispatchEvent+0x51b8ec
C  [libjfxwebkit.dylib+0x8d7d47]  Java_com_sun_webkit_dom_EventListenerImpl_twkDispatchEvent+0x518e47
C  [libjfxwebkit.dylib+0x8cd9b5]  Java_com_sun_webkit_dom_EventListenerImpl_twkDispatchEvent+0x50eab5
C  [libjfxwebkit.dylib+0xa63047]  Java_com_sun_webkit_network_URLLoader_twkWillSendRequest+0x10eb97
C  [libjfxwebkit.dylib+0xada10d]  Java_com_sun_webkit_network_URLLoader_twkWillSendRequest+0x185c5d
C  [libjfxwebkit.dylib+0x4f3217]  Java_com_sun_webkit_dom_EventListenerImpl_twkDispatchEvent+0x134317
C  [libjfxwebkit.dylib+0x4f14ce]  Java_com_sun_webkit_dom_EventListenerImpl_twkDispatchEvent+0x1325ce
C  [libjfxwebkit.dylib+0x51b78b]  Java_com_sun_webkit_dom_EventListenerImpl_twkDispatchEvent+0x15c88b
C  [libjfxwebkit.dylib+0x516c30]  Java_com_sun_webkit_dom_EventListenerImpl_twkDispatchEvent+0x157d30
C  [libjfxwebkit.dylib+0x54a6ab]  Java_com_sun_webkit_dom_EventListenerImpl_twkDispatchEvent+0x18b7ab
C  [libjfxwebkit.dylib+0x6a46e8]  Java_com_sun_webkit_dom_EventListenerImpl_twkDispatchEvent+0x2e57e8
C  [libjfxwebkit.dylib+0x3eb4fa]  Java_com_sun_webkit_dom_EventListenerImpl_twkDispatchEvent+0x2c5fa
C  [libjfxwebkit.dylib+0xde932f]  JSValueIsObjectOfClass+0x5080f
C  [libjfxwebkit.dylib+0xde9838]  JSValueIsObjectOfClass+0x50d18
C  [libjfxwebkit.dylib+0xdf2326]  JSValueIsObjectOfClass+0x59806
C  [libjfxwebkit.dylib+0xdefe02]  JSValueIsObjectOfClass+0x572e2
C  [libjfxwebkit.dylib+0xdef879]  JSValueIsObjectOfClass+0x56d59
C  [CoreFoundation+0xb53e4]  __CFRUNLOOP_IS_CALLING_OUT_TO_A_TIMER_CALLBACK_FUNCTION__+0x14
C  [CoreFoundation+0xb4f1f]  __CFRunLoopDoTimer+0x47f
C  [CoreFoundation+0x1265aa]  __CFRunLoopDoTimers+0x12a
C  [CoreFoundation+0x706a5]  __CFRunLoopRun+0x5f5
C  [CoreFoundation+0x6fe75]  CFRunLoopRunSpecific+0x135
C  [java+0x6490]  CreateExecutionEnvironment+0x367
C  [java+0x221c]  JLI_Launch+0x7a0
C  [java+0x84ed]  main+0x65
C  [java+0x1a74]  start+0x34


---------------  P R O C E S S  ---------------

VM state:at safepoint (normal execution)

VM Mutex/Monitor currently owned by a thread:  ([mutex/lock_event])
[0x00007ffa58701140] Threads_lock - owner thread: 0x00007ffa58817800
[0x00007ffa58701640] Heap_lock - owner thread: 0x00007ffa669b5800

Heap:
 PSYoungGen      total 49152K, used 15784K [0x00000007aab00000, 0x00000007aec80000, 0x00000007c0000000)
  eden space 48640K, 31% used [0x00000007aab00000,0x00000007aba223f8,0x00000007ada80000)
  from space 512K, 56% used [0x00000007adc00000,0x00000007adc48000,0x00000007adc80000)
  to   space 9216K, 0% used [0x00000007ae380000,0x00000007ae380000,0x00000007aec80000)
 ParOldGen       total 33280K, used 15411K [0x0000000780000000, 0x0000000782080000, 0x00000007aab00000)
  object space 33280K, 46% used [0x0000000780000000,0x0000000780f0ce18,0x0000000782080000)
 Metaspace       used 22936K, capacity 23602K, committed 23936K, reserved 1071104K
  class space    used 2198K, capacity 2358K, committed 2432K, reserved 1048576K

Card table byte_map: [0x000000011a8c3000,0x000000011aac4000] byte_map_base: 0x0000000116cc3000

Marking Bits: (ParMarkBitMap*) 0x000000010a47c7a0
 Begin Bits: [0x000000011b026000, 0x000000011c026000)
 End Bits:   [0x000000011c026000, 0x000000011d026000)

Polling page: 0x000000010ab7c000

CodeCache: size=245760Kb used=18054Kb max_used=18054Kb free=227705Kb
 bounds [0x000000010b503000, 0x000000010c6c3000, 0x000000011a503000]
 total_blobs=4465 nmethods=3810 adapters=567
 compilation: enabled

Compilation events (10 events):
Event: 18.073 Thread 0x00007ffa5a00b000 nmethod 3948 0x000000010c689e50 code [0x000000010c689fc0, 0x000000010c68a130]
Event: 18.073 Thread 0x00007ffa5a00b000 3949   !   3       sun.invoke.util.VerifyAccess::isTypeVisible (101 bytes)
Event: 18.075 Thread 0x00007ffa5a00b000 nmethod 3949 0x000000010c6a1990 code [0x000000010c6a1ca0, 0x000000010c6a37f8]
Event: 18.075 Thread 0x00007ffa5a00b000 3950       3       java.lang.invoke.MemberName::<init> (131 bytes)
Event: 18.077 Thread 0x00007ffa5a00b000 nmethod 3950 0x000000010c6b25d0 code [0x000000010c6b28a0, 0x000000010c6b3c98]
Event: 18.077 Thread 0x00007ffa5a00b000 3951       1       java.util.concurrent.CopyOnWriteArrayList::getArray (5 bytes)
Event: 18.077 Thread 0x00007ffa5a00b000 nmethod 3951 0x000000010c6a16d0 code [0x000000010c6a1820, 0x000000010c6a1930]
Event: 18.143 Thread 0x00007ffa5a00b000 3952       3       java.util.logging.LogManager::access$100 (4 bytes)
Event: 18.143 Thread 0x00007ffa5a00b000 nmethod 3952 0x000000010c6b22d0 code [0x000000010c6b2420, 0x000000010c6b2550]
Event: 18.143 Thread 0x00007ffa5a00b000 3953       3       java.util.logging.LogManager$LoggerContext::requiresDefaultLoggers (29 bytes)

GC Heap History (10 events):
Event: 12.114 GC heap before
{Heap before GC invocations=8 (full 1):
 PSYoungGen      total 31232K, used 30432K [0x00000007aab00000, 0x00000007ad280000, 0x00000007c0000000)
  eden space 25088K, 100% used [0x00000007aab00000,0x00000007ac380000,0x00000007ac380000)
  from space 6144K, 86% used [0x00000007aca80000,0x00000007acfb83d0,0x00000007ad080000)
  to   space 7168K, 0% used [0x00000007ac380000,0x00000007ac380000,0x00000007aca80000)
 ParOldGen       total 33280K, used 6012K [0x0000000780000000, 0x0000000782080000, 0x00000007aab00000)
  object space 33280K, 18% used [0x0000000780000000,0x00000007805df088,0x0000000782080000)
 Metaspace       used 21888K, capacity 22518K, committed 22656K, reserved 1069056K
  class space    used 2182K, capacity 2346K, committed 2432K, reserved 1048576K
Event: 12.120 GC heap after
Heap after GC invocations=8 (full 1):
 PSYoungGen      total 32256K, used 6688K [0x00000007aab00000, 0x00000007ae180000, 0x00000007c0000000)
  eden space 25088K, 0% used [0x00000007aab00000,0x00000007aab00000,0x00000007ac380000)
  from space 7168K, 93% used [0x00000007ac380000,0x00000007aca083f0,0x00000007aca80000)
  to   space 8192K, 0% used [0x00000007ad980000,0x00000007ad980000,0x00000007ae180000)
 ParOldGen       total 33280K, used 8068K [0x0000000780000000, 0x0000000782080000, 0x00000007aab00000)
  object space 33280K, 24% used [0x0000000780000000,0x00000007807e1098,0x0000000782080000)
 Metaspace       used 21888K, capacity 22518K, committed 22656K, reserved 1069056K
  class space    used 2182K, capacity 2346K, committed 2432K, reserved 1048576K
}
Event: 13.017 GC heap before
{Heap before GC invocations=9 (full 1):
 PSYoungGen      total 32256K, used 31776K [0x00000007aab00000, 0x00000007ae180000, 0x00000007c0000000)
  eden space 25088K, 100% used [0x00000007aab00000,0x00000007ac380000,0x00000007ac380000)
  from space 7168K, 93% used [0x00000007ac380000,0x00000007aca083f0,0x00000007aca80000)
  to   space 8192K, 0% used [0x00000007ad980000,0x00000007ad980000,0x00000007ae180000)
 ParOldGen       total 33280K, used 8068K [0x0000000780000000, 0x0000000782080000, 0x00000007aab00000)
  object space 33280K, 24% used [0x0000000780000000,0x00000007807e1098,0x0000000782080000)
 Metaspace       used 22149K, capacity 22774K, committed 22912K, reserved 1069056K
  class space    used 2182K, capacity 2346K, committed 2432K, reserved 1048576K
Event: 13.022 GC heap after
Heap after GC invocations=9 (full 1):
 PSYoungGen      total 47104K, used 6720K [0x00000007aab00000, 0x00000007ae280000, 0x00000007c0000000)
  eden space 38912K, 0% used [0x00000007aab00000,0x00000007aab00000,0x00000007ad100000)
  from space 8192K, 82% used [0x00000007ad980000,0x00000007ae0103f0,0x00000007ae180000)
  to   space 8704K, 0% used [0x00000007ad100000,0x00000007ad100000,0x00000007ad980000)
 ParOldGen       total 33280K, used 8076K [0x0000000780000000, 0x0000000782080000, 0x00000007aab00000)
  object space 33280K, 24% used [0x0000000780000000,0x00000007807e3098,0x0000000782080000)
 Metaspace       used 22149K, capacity 22774K, committed 22912K, reserved 1069056K
  class space    used 2182K, capacity 2346K, committed 2432K, reserved 1048576K
}
Event: 14.426 GC heap before
{Heap before GC invocations=10 (full 1):
 PSYoungGen      total 47104K, used 45632K [0x00000007aab00000, 0x00000007ae280000, 0x00000007c0000000)
  eden space 38912K, 100% used [0x00000007aab00000,0x00000007ad100000,0x00000007ad100000)
  from space 8192K, 82% used [0x00000007ad980000,0x00000007ae0103f0,0x00000007ae180000)
  to   space 8704K, 0% used [0x00000007ad100000,0x00000007ad100000,0x00000007ad980000)
 ParOldGen       total 33280K, used 8076K [0x0000000780000000, 0x0000000782080000, 0x00000007aab00000)
  object space 33280K, 24% used [0x0000000780000000,0x00000007807e3098,0x0000000782080000)
 Metaspace       used 22496K, capacity 23158K, committed 23424K, reserved 1071104K
  class space    used 2182K, capacity 2346K, committed 2432K, reserved 1048576K
Event: 14.432 GC heap after
Heap after GC invocations=10 (full 1):
 PSYoungGen      total 47616K, used 1536K [0x00000007aab00000, 0x00000007aee80000, 0x00000007c0000000)
  eden space 38912K, 0% used [0x00000007aab00000,0x00000007aab00000,0x00000007ad100000)
  from space 8704K, 17% used [0x00000007ad100000,0x00000007ad280020,0x00000007ad980000)
  to   space 8704K, 0% used [0x00000007ae600000,0x00000007ae600000,0x00000007aee80000)
 ParOldGen       total 33280K, used 15355K [0x0000000780000000, 0x0000000782080000, 0x00000007aab00000)
  object space 33280K, 46% used [0x0000000780000000,0x0000000780efee18,0x0000000782080000)
 Metaspace       used 22496K, capacity 23158K, committed 23424K, reserved 1071104K
  class space    used 2182K, capacity 2346K, committed 2432K, reserved 1048576K
}
Event: 15.830 GC heap before
{Heap before GC invocations=11 (full 1):
 PSYoungGen      total 47616K, used 40448K [0x00000007aab00000, 0x00000007aee80000, 0x00000007c0000000)
  eden space 38912K, 100% used [0x00000007aab00000,0x00000007ad100000,0x00000007ad100000)
  from space 8704K, 17% used [0x00000007ad100000,0x00000007ad280020,0x00000007ad980000)
  to   space 8704K, 0% used [0x00000007ae600000,0x00000007ae600000,0x00000007aee80000)
 ParOldGen       total 33280K, used 15355K [0x0000000780000000, 0x0000000782080000, 0x00000007aab00000)
  object space 33280K, 46% used [0x0000000780000000,0x0000000780efee18,0x0000000782080000)
 Metaspace       used 22693K, capacity 23290K, committed 23424K, reserved 1071104K
  class space    used 2182K, capacity 2346K, committed 2432K, reserved 1048576K
Event: 15.832 GC heap after
Heap after GC invocations=11 (full 1):
 PSYoungGen      total 57344K, used 1504K [0x00000007aab00000, 0x00000007aed00000, 0x00000007c0000000)
  eden space 50176K, 0% used [0x00000007aab00000,0x00000007aab00000,0x00000007adc00000)
  from space 7168K, 20% used [0x00000007ae600000,0x00000007ae778020,0x00000007aed00000)
  to   space 8704K, 0% used [0x00000007adc00000,0x00000007adc00000,0x00000007ae480000)
 ParOldGen       total 33280K, used 15387K [0x0000000780000000, 0x0000000782080000, 0x00000007aab00000)
  object space 33280K, 46% used [0x0000000780000000,0x0000000780f06e18,0x0000000782080000)
 Metaspace       used 22693K, capacity 23290K, committed 23424K, reserved 1071104K
  class space    used 2182K, capacity 2346K, committed 2432K, reserved 1048576K
}
Event: 17.573 GC heap before
{Heap before GC invocations=12 (full 1):
 PSYoungGen      total 57344K, used 51680K [0x00000007aab00000, 0x00000007aed00000, 0x00000007c0000000)
  eden space 50176K, 100% used [0x00000007aab00000,0x00000007adc00000,0x00000007adc00000)
  from space 7168K, 20% used [0x00000007ae600000,0x00000007ae778020,0x00000007aed00000)
  to   space 8704K, 0% used [0x00000007adc00000,0x00000007adc00000,0x00000007ae480000)
 ParOldGen       total 33280K, used 15387K [0x0000000780000000, 0x0000000782080000, 0x00000007aab00000)
  object space 33280K, 46% used [0x0000000780000000,0x0000000780f06e18,0x0000000782080000)
 Metaspace       used 22842K, capacity 23488K, committed 23680K, reserved 1071104K
  class space    used 2189K, capacity 2347K, committed 2432K, reserved 1048576K
Event: 17.574 GC heap after
Heap after GC invocations=12 (full 1):
 PSYoungGen      total 49152K, used 288K [0x00000007aab00000, 0x00000007aec80000, 0x00000007c0000000)
  eden space 48640K, 0% used [0x00000007aab00000,0x00000007aab00000,0x00000007ada80000)
  from space 512K, 56% used [0x00000007adc00000,0x00000007adc48000,0x00000007adc80000)
  to   space 9216K, 0% used [0x00000007ae380000,0x00000007ae380000,0x00000007aec80000)
 ParOldGen       total 33280K, used 15411K [0x0000000780000000, 0x0000000782080000, 0x00000007aab00000)
  object space 33280K, 46% used [0x0000000780000000,0x0000000780f0ce18,0x0000000782080000)
 Metaspace       used 22842K, capacity 23488K, committed 23680K, reserved 1071104K
  class space    used 2189K, capacity 2347K, committed 2432K, reserved 1048576K
}

Deoptimization events (10 events):
Event: 11.149 Thread 0x00007ffa588a3800 Uncommon trap: reason=unstable_if action=reinterpret pc=0x000000010bd5d354 method=com.sun.javafx.font.CMap$CMapFormat10.<init>(Lcom/sun/javafx/font/FontFileReader$Buffer;I)V @ 50
Event: 11.175 Thread 0x00007ffa588a3800 Uncommon trap: reason=unstable_if action=reinterpret pc=0x000000010b911ab4 method=java.util.WeakHashMap.expungeStaleEntries()V @ 9
Event: 11.641 Thread 0x00007ffa588a3800 Uncommon trap: reason=array_check action=maybe_recompile pc=0x000000010bef9b60 method=com.sun.javafx.css.SimpleSelector.applies(Ljavafx/css/Styleable;[Ljava/util/Set;I)Z @ 37
Event: 11.641 Thread 0x00007ffa588a3800 Uncommon trap: reason=array_check action=maybe_recompile pc=0x000000010bef9b60 method=com.sun.javafx.css.SimpleSelector.applies(Ljavafx/css/Styleable;[Ljava/util/Set;I)Z @ 37
Event: 11.641 Thread 0x00007ffa588a3800 Uncommon trap: reason=array_check action=maybe_recompile pc=0x000000010bef9b60 method=com.sun.javafx.css.SimpleSelector.applies(Ljavafx/css/Styleable;[Ljava/util/Set;I)Z @ 37
Event: 11.641 Thread 0x00007ffa588a3800 Uncommon trap: reason=array_check action=maybe_recompile pc=0x000000010bef9b60 method=com.sun.javafx.css.SimpleSelector.applies(Ljavafx/css/Styleable;[Ljava/util/Set;I)Z @ 37
Event: 12.942 Thread 0x00007ffa588a3800 Uncommon trap: reason=array_check action=maybe_recompile pc=0x000000010c16ce68 method=com.sun.javafx.css.CompoundSelector.applies(Ljavafx/css/Styleable;[Ljava/util/Set;I)Z @ 128
Event: 12.942 Thread 0x00007ffa588a3800 Uncommon trap: reason=array_check action=maybe_recompile pc=0x000000010c16ce68 method=com.sun.javafx.css.CompoundSelector.applies(Ljavafx/css/Styleable;[Ljava/util/Set;I)Z @ 128
Event: 12.942 Thread 0x00007ffa588a3800 Uncommon trap: reason=array_check action=maybe_recompile pc=0x000000010c16ce68 method=com.sun.javafx.css.CompoundSelector.applies(Ljavafx/css/Styleable;[Ljava/util/Set;I)Z @ 128
Event: 12.942 Thread 0x00007ffa588a3800 Uncommon trap: reason=array_check action=maybe_recompile pc=0x000000010c16ce68 method=com.sun.javafx.css.CompoundSelector.applies(Ljavafx/css/Styleable;[Ljava/util/Set;I)Z @ 128

Internal exceptions (10 events):
Event: 0.375 Thread 0x00007ffa5880e000 Exception <a 'java/security/PrivilegedActionException'> (0x00000007aadff610) thrown at [/Users/java_re/workspace/8-2-build-macosx-x86_64/jdk8u40/3098/hotspot/src/share/vm/prims/jvm.cpp, line 1382]
Event: 0.377 Thread 0x00007ffa5880e000 Exception <a 'java/lang/NullPointerException'> (0x00000007aae00ac0) thrown at [/Users/java_re/workspace/8-2-build-macosx-x86_64/jdk8u40/3098/hotspot/src/share/vm/interpreter/linkResolver.cpp, line 1178]
Event: 0.753 Thread 0x00007ffa588a3800 Exception <a 'java/lang/NullPointerException'> (0x00000007ab5866f0) thrown at [/Users/java_re/workspace/8-2-build-macosx-x86_64/jdk8u40/3098/hotspot/src/share/vm/interpreter/linkResolver.cpp, line 1178]
Event: 0.753 Thread 0x00007ffa588a3800 Exception <a 'java/lang/NullPointerException'> (0x00000007ab5866f0) thrown at [/Users/java_re/workspace/8-2-build-macosx-x86_64/jdk8u40/3098/hotspot/src/share/vm/prims/jvm.cpp, line 1386]
Event: 1.157 Thread 0x00007ffa588a3800 Implicit null exception at 0x000000010b77d2b5 to 0x000000010b77d4b1
Event: 1.664 Thread 0x00007ffa588a3800 Implicit null exception at 0x000000010b7dbaf5 to 0x000000010b7dbe61
Event: 2.780 Thread 0x00007ffa588a3800 Exception <a 'sun/nio/fs/UnixException'> (0x00000007ab703030) thrown at [/Users/java_re/workspace/8-2-build-macosx-x86_64/jdk8u40/3098/hotspot/src/share/vm/prims/jni.cpp, line 709]
Event: 2.782 Thread 0x00007ffa588a3800 Exception <a 'sun/nio/fs/UnixException'> (0x00000007ab704db8) thrown at [/Users/java_re/workspace/8-2-build-macosx-x86_64/jdk8u40/3098/hotspot/src/share/vm/prims/jni.cpp, line 709]
Event: 2.785 Thread 0x00007ffa588a3800 Implicit null exception at 0x000000010b721535 to 0x000000010b721895
Event: 11.150 Thread 0x00007ffa588a3800 Exception <a 'java/io/FileNotFoundException'> (0x00000007aaf63018) thrown at [/Users/java_re/workspace/8-2-build-macosx-x86_64/jdk8u40/3098/hotspot/src/share/vm/prims/jni.cpp, line 709]

Events (10 events):
Event: 18.141 Thread 0x00007ffa59199800 Thread exited: 0x00007ffa59199800
Event: 18.141 loading class java/util/IdentityHashMap$KeySet
Event: 18.142 loading class java/util/IdentityHashMap$KeySet done
Event: 18.142 loading class java/util/IdentityHashMap$KeyIterator
Event: 18.142 loading class java/util/IdentityHashMap$IdentityHashMapIterator
Event: 18.142 loading class java/util/IdentityHashMap$IdentityHashMapIterator done
Event: 18.142 loading class java/util/IdentityHashMap$KeyIterator done
Event: 18.143 Thread 0x00007ffa48a96800 Thread added: 0x00007ffa48a96800
Event: 18.143 Thread 0x00007ffa48a96800 Thread exited: 0x00007ffa48a96800
Event: 18.144 Thread 0x00007ffa669b5800 Thread exited: 0x00007ffa669b5800


Dynamic libraries:
0x00000000033f7000 	/System/Library/Frameworks/Cocoa.framework/Versions/A/Cocoa
0x00000000033f7000 	/System/Library/Frameworks/Security.framework/Versions/A/Security
0x00000000033f7000 	/System/Library/Frameworks/ApplicationServices.framework/Versions/A/ApplicationServices
0x00000000033f7000 	/usr/lib/libz.1.dylib
0x00000000033f7000 	/usr/lib/libSystem.B.dylib
0x00000000033f7000 	/usr/lib/libobjc.A.dylib
0x00000000033f7000 	/System/Library/Frameworks/CoreFoundation.framework/Versions/A/CoreFoundation
0x00000000033f7000 	/System/Library/Frameworks/Foundation.framework/Versions/C/Foundation
0x00000000033f7000 	/System/Library/Frameworks/AppKit.framework/Versions/C/AppKit
0x00000000033f7000 	/System/Library/Frameworks/CoreData.framework/Versions/A/CoreData
0x00000000033f7000 	/System/Library/PrivateFrameworks/RemoteViewServices.framework/Versions/A/RemoteViewServices
0x00000000033f7000 	/System/Library/Frameworks/AudioToolbox.framework/Versions/A/AudioToolbox
0x00000000033f7000 	/System/Library/Frameworks/AudioUnit.framework/Versions/A/AudioUnit
0x00000000033f7000 	/System/Library/PrivateFrameworks/DataDetectorsCore.framework/Versions/A/DataDetectorsCore
0x00000000033f7000 	/System/Library/PrivateFrameworks/DesktopServicesPriv.framework/Versions/A/DesktopServicesPriv
0x00000000033f7000 	/System/Library/Frameworks/Carbon.framework/Versions/A/Frameworks/HIToolbox.framework/Versions/A/HIToolbox
0x00000000033f7000 	/System/Library/Frameworks/QuartzCore.framework/Versions/A/QuartzCore
0x00000000033f7000 	/System/Library/Frameworks/Carbon.framework/Versions/A/Frameworks/SpeechRecognition.framework/Versions/A/SpeechRecognition
0x00000000033f7000 	/usr/lib/libauto.dylib
0x00000000033f7000 	/usr/lib/libicucore.A.dylib
0x00000000033f7000 	/usr/lib/libxml2.2.dylib
0x00000000033f7000 	/System/Library/PrivateFrameworks/CoreUI.framework/Versions/A/CoreUI
0x00000000033f7000 	/System/Library/Frameworks/CoreAudio.framework/Versions/A/CoreAudio
0x00000000033f7000 	/System/Library/Frameworks/DiskArbitration.framework/Versions/A/DiskArbitration
0x00000000033f7000 	/usr/lib/liblangid.dylib
0x00000000033f7000 	/System/Library/PrivateFrameworks/MultitouchSupport.framework/Versions/A/MultitouchSupport
0x00000000033f7000 	/System/Library/Frameworks/IOKit.framework/Versions/A/IOKit
0x00000000033f7000 	/usr/lib/libDiagnosticMessagesClient.dylib
0x00000000033f7000 	/System/Library/Frameworks/CoreServices.framework/Versions/A/CoreServices
0x00000000033f7000 	/System/Library/PrivateFrameworks/PerformanceAnalysis.framework/Versions/A/PerformanceAnalysis
0x00000000033f7000 	/System/Library/PrivateFrameworks/GenerationalStorage.framework/Versions/A/GenerationalStorage
0x00000000033f7000 	/System/Library/Frameworks/OpenGL.framework/Versions/A/OpenGL
0x00000000033f7000 	/System/Library/PrivateFrameworks/Sharing.framework/Versions/A/Sharing
0x00000000033f7000 	/System/Library/Frameworks/ImageIO.framework/Versions/A/ImageIO
0x00000000033f7000 	/System/Library/Frameworks/CoreText.framework/Versions/A/CoreText
0x00000000033f7000 	/System/Library/Frameworks/CoreGraphics.framework/Versions/A/CoreGraphics
0x00000000033f7000 	/System/Library/PrivateFrameworks/Backup.framework/Versions/A/Backup
0x00000000033f7000 	/System/Library/Frameworks/CFNetwork.framework/Versions/A/CFNetwork
0x00000000033f7000 	/System/Library/Frameworks/SystemConfiguration.framework/Versions/A/SystemConfiguration
0x00000000033f7000 	/usr/lib/libCRFSuite.dylib
0x00000000033f7000 	/usr/lib/libc++.1.dylib
0x00000000033f7000 	/usr/lib/libc++abi.dylib
0x00000000033f7000 	/usr/lib/system/libcache.dylib
0x00000000033f7000 	/usr/lib/system/libcommonCrypto.dylib
0x00000000033f7000 	/usr/lib/system/libcompiler_rt.dylib
0x00000000033f7000 	/usr/lib/system/libcopyfile.dylib
0x00000000033f7000 	/usr/lib/system/libcorecrypto.dylib
0x00000000033f7000 	/usr/lib/system/libdispatch.dylib
0x00000000033f7000 	/usr/lib/system/libdyld.dylib
0x00000000033f7000 	/usr/lib/system/libkeymgr.dylib
0x00000000033f7000 	/usr/lib/system/liblaunch.dylib
0x00000000033f7000 	/usr/lib/system/libmacho.dylib
0x00000000033f7000 	/usr/lib/system/libquarantine.dylib
0x00000000033f7000 	/usr/lib/system/libremovefile.dylib
0x00000000033f7000 	/usr/lib/system/libsystem_asl.dylib
0x00000000033f7000 	/usr/lib/system/libsystem_blocks.dylib
0x00000000033f7000 	/usr/lib/system/libsystem_c.dylib
0x00000000033f7000 	/usr/lib/system/libsystem_configuration.dylib
0x00000000033f7000 	/usr/lib/system/libsystem_dnssd.dylib
0x00000000033f7000 	/usr/lib/system/libsystem_info.dylib
0x00000000033f7000 	/usr/lib/system/libsystem_kernel.dylib
0x00000000033f7000 	/usr/lib/system/libsystem_m.dylib
0x00000000033f7000 	/usr/lib/system/libsystem_malloc.dylib
0x00000000033f7000 	/usr/lib/system/libsystem_network.dylib
0x00000000033f7000 	/usr/lib/system/libsystem_notify.dylib
0x00000000033f7000 	/usr/lib/system/libsystem_platform.dylib
0x00000000033f7000 	/usr/lib/system/libsystem_pthread.dylib
0x00000000033f7000 	/usr/lib/system/libsystem_sandbox.dylib
0x00000000033f7000 	/usr/lib/system/libsystem_stats.dylib
0x00000000033f7000 	/usr/lib/system/libunc.dylib
0x00000000033f7000 	/usr/lib/system/libunwind.dylib
0x00000000033f7000 	/usr/lib/system/libxpc.dylib
0x00000000033f7000 	/usr/lib/libbsm.0.dylib
0x00000000033f7000 	/usr/lib/libsqlite3.dylib
0x00000000033f7000 	/usr/lib/libxar.1.dylib
0x00000000033f7000 	/usr/lib/libpam.2.dylib
0x00000000033f7000 	/usr/lib/libOpenScriptingUtil.dylib
0x00000000033f7000 	/usr/lib/libbz2.1.0.dylib
0x00000000033f7000 	/System/Library/Frameworks/CoreServices.framework/Versions/A/Frameworks/CarbonCore.framework/Versions/A/CarbonCore
0x00000000033f7000 	/System/Library/Frameworks/CoreServices.framework/Versions/A/Frameworks/Metadata.framework/Versions/A/Metadata
0x00000000033f7000 	/System/Library/Frameworks/CoreServices.framework/Versions/A/Frameworks/OSServices.framework/Versions/A/OSServices
0x00000000033f7000 	/System/Library/Frameworks/CoreServices.framework/Versions/A/Frameworks/SearchKit.framework/Versions/A/SearchKit
0x00000000033f7000 	/System/Library/Frameworks/CoreServices.framework/Versions/A/Frameworks/AE.framework/Versions/A/AE
0x00000000033f7000 	/System/Library/Frameworks/CoreServices.framework/Versions/A/Frameworks/LaunchServices.framework/Versions/A/LaunchServices
0x00000000033f7000 	/System/Library/Frameworks/CoreServices.framework/Versions/A/Frameworks/DictionaryServices.framework/Versions/A/DictionaryServices
0x00000000033f7000 	/System/Library/Frameworks/NetFS.framework/Versions/A/NetFS
0x00000000033f7000 	/usr/lib/system/libkxld.dylib
0x00000000033f7000 	/System/Library/PrivateFrameworks/NetAuth.framework/Versions/A/NetAuth
0x00000000033f7000 	/System/Library/PrivateFrameworks/TCC.framework/Versions/A/TCC
0x00000000033f7000 	/System/Library/Frameworks/OpenDirectory.framework/Versions/A/Frameworks/CFOpenDirectory.framework/Versions/A/CFOpenDirectory
0x00000000033f7000 	/System/Library/Frameworks/ServiceManagement.framework/Versions/A/ServiceManagement
0x00000000033f7000 	/usr/lib/libxslt.1.dylib
0x00000000033f7000 	/System/Library/Frameworks/Carbon.framework/Versions/A/Frameworks/Ink.framework/Versions/A/Ink
0x00000000033f7000 	/System/Library/Frameworks/ApplicationServices.framework/Versions/A/Frameworks/ATS.framework/Versions/A/ATS
0x00000000033f7000 	/System/Library/Frameworks/ApplicationServices.framework/Versions/A/Frameworks/ColorSync.framework/Versions/A/ColorSync
0x00000000033f7000 	/System/Library/Frameworks/ApplicationServices.framework/Versions/A/Frameworks/HIServices.framework/Versions/A/HIServices
0x00000000033f7000 	/System/Library/Frameworks/ApplicationServices.framework/Versions/A/Frameworks/LangAnalysis.framework/Versions/A/LangAnalysis
0x00000000033f7000 	/System/Library/Frameworks/ApplicationServices.framework/Versions/A/Frameworks/PrintCore.framework/Versions/A/PrintCore
0x00000000033f7000 	/System/Library/Frameworks/ApplicationServices.framework/Versions/A/Frameworks/QD.framework/Versions/A/QD
0x00000000033f7000 	/System/Library/Frameworks/ApplicationServices.framework/Versions/A/Frameworks/SpeechSynthesis.framework/Versions/A/SpeechSynthesis
0x00000000033f7000 	/System/Library/Frameworks/IOSurface.framework/Versions/A/IOSurface
0x00000000033f7000 	/System/Library/Frameworks/Accelerate.framework/Versions/A/Accelerate
0x00000000033f7000 	/System/Library/Frameworks/Accelerate.framework/Versions/A/Frameworks/vImage.framework/Versions/A/vImage
0x00000000033f7000 	/System/Library/Frameworks/Accelerate.framework/Versions/A/Frameworks/vecLib.framework/Versions/A/vecLib
0x00000000033f7000 	/System/Library/Frameworks/Accelerate.framework/Versions/A/Frameworks/vecLib.framework/Versions/A/libvDSP.dylib
0x00000000033f7000 	/System/Library/Frameworks/Accelerate.framework/Versions/A/Frameworks/vecLib.framework/Versions/A/libvMisc.dylib
0x00000000033f7000 	/System/Library/Frameworks/Accelerate.framework/Versions/A/Frameworks/vecLib.framework/Versions/A/libLAPACK.dylib
0x00000000033f7000 	/System/Library/Frameworks/Accelerate.framework/Versions/A/Frameworks/vecLib.framework/Versions/A/libBLAS.dylib
0x00000000033f7000 	/System/Library/Frameworks/ApplicationServices.framework/Versions/A/Frameworks/ATS.framework/Versions/A/Resources/libFontParser.dylib
0x00000000033f7000 	/System/Library/Frameworks/ApplicationServices.framework/Versions/A/Frameworks/ATS.framework/Versions/A/Resources/libFontRegistry.dylib
0x00000000033f7000 	/System/Library/Frameworks/ImageIO.framework/Versions/A/Resources/libJPEG.dylib
0x00000000033f7000 	/System/Library/Frameworks/ImageIO.framework/Versions/A/Resources/libTIFF.dylib
0x00000000033f7000 	/System/Library/Frameworks/ImageIO.framework/Versions/A/Resources/libPng.dylib
0x00000000033f7000 	/System/Library/Frameworks/ImageIO.framework/Versions/A/Resources/libGIF.dylib
0x00000000033f7000 	/System/Library/Frameworks/ImageIO.framework/Versions/A/Resources/libJP2.dylib
0x00000000033f7000 	/System/Library/Frameworks/ImageIO.framework/Versions/A/Resources/libRadiance.dylib
0x00000000033f7000 	/usr/lib/libcups.2.dylib
0x00000000033f7000 	/System/Library/Frameworks/Kerberos.framework/Versions/A/Kerberos
0x00000000033f7000 	/System/Library/Frameworks/GSS.framework/Versions/A/GSS
0x00000000033f7000 	/usr/lib/libresolv.9.dylib
0x00000000033f7000 	/usr/lib/libiconv.2.dylib
0x00000000033f7000 	/System/Library/PrivateFrameworks/Heimdal.framework/Versions/A/Heimdal
0x00000000033f7000 	/System/Library/PrivateFrameworks/TrustEvaluationAgent.framework/Versions/A/TrustEvaluationAgent
0x00000000033f7000 	/usr/lib/libheimdal-asn1.dylib
0x00000000033f7000 	/System/Library/Frameworks/OpenDirectory.framework/Versions/A/OpenDirectory
0x00000000033f7000 	/System/Library/PrivateFrameworks/CommonAuth.framework/Versions/A/CommonAuth
0x00000000033f7000 	/System/Library/Frameworks/SecurityFoundation.framework/Versions/A/SecurityFoundation
0x00000000033f7000 	/System/Library/PrivateFrameworks/Bom.framework/Versions/A/Bom
0x00000000033f7000 	/System/Library/Frameworks/CoreVideo.framework/Versions/A/CoreVideo
0x00000000033f7000 	/System/Library/Frameworks/QuartzCore.framework/Versions/A/Frameworks/CoreImage.framework/Versions/A/CoreImage
0x00000000033f7000 	/System/Library/Frameworks/QuartzCore.framework/Versions/A/Frameworks/ScalableUserInterface.framework/Versions/A/ScalableUserInterface
0x00000000033f7000 	/System/Library/Frameworks/OpenGL.framework/Versions/A/Libraries/libGLU.dylib
0x00000000033f7000 	/System/Library/Frameworks/OpenGL.framework/Versions/A/Libraries/libGFXShared.dylib
0x00000000033f7000 	/System/Library/Frameworks/OpenGL.framework/Versions/A/Libraries/libGL.dylib
0x00000000033f7000 	/System/Library/Frameworks/OpenGL.framework/Versions/A/Libraries/libGLImage.dylib
0x00000000033f7000 	/System/Library/Frameworks/OpenGL.framework/Versions/A/Libraries/libCVMSPluginSupport.dylib
0x00000000033f7000 	/System/Library/Frameworks/OpenGL.framework/Versions/A/Libraries/libCoreVMClient.dylib
0x00000000033f7000 	/System/Library/PrivateFrameworks/FaceCore.framework/Versions/A/FaceCore
0x00000000033f7000 	/System/Library/PrivateFrameworks/CrashReporterSupport.framework/Versions/A/CrashReporterSupport
0x00000000033f7000 	/System/Library/Frameworks/OpenCL.framework/Versions/A/OpenCL
0x00000000033f7000 	/System/Library/PrivateFrameworks/AppleFSCompression.framework/Versions/A/AppleFSCompression
0x00000000033f7000 	/System/Library/PrivateFrameworks/Ubiquity.framework/Versions/A/Ubiquity
0x00000000033f7000 	/System/Library/PrivateFrameworks/IconServices.framework/Versions/A/IconServices
0x00000000033f7000 	/System/Library/PrivateFrameworks/ChunkingLibrary.framework/Versions/A/ChunkingLibrary
0x00000000033f7000 	/System/Library/PrivateFrameworks/CoreSymbolication.framework/Versions/A/CoreSymbolication
0x00000000033f7000 	/System/Library/PrivateFrameworks/Symbolication.framework/Versions/A/Symbolication
0x00000000033f7000 	/System/Library/PrivateFrameworks/DebugSymbols.framework/Versions/A/DebugSymbols
0x0000000109bba000 	/Library/Java/JavaVirtualMachines/jdk1.8.0_40.jdk/Contents/Home/jre/lib/server/libjvm.dylib
0x00000000033f7000 	/usr/lib/libstdc++.6.dylib
0x000000010ab39000 	/Library/Java/JavaVirtualMachines/jdk1.8.0_40.jdk/Contents/Home/jre/lib/libverify.dylib
0x000000010ab47000 	/Library/Java/JavaVirtualMachines/jdk1.8.0_40.jdk/Contents/Home/jre/lib/libjava.dylib
0x000000010ab86000 	/Library/Java/JavaVirtualMachines/jdk1.8.0_40.jdk/Contents/Home/jre/lib/libzip.dylib
0x000000011ef7a000 	/System/Library/Frameworks/JavaVM.framework/Frameworks/JavaRuntimeSupport.framework/JavaRuntimeSupport
0x000000011ef92000 	/System/Library/Frameworks/JavaVM.framework/Versions/A/Frameworks/JavaNativeFoundation.framework/Versions/A/JavaNativeFoundation
0x000000011efa6000 	/System/Library/Frameworks/JavaVM.framework/Versions/A/JavaVM
0x00000000033f7000 	/System/Library/Frameworks/Carbon.framework/Versions/A/Carbon
0x000000011efb2000 	/System/Library/PrivateFrameworks/JavaLaunching.framework/Versions/A/JavaLaunching
0x00000000033f7000 	/System/Library/Frameworks/Carbon.framework/Versions/A/Frameworks/CommonPanels.framework/Versions/A/CommonPanels
0x00000000033f7000 	/System/Library/Frameworks/Carbon.framework/Versions/A/Frameworks/Help.framework/Versions/A/Help
0x00000000033f7000 	/System/Library/Frameworks/Carbon.framework/Versions/A/Frameworks/ImageCapture.framework/Versions/A/ImageCapture
0x00000000033f7000 	/System/Library/Frameworks/Carbon.framework/Versions/A/Frameworks/OpenScripting.framework/Versions/A/OpenScripting
0x00000000033f7000 	/System/Library/Frameworks/Carbon.framework/Versions/A/Frameworks/Print.framework/Versions/A/Print
0x00000000033f7000 	/System/Library/Frameworks/Carbon.framework/Versions/A/Frameworks/SecurityHI.framework/Versions/A/SecurityHI
0x000000011f882000 	/Library/Java/JavaVirtualMachines/jdk1.8.0_40.jdk/Contents/Home/jre/lib/libprism_es2.dylib
0x00000000033f7000 	/System/Library/Frameworks/OpenGL.framework/Versions/A/Resources/GLEngine.bundle/GLEngine
0x00000000033f7000 	/System/Library/Frameworks/OpenGL.framework/Versions/A/Libraries/libGLProgrammability.dylib
0x0000000000000000 	/System/Library/Extensions/AppleIntelHD4000GraphicsGLDriver.bundle/Contents/MacOS/AppleIntelHD4000GraphicsGLDriver
0x00000000033f7000 	/System/Library/PrivateFrameworks/IOAccelerator.framework/Versions/A/IOAccelerator
0x00000000033f7000 	/System/Library/PrivateFrameworks/GPUSupport.framework/Versions/A/Libraries/libGPUSupportMercury.dylib
0x00000000033f7000 	/System/Library/Frameworks/OpenGL.framework/Versions/A/Resources/GLRendererFloat.bundle/GLRendererFloat
0x00000000033f7000 	/System/Library/Frameworks/OpenCL.framework/Versions/A/Libraries/libcldcpuengine.dylib
0x00000000033f7000 	/System/Library/PrivateFrameworks/DiskImages.framework/Versions/A/DiskImages
0x00000000033f7000 	/System/Library/Frameworks/DiscRecording.framework/Versions/A/DiscRecording
0x00000000033f7000 	/usr/lib/libcsfde.dylib
0x00000000033f7000 	/usr/lib/libcurl.4.dylib
0x00000000033f7000 	/System/Library/PrivateFrameworks/MediaKit.framework/Versions/A/MediaKit
0x00000000033f7000 	/usr/lib/libCoreStorage.dylib
0x00000000033f7000 	/System/Library/PrivateFrameworks/EFILogin.framework/Versions/A/EFILogin
0x00000000033f7000 	/usr/lib/libutil.dylib
0x00000000033f7000 	/System/Library/PrivateFrameworks/AOSNotification.framework/Versions/A/AOSNotification
0x00000000033f7000 	/System/Library/Frameworks/LDAP.framework/Versions/A/LDAP
0x00000000033f7000 	/usr/lib/libsasl2.2.dylib
0x00000000033f7000 	/usr/lib/libcrypto.0.9.8.dylib
0x00000000033f7000 	/usr/lib/libssl.0.9.8.dylib
0x0000000120181000 	/Library/Java/JavaVirtualMachines/jdk1.8.0_40.jdk/Contents/Home/jre/lib/libglass.dylib
0x00000000033f7000 	/System/Library/PrivateFrameworks/CoreServicesInternal.framework/Versions/A/CoreServicesInternal
0x00000000033f7000 	/System/Library/PrivateFrameworks/Librarian.framework/Versions/A/Librarian
0x00000000033f7000 	/System/Library/CoreServices/RawCamera.bundle/Contents/MacOS/RawCamera
0x000000012197d000 	/System/Library/Frameworks/CoreGraphics.framework/Versions/A/Resources/libCGCMS.A.dylib
0x0000000121a8f000 	/System/Library/Frameworks/CoreGraphics.framework/Versions/A/Resources/libRIP.A.dylib
0x00000000033f7000 	/System/Library/PrivateFrameworks/FamilyControls.framework/Versions/A/FamilyControls
0x00000000033f7000 	/System/Library/PrivateFrameworks/CommerceKit.framework/Versions/A/Frameworks/CommerceCore.framework/Versions/A/CommerceCore
0x00000000033f7000 	/System/Library/PrivateFrameworks/SystemAdministration.framework/Versions/A/SystemAdministration
0x00000000033f7000 	/System/Library/Frameworks/DirectoryService.framework/Versions/A/DirectoryService
0x00000000033f7000 	/System/Library/PrivateFrameworks/LoginUIKit.framework/Versions/A/Frameworks/LoginUICore.framework/Versions/A/LoginUICore
0x00000000033f7000 	/usr/lib/libodfde.dylib
0x0000000123cec000 	/Library/Java/JavaVirtualMachines/jdk1.8.0_40.jdk/Contents/Home/jre/lib/libjfxwebkit.dylib
0x0000000126006000 	/System/Library/Frameworks/CoreGraphics.framework/Versions/A/Resources/libCGXType.A.dylib
0x0000000127164000 	/Library/Java/JavaVirtualMachines/jdk1.8.0_40.jdk/Contents/Home/jre/lib/libjavafx_font.dylib
0x0000000127f61000 	cl_kernels
0x0000000127f64000 	/System/Library/Frameworks/OpenCL.framework/Versions/A/Libraries/ImageFormats/unorm8_bgra.dylib
0x0000000127f52000 	cl_kernels
0x00000001283c1000 	/Library/Java/JavaVirtualMachines/jdk1.8.0_40.jdk/Contents/Home/jre/lib/libnet.dylib
0x0000000121f01000 	/Library/Java/JavaVirtualMachines/jdk1.8.0_40.jdk/Contents/Home/jre/lib/libnio.dylib
0x0000000121b6f000 	/Library/Java/JavaVirtualMachines/jdk1.8.0_40.jdk/Contents/Home/jre/lib/libprism_common.dylib

VM Arguments:
jvm_args: -Dfile.encoding=UTF-8 
java_command: /Users/jaspertomas/NetBeansProjects/examples/MyAegisub/dist/run1397317159/MyAegisub.jar
java_class_path (initial): /Users/jaspertomas/NetBeansProjects/examples/MyAegisub/dist/run1397317159/MyAegisub.jar
Launcher Type: SUN_STANDARD

Environment Variables:
PATH=/usr/bin:/bin:/usr/sbin:/sbin
LD_LIBRARY_PATH=/Library/Java/JavaVirtualMachines/jdk1.8.0_40.jdk/Contents/Home/jre/lib/amd64:/Library/Java/JavaVirtualMachines/jdk1.8.0_40.jdk/Contents/Home/jre/lib/i386:
SHELL=/bin/bash
DISPLAY=/tmp/launch-By2dDL/org.macosforge.xquartz:0
DYLD_LIBRARY_PATH=/Applications/NetBeans/NetBeans 8.0.2.app/Contents/Resources/NetBeans/webcommon/bin:

Signal Handlers:
SIGSEGV: [libjvm.dylib+0x58ef95], sa_mask[0]=11111111011111110111111111111111, sa_flags=SA_ONSTACK|SA_RESTART|SA_SIGINFO
SIGBUS: [libjvm.dylib+0x58ef95], sa_mask[0]=11111111011111110111111111111111, sa_flags=SA_RESTART|SA_SIGINFO
SIGFPE: [libjvm.dylib+0x46c118], sa_mask[0]=11111111011111110111111111111111, sa_flags=SA_RESTART|SA_SIGINFO
SIGPIPE: [libjvm.dylib+0x46c118], sa_mask[0]=11111111011111110111111111111111, sa_flags=SA_RESTART|SA_SIGINFO
SIGXFSZ: [libjvm.dylib+0x46c118], sa_mask[0]=11111111011111110111111111111111, sa_flags=SA_RESTART|SA_SIGINFO
SIGILL: [libjvm.dylib+0x46c118], sa_mask[0]=11111111011111110111111111111111, sa_flags=SA_RESTART|SA_SIGINFO
SIGUSR1: SIG_DFL, sa_mask[0]=00000000000000000000000000000000, sa_flags=SA_RESTART
SIGUSR2: [libjvm.dylib+0x46bc36], sa_mask[0]=00100000000000000000000000000000, sa_flags=SA_RESTART|SA_SIGINFO
SIGHUP: [libjvm.dylib+0x46a209], sa_mask[0]=11111111011111110111111111111111, sa_flags=SA_RESTART|SA_SIGINFO
SIGINT: SIG_IGN, sa_mask[0]=00000000000000000000000000000000, sa_flags=none
SIGTERM: [libjvm.dylib+0x46a209], sa_mask[0]=11111111011111110111111111111111, sa_flags=SA_RESTART|SA_SIGINFO
SIGQUIT: [libjvm.dylib+0x46a209], sa_mask[0]=11111111011111110111111111111111, sa_flags=SA_RESTART|SA_SIGINFO


---------------  S Y S T E M  ---------------

OS:Bsduname:Darwin 13.4.0 Darwin Kernel Version 13.4.0: Wed Dec 17 19:05:52 PST 2014; root:xnu-2422.115.10~1/RELEASE_X86_64 x86_64
rlimit: STACK 8192k, CORE 0k, NPROC 709, NOFILE 10240, AS infinity
load average:1.46 1.42 1.61

CPU:total 4 (2 cores per cpu, 2 threads per core) family 6 model 58 stepping 9, cmov, cx8, fxsr, mmx, sse, sse2, sse3, ssse3, sse4.1, sse4.2, popcnt, avx, aes, clmul, erms, ht, tsc, tscinvbit, tscinv

Memory: 4k page, physical 4194304k(379544k free)

/proc/meminfo:


vm_info: Java HotSpot(TM) 64-Bit Server VM (25.40-b25) for bsd-amd64 JRE (1.8.0_40-b26), built on Mar  7 2015 13:53:55 by "java_re" with gcc 4.2.1 (Based on Apple Inc. build 5658) (LLVM build 2336.11.00)

time: Fri Mar 20 14:47:26 2015
elapsed time: 18 seconds (0d 0h 0m 18s)

