#
# A fatal error has been detected by the Java Runtime Environment:
#
#  SIGSEGV (0xb) at pc=0x000000011b91c5a3, pid=10000, tid=3335
#
# JRE version: Java(TM) SE Runtime Environment (8.0_40-b26) (build 1.8.0_40-b26)
# Java VM: Java HotSpot(TM) 64-Bit Server VM (25.40-b25 mixed mode bsd-amd64 compressed oops)
# Problematic frame:
# C  [libjfxwebkit.dylib+0x9385a3]  Java_com_sun_webkit_PopupMenu_twkPopupClosed+0x6253
#
# Failed to write core dump. Core dumps have been disabled. To enable core dumping, try "ulimit -c unlimited" before starting Java again
#
# If you would like to submit a bug report, please visit:
#   http://bugreport.java.com/bugreport/crash.jsp
#

---------------  T H R E A D  ---------------

Current thread is native thread

siginfo: si_signo: 11 (SIGSEGV), si_code: 1 (SEGV_MAPERR), si_addr: 0x0000000000000000

Registers:
RAX=0x00007fff5ee72040, RBX=0x00007fdb64841638, RCX=0x00007fff5ee72014, RDX=0x00007fdb71df2b38
RSP=0x00007fff5ee71f60, RBP=0x00007fff5ee72030, RSI=0x00007fdb71ebc700, RDI=0x0000000000000000
R8 =0x00007fdb745830e0, R9 =0x00007fdb74529180, R10=0x00000000afc8c13e, R11=0x000000009399a847
R12=0x00007fdb64841600, R13=0x000000011cab8f60, R14=0x0000000000000000, R15=0x0000000000000000
RIP=0x000000011b91c5a3, EFLAGS=0x0000000000010246, ERR=0x0000000000000004
  TRAPNO=0x000000000000000e

Top of Stack: (sp=0x00007fff5ee71f60)
0x00007fff5ee71f60:   00007fdb71d6d7b8 00007fdb745c8690
0x00007fff5ee71f70:   00007fdb7455c390 00007fff5ee72014
0x00007fff5ee71f80:   00007fdb745830e0 00007fdb74529180
0x00007fff5ee71f90:   00007fdb00000001 0000000000000005
0x00007fff5ee71fa0:   00007fdb61da6660 00007fff87904fd4
0x00007fff5ee71fb0:   00007fdb71e586e0 0000000000000001
0x00007fff5ee71fc0:   00007fdb71f99190 0000000000000005
0x00007fff5ee71fd0:   00007fff5ee72000 0000000101b17d9d
0x00007fff5ee71fe0:   00007fff75822a60 0000000000010002
0x00007fff5ee71ff0:   00007fff5ee72048 0000000102007848
0x00007fff5ee72000:   00007fff5ee72030 0000000101b15ca3
0x00007fff5ee72010:   fffffffe00000000 0000003000000018
0x00007fff5ee72020:   00007fff5ee72040 00007fff5ee71f60
0x00007fff5ee72030:   00007fff5ee72060 000000011b8d8726
0x00007fff5ee72040:   00007fff5ee72000 0000000000000000
0x00007fff5ee72050:   00007fdb64841638 0000000000000000
0x00007fff5ee72060:   00007fff5ee720b0 000000011b8be7ec
0x00007fff5ee72070:   00007fdb71dbd300 0000000f8c758c3a
0x00007fff5ee72080:   00007fdb71fd4290 00007fdb61c652d0
0x00007fff5ee72090:   00007fdb64841600 000000011cab8f60
0x00007fff5ee720a0:   0000000000000000 0000000000000000
0x00007fff5ee720b0:   00007fff5ee720f0 000000011b8bbd47
0x00007fff5ee720c0:   00007fff5ee72160 00007fff8372e19a
0x00007fff5ee720d0:   0000000000000010 00007fdb71ffc080
0x00007fff5ee720e0:   0000000100da8e00 00007fdb61c652d0
0x00007fff5ee720f0:   00007fff5ee72120 000000011b8b19b5
0x00007fff5ee72100:   00007fdb61c652d0 00007fdb6483bc48
0x00007fff5ee72110:   00007fdb745ecd80 000000000000000f
0x00007fff5ee72120:   00007fff5ee72140 000000011ba47047
0x00007fff5ee72130:   00007fdb61c652d0 00007fdb745ecd80
0x00007fff5ee72140:   00007fff5ee72160 000000011babe10d
0x00007fff5ee72150:   00007fdb745ecd80 00007fdb7451a4e0 

Instructions: (pc=0x000000011b91c5a3)
0x000000011b91c583:   8d 85 30 ff ff ff 48 89 45 f8 48 8d 45 10 48 89
0x000000011b91c593:   45 f0 c7 45 ec 30 00 00 00 c7 45 e8 18 00 00 00
0x000000011b91c5a3:   48 8b 07 48 8d 4d e8 ff 90 90 01 00 00 48 81 c4
0x000000011b91c5b3:   d0 00 00 00 5d c3 90 90 90 90 90 90 90 55 48 89 

Register to memory mapping:

RAX=0x00007fff5ee72040 is an unknown value
RBX=0x00007fdb64841638 is an unknown value
RCX=0x00007fff5ee72014 is an unknown value
RDX=0x00007fdb71df2b38 is an unknown value
RSP=0x00007fff5ee71f60 is an unknown value
RBP=0x00007fff5ee72030 is an unknown value
RSI=0x00007fdb71ebc700 is a global jni handle
RDI=0x0000000000000000 is an unknown value
R8 =0x00007fdb745830e0 is an unknown value
R9 =0x00007fdb74529180 is an unknown value
R10=0x00000000afc8c13e is an unknown value
R11=0x000000009399a847 is an unknown value
R12=0x00007fdb64841600 is an unknown value
R13=0x000000011cab8f60 is an unknown value
R14=0x0000000000000000 is an unknown value
R15=0x0000000000000000 is an unknown value


Stack: [0x00007fff5e676000,0x00007fff5ee76000],  sp=0x00007fff5ee71f60,  free space=8175k
Native frames: (J=compiled Java code, j=interpreted, Vv=VM code, C=native code)
C  [libjfxwebkit.dylib+0x9385a3]  Java_com_sun_webkit_PopupMenu_twkPopupClosed+0x6253
C  [libjfxwebkit.dylib+0x8f4726]  Java_com_sun_webkit_graphics_WCGraphicsManager_append+0x906
C  [libjfxwebkit.dylib+0x8da7ec]  Java_com_sun_webkit_dom_EventListenerImpl_twkDispatchEvent+0x51b8ec
C  [libjfxwebkit.dylib+0x8d7d47]  Java_com_sun_webkit_dom_EventListenerImpl_twkDispatchEvent+0x518e47
C  [libjfxwebkit.dylib+0x8cd9b5]  Java_com_sun_webkit_dom_EventListenerImpl_twkDispatchEvent+0x50eab5
C  [libjfxwebkit.dylib+0xa63047]  Java_com_sun_webkit_network_URLLoader_twkWillSendRequest+0x10eb97
C  [libjfxwebkit.dylib+0xada10d]  Java_com_sun_webkit_network_URLLoader_twkWillSendRequest+0x185c5d
C  [libjfxwebkit.dylib+0x4f3217]  Java_com_sun_webkit_dom_EventListenerImpl_twkDispatchEvent+0x134317
C  [libjfxwebkit.dylib+0x4f14ce]  Java_com_sun_webkit_dom_EventListenerImpl_twkDispatchEvent+0x1325ce
C  [libjfxwebkit.dylib+0x51b78b]  Java_com_sun_webkit_dom_EventListenerImpl_twkDispatchEvent+0x15c88b
C  [libjfxwebkit.dylib+0x516c30]  Java_com_sun_webkit_dom_EventListenerImpl_twkDispatchEvent+0x157d30
C  [libjfxwebkit.dylib+0x54a6ab]  Java_com_sun_webkit_dom_EventListenerImpl_twkDispatchEvent+0x18b7ab
C  [libjfxwebkit.dylib+0x6a46e8]  Java_com_sun_webkit_dom_EventListenerImpl_twkDispatchEvent+0x2e57e8
C  [libjfxwebkit.dylib+0x3eb4fa]  Java_com_sun_webkit_dom_EventListenerImpl_twkDispatchEvent+0x2c5fa
C  [libjfxwebkit.dylib+0xde932f]  JSValueIsObjectOfClass+0x5080f
C  [libjfxwebkit.dylib+0xde9838]  JSValueIsObjectOfClass+0x50d18
C  [libjfxwebkit.dylib+0xdf2326]  JSValueIsObjectOfClass+0x59806
C  [libjfxwebkit.dylib+0xdefe02]  JSValueIsObjectOfClass+0x572e2
C  [libjfxwebkit.dylib+0xdef879]  JSValueIsObjectOfClass+0x56d59
C  [CoreFoundation+0xb53e4]  __CFRUNLOOP_IS_CALLING_OUT_TO_A_TIMER_CALLBACK_FUNCTION__+0x14
C  [CoreFoundation+0xb4f1f]  __CFRunLoopDoTimer+0x47f
C  [CoreFoundation+0x1265aa]  __CFRunLoopDoTimers+0x12a
C  [CoreFoundation+0x706a5]  __CFRunLoopRun+0x5f5
C  [CoreFoundation+0x6fe75]  CFRunLoopRunSpecific+0x135
C  [java+0x6490]  CreateExecutionEnvironment+0x367
C  [java+0x221c]  JLI_Launch+0x7a0
C  [java+0x84ed]  main+0x65
C  [java+0x1a74]  start+0x34


---------------  P R O C E S S  ---------------

VM state:at safepoint (normal execution)

VM Mutex/Monitor currently owned by a thread:  ([mutex/lock_event])
[0x00007fdb71d02bb0] Threads_lock - owner thread: 0x00007fdb7200d800
[0x00007fdb71d030b0] Heap_lock - owner thread: 0x00007fdb64acd000

Heap:
 PSYoungGen      total 24064K, used 9348K [0x00000007aab00000, 0x00000007ac500000, 0x00000007c0000000)
  eden space 21504K, 40% used [0x00000007aab00000,0x00000007ab3992c0,0x00000007ac000000)
  from space 2560K, 21% used [0x00000007ac000000,0x00000007ac088010,0x00000007ac280000)
  to   space 2560K, 0% used [0x00000007ac280000,0x00000007ac280000,0x00000007ac500000)
 ParOldGen       total 35840K, used 13477K [0x0000000780000000, 0x0000000782300000, 0x00000007aab00000)
  object space 35840K, 37% used [0x0000000780000000,0x0000000780d29528,0x0000000782300000)
 Metaspace       used 23989K, capacity 24712K, committed 25008K, reserved 1071104K
  class space    used 2212K, capacity 2425K, committed 2480K, reserved 1048576K

Card table byte_map: [0x0000000111b29000,0x0000000111d2a000] byte_map_base: 0x000000010df29000

Marking Bits: (ParMarkBitMap*) 0x00000001020c27a0
 Begin Bits: [0x000000011228c000, 0x000000011328c000)
 End Bits:   [0x000000011328c000, 0x000000011428c000)

Polling page: 0x0000000100fe5000

CodeCache: size=245760Kb used=23231Kb max_used=24001Kb free=222528Kb
 bounds [0x0000000102769000, 0x0000000103f29000, 0x0000000111769000]
 total_blobs=5395 nmethods=4738 adapters=569
 compilation: enabled

Compilation events (10 events):
Event: 196.027 Thread 0x00007fdb73002800 6143       3       java.lang.Byte::valueOf (10 bytes)
Event: 196.027 Thread 0x00007fdb73002800 nmethod 6143 0x00000001035a9710 code [0x00000001035a9880, 0x00000001035a99f0]
Event: 196.037 Thread 0x00007fdb73002800 6144       3       java.lang.invoke.MemberName::<init> (131 bytes)
Event: 196.039 Thread 0x00007fdb73002800 nmethod 6144 0x00000001037e2f90 code [0x00000001037e3260, 0x00000001037e4658]
Event: 196.039 Thread 0x00007fdb73002800 6145       3       java.lang.invoke.MemberName::hashCode (39 bytes)
Event: 196.040 Thread 0x00007fdb73002800 nmethod 6145 0x0000000103b19f10 code [0x0000000103b1a120, 0x0000000103b1aea8]
Event: 196.040 Thread 0x00007fdb73002800 6146   !   3       java.lang.invoke.MethodHandleNatives::linkMethodHandleConstant (154 bytes)
Event: 196.041 Thread 0x00007fdb73002800 nmethod 6146 0x0000000103bd7bd0 code [0x0000000103bd7e40, 0x0000000103bd8ac8]
Event: 196.051 Thread 0x00007fdb73002800 6147       3       java.util.logging.LogManager::access$100 (4 bytes)
Event: 196.051 Thread 0x00007fdb73002800 nmethod 6147 0x0000000103750290 code [0x00000001037503e0, 0x0000000103750510]

GC Heap History (10 events):
Event: 192.627 GC heap before
{Heap before GC invocations=152 (full 1):
 PSYoungGen      total 23040K, used 21673K [0x00000007aab00000, 0x00000007ac400000, 0x00000007c0000000)
  eden space 21504K, 99% used [0x00000007aab00000,0x00000007abfea650,0x00000007ac000000)
  from space 1536K, 16% used [0x00000007ac280000,0x00000007ac2c0000,0x00000007ac400000)
  to   space 2048K, 0% used [0x00000007ac000000,0x00000007ac000000,0x00000007ac200000)
 ParOldGen       total 35840K, used 13461K [0x0000000780000000, 0x0000000782300000, 0x00000007aab00000)
  object space 35840K, 37% used [0x0000000780000000,0x0000000780d25528,0x0000000782300000)
 Metaspace       used 23934K, capacity 24598K, committed 24752K, reserved 1071104K
  class space    used 2205K, capacity 2414K, committed 2480K, reserved 1048576K
Event: 192.630 GC heap after
Heap after GC invocations=152 (full 1):
 PSYoungGen      total 23552K, used 256K [0x00000007aab00000, 0x00000007ac400000, 0x00000007c0000000)
  eden space 21504K, 0% used [0x00000007aab00000,0x00000007aab00000,0x00000007ac000000)
  from space 2048K, 12% used [0x00000007ac000000,0x00000007ac040000,0x00000007ac200000)
  to   space 2048K, 0% used [0x00000007ac200000,0x00000007ac200000,0x00000007ac400000)
 ParOldGen       total 35840K, used 13461K [0x0000000780000000, 0x0000000782300000, 0x00000007aab00000)
  object space 35840K, 37% used [0x0000000780000000,0x0000000780d25528,0x0000000782300000)
 Metaspace       used 23934K, capacity 24598K, committed 24752K, reserved 1071104K
  class space    used 2205K, capacity 2414K, committed 2480K, reserved 1048576K
}
Event: 193.431 GC heap before
{Heap before GC invocations=153 (full 1):
 PSYoungGen      total 23552K, used 21671K [0x00000007aab00000, 0x00000007ac400000, 0x00000007c0000000)
  eden space 21504K, 99% used [0x00000007aab00000,0x00000007abfe9dd0,0x00000007ac000000)
  from space 2048K, 12% used [0x00000007ac000000,0x00000007ac040000,0x00000007ac200000)
  to   space 2048K, 0% used [0x00000007ac200000,0x00000007ac200000,0x00000007ac400000)
 ParOldGen       total 35840K, used 13461K [0x0000000780000000, 0x0000000782300000, 0x00000007aab00000)
  object space 35840K, 37% used [0x0000000780000000,0x0000000780d25528,0x0000000782300000)
 Metaspace       used 23934K, capacity 24598K, committed 24752K, reserved 1071104K
  class space    used 2205K, capacity 2414K, committed 2480K, reserved 1048576K
Event: 193.435 GC heap after
Heap after GC invocations=153 (full 1):
 PSYoungGen      total 23552K, used 256K [0x00000007aab00000, 0x00000007ac400000, 0x00000007c0000000)
  eden space 21504K, 0% used [0x00000007aab00000,0x00000007aab00000,0x00000007ac000000)
  from space 2048K, 12% used [0x00000007ac200000,0x00000007ac240000,0x00000007ac400000)
  to   space 2048K, 0% used [0x00000007ac000000,0x00000007ac000000,0x00000007ac200000)
 ParOldGen       total 35840K, used 13461K [0x0000000780000000, 0x0000000782300000, 0x00000007aab00000)
  object space 35840K, 37% used [0x0000000780000000,0x0000000780d25528,0x0000000782300000)
 Metaspace       used 23934K, capacity 24598K, committed 24752K, reserved 1071104K
  class space    used 2205K, capacity 2414K, committed 2480K, reserved 1048576K
}
Event: 194.162 GC heap before
{Heap before GC invocations=154 (full 1):
 PSYoungGen      total 23552K, used 21760K [0x00000007aab00000, 0x00000007ac400000, 0x00000007c0000000)
  eden space 21504K, 100% used [0x00000007aab00000,0x00000007ac000000,0x00000007ac000000)
  from space 2048K, 12% used [0x00000007ac200000,0x00000007ac240000,0x00000007ac400000)
  to   space 2048K, 0% used [0x00000007ac000000,0x00000007ac000000,0x00000007ac200000)
 ParOldGen       total 35840K, used 13461K [0x0000000780000000, 0x0000000782300000, 0x00000007aab00000)
  object space 35840K, 37% used [0x0000000780000000,0x0000000780d25528,0x0000000782300000)
 Metaspace       used 23938K, capacity 24598K, committed 24752K, reserved 1071104K
  class space    used 2205K, capacity 2414K, committed 2480K, reserved 1048576K
Event: 194.165 GC heap after
Heap after GC invocations=154 (full 1):
 PSYoungGen      total 23552K, used 1600K [0x00000007aab00000, 0x00000007ac500000, 0x00000007c0000000)
  eden space 21504K, 0% used [0x00000007aab00000,0x00000007aab00000,0x00000007ac000000)
  from space 2048K, 78% used [0x00000007ac000000,0x00000007ac190020,0x00000007ac200000)
  to   space 2560K, 0% used [0x00000007ac280000,0x00000007ac280000,0x00000007ac500000)
 ParOldGen       total 35840K, used 13461K [0x0000000780000000, 0x0000000782300000, 0x00000007aab00000)
  object space 35840K, 37% used [0x0000000780000000,0x0000000780d25528,0x0000000782300000)
 Metaspace       used 23938K, capacity 24598K, committed 24752K, reserved 1071104K
  class space    used 2205K, capacity 2414K, committed 2480K, reserved 1048576K
}
Event: 194.941 GC heap before
{Heap before GC invocations=155 (full 1):
 PSYoungGen      total 23552K, used 23104K [0x00000007aab00000, 0x00000007ac500000, 0x00000007c0000000)
  eden space 21504K, 100% used [0x00000007aab00000,0x00000007ac000000,0x00000007ac000000)
  from space 2048K, 78% used [0x00000007ac000000,0x00000007ac190020,0x00000007ac200000)
  to   space 2560K, 0% used [0x00000007ac280000,0x00000007ac280000,0x00000007ac500000)
 ParOldGen       total 35840K, used 13461K [0x0000000780000000, 0x0000000782300000, 0x00000007aab00000)
  object space 35840K, 37% used [0x0000000780000000,0x0000000780d25528,0x0000000782300000)
 Metaspace       used 23939K, capacity 24598K, committed 24752K, reserved 1071104K
  class space    used 2205K, capacity 2414K, committed 2480K, reserved 1048576K
Event: 194.944 GC heap after
Heap after GC invocations=155 (full 1):
 PSYoungGen      total 24064K, used 1504K [0x00000007aab00000, 0x00000007ac500000, 0x00000007c0000000)
  eden space 21504K, 0% used [0x00000007aab00000,0x00000007aab00000,0x00000007ac000000)
  from space 2560K, 58% used [0x00000007ac280000,0x00000007ac3f8020,0x00000007ac500000)
  to   space 2560K, 0% used [0x00000007ac000000,0x00000007ac000000,0x00000007ac280000)
 ParOldGen       total 35840K, used 13477K [0x0000000780000000, 0x0000000782300000, 0x00000007aab00000)
  object space 35840K, 37% used [0x0000000780000000,0x0000000780d29528,0x0000000782300000)
 Metaspace       used 23939K, capacity 24598K, committed 24752K, reserved 1071104K
  class space    used 2205K, capacity 2414K, committed 2480K, reserved 1048576K
}
Event: 195.747 GC heap before
{Heap before GC invocations=156 (full 1):
 PSYoungGen      total 24064K, used 22882K [0x00000007aab00000, 0x00000007ac500000, 0x00000007c0000000)
  eden space 21504K, 99% used [0x00000007aab00000,0x00000007abfe0b78,0x00000007ac000000)
  from space 2560K, 58% used [0x00000007ac280000,0x00000007ac3f8020,0x00000007ac500000)
  to   space 2560K, 0% used [0x00000007ac000000,0x00000007ac000000,0x00000007ac280000)
 ParOldGen       total 35840K, used 13477K [0x0000000780000000, 0x0000000782300000, 0x00000007aab00000)
  object space 35840K, 37% used [0x0000000780000000,0x0000000780d29528,0x0000000782300000)
 Metaspace       used 23953K, capacity 24662K, committed 24752K, reserved 1071104K
  class space    used 2205K, capacity 2414K, committed 2480K, reserved 1048576K
Event: 195.749 GC heap after
Heap after GC invocations=156 (full 1):
 PSYoungGen      total 24064K, used 544K [0x00000007aab00000, 0x00000007ac500000, 0x00000007c0000000)
  eden space 21504K, 0% used [0x00000007aab00000,0x00000007aab00000,0x00000007ac000000)
  from space 2560K, 21% used [0x00000007ac000000,0x00000007ac088010,0x00000007ac280000)
  to   space 2560K, 0% used [0x00000007ac280000,0x00000007ac280000,0x00000007ac500000)
 ParOldGen       total 35840K, used 13477K [0x0000000780000000, 0x0000000782300000, 0x00000007aab00000)
  object space 35840K, 37% used [0x0000000780000000,0x0000000780d29528,0x0000000782300000)
 Metaspace       used 23953K, capacity 24662K, committed 24752K, reserved 1071104K
  class space    used 2205K, capacity 2414K, committed 2480K, reserved 1048576K
}

Deoptimization events (10 events):
Event: 193.784 Thread 0x00007fdb73093800 Uncommon trap: reason=unstable_if action=reinterpret pc=0x0000000103847dc8 method=com.sun.javafx.geom.Rectangle.isEmpty()Z @ 11
Event: 195.142 Thread 0x00007fdb729af800 Uncommon trap: reason=unstable_if action=reinterpret pc=0x000000010339cb58 method=javafx.scene.Node.impl_intersectsBounds(Lcom/sun/javafx/geom/PickRay;)D @ 119
Event: 196.027 Thread 0x00007fdb729af800 Uncommon trap: reason=predicate action=maybe_recompile pc=0x0000000102aab888 method=java.util.ArrayList.remove(Ljava/lang/Object;)Z @ 49
Event: 196.027 Thread 0x00007fdb729af800 Uncommon trap: reason=unstable_if action=reinterpret pc=0x0000000103256648 method=com.sun.javafx.application.PlatformImpl.checkIdle()V @ 40
Event: 196.043 Thread 0x00007fdb729af800 Uncommon trap: reason=unstable_if action=reinterpret pc=0x0000000103564238 method=javafx.scene.web.WebView.handleStagePulse()V @ 42
Event: 196.043 Thread 0x00007fdb729af800 Uncommon trap: reason=unstable_if action=reinterpret pc=0x0000000103c58c24 method=com.sun.javafx.application.PlatformImpl.checkIdle()V @ 40
Event: 196.044 Thread 0x00007fdb729af800 Uncommon trap: reason=unstable_if action=reinterpret pc=0x0000000103460858 method=java.security.AccessControlContext.optimize()Ljava/security/AccessControlContext; @ 83
Event: 196.045 Thread 0x00007fdb729af800 Uncommon trap: reason=class_check action=maybe_recompile pc=0x000000010347eccc method=java.util.AbstractCollection.toArray()[Ljava/lang/Object; @ 1
Event: 196.047 Thread 0x00007fdb729af800 Uncommon trap: reason=unstable_if action=reinterpret pc=0x00000001039ccba4 method=java.util.concurrent.locks.ReentrantLock$Sync.tryRelease(I)Z @ 28
Event: 196.047 Thread 0x00007fdb73093800 Uncommon trap: reason=unstable_if action=reinterpret pc=0x000000010290577c method=java.util.concurrent.locks.AbstractQueuedSynchronizer$ConditionObject.checkInterruptWhileWaiting(Ljava/util/concurrent/locks/AbstractQueuedSynchronizer$Node;)I @ 3

Internal exceptions (10 events):
Event: 191.201 Thread 0x00007fdb729af800 Exception <a 'java/lang/ArrayIndexOutOfBoundsException'> (0x0000000780d13528) thrown at [/Users/java_re/workspace/8-2-build-macosx-x86_64/jdk8u40/3098/hotspot/src/share/vm/prims/jvm.cpp, line 1386]
Event: 191.445 Thread 0x00007fdb729af800 Exception <a 'java/lang/ArrayIndexOutOfBoundsException'> (0x0000000780d13528) thrown at [/Users/java_re/workspace/8-2-build-macosx-x86_64/jdk8u40/3098/hotspot/src/share/vm/prims/jvm.cpp, line 1386]
Event: 191.637 Thread 0x00007fdb729af800 Exception <a 'java/lang/ArrayIndexOutOfBoundsException'> (0x0000000780d13528) thrown at [/Users/java_re/workspace/8-2-build-macosx-x86_64/jdk8u40/3098/hotspot/src/share/vm/prims/jvm.cpp, line 1386]
Event: 193.712 Thread 0x00007fdb729af800 Implicit null exception at 0x0000000103eb8054 to 0x0000000103ebf8a9
Event: 193.712 Thread 0x00007fdb729af800 Implicit null exception at 0x0000000103b88776 to 0x0000000103b88bcd
Event: 193.713 Thread 0x00007fdb729af800 Implicit null exception at 0x0000000102e7894f to 0x0000000102e78ee9
Event: 193.716 Thread 0x00007fdb729af800 Implicit null exception at 0x00000001030806b0 to 0x0000000103080ea9
Event: 193.730 Thread 0x00007fdb73093800 Implicit null exception at 0x000000010320f248 to 0x0000000103211607
Event: 193.731 Thread 0x00007fdb73093800 Implicit null exception at 0x000000010343f88e to 0x000000010343fc21
Event: 196.044 Thread 0x00007fdb729af800 Implicit null exception at 0x000000010345fd16 to 0x0000000103460839

Events (10 events):
Event: 196.048 Thread 0x00007fdb64acd000 Thread added: 0x00007fdb64acd000
Event: 196.048 Thread 0x00007fdb729af800 Thread exited: 0x00007fdb729af800
Event: 196.049 Thread 0x00007fdb729fd800 Thread exited: 0x00007fdb729fd800
Event: 196.050 loading class java/util/IdentityHashMap$KeyIterator
Event: 196.050 loading class java/util/IdentityHashMap$IdentityHashMapIterator
Event: 196.050 loading class java/util/IdentityHashMap$IdentityHashMapIterator done
Event: 196.050 loading class java/util/IdentityHashMap$KeyIterator done
Event: 196.050 Thread 0x00007fdb628b2000 Thread added: 0x00007fdb628b2000
Event: 196.051 Thread 0x00007fdb628b2000 Thread exited: 0x00007fdb628b2000
Event: 196.051 Thread 0x00007fdb64acd000 Thread exited: 0x00007fdb64acd000


Dynamic libraries:
0x00000000033f7000 	/System/Library/Frameworks/Cocoa.framework/Versions/A/Cocoa
0x00000000033f7000 	/System/Library/Frameworks/Security.framework/Versions/A/Security
0x00000000033f7000 	/System/Library/Frameworks/ApplicationServices.framework/Versions/A/ApplicationServices
0x00000000033f7000 	/usr/lib/libz.1.dylib
0x00000000033f7000 	/usr/lib/libSystem.B.dylib
0x00000000033f7000 	/usr/lib/libobjc.A.dylib
0x00000000033f7000 	/System/Library/Frameworks/CoreFoundation.framework/Versions/A/CoreFoundation
0x00000000033f7000 	/System/Library/Frameworks/Foundation.framework/Versions/C/Foundation
0x00000000033f7000 	/System/Library/Frameworks/AppKit.framework/Versions/C/AppKit
0x00000000033f7000 	/System/Library/Frameworks/CoreData.framework/Versions/A/CoreData
0x00000000033f7000 	/System/Library/PrivateFrameworks/RemoteViewServices.framework/Versions/A/RemoteViewServices
0x00000000033f7000 	/System/Library/Frameworks/AudioToolbox.framework/Versions/A/AudioToolbox
0x00000000033f7000 	/System/Library/Frameworks/AudioUnit.framework/Versions/A/AudioUnit
0x00000000033f7000 	/System/Library/PrivateFrameworks/DataDetectorsCore.framework/Versions/A/DataDetectorsCore
0x00000000033f7000 	/System/Library/PrivateFrameworks/DesktopServicesPriv.framework/Versions/A/DesktopServicesPriv
0x00000000033f7000 	/System/Library/Frameworks/Carbon.framework/Versions/A/Frameworks/HIToolbox.framework/Versions/A/HIToolbox
0x00000000033f7000 	/System/Library/Frameworks/QuartzCore.framework/Versions/A/QuartzCore
0x00000000033f7000 	/System/Library/Frameworks/Carbon.framework/Versions/A/Frameworks/SpeechRecognition.framework/Versions/A/SpeechRecognition
0x00000000033f7000 	/usr/lib/libauto.dylib
0x00000000033f7000 	/usr/lib/libicucore.A.dylib
0x00000000033f7000 	/usr/lib/libxml2.2.dylib
0x00000000033f7000 	/System/Library/PrivateFrameworks/CoreUI.framework/Versions/A/CoreUI
0x00000000033f7000 	/System/Library/Frameworks/CoreAudio.framework/Versions/A/CoreAudio
0x00000000033f7000 	/System/Library/Frameworks/DiskArbitration.framework/Versions/A/DiskArbitration
0x00000000033f7000 	/usr/lib/liblangid.dylib
0x00000000033f7000 	/System/Library/PrivateFrameworks/MultitouchSupport.framework/Versions/A/MultitouchSupport
0x00000000033f7000 	/System/Library/Frameworks/IOKit.framework/Versions/A/IOKit
0x00000000033f7000 	/usr/lib/libDiagnosticMessagesClient.dylib
0x00000000033f7000 	/System/Library/Frameworks/CoreServices.framework/Versions/A/CoreServices
0x00000000033f7000 	/System/Library/PrivateFrameworks/PerformanceAnalysis.framework/Versions/A/PerformanceAnalysis
0x00000000033f7000 	/System/Library/PrivateFrameworks/GenerationalStorage.framework/Versions/A/GenerationalStorage
0x00000000033f7000 	/System/Library/Frameworks/OpenGL.framework/Versions/A/OpenGL
0x00000000033f7000 	/System/Library/PrivateFrameworks/Sharing.framework/Versions/A/Sharing
0x00000000033f7000 	/System/Library/Frameworks/ImageIO.framework/Versions/A/ImageIO
0x00000000033f7000 	/System/Library/Frameworks/CoreText.framework/Versions/A/CoreText
0x00000000033f7000 	/System/Library/Frameworks/CoreGraphics.framework/Versions/A/CoreGraphics
0x00000000033f7000 	/System/Library/PrivateFrameworks/Backup.framework/Versions/A/Backup
0x00000000033f7000 	/System/Library/Frameworks/CFNetwork.framework/Versions/A/CFNetwork
0x00000000033f7000 	/System/Library/Frameworks/SystemConfiguration.framework/Versions/A/SystemConfiguration
0x00000000033f7000 	/usr/lib/libCRFSuite.dylib
0x00000000033f7000 	/usr/lib/libc++.1.dylib
0x00000000033f7000 	/usr/lib/libc++abi.dylib
0x00000000033f7000 	/usr/lib/system/libcache.dylib
0x00000000033f7000 	/usr/lib/system/libcommonCrypto.dylib
0x00000000033f7000 	/usr/lib/system/libcompiler_rt.dylib
0x00000000033f7000 	/usr/lib/system/libcopyfile.dylib
0x00000000033f7000 	/usr/lib/system/libcorecrypto.dylib
0x00000000033f7000 	/usr/lib/system/libdispatch.dylib
0x00000000033f7000 	/usr/lib/system/libdyld.dylib
0x00000000033f7000 	/usr/lib/system/libkeymgr.dylib
0x00000000033f7000 	/usr/lib/system/liblaunch.dylib
0x00000000033f7000 	/usr/lib/system/libmacho.dylib
0x00000000033f7000 	/usr/lib/system/libquarantine.dylib
0x00000000033f7000 	/usr/lib/system/libremovefile.dylib
0x00000000033f7000 	/usr/lib/system/libsystem_asl.dylib
0x00000000033f7000 	/usr/lib/system/libsystem_blocks.dylib
0x00000000033f7000 	/usr/lib/system/libsystem_c.dylib
0x00000000033f7000 	/usr/lib/system/libsystem_configuration.dylib
0x00000000033f7000 	/usr/lib/system/libsystem_dnssd.dylib
0x00000000033f7000 	/usr/lib/system/libsystem_info.dylib
0x00000000033f7000 	/usr/lib/system/libsystem_kernel.dylib
0x00000000033f7000 	/usr/lib/system/libsystem_m.dylib
0x00000000033f7000 	/usr/lib/system/libsystem_malloc.dylib
0x00000000033f7000 	/usr/lib/system/libsystem_network.dylib
0x00000000033f7000 	/usr/lib/system/libsystem_notify.dylib
0x00000000033f7000 	/usr/lib/system/libsystem_platform.dylib
0x00000000033f7000 	/usr/lib/system/libsystem_pthread.dylib
0x00000000033f7000 	/usr/lib/system/libsystem_sandbox.dylib
0x00000000033f7000 	/usr/lib/system/libsystem_stats.dylib
0x00000000033f7000 	/usr/lib/system/libunc.dylib
0x00000000033f7000 	/usr/lib/system/libunwind.dylib
0x00000000033f7000 	/usr/lib/system/libxpc.dylib
0x00000000033f7000 	/usr/lib/libbsm.0.dylib
0x00000000033f7000 	/usr/lib/libsqlite3.dylib
0x00000000033f7000 	/usr/lib/libxar.1.dylib
0x00000000033f7000 	/usr/lib/libpam.2.dylib
0x00000000033f7000 	/usr/lib/libOpenScriptingUtil.dylib
0x00000000033f7000 	/usr/lib/libbz2.1.0.dylib
0x00000000033f7000 	/System/Library/Frameworks/CoreServices.framework/Versions/A/Frameworks/CarbonCore.framework/Versions/A/CarbonCore
0x00000000033f7000 	/System/Library/Frameworks/CoreServices.framework/Versions/A/Frameworks/Metadata.framework/Versions/A/Metadata
0x00000000033f7000 	/System/Library/Frameworks/CoreServices.framework/Versions/A/Frameworks/OSServices.framework/Versions/A/OSServices
0x00000000033f7000 	/System/Library/Frameworks/CoreServices.framework/Versions/A/Frameworks/SearchKit.framework/Versions/A/SearchKit
0x00000000033f7000 	/System/Library/Frameworks/CoreServices.framework/Versions/A/Frameworks/AE.framework/Versions/A/AE
0x00000000033f7000 	/System/Library/Frameworks/CoreServices.framework/Versions/A/Frameworks/LaunchServices.framework/Versions/A/LaunchServices
0x00000000033f7000 	/System/Library/Frameworks/CoreServices.framework/Versions/A/Frameworks/DictionaryServices.framework/Versions/A/DictionaryServices
0x00000000033f7000 	/System/Library/Frameworks/NetFS.framework/Versions/A/NetFS
0x00000000033f7000 	/usr/lib/system/libkxld.dylib
0x00000000033f7000 	/System/Library/PrivateFrameworks/NetAuth.framework/Versions/A/NetAuth
0x00000000033f7000 	/System/Library/PrivateFrameworks/TCC.framework/Versions/A/TCC
0x00000000033f7000 	/System/Library/Frameworks/OpenDirectory.framework/Versions/A/Frameworks/CFOpenDirectory.framework/Versions/A/CFOpenDirectory
0x00000000033f7000 	/System/Library/Frameworks/ServiceManagement.framework/Versions/A/ServiceManagement
0x00000000033f7000 	/usr/lib/libxslt.1.dylib
0x00000000033f7000 	/System/Library/Frameworks/Carbon.framework/Versions/A/Frameworks/Ink.framework/Versions/A/Ink
0x00000000033f7000 	/System/Library/Frameworks/ApplicationServices.framework/Versions/A/Frameworks/ATS.framework/Versions/A/ATS
0x00000000033f7000 	/System/Library/Frameworks/ApplicationServices.framework/Versions/A/Frameworks/ColorSync.framework/Versions/A/ColorSync
0x00000000033f7000 	/System/Library/Frameworks/ApplicationServices.framework/Versions/A/Frameworks/HIServices.framework/Versions/A/HIServices
0x00000000033f7000 	/System/Library/Frameworks/ApplicationServices.framework/Versions/A/Frameworks/LangAnalysis.framework/Versions/A/LangAnalysis
0x00000000033f7000 	/System/Library/Frameworks/ApplicationServices.framework/Versions/A/Frameworks/PrintCore.framework/Versions/A/PrintCore
0x00000000033f7000 	/System/Library/Frameworks/ApplicationServices.framework/Versions/A/Frameworks/QD.framework/Versions/A/QD
0x00000000033f7000 	/System/Library/Frameworks/ApplicationServices.framework/Versions/A/Frameworks/SpeechSynthesis.framework/Versions/A/SpeechSynthesis
0x00000000033f7000 	/System/Library/Frameworks/IOSurface.framework/Versions/A/IOSurface
0x00000000033f7000 	/System/Library/Frameworks/Accelerate.framework/Versions/A/Accelerate
0x00000000033f7000 	/System/Library/Frameworks/Accelerate.framework/Versions/A/Frameworks/vImage.framework/Versions/A/vImage
0x00000000033f7000 	/System/Library/Frameworks/Accelerate.framework/Versions/A/Frameworks/vecLib.framework/Versions/A/vecLib
0x00000000033f7000 	/System/Library/Frameworks/Accelerate.framework/Versions/A/Frameworks/vecLib.framework/Versions/A/libvDSP.dylib
0x00000000033f7000 	/System/Library/Frameworks/Accelerate.framework/Versions/A/Frameworks/vecLib.framework/Versions/A/libvMisc.dylib
0x00000000033f7000 	/System/Library/Frameworks/Accelerate.framework/Versions/A/Frameworks/vecLib.framework/Versions/A/libLAPACK.dylib
0x00000000033f7000 	/System/Library/Frameworks/Accelerate.framework/Versions/A/Frameworks/vecLib.framework/Versions/A/libBLAS.dylib
0x00000000033f7000 	/System/Library/Frameworks/ApplicationServices.framework/Versions/A/Frameworks/ATS.framework/Versions/A/Resources/libFontParser.dylib
0x00000000033f7000 	/System/Library/Frameworks/ApplicationServices.framework/Versions/A/Frameworks/ATS.framework/Versions/A/Resources/libFontRegistry.dylib
0x00000000033f7000 	/System/Library/Frameworks/ImageIO.framework/Versions/A/Resources/libJPEG.dylib
0x00000000033f7000 	/System/Library/Frameworks/ImageIO.framework/Versions/A/Resources/libTIFF.dylib
0x00000000033f7000 	/System/Library/Frameworks/ImageIO.framework/Versions/A/Resources/libPng.dylib
0x00000000033f7000 	/System/Library/Frameworks/ImageIO.framework/Versions/A/Resources/libGIF.dylib
0x00000000033f7000 	/System/Library/Frameworks/ImageIO.framework/Versions/A/Resources/libJP2.dylib
0x00000000033f7000 	/System/Library/Frameworks/ImageIO.framework/Versions/A/Resources/libRadiance.dylib
0x00000000033f7000 	/usr/lib/libcups.2.dylib
0x00000000033f7000 	/System/Library/Frameworks/Kerberos.framework/Versions/A/Kerberos
0x00000000033f7000 	/System/Library/Frameworks/GSS.framework/Versions/A/GSS
0x00000000033f7000 	/usr/lib/libresolv.9.dylib
0x00000000033f7000 	/usr/lib/libiconv.2.dylib
0x00000000033f7000 	/System/Library/PrivateFrameworks/Heimdal.framework/Versions/A/Heimdal
0x00000000033f7000 	/System/Library/PrivateFrameworks/TrustEvaluationAgent.framework/Versions/A/TrustEvaluationAgent
0x00000000033f7000 	/usr/lib/libheimdal-asn1.dylib
0x00000000033f7000 	/System/Library/Frameworks/OpenDirectory.framework/Versions/A/OpenDirectory
0x00000000033f7000 	/System/Library/PrivateFrameworks/CommonAuth.framework/Versions/A/CommonAuth
0x00000000033f7000 	/System/Library/Frameworks/SecurityFoundation.framework/Versions/A/SecurityFoundation
0x00000000033f7000 	/System/Library/PrivateFrameworks/Bom.framework/Versions/A/Bom
0x00000000033f7000 	/System/Library/Frameworks/CoreVideo.framework/Versions/A/CoreVideo
0x00000000033f7000 	/System/Library/Frameworks/QuartzCore.framework/Versions/A/Frameworks/CoreImage.framework/Versions/A/CoreImage
0x00000000033f7000 	/System/Library/Frameworks/QuartzCore.framework/Versions/A/Frameworks/ScalableUserInterface.framework/Versions/A/ScalableUserInterface
0x00000000033f7000 	/System/Library/Frameworks/OpenGL.framework/Versions/A/Libraries/libGLU.dylib
0x00000000033f7000 	/System/Library/Frameworks/OpenGL.framework/Versions/A/Libraries/libGFXShared.dylib
0x00000000033f7000 	/System/Library/Frameworks/OpenGL.framework/Versions/A/Libraries/libGL.dylib
0x00000000033f7000 	/System/Library/Frameworks/OpenGL.framework/Versions/A/Libraries/libGLImage.dylib
0x00000000033f7000 	/System/Library/Frameworks/OpenGL.framework/Versions/A/Libraries/libCVMSPluginSupport.dylib
0x00000000033f7000 	/System/Library/Frameworks/OpenGL.framework/Versions/A/Libraries/libCoreVMClient.dylib
0x00000000033f7000 	/System/Library/PrivateFrameworks/FaceCore.framework/Versions/A/FaceCore
0x00000000033f7000 	/System/Library/PrivateFrameworks/CrashReporterSupport.framework/Versions/A/CrashReporterSupport
0x00000000033f7000 	/System/Library/Frameworks/OpenCL.framework/Versions/A/OpenCL
0x00000000033f7000 	/System/Library/PrivateFrameworks/AppleFSCompression.framework/Versions/A/AppleFSCompression
0x00000000033f7000 	/System/Library/PrivateFrameworks/Ubiquity.framework/Versions/A/Ubiquity
0x00000000033f7000 	/System/Library/PrivateFrameworks/IconServices.framework/Versions/A/IconServices
0x00000000033f7000 	/System/Library/PrivateFrameworks/ChunkingLibrary.framework/Versions/A/ChunkingLibrary
0x00000000033f7000 	/System/Library/PrivateFrameworks/CoreSymbolication.framework/Versions/A/CoreSymbolication
0x00000000033f7000 	/System/Library/PrivateFrameworks/Symbolication.framework/Versions/A/Symbolication
0x00000000033f7000 	/System/Library/PrivateFrameworks/DebugSymbols.framework/Versions/A/DebugSymbols
0x0000000101800000 	/Library/Java/JavaVirtualMachines/jdk1.8.0_40.jdk/Contents/Home/jre/lib/server/libjvm.dylib
0x00000000033f7000 	/usr/lib/libstdc++.6.dylib
0x0000000100fa2000 	/Library/Java/JavaVirtualMachines/jdk1.8.0_40.jdk/Contents/Home/jre/lib/libverify.dylib
0x0000000100fb0000 	/Library/Java/JavaVirtualMachines/jdk1.8.0_40.jdk/Contents/Home/jre/lib/libjava.dylib
0x0000000100fef000 	/Library/Java/JavaVirtualMachines/jdk1.8.0_40.jdk/Contents/Home/jre/lib/libzip.dylib
0x0000000116277000 	/System/Library/Frameworks/JavaVM.framework/Frameworks/JavaRuntimeSupport.framework/JavaRuntimeSupport
0x000000011628f000 	/System/Library/Frameworks/JavaVM.framework/Versions/A/Frameworks/JavaNativeFoundation.framework/Versions/A/JavaNativeFoundation
0x00000001162a3000 	/System/Library/Frameworks/JavaVM.framework/Versions/A/JavaVM
0x00000000033f7000 	/System/Library/Frameworks/Carbon.framework/Versions/A/Carbon
0x00000001162af000 	/System/Library/PrivateFrameworks/JavaLaunching.framework/Versions/A/JavaLaunching
0x00000000033f7000 	/System/Library/Frameworks/Carbon.framework/Versions/A/Frameworks/CommonPanels.framework/Versions/A/CommonPanels
0x00000000033f7000 	/System/Library/Frameworks/Carbon.framework/Versions/A/Frameworks/Help.framework/Versions/A/Help
0x00000000033f7000 	/System/Library/Frameworks/Carbon.framework/Versions/A/Frameworks/ImageCapture.framework/Versions/A/ImageCapture
0x00000000033f7000 	/System/Library/Frameworks/Carbon.framework/Versions/A/Frameworks/OpenScripting.framework/Versions/A/OpenScripting
0x00000000033f7000 	/System/Library/Frameworks/Carbon.framework/Versions/A/Frameworks/Print.framework/Versions/A/Print
0x00000000033f7000 	/System/Library/Frameworks/Carbon.framework/Versions/A/Frameworks/SecurityHI.framework/Versions/A/SecurityHI
0x0000000116b7a000 	/Library/Java/JavaVirtualMachines/jdk1.8.0_40.jdk/Contents/Home/jre/lib/libprism_es2.dylib
0x00000000033f7000 	/System/Library/Frameworks/OpenGL.framework/Versions/A/Resources/GLEngine.bundle/GLEngine
0x00000000033f7000 	/System/Library/Frameworks/OpenGL.framework/Versions/A/Libraries/libGLProgrammability.dylib
0x0000000000000000 	/System/Library/Extensions/AppleIntelHD4000GraphicsGLDriver.bundle/Contents/MacOS/AppleIntelHD4000GraphicsGLDriver
0x00000000033f7000 	/System/Library/PrivateFrameworks/IOAccelerator.framework/Versions/A/IOAccelerator
0x00000000033f7000 	/System/Library/PrivateFrameworks/GPUSupport.framework/Versions/A/Libraries/libGPUSupportMercury.dylib
0x00000000033f7000 	/System/Library/Frameworks/OpenGL.framework/Versions/A/Resources/GLRendererFloat.bundle/GLRendererFloat
0x00000000033f7000 	/System/Library/Frameworks/OpenCL.framework/Versions/A/Libraries/libcldcpuengine.dylib
0x00000000033f7000 	/System/Library/PrivateFrameworks/DiskImages.framework/Versions/A/DiskImages
0x00000000033f7000 	/System/Library/Frameworks/DiscRecording.framework/Versions/A/DiscRecording
0x00000000033f7000 	/usr/lib/libcsfde.dylib
0x00000000033f7000 	/usr/lib/libcurl.4.dylib
0x00000000033f7000 	/System/Library/PrivateFrameworks/MediaKit.framework/Versions/A/MediaKit
0x00000000033f7000 	/usr/lib/libCoreStorage.dylib
0x00000000033f7000 	/System/Library/PrivateFrameworks/EFILogin.framework/Versions/A/EFILogin
0x00000000033f7000 	/usr/lib/libutil.dylib
0x00000000033f7000 	/System/Library/PrivateFrameworks/AOSNotification.framework/Versions/A/AOSNotification
0x00000000033f7000 	/System/Library/Frameworks/LDAP.framework/Versions/A/LDAP
0x00000000033f7000 	/usr/lib/libsasl2.2.dylib
0x00000000033f7000 	/usr/lib/libcrypto.0.9.8.dylib
0x00000000033f7000 	/usr/lib/libssl.0.9.8.dylib
0x0000000117479000 	/Library/Java/JavaVirtualMachines/jdk1.8.0_40.jdk/Contents/Home/jre/lib/libglass.dylib
0x00000000033f7000 	/System/Library/PrivateFrameworks/CoreServicesInternal.framework/Versions/A/CoreServicesInternal
0x00000000033f7000 	/System/Library/PrivateFrameworks/Librarian.framework/Versions/A/Librarian
0x00000000033f7000 	/System/Library/CoreServices/RawCamera.bundle/Contents/MacOS/RawCamera
0x0000000118c75000 	/System/Library/Frameworks/CoreGraphics.framework/Versions/A/Resources/libCGCMS.A.dylib
0x0000000118d87000 	/System/Library/Frameworks/CoreGraphics.framework/Versions/A/Resources/libRIP.A.dylib
0x00000000033f7000 	/System/Library/PrivateFrameworks/FamilyControls.framework/Versions/A/FamilyControls
0x00000000033f7000 	/System/Library/PrivateFrameworks/CommerceKit.framework/Versions/A/Frameworks/CommerceCore.framework/Versions/A/CommerceCore
0x00000000033f7000 	/System/Library/PrivateFrameworks/SystemAdministration.framework/Versions/A/SystemAdministration
0x00000000033f7000 	/System/Library/Frameworks/DirectoryService.framework/Versions/A/DirectoryService
0x00000000033f7000 	/System/Library/PrivateFrameworks/LoginUIKit.framework/Versions/A/Frameworks/LoginUICore.framework/Versions/A/LoginUICore
0x00000000033f7000 	/usr/lib/libodfde.dylib
0x000000011afe4000 	/Library/Java/JavaVirtualMachines/jdk1.8.0_40.jdk/Contents/Home/jre/lib/libjfxwebkit.dylib
0x000000011d2f6000 	/System/Library/Frameworks/CoreGraphics.framework/Versions/A/Resources/libCGXType.A.dylib
0x000000011e495000 	/Library/Java/JavaVirtualMachines/jdk1.8.0_40.jdk/Contents/Home/jre/lib/libjavafx_font.dylib
0x000000011ee74000 	cl_kernels
0x000000011ee77000 	/System/Library/Frameworks/OpenCL.framework/Versions/A/Libraries/ImageFormats/unorm8_bgra.dylib
0x000000011ee65000 	cl_kernels
0x00000001191aa000 	/Library/Java/JavaVirtualMachines/jdk1.8.0_40.jdk/Contents/Home/jre/lib/libnet.dylib
0x0000000118e80000 	/Library/Java/JavaVirtualMachines/jdk1.8.0_40.jdk/Contents/Home/jre/lib/libnio.dylib
0x0000000122ce5000 	/Library/Java/JavaVirtualMachines/jdk1.8.0_40.jdk/Contents/Home/jre/lib/libprism_common.dylib
0x000000011911c000 	cl_kernels
0x0000000119121000 	cl_kernels
0x000000011910d000 	cl_kernels
0x0000000119114000 	cl_kernels
0x0000000119135000 	cl_kernels

VM Arguments:
jvm_args: -Dfile.encoding=UTF-8 
java_command: myaegisub.MyAegisub
java_class_path (initial): /Users/jaspertomas/NetBeansProjects/examples/MyAegisub/dist/MyAegisub.jar:/Library/Java/JavaVirtualMachines/jdk1.8.0_40.jdk/Contents/Home/jre/lib/javaws.jar:/Library/Java/JavaVirtualMachines/jdk1.8.0_40.jdk/Contents/Home/jre/lib/deploy.jar:/Library/Java/JavaVirtualMachines/jdk1.8.0_40.jdk/Contents/Home/jre/lib/plugin.jar:/Users/jaspertomas/NetBeansProjects/lib/sqlite-jdbc-3.7.2.jar
Launcher Type: SUN_STANDARD

Environment Variables:
PATH=/usr/bin:/bin:/usr/sbin:/sbin
LD_LIBRARY_PATH=/Library/Java/JavaVirtualMachines/jdk1.8.0_40.jdk/Contents/Home/jre/lib/amd64:/Library/Java/JavaVirtualMachines/jdk1.8.0_40.jdk/Contents/Home/jre/lib/i386:
SHELL=/bin/bash
DISPLAY=/tmp/launch-By2dDL/org.macosforge.xquartz:0
DYLD_LIBRARY_PATH=/Applications/NetBeans/NetBeans 8.0.2.app/Contents/Resources/NetBeans/webcommon/bin:

Signal Handlers:
SIGSEGV: [libjvm.dylib+0x58ef95], sa_mask[0]=11111111011111110111111111111111, sa_flags=SA_ONSTACK|SA_RESTART|SA_SIGINFO
SIGBUS: [libjvm.dylib+0x58ef95], sa_mask[0]=11111111011111110111111111111111, sa_flags=SA_RESTART|SA_SIGINFO
SIGFPE: [libjvm.dylib+0x46c118], sa_mask[0]=11111111011111110111111111111111, sa_flags=SA_RESTART|SA_SIGINFO
SIGPIPE: [libjvm.dylib+0x46c118], sa_mask[0]=11111111011111110111111111111111, sa_flags=SA_RESTART|SA_SIGINFO
SIGXFSZ: [libjvm.dylib+0x46c118], sa_mask[0]=11111111011111110111111111111111, sa_flags=SA_RESTART|SA_SIGINFO
SIGILL: [libjvm.dylib+0x46c118], sa_mask[0]=11111111011111110111111111111111, sa_flags=SA_RESTART|SA_SIGINFO
SIGUSR1: SIG_DFL, sa_mask[0]=00000000000000000000000000000000, sa_flags=SA_RESTART
SIGUSR2: [libjvm.dylib+0x46bc36], sa_mask[0]=00100000000000000000000000000000, sa_flags=SA_RESTART|SA_SIGINFO
SIGHUP: [libjvm.dylib+0x46a209], sa_mask[0]=11111111011111110111111111111111, sa_flags=SA_RESTART|SA_SIGINFO
SIGINT: SIG_IGN, sa_mask[0]=00000000000000000000000000000000, sa_flags=none
SIGTERM: [libjvm.dylib+0x46a209], sa_mask[0]=11111111011111110111111111111111, sa_flags=SA_RESTART|SA_SIGINFO
SIGQUIT: [libjvm.dylib+0x46a209], sa_mask[0]=11111111011111110111111111111111, sa_flags=SA_RESTART|SA_SIGINFO


---------------  S Y S T E M  ---------------

OS:Bsduname:Darwin 13.4.0 Darwin Kernel Version 13.4.0: Wed Dec 17 19:05:52 PST 2014; root:xnu-2422.115.10~1/RELEASE_X86_64 x86_64
rlimit: STACK 8192k, CORE 0k, NPROC 709, NOFILE 10240, AS infinity
load average:2.54 2.50 2.06

CPU:total 4 (2 cores per cpu, 2 threads per core) family 6 model 58 stepping 9, cmov, cx8, fxsr, mmx, sse, sse2, sse3, ssse3, sse4.1, sse4.2, popcnt, avx, aes, clmul, erms, ht, tsc, tscinvbit, tscinv

Memory: 4k page, physical 4194304k(139736k free)

/proc/meminfo:


vm_info: Java HotSpot(TM) 64-Bit Server VM (25.40-b25) for bsd-amd64 JRE (1.8.0_40-b26), built on Mar  7 2015 13:53:55 by "java_re" with gcc 4.2.1 (Based on Apple Inc. build 5658) (LLVM build 2336.11.00)

time: Fri Mar 20 17:33:35 2015
elapsed time: 196 seconds (0d 0h 3m 16s)

