#
# A fatal error has been detected by the Java Runtime Environment:
#
#  SIGSEGV (0xb) at pc=0x000000012870b5a3, pid=8975, tid=3335
#
# JRE version: Java(TM) SE Runtime Environment (8.0_40-b26) (build 1.8.0_40-b26)
# Java VM: Java HotSpot(TM) 64-Bit Server VM (25.40-b25 mixed mode bsd-amd64 compressed oops)
# Problematic frame:
# C  [libjfxwebkit.dylib+0x9385a3]  Java_com_sun_webkit_PopupMenu_twkPopupClosed+0x6253
#
# Failed to write core dump. Core dumps have been disabled. To enable core dumping, try "ulimit -c unlimited" before starting Java again
#
# If you would like to submit a bug report, please visit:
#   http://bugreport.java.com/bugreport/crash.jsp
#

---------------  T H R E A D  ---------------

Current thread is native thread

siginfo: si_signo: 11 (SIGSEGV), si_code: 1 (SEGV_MAPERR), si_addr: 0x0000000000000000

Registers:
RAX=0x00007fff52109040, RBX=0x00007fe921867c38, RCX=0x00007fff52109014, RDX=0x00007fe902c080e8
RSP=0x00007fff52108f60, RBP=0x00007fff52109030, RSI=0x00007fe912f5ccf0, RDI=0x0000000000000000
R8 =0x00007fe902e3e370, R9 =0x00007fe912cf44a0, R10=0x00000000890e5a3d, R11=0x0000000092ff7be9
R12=0x00007fe921867c00, R13=0x00000001298a8f90, R14=0x0000000000000000, R15=0x0000000000000000
RIP=0x000000012870b5a3, EFLAGS=0x0000000000010246, ERR=0x0000000000000004
  TRAPNO=0x000000000000000e

Top of Stack: (sp=0x00007fff52108f60)
0x00007fff52108f60:   0000000000000001 00007fe912eea1ae
0x00007fff52108f70:   000000010db12800 00007fff52109014
0x00007fff52108f80:   00007fe902e3e370 00007fe912cf44a0
0x00007fff52108f90:   00007fe91533b850 000000010db12800
0x00007fff52108fa0:   00007fff52109150 00007fff8b079043
0x00007fff52108fb0:   00007fe91533b950 00007fe9153fc080
0x00007fff52108fc0:   000000010db10a00 000000010db10a00
0x00007fff52108fd0:   00007fff52109000 000000010e72ad9d
0x00007fff52108fe0:   00007fff52109130 0000000000010002
0x00007fff52108ff0:   00007fff52109048 000000010ec1a848
0x00007fff52109000:   00007fff52109030 000000010e728ca3
0x00007fff52109010:   fffffffe00000003 0000003000000018
0x00007fff52109020:   00007fff52109040 00007fff52108f60
0x00007fff52109030:   00007fff52109060 00000001286c7726
0x00007fff52109040:   00007fe912d5a760 0000000000000000
0x00007fff52109050:   00007fe921867c38 0000000000000000
0x00007fff52109060:   00007fff521090b0 00000001286ad7ec
0x00007fff52109070:   00007fe912cc1810 0000000f00000000
0x00007fff52109080:   00007fe902c09d30 00007fe902e3d440
0x00007fff52109090:   00007fe921867c00 00000001298a8f90
0x00007fff521090a0:   0000000000000000 0000000000000000
0x00007fff521090b0:   00007fff521090f0 00000001286aad47
0x00007fff521090c0:   00007fff52109160 00007fff8372e19a
0x00007fff521090d0:   0000000000000100 00007fe902efc080
0x00007fff521090e0:   000000010db10a00 00007fe902e3d440
0x00007fff521090f0:   00007fff52109120 00000001286a09b5
0x00007fff52109100:   00007fe902e3d440 00007fe9218bd508
0x00007fff52109110:   00007fe902e708d0 000000000000000c
0x00007fff52109120:   00007fff52109140 0000000128836047
0x00007fff52109130:   00007fe902e3d440 00007fe902e708d0
0x00007fff52109140:   00007fff52109160 00000001288ad10d
0x00007fff52109150:   00007fe902e708d0 00007fe902e47790 

Instructions: (pc=0x000000012870b5a3)
0x000000012870b583:   8d 85 30 ff ff ff 48 89 45 f8 48 8d 45 10 48 89
0x000000012870b593:   45 f0 c7 45 ec 30 00 00 00 c7 45 e8 18 00 00 00
0x000000012870b5a3:   48 8b 07 48 8d 4d e8 ff 90 90 01 00 00 48 81 c4
0x000000012870b5b3:   d0 00 00 00 5d c3 90 90 90 90 90 90 90 55 48 89 

Register to memory mapping:

RAX=0x00007fff52109040 is an unknown value
RBX=0x00007fe921867c38 is an unknown value
RCX=0x00007fff52109014 is an unknown value
RDX=0x00007fe902c080e8 is an unknown value
RSP=0x00007fff52108f60 is an unknown value
RBP=0x00007fff52109030 is an unknown value
RSI=0x00007fe912f5ccf0 is a global jni handle
RDI=0x0000000000000000 is an unknown value
R8 =0x00007fe902e3e370 is an unknown value
R9 =0x00007fe912cf44a0 is an unknown value
R10=0x00000000890e5a3d is an unknown value
R11=0x0000000092ff7be9 is an unknown value
R12=0x00007fe921867c00 is an unknown value
R13=0x00000001298a8f90 is an unknown value
R14=0x0000000000000000 is an unknown value
R15=0x0000000000000000 is an unknown value


Stack: [0x00007fff5190d000,0x00007fff5210d000],  sp=0x00007fff52108f60,  free space=8175k
Native frames: (J=compiled Java code, j=interpreted, Vv=VM code, C=native code)
C  [libjfxwebkit.dylib+0x9385a3]  Java_com_sun_webkit_PopupMenu_twkPopupClosed+0x6253
C  [libjfxwebkit.dylib+0x8f4726]  Java_com_sun_webkit_graphics_WCGraphicsManager_append+0x906
