#
# A fatal error has been detected by the Java Runtime Environment:
#
#  SIGSEGV (0xb) at pc=0x00000001aa0035a3, pid=14390, tid=3335
#
# JRE version: Java(TM) SE Runtime Environment (8.0_40-b26) (build 1.8.0_40-b26)
# Java VM: Java HotSpot(TM) 64-Bit Server VM (25.40-b25 mixed mode bsd-amd64 compressed oops)
# Problematic frame:
# C  [libjfxwebkit.dylib+0x9385a3]  Java_com_sun_webkit_PopupMenu_twkPopupClosed+0x6253
#
# Failed to write core dump. Core dumps have been disabled. To enable core dumping, try "ulimit -c unlimited" before starting Java again
#
# If you would like to submit a bug report, please visit:
#   http://bugreport.java.com/bugreport/crash.jsp
#

---------------  T H R E A D  ---------------

Current thread is native thread

siginfo: si_signo: 11 (SIGSEGV), si_code: 1 (SEGV_MAPERR), si_addr: 0x0000000000000000

Registers:
RAX=0x00007fff5098b040, RBX=0x00007fc4d1837e38, RCX=0x00007fff5098b014, RDX=0x00007fc4c4d26fb8
RSP=0x00007fff5098af60, RBP=0x00007fff5098b030, RSI=0x00007fc4c246d8b8, RDI=0x0000000000000000
R8 =0x00007fc4b249a770, R9 =0x00007fc4b249c050, R10=0x00000000c008a23e, R11=0x00000000d72388fd
R12=0x00007fc4d1837e00, R13=0x00000001ab1a8f60, R14=0x0000000000000000, R15=0x0000000000000000
RIP=0x00000001aa0035a3, EFLAGS=0x0000000000010246, ERR=0x0000000000000004
  TRAPNO=0x000000000000000e

Top of Stack: (sp=0x00007fff5098af60)
0x00007fff5098af60:   0000000000000000 0000000000000000
0x00007fff5098af70:   0000000000000000 00007fff5098b014
0x00007fff5098af80:   00007fc4b249a770 00007fc4b249c050
0x00007fff5098af90:   0000000000000000 0000000000000000
0x00007fff5098afa0:   0000000000000000 0000000000000000
0x00007fff5098afb0:   0000000000000000 0000000000000000
0x00007fff5098afc0:   0000000000000000 0000000000000000
0x00007fff5098afd0:   00007fff5098b000 000000010f687d9d
0x00007fff5098afe0:   0000000000000000 0000000000010002
0x00007fff5098aff0:   00007fff5098b048 000000010fb77848
0x00007fff5098b000:   00007fff5098b030 000000010f685ca3
0x00007fff5098b010:   fffffffe00000000 0000003000000018
0x00007fff5098b020:   00007fff5098b040 00007fff5098af60
0x00007fff5098b030:   00007fff5098b060 00000001a9fbf726
0x00007fff5098b040:   0000000000000000 0000000000000000
0x00007fff5098b050:   00007fc4d1837e38 0000000000000000
0x00007fff5098b060:   00007fff5098b0b0 00000001a9fa57ec
0x00007fff5098b070:   00007fc4c4d25950 0000000f00000000
0x00007fff5098b080:   00007fc4c4c0a110 00007fc4b248e1a0
0x00007fff5098b090:   00007fc4d1837e00 00000001ab1a8f60
0x00007fff5098b0a0:   0000000000000000 0000000000000000
0x00007fff5098b0b0:   00007fff5098b0f0 00000001a9fa2d47
0x00007fff5098b0c0:   00007fff5098b160 00007fff8372e19a
0x00007fff5098b0d0:   0000000040000000 00007fc4b24fc080
0x00007fff5098b0e0:   000000010f28ea00 00007fc4b248e1a0
0x00007fff5098b0f0:   00007fff5098b120 00000001a9f989b5
0x00007fff5098b100:   00007fc4b248e1a0 00007fc4b45ed048
0x00007fff5098b110:   00007fc4b2407ca0 0000000000000007
0x00007fff5098b120:   00007fff5098b140 00000001aa12e047
0x00007fff5098b130:   00007fc4b248e1a0 00007fc4b2407ca0
0x00007fff5098b140:   00007fff5098b160 00000001aa1a510d
0x00007fff5098b150:   00007fc4b2407ca0 00007fc4b249ac30 

Instructions: (pc=0x00000001aa0035a3)
0x00000001aa003583:   8d 85 30 ff ff ff 48 89 45 f8 48 8d 45 10 48 89
0x00000001aa003593:   45 f0 c7 45 ec 30 00 00 00 c7 45 e8 18 00 00 00
0x00000001aa0035a3:   48 8b 07 48 8d 4d e8 ff 90 90 01 00 00 48 81 c4
0x00000001aa0035b3:   d0 00 00 00 5d c3 90 90 90 90 90 90 90 55 48 89 

Register to memory mapping:

RAX=0x00007fff5098b040 is an unknown value
RBX=0x00007fc4d1837e38 is an unknown value
RCX=0x00007fff5098b014 is an unknown value
RDX=0x00007fc4c4d26fb8 is an unknown value
RSP=0x00007fff5098af60 is an unknown value
RBP=0x00007fff5098b030 is an unknown value
RSI=0x00007fc4c246d8b8 is a global jni handle
RDI=0x0000000000000000 is an unknown value
R8 =0x00007fc4b249a770 is an unknown value
R9 =0x00007fc4b249c050 is an unknown value
R10=0x00000000c008a23e is an unknown value
R11=0x00000000d72388fd is an unknown value
R12=0x00007fc4d1837e00 is an unknown value
R13=0x00000001ab1a8f60 is an unknown value
R14=0x0000000000000000 is an unknown value
R15=0x0000000000000000 is an unknown value


Stack: [0x00007fff5018f000,0x00007fff5098f000],  sp=0x00007fff5098af60,  free space=8175k
Native frames: (J=compiled Java code, j=interpreted, Vv=VM code, C=native code)
C  [libjfxwebkit.dylib+0x9385a3]  Java_com_sun_webkit_PopupMenu_twkPopupClosed+0x6253
C  [libjfxwebkit.dylib+0x8f4726]  Java_com_sun_webkit_graphics_WCGraphicsManager_append+0x906
C  [libjfxwebkit.dylib+0x8da7ec]  Java_com_sun_webkit_dom_EventListenerImpl_twkDispatchEvent+0x51b8ec
C  [libjfxwebkit.dylib+0x8d7d47]  Java_com_sun_webkit_dom_EventListenerImpl_twkDispatchEvent+0x518e47
C  [libjfxwebkit.dylib+0x8cd9b5]  Java_com_sun_webkit_dom_EventListenerImpl_twkDispatchEvent+0x50eab5
C  [libjfxwebkit.dylib+0xa63047]  Java_com_sun_webkit_network_URLLoader_twkWillSendRequest+0x10eb97
C  [libjfxwebkit.dylib+0xada10d]  Java_com_sun_webkit_network_URLLoader_twkWillSendRequest+0x185c5d
C  [libjfxwebkit.dylib+0x4f3217]  Java_com_sun_webkit_dom_EventListenerImpl_twkDispatchEvent+0x134317
C  [libjfxwebkit.dylib+0x4f14ce]  Java_com_sun_webkit_dom_EventListenerImpl_twkDispatchEvent+0x1325ce
C  [libjfxwebkit.dylib+0x51b78b]  Java_com_sun_webkit_dom_EventListenerImpl_twkDispatchEvent+0x15c88b
C  [libjfxwebkit.dylib+0x516c30]  Java_com_sun_webkit_dom_EventListenerImpl_twkDispatchEvent+0x157d30
C  [libjfxwebkit.dylib+0x54a6ab]  Java_com_sun_webkit_dom_EventListenerImpl_twkDispatchEvent+0x18b7ab
C  [libjfxwebkit.dylib+0x6a46e8]  Java_com_sun_webkit_dom_EventListenerImpl_twkDispatchEvent+0x2e57e8
C  [libjfxwebkit.dylib+0x3eb4fa]  Java_com_sun_webkit_dom_EventListenerImpl_twkDispatchEvent+0x2c5fa
C  [libjfxwebkit.dylib+0xde932f]  JSValueIsObjectOfClass+0x5080f
C  [libjfxwebkit.dylib+0xde9838]  JSValueIsObjectOfClass+0x50d18
C  [libjfxwebkit.dylib+0xdf2326]  JSValueIsObjectOfClass+0x59806
C  [libjfxwebkit.dylib+0xdefe02]  JSValueIsObjectOfClass+0x572e2
C  [libjfxwebkit.dylib+0xdef879]  JSValueIsObjectOfClass+0x56d59
C  [CoreFoundation+0xb53e4]  __CFRUNLOOP_IS_CALLING_OUT_TO_A_TIMER_CALLBACK_FUNCTION__+0x14
C  [CoreFoundation+0xb4f1f]  __CFRunLoopDoTimer+0x47f
C  [CoreFoundation+0x1265aa]  __CFRunLoopDoTimers+0x12a
C  [CoreFoundation+0x706a5]  __CFRunLoopRun+0x5f5
C  [CoreFoundation+0x6fe75]  CFRunLoopRunSpecific+0x135
C  [java+0x6490]  CreateExecutionEnvironment+0x367
C  [java+0x221c]  JLI_Launch+0x7a0
C  [java+0x84ed]  main+0x65
C  [java+0x1a74]  start+0x34


---------------  P R O C E S S  ---------------

VM state:at safepoint (normal execution)

VM Mutex/Monitor currently owned by a thread:  ([mutex/lock_event])
[0x00007fc4c27027e0] Threads_lock - owner thread: 0x00007fc4c3804800
[0x00007fc4c2702ce0] Heap_lock - owner thread: 0x00007fc4b4010800

Heap:
 PSYoungGen      total 24064K, used 11314K [0x000000014af00000, 0x000000014c900000, 0x0000000160400000)
  eden space 21504K, 45% used [0x000000014af00000,0x000000014b8a4858,0x000000014c400000)
  from space 2560K, 56% used [0x000000014c680000,0x000000014c7e8020,0x000000014c900000)
  to   space 2560K, 0% used [0x000000014c400000,0x000000014c400000,0x000000014c680000)
 ParOldGen       total 36864K, used 11438K [0x0000000120400000, 0x0000000122800000, 0x000000014af00000)
  object space 36864K, 31% used [0x0000000120400000,0x0000000120f2b960,0x0000000122800000)
 Metaspace       used 24053K, capacity 24708K, committed 24960K, reserved 1071104K
  class space    used 2232K, capacity 2425K, committed 2432K, reserved 1048576K

Card table byte_map: [0x0000000160400000,0x0000000160601000] byte_map_base: 0x000000015fafe000

Marking Bits: (ParMarkBitMap*) 0x000000010fc327a0
 Begin Bits: [0x0000000160a0d000, 0x0000000161a0d000)
 End Bits:   [0x0000000161a0d000, 0x0000000162a0d000)

Polling page: 0x0000000110c35000

CodeCache: size=245760Kb used=22629Kb max_used=25235Kb free=223131Kb
 bounds [0x0000000110c48000, 0x0000000112548000, 0x000000011fc48000]
 total_blobs=5294 nmethods=4638 adapters=568
 compilation: enabled

Compilation events (10 events):
Event: 135.671 Thread 0x00007fc4c4037000 nmethod 6071 0x0000000111d31450 code [0x0000000111d316c0, 0x0000000111d32348]
Event: 135.671 Thread 0x00007fc4c4037000 6072       3       java.lang.invoke.MethodHandles$Lookup::linkMethodHandleConstant (185 bytes)
Event: 135.673 Thread 0x00007fc4c4037000 nmethod 6072 0x0000000112046ed0 code [0x0000000112047180, 0x0000000112048658]
Event: 135.677 Thread 0x00007fc4c4037000 6073   !   3       sun.invoke.util.VerifyAccess::isTypeVisible (101 bytes)
Event: 135.680 Thread 0x00007fc4c4037000 nmethod 6073 0x0000000111a1b0d0 code [0x0000000111a1b3e0, 0x0000000111a1cf38]
Event: 135.691 Thread 0x00007fc4c4037000 6074       3       java.lang.invoke.MethodType::changeReturnType (20 bytes)
Event: 135.692 Thread 0x00007fc4c4037000 nmethod 6074 0x0000000111954b50 code [0x0000000111954cc0, 0x0000000111954f48]
Event: 135.731 Thread 0x00007fc4c4037000 6075       3       java.util.logging.LogManager::access$100 (4 bytes)
Event: 135.731 Thread 0x00007fc4c4037000 nmethod 6075 0x000000011240c010 code [0x000000011240c160, 0x000000011240c290]
Event: 135.731 Thread 0x00007fc4c4037000 6076       3       java.util.logging.LogManager$LoggerContext::requiresDefaultLoggers (29 bytes)

GC Heap History (10 events):
Event: 132.217 GC heap before
{Heap before GC invocations=91 (full 1):
 PSYoungGen      total 24064K, used 21984K [0x000000014af00000, 0x000000014c900000, 0x0000000160400000)
  eden space 21504K, 100% used [0x000000014af00000,0x000000014c400000,0x000000014c400000)
  from space 2560K, 18% used [0x000000014c400000,0x000000014c478010,0x000000014c680000)
  to   space 2560K, 0% used [0x000000014c680000,0x000000014c680000,0x000000014c900000)
 ParOldGen       total 36864K, used 11438K [0x0000000120400000, 0x0000000122800000, 0x000000014af00000)
  object space 36864K, 31% used [0x0000000120400000,0x0000000120f2b960,0x0000000122800000)
 Metaspace       used 24003K, capacity 24562K, committed 24704K, reserved 1071104K
  class space    used 2224K, capacity 2382K, committed 2432K, reserved 1048576K
Event: 132.220 GC heap after
Heap after GC invocations=91 (full 1):
 PSYoungGen      total 24064K, used 1472K [0x000000014af00000, 0x000000014c900000, 0x0000000160400000)
  eden space 21504K, 0% used [0x000000014af00000,0x000000014af00000,0x000000014c400000)
  from space 2560K, 57% used [0x000000014c680000,0x000000014c7f0020,0x000000014c900000)
  to   space 2560K, 0% used [0x000000014c400000,0x000000014c400000,0x000000014c680000)
 ParOldGen       total 36864K, used 11438K [0x0000000120400000, 0x0000000122800000, 0x000000014af00000)
  object space 36864K, 31% used [0x0000000120400000,0x0000000120f2b960,0x0000000122800000)
 Metaspace       used 24003K, capacity 24562K, committed 24704K, reserved 1071104K
  class space    used 2224K, capacity 2382K, committed 2432K, reserved 1048576K
}
Event: 133.020 GC heap before
{Heap before GC invocations=92 (full 1):
 PSYoungGen      total 24064K, used 22976K [0x000000014af00000, 0x000000014c900000, 0x0000000160400000)
  eden space 21504K, 100% used [0x000000014af00000,0x000000014c400000,0x000000014c400000)
  from space 2560K, 57% used [0x000000014c680000,0x000000014c7f0020,0x000000014c900000)
  to   space 2560K, 0% used [0x000000014c400000,0x000000014c400000,0x000000014c680000)
 ParOldGen       total 36864K, used 11438K [0x0000000120400000, 0x0000000122800000, 0x000000014af00000)
  object space 36864K, 31% used [0x0000000120400000,0x0000000120f2b960,0x0000000122800000)
 Metaspace       used 24003K, capacity 24562K, committed 24704K, reserved 1071104K
  class space    used 2224K, capacity 2382K, committed 2432K, reserved 1048576K
Event: 133.023 GC heap after
Heap after GC invocations=92 (full 1):
 PSYoungGen      total 24064K, used 1440K [0x000000014af00000, 0x000000014c900000, 0x0000000160400000)
  eden space 21504K, 0% used [0x000000014af00000,0x000000014af00000,0x000000014c400000)
  from space 2560K, 56% used [0x000000014c400000,0x000000014c568020,0x000000014c680000)
  to   space 2560K, 0% used [0x000000014c680000,0x000000014c680000,0x000000014c900000)
 ParOldGen       total 36864K, used 11438K [0x0000000120400000, 0x0000000122800000, 0x000000014af00000)
  object space 36864K, 31% used [0x0000000120400000,0x0000000120f2b960,0x0000000122800000)
 Metaspace       used 24003K, capacity 24562K, committed 24704K, reserved 1071104K
  class space    used 2224K, capacity 2382K, committed 2432K, reserved 1048576K
}
Event: 133.817 GC heap before
{Heap before GC invocations=93 (full 1):
 PSYoungGen      total 24064K, used 22944K [0x000000014af00000, 0x000000014c900000, 0x0000000160400000)
  eden space 21504K, 100% used [0x000000014af00000,0x000000014c400000,0x000000014c400000)
  from space 2560K, 56% used [0x000000014c400000,0x000000014c568020,0x000000014c680000)
  to   space 2560K, 0% used [0x000000014c680000,0x000000014c680000,0x000000014c900000)
 ParOldGen       total 36864K, used 11438K [0x0000000120400000, 0x0000000122800000, 0x000000014af00000)
  object space 36864K, 31% used [0x0000000120400000,0x0000000120f2b960,0x0000000122800000)
 Metaspace       used 24003K, capacity 24562K, committed 24704K, reserved 1071104K
  class space    used 2224K, capacity 2382K, committed 2432K, reserved 1048576K
Event: 133.820 GC heap after
Heap after GC invocations=93 (full 1):
 PSYoungGen      total 24064K, used 1120K [0x000000014af00000, 0x000000014c900000, 0x0000000160400000)
  eden space 21504K, 0% used [0x000000014af00000,0x000000014af00000,0x000000014c400000)
  from space 2560K, 43% used [0x000000014c680000,0x000000014c798020,0x000000014c900000)
  to   space 2560K, 0% used [0x000000014c400000,0x000000014c400000,0x000000014c680000)
 ParOldGen       total 36864K, used 11438K [0x0000000120400000, 0x0000000122800000, 0x000000014af00000)
  object space 36864K, 31% used [0x0000000120400000,0x0000000120f2b960,0x0000000122800000)
 Metaspace       used 24003K, capacity 24562K, committed 24704K, reserved 1071104K
  class space    used 2224K, capacity 2382K, committed 2432K, reserved 1048576K
}
Event: 134.565 GC heap before
{Heap before GC invocations=94 (full 1):
 PSYoungGen      total 24064K, used 22624K [0x000000014af00000, 0x000000014c900000, 0x0000000160400000)
  eden space 21504K, 100% used [0x000000014af00000,0x000000014c400000,0x000000014c400000)
  from space 2560K, 43% used [0x000000014c680000,0x000000014c798020,0x000000014c900000)
  to   space 2560K, 0% used [0x000000014c400000,0x000000014c400000,0x000000014c680000)
 ParOldGen       total 36864K, used 11438K [0x0000000120400000, 0x0000000122800000, 0x000000014af00000)
  object space 36864K, 31% used [0x0000000120400000,0x0000000120f2b960,0x0000000122800000)
 Metaspace       used 24003K, capacity 24562K, committed 24704K, reserved 1071104K
  class space    used 2224K, capacity 2382K, committed 2432K, reserved 1048576K
Event: 134.567 GC heap after
Heap after GC invocations=94 (full 1):
 PSYoungGen      total 24064K, used 160K [0x000000014af00000, 0x000000014c900000, 0x0000000160400000)
  eden space 21504K, 0% used [0x000000014af00000,0x000000014af00000,0x000000014c400000)
  from space 2560K, 6% used [0x000000014c400000,0x000000014c428000,0x000000014c680000)
  to   space 2560K, 0% used [0x000000014c680000,0x000000014c680000,0x000000014c900000)
 ParOldGen       total 36864K, used 11438K [0x0000000120400000, 0x0000000122800000, 0x000000014af00000)
  object space 36864K, 31% used [0x0000000120400000,0x0000000120f2b960,0x0000000122800000)
 Metaspace       used 24003K, capacity 24562K, committed 24704K, reserved 1071104K
  class space    used 2224K, capacity 2382K, committed 2432K, reserved 1048576K
}
Event: 135.341 GC heap before
{Heap before GC invocations=95 (full 1):
 PSYoungGen      total 24064K, used 21664K [0x000000014af00000, 0x000000014c900000, 0x0000000160400000)
  eden space 21504K, 100% used [0x000000014af00000,0x000000014c400000,0x000000014c400000)
  from space 2560K, 6% used [0x000000014c400000,0x000000014c428000,0x000000014c680000)
  to   space 2560K, 0% used [0x000000014c680000,0x000000014c680000,0x000000014c900000)
 ParOldGen       total 36864K, used 11438K [0x0000000120400000, 0x0000000122800000, 0x000000014af00000)
  object space 36864K, 31% used [0x0000000120400000,0x0000000120f2b960,0x0000000122800000)
 Metaspace       used 24008K, capacity 24562K, committed 24704K, reserved 1071104K
  class space    used 2224K, capacity 2382K, committed 2432K, reserved 1048576K
Event: 135.344 GC heap after
Heap after GC invocations=95 (full 1):
 PSYoungGen      total 24064K, used 1440K [0x000000014af00000, 0x000000014c900000, 0x0000000160400000)
  eden space 21504K, 0% used [0x000000014af00000,0x000000014af00000,0x000000014c400000)
  from space 2560K, 56% used [0x000000014c680000,0x000000014c7e8020,0x000000014c900000)
  to   space 2560K, 0% used [0x000000014c400000,0x000000014c400000,0x000000014c680000)
 ParOldGen       total 36864K, used 11438K [0x0000000120400000, 0x0000000122800000, 0x000000014af00000)
  object space 36864K, 31% used [0x0000000120400000,0x0000000120f2b960,0x0000000122800000)
 Metaspace       used 24008K, capacity 24562K, committed 24704K, reserved 1071104K
  class space    used 2224K, capacity 2382K, committed 2432K, reserved 1048576K
}

Deoptimization events (10 events):
Event: 135.670 Thread 0x00007fc4c41bb800 Uncommon trap: reason=unstable_if action=reinterpret pc=0x000000011102d938 method=java.util.concurrent.locks.ReentrantLock$Sync.nonfairTryAcquire(I)Z @ 10
Event: 135.677 Thread 0x00007fc4c41bb800 Uncommon trap: reason=predicate action=maybe_recompile pc=0x0000000112066d48 method=java.util.ArrayList.remove(Ljava/lang/Object;)Z @ 49
Event: 135.677 Thread 0x00007fc4c41bb800 Uncommon trap: reason=unstable_if action=reinterpret pc=0x0000000111959ef4 method=com.sun.javafx.application.PlatformImpl.checkIdle()V @ 40
Event: 135.687 Thread 0x00007fc4c41bb800 Uncommon trap: reason=unstable_if action=reinterpret pc=0x00000001113f21cc method=com.sun.javafx.application.PlatformImpl.checkIdle()V @ 40
Event: 135.689 Thread 0x00007fc4c41bb800 Uncommon trap: reason=unstable_if action=reinterpret pc=0x0000000111ae6dcc method=javafx.scene.web.WebView.handleStagePulse()V @ 42
Event: 135.689 Thread 0x00007fc4c299d000 Uncommon trap: reason=unstable_if action=reinterpret pc=0x000000011185d100 method=com.sun.javafx.application.PlatformImpl.runLater(Ljava/lang/Runnable;Z)V @ 48
Event: 135.690 Thread 0x00007fc4c41bb800 Uncommon trap: reason=class_check action=maybe_recompile pc=0x000000011137cd0c method=java.util.AbstractCollection.toArray()[Ljava/lang/Object; @ 1
Event: 135.690 Thread 0x00007fc4c41bb800 Uncommon trap: reason=unstable_if action=reinterpret pc=0x00000001121fc5c4 method=java.util.Collections.unmodifiableList(Ljava/util/List;)Ljava/util/List; @ 4
Event: 135.691 Thread 0x00007fc4c41bb800 Uncommon trap: reason=unstable_if action=reinterpret pc=0x0000000112106024 method=java.util.concurrent.locks.ReentrantLock$Sync.tryRelease(I)Z @ 28
Event: 135.691 Thread 0x00007fc4c40af800 Uncommon trap: reason=unstable_if action=reinterpret pc=0x0000000111927ce0 method=java.util.concurrent.locks.AbstractQueuedSynchronizer$ConditionObject.checkInterruptWhileWaiting(Ljava/util/concurrent/locks/AbstractQueuedSynchronizer$Node;)I @ 3

Internal exceptions (10 events):
Event: 0.722 Thread 0x00007fc4c41bb800 Exception <a 'java/lang/NullPointerException'> (0x000000014b991270) thrown at [/Users/java_re/workspace/8-2-build-macosx-x86_64/jdk8u40/3098/hotspot/src/share/vm/interpreter/linkResolver.cpp, line 1178]
Event: 0.722 Thread 0x00007fc4c41bb800 Exception <a 'java/lang/NullPointerException'> (0x000000014b991270) thrown at [/Users/java_re/workspace/8-2-build-macosx-x86_64/jdk8u40/3098/hotspot/src/share/vm/prims/jvm.cpp, line 1386]
Event: 1.162 Thread 0x00007fc4c41bb800 Implicit null exception at 0x0000000110ec8e75 to 0x0000000110ec9071
Event: 1.696 Thread 0x00007fc4c41bb800 Implicit null exception at 0x0000000110f2e675 to 0x0000000110f2e9e1
Event: 2.990 Thread 0x00007fc4c41bb800 Exception <a 'sun/nio/fs/UnixException'> (0x000000014bc00de8) thrown at [/Users/java_re/workspace/8-2-build-macosx-x86_64/jdk8u40/3098/hotspot/src/share/vm/prims/jni.cpp, line 709]
Event: 2.993 Thread 0x00007fc4c41bb800 Exception <a 'sun/nio/fs/UnixException'> (0x000000014bc02b70) thrown at [/Users/java_re/workspace/8-2-build-macosx-x86_64/jdk8u40/3098/hotspot/src/share/vm/prims/jni.cpp, line 709]
Event: 2.997 Thread 0x00007fc4c41bb800 Implicit null exception at 0x0000000110e63035 to 0x0000000110e63395
Event: 3.077 Thread 0x00007fc4c41bb800 Exception <a 'java/io/FileNotFoundException'> (0x000000014b120768) thrown at [/Users/java_re/workspace/8-2-build-macosx-x86_64/jdk8u40/3098/hotspot/src/share/vm/prims/jni.cpp, line 709]
Event: 9.274 Thread 0x00007fc4c391f800 Implicit null exception at 0x000000011177cdfc to 0x000000011177ced5
Event: 34.721 Thread 0x00007fc4c41bb800 Implicit null exception at 0x0000000111036a4f to 0x00000001110375c4

Events (10 events):
Event: 135.729 Thread 0x00007fc4c391f800 Thread exited: 0x00007fc4c391f800
Event: 135.729 loading class java/util/IdentityHashMap$KeySet
Event: 135.730 loading class java/util/IdentityHashMap$KeySet done
Event: 135.730 loading class java/util/IdentityHashMap$KeyIterator
Event: 135.730 loading class java/util/IdentityHashMap$IdentityHashMapIterator
Event: 135.730 loading class java/util/IdentityHashMap$IdentityHashMapIterator done
Event: 135.730 loading class java/util/IdentityHashMap$KeyIterator done
Event: 135.730 Thread 0x00007fc4b5241800 Thread added: 0x00007fc4b5241800
Event: 135.731 Thread 0x00007fc4b5241800 Thread exited: 0x00007fc4b5241800
Event: 135.731 Thread 0x00007fc4b4010800 Thread exited: 0x00007fc4b4010800


Dynamic libraries:
0x00000000033f7000 	/System/Library/Frameworks/Cocoa.framework/Versions/A/Cocoa
0x00000000033f7000 	/System/Library/Frameworks/Security.framework/Versions/A/Security
0x00000000033f7000 	/System/Library/Frameworks/ApplicationServices.framework/Versions/A/ApplicationServices
0x00000000033f7000 	/usr/lib/libz.1.dylib
0x00000000033f7000 	/usr/lib/libSystem.B.dylib
0x00000000033f7000 	/usr/lib/libobjc.A.dylib
0x00000000033f7000 	/System/Library/Frameworks/CoreFoundation.framework/Versions/A/CoreFoundation
0x00000000033f7000 	/System/Library/Frameworks/Foundation.framework/Versions/C/Foundation
0x00000000033f7000 	/System/Library/Frameworks/AppKit.framework/Versions/C/AppKit
0x00000000033f7000 	/System/Library/Frameworks/CoreData.framework/Versions/A/CoreData
0x00000000033f7000 	/System/Library/PrivateFrameworks/RemoteViewServices.framework/Versions/A/RemoteViewServices
0x00000000033f7000 	/System/Library/Frameworks/AudioToolbox.framework/Versions/A/AudioToolbox
0x00000000033f7000 	/System/Library/Frameworks/AudioUnit.framework/Versions/A/AudioUnit
0x00000000033f7000 	/System/Library/PrivateFrameworks/DataDetectorsCore.framework/Versions/A/DataDetectorsCore
0x00000000033f7000 	/System/Library/PrivateFrameworks/DesktopServicesPriv.framework/Versions/A/DesktopServicesPriv
0x00000000033f7000 	/System/Library/Frameworks/Carbon.framework/Versions/A/Frameworks/HIToolbox.framework/Versions/A/HIToolbox
0x00000000033f7000 	/System/Library/Frameworks/QuartzCore.framework/Versions/A/QuartzCore
0x00000000033f7000 	/System/Library/Frameworks/Carbon.framework/Versions/A/Frameworks/SpeechRecognition.framework/Versions/A/SpeechRecognition
0x00000000033f7000 	/usr/lib/libauto.dylib
0x00000000033f7000 	/usr/lib/libicucore.A.dylib
0x00000000033f7000 	/usr/lib/libxml2.2.dylib
0x00000000033f7000 	/System/Library/PrivateFrameworks/CoreUI.framework/Versions/A/CoreUI
0x00000000033f7000 	/System/Library/Frameworks/CoreAudio.framework/Versions/A/CoreAudio
0x00000000033f7000 	/System/Library/Frameworks/DiskArbitration.framework/Versions/A/DiskArbitration
0x00000000033f7000 	/usr/lib/liblangid.dylib
0x00000000033f7000 	/System/Library/PrivateFrameworks/MultitouchSupport.framework/Versions/A/MultitouchSupport
0x00000000033f7000 	/System/Library/Frameworks/IOKit.framework/Versions/A/IOKit
0x00000000033f7000 	/usr/lib/libDiagnosticMessagesClient.dylib
0x00000000033f7000 	/System/Library/Frameworks/CoreServices.framework/Versions/A/CoreServices
0x00000000033f7000 	/System/Library/PrivateFrameworks/PerformanceAnalysis.framework/Versions/A/PerformanceAnalysis
0x00000000033f7000 	/System/Library/PrivateFrameworks/GenerationalStorage.framework/Versions/A/GenerationalStorage
0x00000000033f7000 	/System/Library/Frameworks/OpenGL.framework/Versions/A/OpenGL
0x00000000033f7000 	/System/Library/PrivateFrameworks/Sharing.framework/Versions/A/Sharing
0x00000000033f7000 	/System/Library/Frameworks/ImageIO.framework/Versions/A/ImageIO
0x00000000033f7000 	/System/Library/Frameworks/CoreText.framework/Versions/A/CoreText
0x00000000033f7000 	/System/Library/Frameworks/CoreGraphics.framework/Versions/A/CoreGraphics
0x00000000033f7000 	/System/Library/PrivateFrameworks/Backup.framework/Versions/A/Backup
0x00000000033f7000 	/System/Library/Frameworks/CFNetwork.framework/Versions/A/CFNetwork
0x00000000033f7000 	/System/Library/Frameworks/SystemConfiguration.framework/Versions/A/SystemConfiguration
0x00000000033f7000 	/usr/lib/libCRFSuite.dylib
0x00000000033f7000 	/usr/lib/libc++.1.dylib
0x00000000033f7000 	/usr/lib/libc++abi.dylib
0x00000000033f7000 	/usr/lib/system/libcache.dylib
0x00000000033f7000 	/usr/lib/system/libcommonCrypto.dylib
0x00000000033f7000 	/usr/lib/system/libcompiler_rt.dylib
0x00000000033f7000 	/usr/lib/system/libcopyfile.dylib
0x00000000033f7000 	/usr/lib/system/libcorecrypto.dylib
0x00000000033f7000 	/usr/lib/system/libdispatch.dylib
0x00000000033f7000 	/usr/lib/system/libdyld.dylib
0x00000000033f7000 	/usr/lib/system/libkeymgr.dylib
0x00000000033f7000 	/usr/lib/system/liblaunch.dylib
0x00000000033f7000 	/usr/lib/system/libmacho.dylib
0x00000000033f7000 	/usr/lib/system/libquarantine.dylib
0x00000000033f7000 	/usr/lib/system/libremovefile.dylib
0x00000000033f7000 	/usr/lib/system/libsystem_asl.dylib
0x00000000033f7000 	/usr/lib/system/libsystem_blocks.dylib
0x00000000033f7000 	/usr/lib/system/libsystem_c.dylib
0x00000000033f7000 	/usr/lib/system/libsystem_configuration.dylib
0x00000000033f7000 	/usr/lib/system/libsystem_dnssd.dylib
0x00000000033f7000 	/usr/lib/system/libsystem_info.dylib
0x00000000033f7000 	/usr/lib/system/libsystem_kernel.dylib
0x00000000033f7000 	/usr/lib/system/libsystem_m.dylib
0x00000000033f7000 	/usr/lib/system/libsystem_malloc.dylib
0x00000000033f7000 	/usr/lib/system/libsystem_network.dylib
0x00000000033f7000 	/usr/lib/system/libsystem_notify.dylib
0x00000000033f7000 	/usr/lib/system/libsystem_platform.dylib
0x00000000033f7000 	/usr/lib/system/libsystem_pthread.dylib
0x00000000033f7000 	/usr/lib/system/libsystem_sandbox.dylib
0x00000000033f7000 	/usr/lib/system/libsystem_stats.dylib
0x00000000033f7000 	/usr/lib/system/libunc.dylib
0x00000000033f7000 	/usr/lib/system/libunwind.dylib
0x00000000033f7000 	/usr/lib/system/libxpc.dylib
0x00000000033f7000 	/usr/lib/libbsm.0.dylib
0x00000000033f7000 	/usr/lib/libsqlite3.dylib
0x00000000033f7000 	/usr/lib/libxar.1.dylib
0x00000000033f7000 	/usr/lib/libpam.2.dylib
0x00000000033f7000 	/usr/lib/libOpenScriptingUtil.dylib
0x00000000033f7000 	/usr/lib/libbz2.1.0.dylib
0x00000000033f7000 	/System/Library/Frameworks/CoreServices.framework/Versions/A/Frameworks/CarbonCore.framework/Versions/A/CarbonCore
0x00000000033f7000 	/System/Library/Frameworks/CoreServices.framework/Versions/A/Frameworks/Metadata.framework/Versions/A/Metadata
0x00000000033f7000 	/System/Library/Frameworks/CoreServices.framework/Versions/A/Frameworks/OSServices.framework/Versions/A/OSServices
0x00000000033f7000 	/System/Library/Frameworks/CoreServices.framework/Versions/A/Frameworks/SearchKit.framework/Versions/A/SearchKit
0x00000000033f7000 	/System/Library/Frameworks/CoreServices.framework/Versions/A/Frameworks/AE.framework/Versions/A/AE
0x00000000033f7000 	/System/Library/Frameworks/CoreServices.framework/Versions/A/Frameworks/LaunchServices.framework/Versions/A/LaunchServices
0x00000000033f7000 	/System/Library/Frameworks/CoreServices.framework/Versions/A/Frameworks/DictionaryServices.framework/Versions/A/DictionaryServices
0x00000000033f7000 	/System/Library/Frameworks/NetFS.framework/Versions/A/NetFS
0x00000000033f7000 	/usr/lib/system/libkxld.dylib
0x00000000033f7000 	/System/Library/PrivateFrameworks/NetAuth.framework/Versions/A/NetAuth
0x00000000033f7000 	/System/Library/PrivateFrameworks/TCC.framework/Versions/A/TCC
0x00000000033f7000 	/System/Library/Frameworks/OpenDirectory.framework/Versions/A/Frameworks/CFOpenDirectory.framework/Versions/A/CFOpenDirectory
0x00000000033f7000 	/System/Library/Frameworks/ServiceManagement.framework/Versions/A/ServiceManagement
0x00000000033f7000 	/usr/lib/libxslt.1.dylib
0x00000000033f7000 	/System/Library/Frameworks/Carbon.framework/Versions/A/Frameworks/Ink.framework/Versions/A/Ink
0x00000000033f7000 	/System/Library/Frameworks/ApplicationServices.framework/Versions/A/Frameworks/ATS.framework/Versions/A/ATS
0x00000000033f7000 	/System/Library/Frameworks/ApplicationServices.framework/Versions/A/Frameworks/ColorSync.framework/Versions/A/ColorSync
0x00000000033f7000 	/System/Library/Frameworks/ApplicationServices.framework/Versions/A/Frameworks/HIServices.framework/Versions/A/HIServices
0x00000000033f7000 	/System/Library/Frameworks/ApplicationServices.framework/Versions/A/Frameworks/LangAnalysis.framework/Versions/A/LangAnalysis
0x00000000033f7000 	/System/Library/Frameworks/ApplicationServices.framework/Versions/A/Frameworks/PrintCore.framework/Versions/A/PrintCore
0x00000000033f7000 	/System/Library/Frameworks/ApplicationServices.framework/Versions/A/Frameworks/QD.framework/Versions/A/QD
0x00000000033f7000 	/System/Library/Frameworks/ApplicationServices.framework/Versions/A/Frameworks/SpeechSynthesis.framework/Versions/A/SpeechSynthesis
0x00000000033f7000 	/System/Library/Frameworks/IOSurface.framework/Versions/A/IOSurface
0x00000000033f7000 	/System/Library/Frameworks/Accelerate.framework/Versions/A/Accelerate
0x00000000033f7000 	/System/Library/Frameworks/Accelerate.framework/Versions/A/Frameworks/vImage.framework/Versions/A/vImage
0x00000000033f7000 	/System/Library/Frameworks/Accelerate.framework/Versions/A/Frameworks/vecLib.framework/Versions/A/vecLib
0x00000000033f7000 	/System/Library/Frameworks/Accelerate.framework/Versions/A/Frameworks/vecLib.framework/Versions/A/libvDSP.dylib
0x00000000033f7000 	/System/Library/Frameworks/Accelerate.framework/Versions/A/Frameworks/vecLib.framework/Versions/A/libvMisc.dylib
0x00000000033f7000 	/System/Library/Frameworks/Accelerate.framework/Versions/A/Frameworks/vecLib.framework/Versions/A/libLAPACK.dylib
0x00000000033f7000 	/System/Library/Frameworks/Accelerate.framework/Versions/A/Frameworks/vecLib.framework/Versions/A/libBLAS.dylib
0x00000000033f7000 	/System/Library/Frameworks/ApplicationServices.framework/Versions/A/Frameworks/ATS.framework/Versions/A/Resources/libFontParser.dylib
0x00000000033f7000 	/System/Library/Frameworks/ApplicationServices.framework/Versions/A/Frameworks/ATS.framework/Versions/A/Resources/libFontRegistry.dylib
0x00000000033f7000 	/System/Library/Frameworks/ImageIO.framework/Versions/A/Resources/libJPEG.dylib
0x00000000033f7000 	/System/Library/Frameworks/ImageIO.framework/Versions/A/Resources/libTIFF.dylib
0x00000000033f7000 	/System/Library/Frameworks/ImageIO.framework/Versions/A/Resources/libPng.dylib
0x00000000033f7000 	/System/Library/Frameworks/ImageIO.framework/Versions/A/Resources/libGIF.dylib
0x00000000033f7000 	/System/Library/Frameworks/ImageIO.framework/Versions/A/Resources/libJP2.dylib
0x00000000033f7000 	/System/Library/Frameworks/ImageIO.framework/Versions/A/Resources/libRadiance.dylib
0x00000000033f7000 	/usr/lib/libcups.2.dylib
0x00000000033f7000 	/System/Library/Frameworks/Kerberos.framework/Versions/A/Kerberos
0x00000000033f7000 	/System/Library/Frameworks/GSS.framework/Versions/A/GSS
0x00000000033f7000 	/usr/lib/libresolv.9.dylib
0x00000000033f7000 	/usr/lib/libiconv.2.dylib
0x00000000033f7000 	/System/Library/PrivateFrameworks/Heimdal.framework/Versions/A/Heimdal
0x00000000033f7000 	/System/Library/PrivateFrameworks/TrustEvaluationAgent.framework/Versions/A/TrustEvaluationAgent
0x00000000033f7000 	/usr/lib/libheimdal-asn1.dylib
0x00000000033f7000 	/System/Library/Frameworks/OpenDirectory.framework/Versions/A/OpenDirectory
0x00000000033f7000 	/System/Library/PrivateFrameworks/CommonAuth.framework/Versions/A/CommonAuth
0x00000000033f7000 	/System/Library/Frameworks/SecurityFoundation.framework/Versions/A/SecurityFoundation
0x00000000033f7000 	/System/Library/PrivateFrameworks/Bom.framework/Versions/A/Bom
0x00000000033f7000 	/System/Library/Frameworks/CoreVideo.framework/Versions/A/CoreVideo
0x00000000033f7000 	/System/Library/Frameworks/QuartzCore.framework/Versions/A/Frameworks/CoreImage.framework/Versions/A/CoreImage
0x00000000033f7000 	/System/Library/Frameworks/QuartzCore.framework/Versions/A/Frameworks/ScalableUserInterface.framework/Versions/A/ScalableUserInterface
0x00000000033f7000 	/System/Library/Frameworks/OpenGL.framework/Versions/A/Libraries/libGLU.dylib
0x00000000033f7000 	/System/Library/Frameworks/OpenGL.framework/Versions/A/Libraries/libGFXShared.dylib
0x00000000033f7000 	/System/Library/Frameworks/OpenGL.framework/Versions/A/Libraries/libGL.dylib
0x00000000033f7000 	/System/Library/Frameworks/OpenGL.framework/Versions/A/Libraries/libGLImage.dylib
0x00000000033f7000 	/System/Library/Frameworks/OpenGL.framework/Versions/A/Libraries/libCVMSPluginSupport.dylib
0x00000000033f7000 	/System/Library/Frameworks/OpenGL.framework/Versions/A/Libraries/libCoreVMClient.dylib
0x00000000033f7000 	/System/Library/PrivateFrameworks/FaceCore.framework/Versions/A/FaceCore
0x00000000033f7000 	/System/Library/PrivateFrameworks/CrashReporterSupport.framework/Versions/A/CrashReporterSupport
0x00000000033f7000 	/System/Library/Frameworks/OpenCL.framework/Versions/A/OpenCL
0x00000000033f7000 	/System/Library/PrivateFrameworks/AppleFSCompression.framework/Versions/A/AppleFSCompression
0x00000000033f7000 	/System/Library/PrivateFrameworks/Ubiquity.framework/Versions/A/Ubiquity
0x00000000033f7000 	/System/Library/PrivateFrameworks/IconServices.framework/Versions/A/IconServices
0x00000000033f7000 	/System/Library/PrivateFrameworks/ChunkingLibrary.framework/Versions/A/ChunkingLibrary
0x00000000033f7000 	/System/Library/PrivateFrameworks/CoreSymbolication.framework/Versions/A/CoreSymbolication
0x00000000033f7000 	/System/Library/PrivateFrameworks/Symbolication.framework/Versions/A/Symbolication
0x00000000033f7000 	/System/Library/PrivateFrameworks/DebugSymbols.framework/Versions/A/DebugSymbols
0x000000010f370000 	/Library/Java/JavaVirtualMachines/jdk1.8.0_40.jdk/Contents/Home/jre/lib/server/libjvm.dylib
0x00000000033f7000 	/usr/lib/libstdc++.6.dylib
0x00000001103f2000 	/Library/Java/JavaVirtualMachines/jdk1.8.0_40.jdk/Contents/Home/jre/lib/libverify.dylib
0x0000000110c00000 	/Library/Java/JavaVirtualMachines/jdk1.8.0_40.jdk/Contents/Home/jre/lib/libjava.dylib
0x0000000110c3f000 	/Library/Java/JavaVirtualMachines/jdk1.8.0_40.jdk/Contents/Home/jre/lib/libzip.dylib
0x00000001a4961000 	/System/Library/Frameworks/JavaVM.framework/Frameworks/JavaRuntimeSupport.framework/JavaRuntimeSupport
0x00000001a4979000 	/System/Library/Frameworks/JavaVM.framework/Versions/A/Frameworks/JavaNativeFoundation.framework/Versions/A/JavaNativeFoundation
0x00000001a498d000 	/System/Library/Frameworks/JavaVM.framework/Versions/A/JavaVM
0x00000000033f7000 	/System/Library/Frameworks/Carbon.framework/Versions/A/Carbon
0x00000001a4999000 	/System/Library/PrivateFrameworks/JavaLaunching.framework/Versions/A/JavaLaunching
0x00000000033f7000 	/System/Library/Frameworks/Carbon.framework/Versions/A/Frameworks/CommonPanels.framework/Versions/A/CommonPanels
0x00000000033f7000 	/System/Library/Frameworks/Carbon.framework/Versions/A/Frameworks/Help.framework/Versions/A/Help
0x00000000033f7000 	/System/Library/Frameworks/Carbon.framework/Versions/A/Frameworks/ImageCapture.framework/Versions/A/ImageCapture
0x00000000033f7000 	/System/Library/Frameworks/Carbon.framework/Versions/A/Frameworks/OpenScripting.framework/Versions/A/OpenScripting
0x00000000033f7000 	/System/Library/Frameworks/Carbon.framework/Versions/A/Frameworks/Print.framework/Versions/A/Print
0x00000000033f7000 	/System/Library/Frameworks/Carbon.framework/Versions/A/Frameworks/SecurityHI.framework/Versions/A/SecurityHI
0x00000001a5264000 	/Library/Java/JavaVirtualMachines/jdk1.8.0_40.jdk/Contents/Home/jre/lib/libprism_es2.dylib
0x00000000033f7000 	/System/Library/Frameworks/OpenGL.framework/Versions/A/Resources/GLEngine.bundle/GLEngine
0x00000000033f7000 	/System/Library/Frameworks/OpenGL.framework/Versions/A/Libraries/libGLProgrammability.dylib
0x0000000000000000 	/System/Library/Extensions/AppleIntelHD4000GraphicsGLDriver.bundle/Contents/MacOS/AppleIntelHD4000GraphicsGLDriver
0x00000000033f7000 	/System/Library/PrivateFrameworks/IOAccelerator.framework/Versions/A/IOAccelerator
0x00000000033f7000 	/System/Library/PrivateFrameworks/GPUSupport.framework/Versions/A/Libraries/libGPUSupportMercury.dylib
0x00000000033f7000 	/System/Library/Frameworks/OpenGL.framework/Versions/A/Resources/GLRendererFloat.bundle/GLRendererFloat
0x00000000033f7000 	/System/Library/Frameworks/OpenCL.framework/Versions/A/Libraries/libcldcpuengine.dylib
0x00000000033f7000 	/System/Library/PrivateFrameworks/DiskImages.framework/Versions/A/DiskImages
0x00000000033f7000 	/System/Library/Frameworks/DiscRecording.framework/Versions/A/DiscRecording
0x00000000033f7000 	/usr/lib/libcsfde.dylib
0x00000000033f7000 	/usr/lib/libcurl.4.dylib
0x00000000033f7000 	/System/Library/PrivateFrameworks/MediaKit.framework/Versions/A/MediaKit
0x00000000033f7000 	/usr/lib/libCoreStorage.dylib
0x00000000033f7000 	/System/Library/PrivateFrameworks/EFILogin.framework/Versions/A/EFILogin
0x00000000033f7000 	/usr/lib/libutil.dylib
0x00000000033f7000 	/System/Library/PrivateFrameworks/AOSNotification.framework/Versions/A/AOSNotification
0x00000000033f7000 	/System/Library/Frameworks/LDAP.framework/Versions/A/LDAP
0x00000000033f7000 	/usr/lib/libsasl2.2.dylib
0x00000000033f7000 	/usr/lib/libcrypto.0.9.8.dylib
0x00000000033f7000 	/usr/lib/libssl.0.9.8.dylib
0x00000001a5b60000 	/Library/Java/JavaVirtualMachines/jdk1.8.0_40.jdk/Contents/Home/jre/lib/libglass.dylib
0x00000000033f7000 	/System/Library/PrivateFrameworks/CoreServicesInternal.framework/Versions/A/CoreServicesInternal
0x00000000033f7000 	/System/Library/PrivateFrameworks/Librarian.framework/Versions/A/Librarian
0x00000000033f7000 	/System/Library/CoreServices/RawCamera.bundle/Contents/MacOS/RawCamera
0x00000001a735c000 	/System/Library/Frameworks/CoreGraphics.framework/Versions/A/Resources/libCGCMS.A.dylib
0x00000001a746e000 	/System/Library/Frameworks/CoreGraphics.framework/Versions/A/Resources/libRIP.A.dylib
0x00000000033f7000 	/System/Library/PrivateFrameworks/FamilyControls.framework/Versions/A/FamilyControls
0x00000000033f7000 	/System/Library/PrivateFrameworks/CommerceKit.framework/Versions/A/Frameworks/CommerceCore.framework/Versions/A/CommerceCore
0x00000000033f7000 	/System/Library/PrivateFrameworks/SystemAdministration.framework/Versions/A/SystemAdministration
0x00000000033f7000 	/System/Library/Frameworks/DirectoryService.framework/Versions/A/DirectoryService
0x00000000033f7000 	/System/Library/PrivateFrameworks/LoginUIKit.framework/Versions/A/Frameworks/LoginUICore.framework/Versions/A/LoginUICore
0x00000000033f7000 	/usr/lib/libodfde.dylib
0x00000001a96cb000 	/Library/Java/JavaVirtualMachines/jdk1.8.0_40.jdk/Contents/Home/jre/lib/libjfxwebkit.dylib
0x00000001ab9e6000 	/System/Library/Frameworks/CoreGraphics.framework/Versions/A/Resources/libCGXType.A.dylib
0x00000001acb7b000 	/Library/Java/JavaVirtualMachines/jdk1.8.0_40.jdk/Contents/Home/jre/lib/libjavafx_font.dylib
0x00000001ad121000 	cl_kernels
0x00000001ad98f000 	/System/Library/Frameworks/OpenCL.framework/Versions/A/Libraries/ImageFormats/unorm8_bgra.dylib
0x00000001ad128000 	cl_kernels
0x00000001a74ab000 	/Library/Java/JavaVirtualMachines/jdk1.8.0_40.jdk/Contents/Home/jre/lib/libnet.dylib
0x00000001a750a000 	/Library/Java/JavaVirtualMachines/jdk1.8.0_40.jdk/Contents/Home/jre/lib/libnio.dylib
0x00000001a78d2000 	/Library/Java/JavaVirtualMachines/jdk1.8.0_40.jdk/Contents/Home/jre/lib/libprism_common.dylib

VM Arguments:
jvm_args: -Dfile.encoding=UTF-8 
java_command: myaegisub.MyAegisub
java_class_path (initial): /Users/jaspertomas/NetBeansProjects/examples/MyAegisub/dist/MyAegisub.jar:/Library/Java/JavaVirtualMachines/jdk1.8.0_40.jdk/Contents/Home/jre/lib/javaws.jar:/Library/Java/JavaVirtualMachines/jdk1.8.0_40.jdk/Contents/Home/jre/lib/deploy.jar:/Library/Java/JavaVirtualMachines/jdk1.8.0_40.jdk/Contents/Home/jre/lib/plugin.jar:/Users/jaspertomas/NetBeansProjects/lib/sqlite-jdbc-3.7.2.jar
Launcher Type: SUN_STANDARD

Environment Variables:
PATH=/usr/bin:/bin:/usr/sbin:/sbin
LD_LIBRARY_PATH=/Library/Java/JavaVirtualMachines/jdk1.8.0_40.jdk/Contents/Home/jre/lib/amd64:/Library/Java/JavaVirtualMachines/jdk1.8.0_40.jdk/Contents/Home/jre/lib/i386:
SHELL=/bin/bash
DISPLAY=/tmp/launch-By2dDL/org.macosforge.xquartz:0
DYLD_LIBRARY_PATH=/Applications/NetBeans/NetBeans 8.0.2.app/Contents/Resources/NetBeans/webcommon/bin:

Signal Handlers:
SIGSEGV: [libjvm.dylib+0x58ef95], sa_mask[0]=11111111011111110111111111111111, sa_flags=SA_ONSTACK|SA_RESTART|SA_SIGINFO
SIGBUS: [libjvm.dylib+0x58ef95], sa_mask[0]=11111111011111110111111111111111, sa_flags=SA_RESTART|SA_SIGINFO
SIGFPE: [libjvm.dylib+0x46c118], sa_mask[0]=11111111011111110111111111111111, sa_flags=SA_RESTART|SA_SIGINFO
SIGPIPE: [libjvm.dylib+0x46c118], sa_mask[0]=11111111011111110111111111111111, sa_flags=SA_RESTART|SA_SIGINFO
SIGXFSZ: [libjvm.dylib+0x46c118], sa_mask[0]=11111111011111110111111111111111, sa_flags=SA_RESTART|SA_SIGINFO
SIGILL: [libjvm.dylib+0x46c118], sa_mask[0]=11111111011111110111111111111111, sa_flags=SA_RESTART|SA_SIGINFO
SIGUSR1: SIG_DFL, sa_mask[0]=00000000000000000000000000000000, sa_flags=SA_RESTART
SIGUSR2: [libjvm.dylib+0x46bc36], sa_mask[0]=00100000000000000000000000000000, sa_flags=SA_RESTART|SA_SIGINFO
SIGHUP: [libjvm.dylib+0x46a209], sa_mask[0]=11111111011111110111111111111111, sa_flags=SA_RESTART|SA_SIGINFO
SIGINT: SIG_IGN, sa_mask[0]=00000000000000000000000000000000, sa_flags=none
SIGTERM: [libjvm.dylib+0x46a209], sa_mask[0]=11111111011111110111111111111111, sa_flags=SA_RESTART|SA_SIGINFO
SIGQUIT: [libjvm.dylib+0x46a209], sa_mask[0]=11111111011111110111111111111111, sa_flags=SA_RESTART|SA_SIGINFO


---------------  S Y S T E M  ---------------

OS:Bsduname:Darwin 13.4.0 Darwin Kernel Version 13.4.0: Wed Dec 17 19:05:52 PST 2014; root:xnu-2422.115.10~1/RELEASE_X86_64 x86_64
rlimit: STACK 8192k, CORE 0k, NPROC 709, NOFILE 10240, AS infinity
load average:2.39 2.27 1.99

CPU:total 4 (2 cores per cpu, 2 threads per core) family 6 model 58 stepping 9, cmov, cx8, fxsr, mmx, sse, sse2, sse3, ssse3, sse4.1, sse4.2, popcnt, avx, aes, clmul, erms, ht, tsc, tscinvbit, tscinv

Memory: 4k page, physical 4194304k(493528k free)

/proc/meminfo:


vm_info: Java HotSpot(TM) 64-Bit Server VM (25.40-b25) for bsd-amd64 JRE (1.8.0_40-b26), built on Mar  7 2015 13:53:55 by "java_re" with gcc 4.2.1 (Based on Apple Inc. build 5658) (LLVM build 2336.11.00)

time: Fri Mar 20 18:38:00 2015
elapsed time: 135 seconds (0d 0h 2m 15s)

